2023-11-20 10:17:51.559 [info] Extension host with pid 2565867 started
2023-11-20 10:17:51.570 [info] Lock '/home/s245/.vscode-server/data/User/workspaceStorage/bafc61b3c12b80fbd74fefa2df04ee8e/vscode.lock': Lock acquired.
2023-11-20 10:17:51.745 [info] ExtensionService#_doActivateExtension vscode.emmet, startup: false, activationEvent: 'onLanguage'
2023-11-20 10:17:51.746 [info] ExtensionService#_doActivateExtension vscode.php-language-features, startup: false, activationEvent: 'onLanguage:php'
2023-11-20 10:17:51.747 [info] ExtensionService#_doActivateExtension bmewburn.vscode-intelephense-client, startup: false, activationEvent: 'onLanguage:php'
2023-11-20 10:17:51.904 [info] ExtensionService#_doActivateExtension vscode.git-base, startup: true, activationEvent: '*', root cause: vscode.git
2023-11-20 10:17:51.904 [info] ExtensionService#_doActivateExtension argutec.argutec-azure-repos, startup: true, activationEvent: '*'
2023-11-20 10:17:52.318 [info] ExtensionService#_doActivateExtension vscode.git, startup: true, activationEvent: '*'
2023-11-20 10:17:52.318 [info] ExtensionService#_doActivateExtension vscode.github, startup: true, activationEvent: '*'
2023-11-20 10:17:52.891 [warning] [Decorations] CAPPING events from decorations provider vscode.git 6199
2023-11-20 10:17:56.022 [warning] [Decorations] CAPPING events from decorations provider vscode.git 6201
2023-11-20 10:18:01.908 [info] ExtensionService#_doActivateExtension vscode.debug-auto-launch, startup: false, activationEvent: 'onStartupFinished'
2023-11-20 10:18:01.909 [info] ExtensionService#_doActivateExtension vscode.merge-conflict, startup: false, activationEvent: 'onStartupFinished'
2023-11-20 10:18:01.989 [info] ExtensionService#_doActivateExtension GitHub.vscode-pull-request-github, startup: false, activationEvent: 'onStartupFinished'
2023-11-20 10:18:02.897 [warning] [Decorations] CAPPING events from decorations provider vscode.git 6203
2023-11-20 10:18:09.392 [info] ExtensionService#_doActivateExtension vscode.extension-editing, startup: false, activationEvent: 'onLanguage:json'
2023-11-20 10:18:09.393 [info] ExtensionService#_doActivateExtension vscode.json-language-features, startup: false, activationEvent: 'onLanguage:json'
2023-11-20 10:18:09.393 [info] ExtensionService#_doActivateExtension vscode.npm, startup: false, activationEvent: 'onLanguage:json'
2023-11-20 10:18:21.236 [info] ExtensionService#_doActivateExtension vscode.markdown-language-features, startup: false, activationEvent: 'onLanguage:markdown'
2023-11-20 10:18:21.682 [info] ExtensionService#_doActivateExtension vscode.markdown-math, startup: false, activationEvent: 'api', root cause: vscode.markdown-language-features
2023-11-20 10:23:02.548 [warning] [Decorations] CAPPING events from decorations provider vscode.git 6222
2023-11-20 10:28:02.816 [warning] [Decorations] CAPPING events from decorations provider vscode.git 6224
2023-11-20 10:29:58.356 [warning] [Decorations] CAPPING events from decorations provider vscode.git 6224
2023-11-20 10:33:03.098 [warning] [Decorations] CAPPING events from decorations provider vscode.git 6224
