2023-11-15 15:54:51.344 [warning] /home/s245/.ssh/config: ENOENT: no such file or directory, open '/home/s245/.ssh/config'
2023-11-15 15:54:51.399 [info] Looking for git repository
2023-11-15 15:54:51.399 [info] Found 0 repositories during activation
2023-11-15 15:54:51.399 [info] Git repository found, initializing review manager and pr tree view.
2023-11-15 15:54:51.403 [info] Registering git provider
2023-11-15 15:54:51.403 [info] Review> Validate state in progress
2023-11-15 15:54:51.403 [info] Review> Validating state...
2023-11-15 15:54:51.403 [warning] No remotes found. The following remotes are missing: origin, upstream
2023-11-15 15:54:51.403 [info] No GitHub remotes found for folder /home/s245
2023-11-15 15:54:51.604 [info] Repo state for file:///home/s245 changed.
2023-11-15 15:54:51.604 [info] Repo file:///home/s245 has already been setup.
2023-11-15 15:54:51.605 [info] Review> No matching pull request metadata found locally for current branch master
2023-11-15 15:54:51.605 [info] Review> no matching pull request metadata found for current branch master
2023-11-15 15:54:51.606 [info] Review> No matching pull request metadata found on GitHub for current branch master
2023-11-15 15:56:07.071 [warning] No remotes found. The following remotes are missing: origin, upstream
2023-11-15 15:56:07.071 [warning] No remotes found. The following remotes are missing: origin, upstream
2023-11-15 15:56:07.071 [warning] No remotes found. The following remotes are missing: origin, upstream
2023-11-15 15:56:07.071 [info] No GitHub remotes found for folder /home/s245
2023-11-15 15:56:07.072 [info] No GitHub remotes found for folder /home/s245
2023-11-15 15:56:07.072 [info] No GitHub remotes found for folder /home/s245
2023-11-15 15:56:07.072 [info] Review> Validate state in progress
2023-11-15 15:56:07.072 [info] Review> Validating state...
2023-11-15 15:56:07.073 [warning] No remotes found. The following remotes are missing: origin, upstream
2023-11-15 15:56:07.073 [info] No GitHub remotes found for folder /home/s245
2023-11-15 15:56:07.258 [info] Review> No matching pull request metadata found locally for current branch master
2023-11-15 15:56:07.258 [info] Review> no matching pull request metadata found for current branch master
2023-11-15 15:56:07.259 [info] Review> No matching pull request metadata found on GitHub for current branch master
2023-11-15 16:04:34.437 [info] Review> Validate state in progress
2023-11-15 16:04:34.437 [info] Review> Validating state...
2023-11-15 16:04:34.468 [info] Found GitHub remote for folder /home/s245
2023-11-15 16:04:36.630 [info] Review> No matching pull request metadata found locally for current branch master
2023-11-15 16:04:36.630 [info] Review> no matching pull request metadata found for current branch master
2023-11-15 16:04:36.631 [info] Review> No matching pull request metadata found on GitHub for current branch master
