2023-11-20 08:56:03.194 [info] Log level: Info
2023-11-20 08:56:03.194 [info] Validating found git in: "git"
2023-11-20 08:56:03.194 [info] Using git "2.20.1" from "git"
2023-11-20 08:56:03.194 [info] > git rev-parse --show-toplevel [11ms]
2023-11-20 08:56:03.194 [info] > git rev-parse --git-dir --git-common-dir [8ms]
2023-11-20 08:56:03.194 [info] Open repository: /home/s245
2023-11-20 08:56:03.194 [info] > git rev-parse --show-toplevel [14ms]
2023-11-20 08:56:03.194 [info] > git config --get commit.template [14ms]
2023-11-20 08:56:03.194 [info] > git rev-parse --show-toplevel [5ms]
2023-11-20 08:56:03.194 [info] > git for-each-ref --format=%(refname)%00%(upstream:short)%00%(objectname)%00%(upstream:track)%00%(upstream:remotename)%00%(upstream:remoteref) refs/heads/main refs/remotes/main [25ms]
2023-11-20 08:56:03.194 [info] > git rev-parse --show-toplevel [43ms]
2023-11-20 08:56:03.194 [info] > git rev-parse --show-toplevel [2ms]
2023-11-20 08:56:03.194 [info] > git rev-parse --show-toplevel [4ms]
2023-11-20 08:56:03.194 [info] > git rev-parse --show-toplevel [1ms]
2023-11-20 08:56:03.194 [info] > git status -z -uall --find-renames=50% [46ms]
2023-11-20 08:56:03.194 [info] > git rev-parse --show-toplevel [6ms]
2023-11-20 08:56:03.274 [info] > git rev-parse --show-toplevel [80ms]
2023-11-20 08:56:03.277 [info] > git config --get commit.template [4ms]
2023-11-20 08:56:03.293 [info] > git for-each-ref --format=%(refname)%00%(upstream:short)%00%(objectname)%00%(upstream:track)%00%(upstream:remotename)%00%(upstream:remoteref) refs/heads/main refs/remotes/main [7ms]
2023-11-20 08:56:03.630 [info] > git status -z -uall --find-renames=50% [328ms]
2023-11-20 08:56:03.702 [info] > git check-ignore -v -z --stdin [9ms]
2023-11-20 08:56:06.452 [info] > git check-ignore -v -z --stdin [4ms]
2023-11-20 08:56:09.187 [info] > git config --get commit.template [14ms]
2023-11-20 08:56:09.189 [info] > git for-each-ref --format=%(refname)%00%(upstream:short)%00%(objectname)%00%(upstream:track)%00%(upstream:remotename)%00%(upstream:remoteref) refs/heads/main refs/remotes/main [5ms]
2023-11-20 08:56:09.243 [info] > git status -z -uall --find-renames=50% [43ms]
2023-11-20 08:56:13.818 [info] > git check-ignore -v -z --stdin [9ms]
2023-11-20 08:56:14.292 [info] > git config --get commit.template [1ms]
2023-11-20 08:56:14.305 [info] > git for-each-ref --format=%(refname)%00%(upstream:short)%00%(objectname)%00%(upstream:track)%00%(upstream:remotename)%00%(upstream:remoteref) refs/heads/main refs/remotes/main [2ms]
2023-11-20 08:56:14.358 [info] > git status -z -uall --find-renames=50% [41ms]
2023-11-20 08:56:19.414 [info] > git config --get commit.template [12ms]
2023-11-20 08:56:19.415 [info] > git for-each-ref --format=%(refname)%00%(upstream:short)%00%(objectname)%00%(upstream:track)%00%(upstream:remotename)%00%(upstream:remoteref) refs/heads/main refs/remotes/main [2ms]
2023-11-20 08:56:19.473 [info] > git status -z -uall --find-renames=50% [47ms]
2023-11-20 08:56:24.539 [info] > git config --get commit.template [14ms]
2023-11-20 08:56:24.540 [info] > git for-each-ref --format=%(refname)%00%(upstream:short)%00%(objectname)%00%(upstream:track)%00%(upstream:remotename)%00%(upstream:remoteref) refs/heads/main refs/remotes/main [3ms]
2023-11-20 08:56:24.601 [info] > git status -z -uall --find-renames=50% [50ms]
2023-11-20 08:56:29.661 [info] > git config --get commit.template [13ms]
2023-11-20 08:56:29.662 [info] > git for-each-ref --format=%(refname)%00%(upstream:short)%00%(objectname)%00%(upstream:track)%00%(upstream:remotename)%00%(upstream:remoteref) refs/heads/main refs/remotes/main [2ms]
2023-11-20 08:56:29.715 [info] > git status -z -uall --find-renames=50% [41ms]
2023-11-20 08:56:30.069 [info] > git check-ignore -v -z --stdin [5ms]
2023-11-20 08:56:34.776 [info] > git config --get commit.template [15ms]
2023-11-20 08:56:34.777 [info] > git for-each-ref --format=%(refname)%00%(upstream:short)%00%(objectname)%00%(upstream:track)%00%(upstream:remotename)%00%(upstream:remoteref) refs/heads/main refs/remotes/main [3ms]
2023-11-20 08:56:34.832 [info] > git status -z -uall --find-renames=50% [44ms]
2023-11-20 08:56:39.314 [info] > git check-ignore -v -z --stdin [3ms]
2023-11-20 08:56:39.886 [info] > git config --get commit.template [13ms]
2023-11-20 08:56:39.886 [info] > git for-each-ref --format=%(refname)%00%(upstream:short)%00%(objectname)%00%(upstream:track)%00%(upstream:remotename)%00%(upstream:remoteref) refs/heads/main refs/remotes/main [1ms]
2023-11-20 08:56:39.946 [info] > git status -z -uall --find-renames=50% [50ms]
2023-11-20 08:56:40.533 [info] > git check-ignore -v -z --stdin [8ms]
2023-11-20 08:56:41.569 [info] > git check-ignore -v -z --stdin [6ms]
2023-11-20 08:56:45.011 [info] > git config --get commit.template [14ms]
2023-11-20 08:56:45.012 [info] > git for-each-ref --format=%(refname)%00%(upstream:short)%00%(objectname)%00%(upstream:track)%00%(upstream:remotename)%00%(upstream:remoteref) refs/heads/main refs/remotes/main [2ms]
2023-11-20 08:56:45.066 [info] > git status -z -uall --find-renames=50% [42ms]
2023-11-20 08:56:48.807 [info] > git show --textconv :4BMW/database/migrations/2023_11_18_170243_create_packs.php [19ms]
2023-11-20 08:56:48.809 [info] > git ls-files --stage -- /home/s245/4BMW/database/migrations/2023_11_18_170243_create_packs.php [5ms]
2023-11-20 08:56:50.109 [info] > git config --get commit.template [2ms]
2023-11-20 08:56:50.122 [info] > git for-each-ref --format=%(refname)%00%(upstream:short)%00%(objectname)%00%(upstream:track)%00%(upstream:remotename)%00%(upstream:remoteref) refs/heads/main refs/remotes/main [2ms]
2023-11-20 08:56:50.177 [info] > git status -z -uall --find-renames=50% [43ms]
2023-11-20 08:56:53.225 [info] > git show --textconv :4BMW/database/migrations/2023_11_18_181825_create_equipements_moto_possibles.php [15ms]
2023-11-20 08:56:53.228 [info] > git ls-files --stage -- /home/s245/4BMW/database/migrations/2023_11_18_181825_create_equipements_moto_possibles.php [4ms]
2023-11-20 08:56:55.234 [info] > git config --get commit.template [12ms]
2023-11-20 08:56:55.235 [info] > git for-each-ref --format=%(refname)%00%(upstream:short)%00%(objectname)%00%(upstream:track)%00%(upstream:remotename)%00%(upstream:remoteref) refs/heads/main refs/remotes/main [2ms]
2023-11-20 08:56:55.290 [info] > git status -z -uall --find-renames=50% [43ms]
2023-11-20 08:57:00.333 [info] > git config --get commit.template [1ms]
2023-11-20 08:57:00.346 [info] > git for-each-ref --format=%(refname)%00%(upstream:short)%00%(objectname)%00%(upstream:track)%00%(upstream:remotename)%00%(upstream:remoteref) refs/heads/main refs/remotes/main [1ms]
2023-11-20 08:57:00.403 [info] > git status -z -uall --find-renames=50% [44ms]
2023-11-20 08:57:05.861 [info] > git config --get commit.template [1ms]
2023-11-20 08:57:05.880 [info] > git for-each-ref --format=%(refname)%00%(upstream:short)%00%(objectname)%00%(upstream:track)%00%(upstream:remotename)%00%(upstream:remoteref) refs/heads/main refs/remotes/main [3ms]
2023-11-20 08:57:05.939 [info] > git status -z -uall --find-renames=50% [43ms]
2023-11-20 08:57:10.989 [info] > git config --get commit.template [1ms]
2023-11-20 08:57:11.004 [info] > git for-each-ref --format=%(refname)%00%(upstream:short)%00%(objectname)%00%(upstream:track)%00%(upstream:remotename)%00%(upstream:remoteref) refs/heads/main refs/remotes/main [1ms]
2023-11-20 08:57:11.061 [info] > git status -z -uall --find-renames=50% [41ms]
2023-11-20 08:57:16.106 [info] > git config --get commit.template [2ms]
2023-11-20 08:57:16.121 [info] > git for-each-ref --format=%(refname)%00%(upstream:short)%00%(objectname)%00%(upstream:track)%00%(upstream:remotename)%00%(upstream:remoteref) refs/heads/main refs/remotes/main [1ms]
2023-11-20 08:57:16.177 [info] > git status -z -uall --find-renames=50% [40ms]
2023-11-20 08:57:21.241 [info] > git config --get commit.template [17ms]
2023-11-20 08:57:21.242 [info] > git for-each-ref --format=%(refname)%00%(upstream:short)%00%(objectname)%00%(upstream:track)%00%(upstream:remotename)%00%(upstream:remoteref) refs/heads/main refs/remotes/main [2ms]
2023-11-20 08:57:21.296 [info] > git status -z -uall --find-renames=50% [41ms]
2023-11-20 08:57:26.365 [info] > git config --get commit.template [17ms]
2023-11-20 08:57:26.366 [info] > git for-each-ref --format=%(refname)%00%(upstream:short)%00%(objectname)%00%(upstream:track)%00%(upstream:remotename)%00%(upstream:remoteref) refs/heads/main refs/remotes/main [2ms]
2023-11-20 08:57:26.421 [info] > git status -z -uall --find-renames=50% [39ms]
2023-11-20 08:57:31.473 [info] > git config --get commit.template [14ms]
2023-11-20 08:57:31.475 [info] > git for-each-ref --format=%(refname)%00%(upstream:short)%00%(objectname)%00%(upstream:track)%00%(upstream:remotename)%00%(upstream:remoteref) refs/heads/main refs/remotes/main [2ms]
2023-11-20 08:57:31.533 [info] > git status -z -uall --find-renames=50% [45ms]
2023-11-20 08:57:36.589 [info] > git config --get commit.template [14ms]
2023-11-20 08:57:36.590 [info] > git for-each-ref --format=%(refname)%00%(upstream:short)%00%(objectname)%00%(upstream:track)%00%(upstream:remotename)%00%(upstream:remoteref) refs/heads/main refs/remotes/main [2ms]
2023-11-20 08:57:36.649 [info] > git status -z -uall --find-renames=50% [49ms]
2023-11-20 08:57:41.706 [info] > git config --get commit.template [15ms]
2023-11-20 08:57:41.707 [info] > git for-each-ref --format=%(refname)%00%(upstream:short)%00%(objectname)%00%(upstream:track)%00%(upstream:remotename)%00%(upstream:remoteref) refs/heads/main refs/remotes/main [3ms]
2023-11-20 08:57:41.766 [info] > git status -z -uall --find-renames=50% [47ms]
2023-11-20 08:57:46.828 [info] > git config --get commit.template [13ms]
2023-11-20 08:57:46.828 [info] > git for-each-ref --format=%(refname)%00%(upstream:short)%00%(objectname)%00%(upstream:track)%00%(upstream:remotename)%00%(upstream:remoteref) refs/heads/main refs/remotes/main [2ms]
2023-11-20 08:57:46.879 [info] > git status -z -uall --find-renames=50% [42ms]
2023-11-20 08:57:51.942 [info] > git config --get commit.template [13ms]
2023-11-20 08:57:51.943 [info] > git for-each-ref --format=%(refname)%00%(upstream:short)%00%(objectname)%00%(upstream:track)%00%(upstream:remotename)%00%(upstream:remoteref) refs/heads/main refs/remotes/main [2ms]
2023-11-20 08:57:52.004 [info] > git status -z -uall --find-renames=50% [50ms]
2023-11-20 08:57:57.067 [info] > git config --get commit.template [12ms]
2023-11-20 08:57:57.069 [info] > git for-each-ref --format=%(refname)%00%(upstream:short)%00%(objectname)%00%(upstream:track)%00%(upstream:remotename)%00%(upstream:remoteref) refs/heads/main refs/remotes/main [2ms]
2023-11-20 08:57:57.122 [info] > git status -z -uall --find-renames=50% [45ms]
2023-11-20 08:58:02.191 [info] > git config --get commit.template [14ms]
2023-11-20 08:58:02.192 [info] > git for-each-ref --format=%(refname)%00%(upstream:short)%00%(objectname)%00%(upstream:track)%00%(upstream:remotename)%00%(upstream:remoteref) refs/heads/main refs/remotes/main [2ms]
2023-11-20 08:58:02.253 [info] > git status -z -uall --find-renames=50% [48ms]
2023-11-20 08:58:07.315 [info] > git config --get commit.template [12ms]
2023-11-20 08:58:07.316 [info] > git for-each-ref --format=%(refname)%00%(upstream:short)%00%(objectname)%00%(upstream:track)%00%(upstream:remotename)%00%(upstream:remoteref) refs/heads/main refs/remotes/main [2ms]
2023-11-20 08:58:07.374 [info] > git status -z -uall --find-renames=50% [48ms]
2023-11-20 08:58:12.428 [info] > git config --get commit.template [1ms]
2023-11-20 08:58:12.442 [info] > git for-each-ref --format=%(refname)%00%(upstream:short)%00%(objectname)%00%(upstream:track)%00%(upstream:remotename)%00%(upstream:remoteref) refs/heads/main refs/remotes/main [2ms]
2023-11-20 08:58:12.497 [info] > git status -z -uall --find-renames=50% [45ms]
2023-11-20 08:58:17.558 [info] > git for-each-ref --format=%(refname)%00%(upstream:short)%00%(objectname)%00%(upstream:track)%00%(upstream:remotename)%00%(upstream:remoteref) refs/heads/main refs/remotes/main [3ms]
2023-11-20 08:58:17.558 [info] > git config --get commit.template [13ms]
2023-11-20 08:58:17.616 [info] > git status -z -uall --find-renames=50% [49ms]
2023-11-20 08:58:22.667 [info] > git config --get commit.template [11ms]
2023-11-20 08:58:22.668 [info] > git for-each-ref --format=%(refname)%00%(upstream:short)%00%(objectname)%00%(upstream:track)%00%(upstream:remotename)%00%(upstream:remoteref) refs/heads/main refs/remotes/main [2ms]
2023-11-20 08:58:22.724 [info] > git status -z -uall --find-renames=50% [46ms]
2023-11-20 08:58:27.771 [info] > git config --get commit.template [4ms]
2023-11-20 08:58:27.785 [info] > git for-each-ref --format=%(refname)%00%(upstream:short)%00%(objectname)%00%(upstream:track)%00%(upstream:remotename)%00%(upstream:remoteref) refs/heads/main refs/remotes/main [1ms]
2023-11-20 08:58:27.848 [info] > git status -z -uall --find-renames=50% [53ms]
2023-11-20 08:58:32.903 [info] > git config --get commit.template [14ms]
2023-11-20 08:58:32.904 [info] > git for-each-ref --format=%(refname)%00%(upstream:short)%00%(objectname)%00%(upstream:track)%00%(upstream:remotename)%00%(upstream:remoteref) refs/heads/main refs/remotes/main [3ms]
2023-11-20 08:58:32.965 [info] > git status -z -uall --find-renames=50% [51ms]
2023-11-20 08:58:38.021 [info] > git config --get commit.template [13ms]
2023-11-20 08:58:38.022 [info] > git for-each-ref --format=%(refname)%00%(upstream:short)%00%(objectname)%00%(upstream:track)%00%(upstream:remotename)%00%(upstream:remoteref) refs/heads/main refs/remotes/main [2ms]
2023-11-20 08:58:38.078 [info] > git status -z -uall --find-renames=50% [45ms]
2023-11-20 08:58:43.145 [info] > git config --get commit.template [14ms]
2023-11-20 08:58:43.146 [info] > git for-each-ref --format=%(refname)%00%(upstream:short)%00%(objectname)%00%(upstream:track)%00%(upstream:remotename)%00%(upstream:remoteref) refs/heads/main refs/remotes/main [2ms]
2023-11-20 08:58:43.206 [info] > git status -z -uall --find-renames=50% [49ms]
2023-11-20 08:58:48.281 [info] > git config --get commit.template [12ms]
2023-11-20 08:58:48.282 [info] > git for-each-ref --format=%(refname)%00%(upstream:short)%00%(objectname)%00%(upstream:track)%00%(upstream:remotename)%00%(upstream:remoteref) refs/heads/main refs/remotes/main [3ms]
2023-11-20 08:58:48.341 [info] > git status -z -uall --find-renames=50% [48ms]
2023-11-20 08:58:53.403 [info] > git config --get commit.template [11ms]
2023-11-20 08:58:53.403 [info] > git for-each-ref --format=%(refname)%00%(upstream:short)%00%(objectname)%00%(upstream:track)%00%(upstream:remotename)%00%(upstream:remoteref) refs/heads/main refs/remotes/main [2ms]
2023-11-20 08:58:53.468 [info] > git status -z -uall --find-renames=50% [53ms]
2023-11-20 08:58:58.531 [info] > git config --get commit.template [12ms]
2023-11-20 08:58:58.532 [info] > git for-each-ref --format=%(refname)%00%(upstream:short)%00%(objectname)%00%(upstream:track)%00%(upstream:remotename)%00%(upstream:remoteref) refs/heads/main refs/remotes/main [2ms]
2023-11-20 08:58:58.587 [info] > git status -z -uall --find-renames=50% [47ms]
2023-11-20 08:59:03.652 [info] > git config --get commit.template [12ms]
2023-11-20 08:59:03.653 [info] > git for-each-ref --format=%(refname)%00%(upstream:short)%00%(objectname)%00%(upstream:track)%00%(upstream:remotename)%00%(upstream:remoteref) refs/heads/main refs/remotes/main [2ms]
2023-11-20 08:59:03.707 [info] > git status -z -uall --find-renames=50% [44ms]
2023-11-20 08:59:56.111 [info] > git config --get commit.template [1ms]
2023-11-20 08:59:56.121 [info] > git for-each-ref --format=%(refname)%00%(upstream:short)%00%(objectname)%00%(upstream:track)%00%(upstream:remotename)%00%(upstream:remoteref) refs/heads/main refs/remotes/main [2ms]
2023-11-20 08:59:56.153 [info] > git ls-files --stage -- /home/s245/4BMW/database/migrations/2023_11_18_181825_create_equipements_moto_possibles.php [3ms]
2023-11-20 08:59:56.187 [info] > git status -z -uall --find-renames=50% [59ms]
2023-11-20 08:59:56.228 [info] > git show --textconv :4BMW/database/migrations/2023_11_18_181825_create_equipements_moto_possibles.php [45ms]
2023-11-20 09:00:01.253 [info] > git config --get commit.template [12ms]
2023-11-20 09:00:01.254 [info] > git for-each-ref --format=%(refname)%00%(upstream:short)%00%(objectname)%00%(upstream:track)%00%(upstream:remotename)%00%(upstream:remoteref) refs/heads/main refs/remotes/main [3ms]
2023-11-20 09:00:01.314 [info] > git status -z -uall --find-renames=50% [51ms]
2023-11-20 09:00:06.372 [info] > git config --get commit.template [12ms]
2023-11-20 09:00:06.372 [info] > git for-each-ref --format=%(refname)%00%(upstream:short)%00%(objectname)%00%(upstream:track)%00%(upstream:remotename)%00%(upstream:remoteref) refs/heads/main refs/remotes/main [2ms]
2023-11-20 09:00:06.428 [info] > git status -z -uall --find-renames=50% [47ms]
2023-11-20 09:00:08.221 [info] > git check-ignore -v -z --stdin [5ms]
2023-11-20 09:00:09.425 [info] > git check-ignore -v -z --stdin [5ms]
2023-11-20 09:00:10.885 [info] > git check-ignore -v -z --stdin [4ms]
2023-11-20 09:00:11.497 [info] > git config --get commit.template [14ms]
2023-11-20 09:00:11.498 [info] > git for-each-ref --format=%(refname)%00%(upstream:short)%00%(objectname)%00%(upstream:track)%00%(upstream:remotename)%00%(upstream:remoteref) refs/heads/main refs/remotes/main [3ms]
2023-11-20 09:00:11.552 [info] > git status -z -uall --find-renames=50% [43ms]
2023-11-20 09:00:15.164 [info] > git check-ignore -v -z --stdin [5ms]
2023-11-20 09:00:16.602 [info] > git config --get commit.template [13ms]
2023-11-20 09:00:16.602 [info] > git for-each-ref --format=%(refname)%00%(upstream:short)%00%(objectname)%00%(upstream:track)%00%(upstream:remotename)%00%(upstream:remoteref) refs/heads/main refs/remotes/main [2ms]
2023-11-20 09:00:16.660 [info] > git status -z -uall --find-renames=50% [48ms]
2023-11-20 09:00:21.713 [info] > git config --get commit.template [13ms]
2023-11-20 09:00:21.714 [info] > git for-each-ref --format=%(refname)%00%(upstream:short)%00%(objectname)%00%(upstream:track)%00%(upstream:remotename)%00%(upstream:remoteref) refs/heads/main refs/remotes/main [3ms]
2023-11-20 09:00:21.773 [info] > git status -z -uall --find-renames=50% [49ms]
2023-11-20 09:00:22.660 [info] > git check-ignore -v -z --stdin [6ms]
2023-11-20 09:00:24.437 [info] > git check-ignore -v -z --stdin [5ms]
2023-11-20 09:00:26.537 [info] > git show --textconv :4BMW/public/index.php [12ms]
2023-11-20 09:00:26.542 [info] > git ls-files --stage -- /home/s245/4BMW/public/index.php [5ms]
2023-11-20 09:00:26.552 [info] > git cat-file -s 1d69f3a2890599c4f51f93e1906f44d64f5eb928 [1ms]
2023-11-20 09:00:26.844 [info] > git for-each-ref --format=%(refname)%00%(upstream:short)%00%(objectname)%00%(upstream:track)%00%(upstream:remotename)%00%(upstream:remoteref) refs/heads/main refs/remotes/main [2ms]
2023-11-20 09:00:26.844 [info] > git config --get commit.template [12ms]
2023-11-20 09:00:26.904 [info] > git status -z -uall --find-renames=50% [49ms]
2023-11-20 09:00:31.957 [info] > git config --get commit.template [12ms]
2023-11-20 09:00:31.957 [info] > git for-each-ref --format=%(refname)%00%(upstream:short)%00%(objectname)%00%(upstream:track)%00%(upstream:remotename)%00%(upstream:remoteref) refs/heads/main refs/remotes/main [2ms]
2023-11-20 09:00:32.015 [info] > git status -z -uall --find-renames=50% [48ms]
2023-11-20 09:00:37.071 [info] > git config --get commit.template [13ms]
2023-11-20 09:00:37.072 [info] > git for-each-ref --format=%(refname)%00%(upstream:short)%00%(objectname)%00%(upstream:track)%00%(upstream:remotename)%00%(upstream:remoteref) refs/heads/main refs/remotes/main [2ms]
2023-11-20 09:00:37.127 [info] > git status -z -uall --find-renames=50% [43ms]
2023-11-20 09:00:42.200 [info] > git config --get commit.template [13ms]
2023-11-20 09:00:42.200 [info] > git for-each-ref --format=%(refname)%00%(upstream:short)%00%(objectname)%00%(upstream:track)%00%(upstream:remotename)%00%(upstream:remoteref) refs/heads/main refs/remotes/main [2ms]
2023-11-20 09:00:42.253 [info] > git status -z -uall --find-renames=50% [43ms]
2023-11-20 09:00:47.316 [info] > git config --get commit.template [13ms]
2023-11-20 09:00:47.317 [info] > git for-each-ref --format=%(refname)%00%(upstream:short)%00%(objectname)%00%(upstream:track)%00%(upstream:remotename)%00%(upstream:remoteref) refs/heads/main refs/remotes/main [3ms]
2023-11-20 09:00:47.372 [info] > git status -z -uall --find-renames=50% [44ms]
2023-11-20 09:00:52.413 [info] > git config --get commit.template [3ms]
2023-11-20 09:00:52.433 [info] > git for-each-ref --format=%(refname)%00%(upstream:short)%00%(objectname)%00%(upstream:track)%00%(upstream:remotename)%00%(upstream:remoteref) refs/heads/main refs/remotes/main [4ms]
2023-11-20 09:00:52.488 [info] > git status -z -uall --find-renames=50% [44ms]
2023-11-20 09:00:57.549 [info] > git config --get commit.template [13ms]
2023-11-20 09:00:57.549 [info] > git for-each-ref --format=%(refname)%00%(upstream:short)%00%(objectname)%00%(upstream:track)%00%(upstream:remotename)%00%(upstream:remoteref) refs/heads/main refs/remotes/main [2ms]
2023-11-20 09:00:57.603 [info] > git status -z -uall --find-renames=50% [45ms]
2023-11-20 09:01:02.659 [info] > git config --get commit.template [13ms]
2023-11-20 09:01:02.660 [info] > git for-each-ref --format=%(refname)%00%(upstream:short)%00%(objectname)%00%(upstream:track)%00%(upstream:remotename)%00%(upstream:remoteref) refs/heads/main refs/remotes/main [3ms]
2023-11-20 09:01:02.715 [info] > git status -z -uall --find-renames=50% [44ms]
2023-11-20 09:01:07.793 [info] > git config --get commit.template [16ms]
2023-11-20 09:01:07.794 [info] > git for-each-ref --format=%(refname)%00%(upstream:short)%00%(objectname)%00%(upstream:track)%00%(upstream:remotename)%00%(upstream:remoteref) refs/heads/main refs/remotes/main [4ms]
2023-11-20 09:01:07.852 [info] > git status -z -uall --find-renames=50% [47ms]
2023-11-20 09:01:12.905 [info] > git for-each-ref --format=%(refname)%00%(upstream:short)%00%(objectname)%00%(upstream:track)%00%(upstream:remotename)%00%(upstream:remoteref) refs/heads/main refs/remotes/main [3ms]
2023-11-20 09:01:12.906 [info] > git config --get commit.template [16ms]
2023-11-20 09:01:12.963 [info] > git status -z -uall --find-renames=50% [46ms]
2023-11-20 09:01:18.019 [info] > git config --get commit.template [12ms]
2023-11-20 09:01:18.020 [info] > git for-each-ref --format=%(refname)%00%(upstream:short)%00%(objectname)%00%(upstream:track)%00%(upstream:remotename)%00%(upstream:remoteref) refs/heads/main refs/remotes/main [2ms]
2023-11-20 09:01:18.079 [info] > git status -z -uall --find-renames=50% [50ms]
2023-11-20 09:01:23.152 [info] > git config --get commit.template [14ms]
2023-11-20 09:01:23.153 [info] > git for-each-ref --format=%(refname)%00%(upstream:short)%00%(objectname)%00%(upstream:track)%00%(upstream:remotename)%00%(upstream:remoteref) refs/heads/main refs/remotes/main [2ms]
2023-11-20 09:01:23.210 [info] > git status -z -uall --find-renames=50% [45ms]
2023-11-20 09:01:28.272 [info] > git config --get commit.template [13ms]
2023-11-20 09:01:28.273 [info] > git for-each-ref --format=%(refname)%00%(upstream:short)%00%(objectname)%00%(upstream:track)%00%(upstream:remotename)%00%(upstream:remoteref) refs/heads/main refs/remotes/main [3ms]
2023-11-20 09:01:28.324 [info] > git status -z -uall --find-renames=50% [42ms]
2023-11-20 09:01:33.374 [info] > git config --get commit.template [12ms]
2023-11-20 09:01:33.376 [info] > git for-each-ref --format=%(refname)%00%(upstream:short)%00%(objectname)%00%(upstream:track)%00%(upstream:remotename)%00%(upstream:remoteref) refs/heads/main refs/remotes/main [2ms]
2023-11-20 09:01:33.438 [info] > git status -z -uall --find-renames=50% [52ms]
2023-11-20 09:01:38.480 [info] > git config --get commit.template [3ms]
2023-11-20 09:01:38.495 [info] > git for-each-ref --format=%(refname)%00%(upstream:short)%00%(objectname)%00%(upstream:track)%00%(upstream:remotename)%00%(upstream:remoteref) refs/heads/main refs/remotes/main [3ms]
2023-11-20 09:01:38.554 [info] > git status -z -uall --find-renames=50% [49ms]
2023-11-20 09:01:43.613 [info] > git for-each-ref --format=%(refname)%00%(upstream:short)%00%(objectname)%00%(upstream:track)%00%(upstream:remotename)%00%(upstream:remoteref) refs/heads/main refs/remotes/main [3ms]
2023-11-20 09:01:43.613 [info] > git config --get commit.template [16ms]
2023-11-20 09:01:43.667 [info] > git status -z -uall --find-renames=50% [43ms]
2023-11-20 09:01:48.712 [info] > git config --get commit.template [2ms]
2023-11-20 09:01:48.725 [info] > git for-each-ref --format=%(refname)%00%(upstream:short)%00%(objectname)%00%(upstream:track)%00%(upstream:remotename)%00%(upstream:remoteref) refs/heads/main refs/remotes/main [2ms]
2023-11-20 09:01:48.778 [info] > git status -z -uall --find-renames=50% [44ms]
2023-11-20 09:01:53.832 [info] > git config --get commit.template [12ms]
2023-11-20 09:01:53.832 [info] > git for-each-ref --format=%(refname)%00%(upstream:short)%00%(objectname)%00%(upstream:track)%00%(upstream:remotename)%00%(upstream:remoteref) refs/heads/main refs/remotes/main [1ms]
2023-11-20 09:01:53.888 [info] > git status -z -uall --find-renames=50% [45ms]
2023-11-20 09:01:58.953 [info] > git config --get commit.template [13ms]
2023-11-20 09:01:58.954 [info] > git for-each-ref --format=%(refname)%00%(upstream:short)%00%(objectname)%00%(upstream:track)%00%(upstream:remotename)%00%(upstream:remoteref) refs/heads/main refs/remotes/main [2ms]
2023-11-20 09:01:59.012 [info] > git status -z -uall --find-renames=50% [47ms]
2023-11-20 09:02:04.073 [info] > git config --get commit.template [13ms]
2023-11-20 09:02:04.074 [info] > git for-each-ref --format=%(refname)%00%(upstream:short)%00%(objectname)%00%(upstream:track)%00%(upstream:remotename)%00%(upstream:remoteref) refs/heads/main refs/remotes/main [2ms]
2023-11-20 09:02:04.132 [info] > git status -z -uall --find-renames=50% [46ms]
2023-11-20 09:02:05.179 [info] > git check-ignore -v -z --stdin [7ms]
2023-11-20 09:02:06.962 [info] > git check-ignore -v -z --stdin [6ms]
2023-11-20 09:02:09.193 [info] > git config --get commit.template [13ms]
2023-11-20 09:02:09.194 [info] > git for-each-ref --format=%(refname)%00%(upstream:short)%00%(objectname)%00%(upstream:track)%00%(upstream:remotename)%00%(upstream:remoteref) refs/heads/main refs/remotes/main [3ms]
2023-11-20 09:02:09.256 [info] > git status -z -uall --find-renames=50% [51ms]
2023-11-20 09:02:14.314 [info] > git config --get commit.template [11ms]
2023-11-20 09:02:14.315 [info] > git for-each-ref --format=%(refname)%00%(upstream:short)%00%(objectname)%00%(upstream:track)%00%(upstream:remotename)%00%(upstream:remoteref) refs/heads/main refs/remotes/main [1ms]
2023-11-20 09:02:14.366 [info] > git status -z -uall --find-renames=50% [42ms]
2023-11-20 09:02:19.436 [info] > git config --get commit.template [14ms]
2023-11-20 09:02:19.436 [info] > git for-each-ref --format=%(refname)%00%(upstream:short)%00%(objectname)%00%(upstream:track)%00%(upstream:remotename)%00%(upstream:remoteref) refs/heads/main refs/remotes/main [3ms]
2023-11-20 09:02:19.489 [info] > git status -z -uall --find-renames=50% [41ms]
2023-11-20 09:03:26.196 [info] > git config --get commit.template [12ms]
2023-11-20 09:03:26.197 [info] > git for-each-ref --format=%(refname)%00%(upstream:short)%00%(objectname)%00%(upstream:track)%00%(upstream:remotename)%00%(upstream:remoteref) refs/heads/main refs/remotes/main [2ms]
2023-11-20 09:03:26.251 [info] > git status -z -uall --find-renames=50% [44ms]
2023-11-20 09:03:31.319 [info] > git config --get commit.template [11ms]
2023-11-20 09:03:31.319 [info] > git for-each-ref --format=%(refname)%00%(upstream:short)%00%(objectname)%00%(upstream:track)%00%(upstream:remotename)%00%(upstream:remoteref) refs/heads/main refs/remotes/main [2ms]
2023-11-20 09:03:31.372 [info] > git status -z -uall --find-renames=50% [42ms]
2023-11-20 09:03:36.425 [info] > git config --get commit.template [11ms]
2023-11-20 09:03:36.426 [info] > git for-each-ref --format=%(refname)%00%(upstream:short)%00%(objectname)%00%(upstream:track)%00%(upstream:remotename)%00%(upstream:remoteref) refs/heads/main refs/remotes/main [2ms]
2023-11-20 09:03:36.480 [info] > git status -z -uall --find-renames=50% [44ms]
2023-11-20 09:11:10.654 [info] > git config --get commit.template [13ms]
2023-11-20 09:11:10.655 [info] > git for-each-ref --format=%(refname)%00%(upstream:short)%00%(objectname)%00%(upstream:track)%00%(upstream:remotename)%00%(upstream:remoteref) refs/heads/main refs/remotes/main [2ms]
2023-11-20 09:11:10.707 [info] > git status -z -uall --find-renames=50% [43ms]
2023-11-20 09:11:15.770 [info] > git config --get commit.template [11ms]
2023-11-20 09:11:15.771 [info] > git for-each-ref --format=%(refname)%00%(upstream:short)%00%(objectname)%00%(upstream:track)%00%(upstream:remotename)%00%(upstream:remoteref) refs/heads/main refs/remotes/main [2ms]
2023-11-20 09:11:15.827 [info] > git status -z -uall --find-renames=50% [48ms]
2023-11-20 09:11:20.886 [info] > git config --get commit.template [13ms]
2023-11-20 09:11:20.887 [info] > git for-each-ref --format=%(refname)%00%(upstream:short)%00%(objectname)%00%(upstream:track)%00%(upstream:remotename)%00%(upstream:remoteref) refs/heads/main refs/remotes/main [3ms]
2023-11-20 09:11:20.944 [info] > git status -z -uall --find-renames=50% [43ms]
2023-11-20 09:11:26.006 [info] > git config --get commit.template [15ms]
2023-11-20 09:11:26.007 [info] > git for-each-ref --format=%(refname)%00%(upstream:short)%00%(objectname)%00%(upstream:track)%00%(upstream:remotename)%00%(upstream:remoteref) refs/heads/main refs/remotes/main [2ms]
2023-11-20 09:11:26.064 [info] > git status -z -uall --find-renames=50% [44ms]
2023-11-20 09:11:31.130 [info] > git config --get commit.template [11ms]
2023-11-20 09:11:31.132 [info] > git for-each-ref --format=%(refname)%00%(upstream:short)%00%(objectname)%00%(upstream:track)%00%(upstream:remotename)%00%(upstream:remoteref) refs/heads/main refs/remotes/main [3ms]
2023-11-20 09:11:31.183 [info] > git status -z -uall --find-renames=50% [40ms]
2023-11-20 09:11:36.238 [info] > git config --get commit.template [14ms]
2023-11-20 09:11:36.239 [info] > git for-each-ref --format=%(refname)%00%(upstream:short)%00%(objectname)%00%(upstream:track)%00%(upstream:remotename)%00%(upstream:remoteref) refs/heads/main refs/remotes/main [2ms]
2023-11-20 09:11:36.291 [info] > git status -z -uall --find-renames=50% [40ms]
2023-11-20 09:11:41.348 [info] > git config --get commit.template [16ms]
2023-11-20 09:11:41.350 [info] > git for-each-ref --format=%(refname)%00%(upstream:short)%00%(objectname)%00%(upstream:track)%00%(upstream:remotename)%00%(upstream:remoteref) refs/heads/main refs/remotes/main [2ms]
2023-11-20 09:11:41.405 [info] > git status -z -uall --find-renames=50% [43ms]
2023-11-20 09:11:46.467 [info] > git config --get commit.template [14ms]
2023-11-20 09:11:46.469 [info] > git for-each-ref --format=%(refname)%00%(upstream:short)%00%(objectname)%00%(upstream:track)%00%(upstream:remotename)%00%(upstream:remoteref) refs/heads/main refs/remotes/main [4ms]
2023-11-20 09:11:46.524 [info] > git status -z -uall --find-renames=50% [43ms]
2023-11-20 09:11:51.578 [info] > git config --get commit.template [11ms]
2023-11-20 09:11:51.580 [info] > git for-each-ref --format=%(refname)%00%(upstream:short)%00%(objectname)%00%(upstream:track)%00%(upstream:remotename)%00%(upstream:remoteref) refs/heads/main refs/remotes/main [3ms]
2023-11-20 09:11:51.637 [info] > git status -z -uall --find-renames=50% [44ms]
2023-11-20 09:11:56.698 [info] > git config --get commit.template [12ms]
2023-11-20 09:11:56.699 [info] > git for-each-ref --format=%(refname)%00%(upstream:short)%00%(objectname)%00%(upstream:track)%00%(upstream:remotename)%00%(upstream:remoteref) refs/heads/main refs/remotes/main [2ms]
2023-11-20 09:11:56.753 [info] > git status -z -uall --find-renames=50% [41ms]
2023-11-20 09:12:01.809 [info] > git config --get commit.template [2ms]
2023-11-20 09:12:01.825 [info] > git for-each-ref --format=%(refname)%00%(upstream:short)%00%(objectname)%00%(upstream:track)%00%(upstream:remotename)%00%(upstream:remoteref) refs/heads/main refs/remotes/main [3ms]
2023-11-20 09:12:01.882 [info] > git status -z -uall --find-renames=50% [44ms]
2023-11-20 09:12:06.932 [info] > git config --get commit.template [13ms]
2023-11-20 09:12:06.932 [info] > git for-each-ref --format=%(refname)%00%(upstream:short)%00%(objectname)%00%(upstream:track)%00%(upstream:remotename)%00%(upstream:remoteref) refs/heads/main refs/remotes/main [1ms]
2023-11-20 09:12:06.985 [info] > git status -z -uall --find-renames=50% [40ms]
2023-11-20 09:12:12.049 [info] > git config --get commit.template [12ms]
2023-11-20 09:12:12.050 [info] > git for-each-ref --format=%(refname)%00%(upstream:short)%00%(objectname)%00%(upstream:track)%00%(upstream:remotename)%00%(upstream:remoteref) refs/heads/main refs/remotes/main [2ms]
2023-11-20 09:12:12.104 [info] > git status -z -uall --find-renames=50% [43ms]
2023-11-20 09:12:12.454 [info] > git check-ignore -v -z --stdin [5ms]
2023-11-20 09:12:17.159 [info] > git config --get commit.template [12ms]
2023-11-20 09:12:17.159 [info] > git for-each-ref --format=%(refname)%00%(upstream:short)%00%(objectname)%00%(upstream:track)%00%(upstream:remotename)%00%(upstream:remoteref) refs/heads/main refs/remotes/main [2ms]
2023-11-20 09:12:17.215 [info] > git status -z -uall --find-renames=50% [45ms]
2023-11-20 09:12:22.270 [info] > git config --get commit.template [13ms]
2023-11-20 09:12:22.271 [info] > git for-each-ref --format=%(refname)%00%(upstream:short)%00%(objectname)%00%(upstream:track)%00%(upstream:remotename)%00%(upstream:remoteref) refs/heads/main refs/remotes/main [2ms]
2023-11-20 09:12:22.323 [info] > git status -z -uall --find-renames=50% [41ms]
2023-11-20 09:12:27.390 [info] > git config --get commit.template [11ms]
2023-11-20 09:12:27.390 [info] > git for-each-ref --format=%(refname)%00%(upstream:short)%00%(objectname)%00%(upstream:track)%00%(upstream:remotename)%00%(upstream:remoteref) refs/heads/main refs/remotes/main [1ms]
2023-11-20 09:12:27.445 [info] > git status -z -uall --find-renames=50% [41ms]
2023-11-20 09:12:27.787 [info] > git check-ignore -v -z --stdin [227ms]
2023-11-20 09:12:31.063 [info] > git check-ignore -v -z --stdin [8ms]
2023-11-20 09:12:31.978 [info] > git check-ignore -v -z --stdin [4ms]
2023-11-20 09:12:32.510 [info] > git config --get commit.template [12ms]
2023-11-20 09:12:32.511 [info] > git for-each-ref --format=%(refname)%00%(upstream:short)%00%(objectname)%00%(upstream:track)%00%(upstream:remotename)%00%(upstream:remoteref) refs/heads/main refs/remotes/main [2ms]
2023-11-20 09:12:32.563 [info] > git status -z -uall --find-renames=50% [41ms]
2023-11-20 09:12:37.611 [info] > git config --get commit.template [2ms]
2023-11-20 09:12:37.629 [info] > git for-each-ref --format=%(refname)%00%(upstream:short)%00%(objectname)%00%(upstream:track)%00%(upstream:remotename)%00%(upstream:remoteref) refs/heads/main refs/remotes/main [2ms]
2023-11-20 09:12:37.685 [info] > git status -z -uall --find-renames=50% [44ms]
2023-11-20 09:13:35.495 [info] > git config --get commit.template [10ms]
2023-11-20 09:13:35.496 [info] > git for-each-ref --format=%(refname)%00%(upstream:short)%00%(objectname)%00%(upstream:track)%00%(upstream:remotename)%00%(upstream:remoteref) refs/heads/main refs/remotes/main [1ms]
2023-11-20 09:13:35.555 [info] > git status -z -uall --find-renames=50% [48ms]
2023-11-20 09:13:40.633 [info] > git config --get commit.template [13ms]
2023-11-20 09:13:40.634 [info] > git for-each-ref --format=%(refname)%00%(upstream:short)%00%(objectname)%00%(upstream:track)%00%(upstream:remotename)%00%(upstream:remoteref) refs/heads/main refs/remotes/main [3ms]
2023-11-20 09:13:40.691 [info] > git status -z -uall --find-renames=50% [44ms]
2023-11-20 09:13:42.195 [info] > git check-ignore -v -z --stdin [6ms]
2023-11-20 09:13:43.890 [info] > git check-ignore -v -z --stdin [6ms]
2023-11-20 09:13:45.751 [info] > git config --get commit.template [13ms]
2023-11-20 09:13:45.752 [info] > git for-each-ref --format=%(refname)%00%(upstream:short)%00%(objectname)%00%(upstream:track)%00%(upstream:remotename)%00%(upstream:remoteref) refs/heads/main refs/remotes/main [2ms]
2023-11-20 09:13:45.802 [info] > git status -z -uall --find-renames=50% [40ms]
2023-11-20 09:13:50.858 [info] > git config --get commit.template [14ms]
2023-11-20 09:13:50.859 [info] > git for-each-ref --format=%(refname)%00%(upstream:short)%00%(objectname)%00%(upstream:track)%00%(upstream:remotename)%00%(upstream:remoteref) refs/heads/main refs/remotes/main [2ms]
2023-11-20 09:13:50.912 [info] > git status -z -uall --find-renames=50% [40ms]
2023-11-20 09:13:55.970 [info] > git config --get commit.template [12ms]
2023-11-20 09:13:55.972 [info] > git for-each-ref --format=%(refname)%00%(upstream:short)%00%(objectname)%00%(upstream:track)%00%(upstream:remotename)%00%(upstream:remoteref) refs/heads/main refs/remotes/main [2ms]
2023-11-20 09:13:56.022 [info] > git status -z -uall --find-renames=50% [40ms]
2023-11-20 09:14:01.093 [info] > git config --get commit.template [14ms]
2023-11-20 09:14:01.094 [info] > git for-each-ref --format=%(refname)%00%(upstream:short)%00%(objectname)%00%(upstream:track)%00%(upstream:remotename)%00%(upstream:remoteref) refs/heads/main refs/remotes/main [2ms]
2023-11-20 09:14:01.162 [info] > git status -z -uall --find-renames=50% [56ms]
2023-11-20 09:14:06.250 [info] > git config --get commit.template [15ms]
2023-11-20 09:14:06.251 [info] > git for-each-ref --format=%(refname)%00%(upstream:short)%00%(objectname)%00%(upstream:track)%00%(upstream:remotename)%00%(upstream:remoteref) refs/heads/main refs/remotes/main [2ms]
2023-11-20 09:14:06.305 [info] > git status -z -uall --find-renames=50% [40ms]
2023-11-20 09:14:11.350 [info] > git config --get commit.template [3ms]
2023-11-20 09:14:11.364 [info] > git for-each-ref --format=%(refname)%00%(upstream:short)%00%(objectname)%00%(upstream:track)%00%(upstream:remotename)%00%(upstream:remoteref) refs/heads/main refs/remotes/main [1ms]
2023-11-20 09:14:11.420 [info] > git status -z -uall --find-renames=50% [44ms]
2023-11-20 09:14:13.903 [info] > git show --textconv :4BMW/database/migrations/2023_11_18_163734_create_categories_caracteristique.php [11ms]
2023-11-20 09:14:13.907 [info] > git ls-files --stage -- /home/s245/4BMW/database/migrations/2023_11_18_163734_create_categories_caracteristique.php [4ms]
2023-11-20 09:14:15.726 [info] > git show --textconv :4BMW/database/migrations/2023_11_18_161641_create_categories_equipement_moto.php [13ms]
2023-11-20 09:14:15.729 [info] > git ls-files --stage -- /home/s245/4BMW/database/migrations/2023_11_18_161641_create_categories_equipement_moto.php [4ms]
2023-11-20 09:14:16.498 [info] > git show --textconv :4BMW/database/migrations/2023_11_18_160145_create_motos_configurables.php [13ms]
2023-11-20 09:14:16.499 [info] > git for-each-ref --format=%(refname)%00%(upstream:short)%00%(objectname)%00%(upstream:track)%00%(upstream:remotename)%00%(upstream:remoteref) refs/heads/main refs/remotes/main [28ms]
2023-11-20 09:14:16.499 [info] > git config --get commit.template [39ms]
2023-11-20 09:14:16.510 [info] > git ls-files --stage -- /home/s245/4BMW/database/migrations/2023_11_18_160145_create_motos_configurables.php [13ms]
2023-11-20 09:14:16.552 [info] > git status -z -uall --find-renames=50% [42ms]
2023-11-20 09:14:17.753 [info] > git show --textconv :4BMW/database/migrations/2019_12_14_000001_create_personal_access_tokens_table.php [12ms]
2023-11-20 09:14:17.756 [info] > git ls-files --stage -- /home/s245/4BMW/database/migrations/2019_12_14_000001_create_personal_access_tokens_table.php [4ms]
2023-11-20 09:14:17.770 [info] > git cat-file -s e828ad8189ee7c270c24be93f2eb73d833c0da87 [1ms]
2023-11-20 09:14:19.686 [info] > git show --textconv :4BMW/database/migrations/2014_10_12_000000_create_users_table.php [14ms]
2023-11-20 09:14:19.689 [info] > git ls-files --stage -- /home/s245/4BMW/database/migrations/2014_10_12_000000_create_users_table.php [4ms]
2023-11-20 09:14:19.703 [info] > git cat-file -s 444fafb7f5328e7adee2e409be0ee197ccaf1940 [2ms]
2023-11-20 09:14:21.608 [info] > git config --get commit.template [15ms]
2023-11-20 09:14:21.608 [info] > git for-each-ref --format=%(refname)%00%(upstream:short)%00%(objectname)%00%(upstream:track)%00%(upstream:remotename)%00%(upstream:remoteref) refs/heads/main refs/remotes/main [4ms]
2023-11-20 09:14:21.664 [info] > git status -z -uall --find-renames=50% [44ms]
2023-11-20 09:14:26.718 [info] > git config --get commit.template [12ms]
2023-11-20 09:14:26.719 [info] > git for-each-ref --format=%(refname)%00%(upstream:short)%00%(objectname)%00%(upstream:track)%00%(upstream:remotename)%00%(upstream:remoteref) refs/heads/main refs/remotes/main [2ms]
2023-11-20 09:14:26.771 [info] > git status -z -uall --find-renames=50% [41ms]
2023-11-20 09:14:31.825 [info] > git config --get commit.template [13ms]
2023-11-20 09:14:31.826 [info] > git for-each-ref --format=%(refname)%00%(upstream:short)%00%(objectname)%00%(upstream:track)%00%(upstream:remotename)%00%(upstream:remoteref) refs/heads/main refs/remotes/main [2ms]
2023-11-20 09:14:31.879 [info] > git status -z -uall --find-renames=50% [42ms]
2023-11-20 09:14:36.935 [info] > git config --get commit.template [12ms]
2023-11-20 09:14:36.935 [info] > git for-each-ref --format=%(refname)%00%(upstream:short)%00%(objectname)%00%(upstream:track)%00%(upstream:remotename)%00%(upstream:remoteref) refs/heads/main refs/remotes/main [2ms]
2023-11-20 09:14:36.985 [info] > git status -z -uall --find-renames=50% [39ms]
2023-11-20 09:14:42.038 [info] > git config --get commit.template [12ms]
2023-11-20 09:14:42.040 [info] > git for-each-ref --format=%(refname)%00%(upstream:short)%00%(objectname)%00%(upstream:track)%00%(upstream:remotename)%00%(upstream:remoteref) refs/heads/main refs/remotes/main [2ms]
2023-11-20 09:14:42.091 [info] > git status -z -uall --find-renames=50% [40ms]
2023-11-20 09:14:47.136 [info] > git config --get commit.template [2ms]
2023-11-20 09:14:47.152 [info] > git for-each-ref --format=%(refname)%00%(upstream:short)%00%(objectname)%00%(upstream:track)%00%(upstream:remotename)%00%(upstream:remoteref) refs/heads/main refs/remotes/main [3ms]
2023-11-20 09:14:47.209 [info] > git status -z -uall --find-renames=50% [45ms]
2023-11-20 09:14:52.259 [info] > git config --get commit.template [12ms]
2023-11-20 09:14:52.259 [info] > git for-each-ref --format=%(refname)%00%(upstream:short)%00%(objectname)%00%(upstream:track)%00%(upstream:remotename)%00%(upstream:remoteref) refs/heads/main refs/remotes/main [2ms]
2023-11-20 09:14:52.313 [info] > git status -z -uall --find-renames=50% [42ms]
2023-11-20 09:14:52.790 [info] > git show --textconv :4BMW/database/migrations/2014_10_12_100000_create_password_reset_tokens_table.php [11ms]
2023-11-20 09:14:52.795 [info] > git ls-files --stage -- /home/s245/4BMW/database/migrations/2014_10_12_100000_create_password_reset_tokens_table.php [4ms]
2023-11-20 09:14:52.808 [info] > git cat-file -s 81a7229b085acceacba99220d098fd156abc4eb4 [2ms]
2023-11-20 09:14:57.368 [info] > git config --get commit.template [12ms]
2023-11-20 09:14:57.370 [info] > git for-each-ref --format=%(refname)%00%(upstream:short)%00%(objectname)%00%(upstream:track)%00%(upstream:remotename)%00%(upstream:remoteref) refs/heads/main refs/remotes/main [3ms]
2023-11-20 09:14:57.420 [info] > git status -z -uall --find-renames=50% [40ms]
2023-11-20 09:15:02.476 [info] > git config --get commit.template [11ms]
2023-11-20 09:15:02.476 [info] > git for-each-ref --format=%(refname)%00%(upstream:short)%00%(objectname)%00%(upstream:track)%00%(upstream:remotename)%00%(upstream:remoteref) refs/heads/main refs/remotes/main [1ms]
2023-11-20 09:15:02.539 [info] > git status -z -uall --find-renames=50% [51ms]
2023-11-20 09:15:06.107 [info] > git show --textconv :4BMW/database/migrations/2019_08_19_000000_create_failed_jobs_table.php [10ms]
2023-11-20 09:15:06.112 [info] > git ls-files --stage -- /home/s245/4BMW/database/migrations/2019_08_19_000000_create_failed_jobs_table.php [4ms]
2023-11-20 09:15:06.126 [info] > git cat-file -s 249da8171acd0816601ccb095c3320393e66dea6 [1ms]
2023-11-20 09:15:07.593 [info] > git config --get commit.template [13ms]
2023-11-20 09:15:07.594 [info] > git for-each-ref --format=%(refname)%00%(upstream:short)%00%(objectname)%00%(upstream:track)%00%(upstream:remotename)%00%(upstream:remoteref) refs/heads/main refs/remotes/main [2ms]
2023-11-20 09:15:07.647 [info] > git status -z -uall --find-renames=50% [42ms]
2023-11-20 09:15:12.700 [info] > git config --get commit.template [11ms]
2023-11-20 09:15:12.701 [info] > git for-each-ref --format=%(refname)%00%(upstream:short)%00%(objectname)%00%(upstream:track)%00%(upstream:remotename)%00%(upstream:remoteref) refs/heads/main refs/remotes/main [2ms]
2023-11-20 09:15:12.755 [info] > git status -z -uall --find-renames=50% [42ms]
2023-11-20 09:15:17.411 [info] > git show --textconv :4BMW/database/migrations/2019_12_14_000001_create_personal_access_tokens_table.php [13ms]
2023-11-20 09:15:17.415 [info] > git ls-files --stage -- /home/s245/4BMW/database/migrations/2019_12_14_000001_create_personal_access_tokens_table.php [4ms]
2023-11-20 09:15:17.428 [info] > git cat-file -s e828ad8189ee7c270c24be93f2eb73d833c0da87 [1ms]
2023-11-20 09:15:17.825 [info] > git config --get commit.template [14ms]
2023-11-20 09:15:17.827 [info] > git for-each-ref --format=%(refname)%00%(upstream:short)%00%(objectname)%00%(upstream:track)%00%(upstream:remotename)%00%(upstream:remoteref) refs/heads/main refs/remotes/main [3ms]
2023-11-20 09:15:17.877 [info] > git status -z -uall --find-renames=50% [38ms]
2023-11-20 09:15:22.930 [info] > git for-each-ref --format=%(refname)%00%(upstream:short)%00%(objectname)%00%(upstream:track)%00%(upstream:remotename)%00%(upstream:remoteref) refs/heads/main refs/remotes/main [2ms]
2023-11-20 09:15:22.931 [info] > git config --get commit.template [13ms]
2023-11-20 09:15:22.995 [info] > git status -z -uall --find-renames=50% [51ms]
2023-11-20 09:15:23.816 [info] > git show --textconv :4BMW/database/migrations/2023_11_18_160145_create_motos_configurables.php [13ms]
2023-11-20 09:15:23.820 [info] > git ls-files --stage -- /home/s245/4BMW/database/migrations/2023_11_18_160145_create_motos_configurables.php [4ms]
2023-11-20 09:15:27.728 [info] > git show --textconv :4BMW/database/migrations/2023_11_18_161641_create_categories_equipement_moto.php [13ms]
2023-11-20 09:15:27.732 [info] > git ls-files --stage -- /home/s245/4BMW/database/migrations/2023_11_18_161641_create_categories_equipement_moto.php [4ms]
2023-11-20 09:15:28.048 [info] > git config --get commit.template [12ms]
2023-11-20 09:15:28.049 [info] > git for-each-ref --format=%(refname)%00%(upstream:short)%00%(objectname)%00%(upstream:track)%00%(upstream:remotename)%00%(upstream:remoteref) refs/heads/main refs/remotes/main [1ms]
2023-11-20 09:15:28.099 [info] > git status -z -uall --find-renames=50% [40ms]
2023-11-20 09:15:33.152 [info] > git config --get commit.template [11ms]
2023-11-20 09:15:33.152 [info] > git for-each-ref --format=%(refname)%00%(upstream:short)%00%(objectname)%00%(upstream:track)%00%(upstream:remotename)%00%(upstream:remoteref) refs/heads/main refs/remotes/main [1ms]
2023-11-20 09:15:33.206 [info] > git status -z -uall --find-renames=50% [42ms]
2023-11-20 09:15:38.262 [info] > git config --get commit.template [13ms]
2023-11-20 09:15:38.263 [info] > git for-each-ref --format=%(refname)%00%(upstream:short)%00%(objectname)%00%(upstream:track)%00%(upstream:remotename)%00%(upstream:remoteref) refs/heads/main refs/remotes/main [2ms]
2023-11-20 09:15:38.314 [info] > git status -z -uall --find-renames=50% [40ms]
2023-11-20 09:15:39.451 [info] > git show --textconv :4BMW/database/migrations/2023_11_18_163734_create_categories_caracteristique.php [15ms]
2023-11-20 09:15:39.456 [info] > git ls-files --stage -- /home/s245/4BMW/database/migrations/2023_11_18_163734_create_categories_caracteristique.php [6ms]
2023-11-20 09:15:41.914 [info] > git show --textconv :4BMW/database/migrations/2023_11_18_170243_create_packs.php [12ms]
2023-11-20 09:15:41.918 [info] > git ls-files --stage -- /home/s245/4BMW/database/migrations/2023_11_18_170243_create_packs.php [5ms]
2023-11-20 09:15:43.369 [info] > git config --get commit.template [11ms]
2023-11-20 09:15:43.370 [info] > git for-each-ref --format=%(refname)%00%(upstream:short)%00%(objectname)%00%(upstream:track)%00%(upstream:remotename)%00%(upstream:remoteref) refs/heads/main refs/remotes/main [2ms]
2023-11-20 09:15:43.408 [info] > git show --textconv :4BMW/database/migrations/2023_11_18_171102_create_equipements_moto.php [10ms]
2023-11-20 09:15:43.410 [info] > git ls-files --stage -- /home/s245/4BMW/database/migrations/2023_11_18_171102_create_equipements_moto.php [2ms]
2023-11-20 09:15:43.420 [info] > git status -z -uall --find-renames=50% [39ms]
2023-11-20 09:15:45.016 [info] > git show --textconv :4BMW/database/migrations/2023_11_18_171858_create_couleurs.php [14ms]
2023-11-20 09:15:45.019 [info] > git ls-files --stage -- /home/s245/4BMW/database/migrations/2023_11_18_171858_create_couleurs.php [4ms]
2023-11-20 09:15:46.259 [info] > git show --textconv :4BMW/database/migrations/2023_11_18_172756_create_caracteristiques_moto.php [15ms]
2023-11-20 09:15:46.263 [info] > git ls-files --stage -- /home/s245/4BMW/database/migrations/2023_11_18_172756_create_caracteristiques_moto.php [5ms]
2023-11-20 09:15:47.423 [info] > git show --textconv :4BMW/database/migrations/2023_11_18_181825_create_equipements_moto_possibles.php [15ms]
2023-11-20 09:15:47.426 [info] > git ls-files --stage -- /home/s245/4BMW/database/migrations/2023_11_18_181825_create_equipements_moto_possibles.php [4ms]
2023-11-20 09:15:48.476 [info] > git config --get commit.template [13ms]
2023-11-20 09:15:48.478 [info] > git for-each-ref --format=%(refname)%00%(upstream:short)%00%(objectname)%00%(upstream:track)%00%(upstream:remotename)%00%(upstream:remoteref) refs/heads/main refs/remotes/main [3ms]
2023-11-20 09:15:48.534 [info] > git status -z -uall --find-renames=50% [46ms]
2023-11-20 09:15:49.229 [info] > git show --textconv :4BMW/database/migrations/2023_11_18_185124_create_couleurs_possibles.php [14ms]
2023-11-20 09:15:49.233 [info] > git ls-files --stage -- /home/s245/4BMW/database/migrations/2023_11_18_185124_create_couleurs_possibles.php [4ms]
2023-11-20 09:15:51.341 [info] > git show --textconv :4BMW/database/migrations/2023_11_18_190842_create_packs_possibles.php [13ms]
2023-11-20 09:15:51.345 [info] > git ls-files --stage -- /home/s245/4BMW/database/migrations/2023_11_18_190842_create_packs_possibles.php [5ms]
2023-11-20 09:15:53.585 [info] > git config --get commit.template [13ms]
2023-11-20 09:15:53.586 [info] > git for-each-ref --format=%(refname)%00%(upstream:short)%00%(objectname)%00%(upstream:track)%00%(upstream:remotename)%00%(upstream:remoteref) refs/heads/main refs/remotes/main [2ms]
2023-11-20 09:15:53.643 [info] > git status -z -uall --find-renames=50% [45ms]
2023-11-20 09:15:55.569 [info] > git show --textconv :4BMW/database/migrations/2023_11_18_193346_create_photos.php [12ms]
2023-11-20 09:15:55.573 [info] > git ls-files --stage -- /home/s245/4BMW/database/migrations/2023_11_18_193346_create_photos.php [6ms]
2023-11-20 09:15:58.703 [info] > git config --get commit.template [13ms]
2023-11-20 09:15:58.705 [info] > git for-each-ref --format=%(refname)%00%(upstream:short)%00%(objectname)%00%(upstream:track)%00%(upstream:remotename)%00%(upstream:remoteref) refs/heads/main refs/remotes/main [3ms]
2023-11-20 09:15:58.756 [info] > git status -z -uall --find-renames=50% [41ms]
2023-11-20 09:16:03.804 [info] > git config --get commit.template [10ms]
2023-11-20 09:16:03.804 [info] > git for-each-ref --format=%(refname)%00%(upstream:short)%00%(objectname)%00%(upstream:track)%00%(upstream:remotename)%00%(upstream:remoteref) refs/heads/main refs/remotes/main [2ms]
2023-11-20 09:16:03.856 [info] > git status -z -uall --find-renames=50% [40ms]
2023-11-20 09:16:08.902 [info] > git config --get commit.template [2ms]
2023-11-20 09:16:08.914 [info] > git for-each-ref --format=%(refname)%00%(upstream:short)%00%(objectname)%00%(upstream:track)%00%(upstream:remotename)%00%(upstream:remoteref) refs/heads/main refs/remotes/main [2ms]
2023-11-20 09:16:08.966 [info] > git status -z -uall --find-renames=50% [42ms]
2023-11-20 09:16:14.012 [info] > git config --get commit.template [3ms]
2023-11-20 09:16:14.026 [info] > git for-each-ref --format=%(refname)%00%(upstream:short)%00%(objectname)%00%(upstream:track)%00%(upstream:remotename)%00%(upstream:remoteref) refs/heads/main refs/remotes/main [2ms]
2023-11-20 09:16:14.081 [info] > git status -z -uall --find-renames=50% [43ms]
2023-11-20 09:16:19.126 [info] > git config --get commit.template [2ms]
2023-11-20 09:16:19.145 [info] > git for-each-ref --format=%(refname)%00%(upstream:short)%00%(objectname)%00%(upstream:track)%00%(upstream:remotename)%00%(upstream:remoteref) refs/heads/main refs/remotes/main [2ms]
2023-11-20 09:16:19.202 [info] > git status -z -uall --find-renames=50% [45ms]
2023-11-20 09:16:24.250 [info] > git config --get commit.template [12ms]
2023-11-20 09:16:24.251 [info] > git for-each-ref --format=%(refname)%00%(upstream:short)%00%(objectname)%00%(upstream:track)%00%(upstream:remotename)%00%(upstream:remoteref) refs/heads/main refs/remotes/main [2ms]
2023-11-20 09:16:24.305 [info] > git status -z -uall --find-renames=50% [43ms]
2023-11-20 09:16:29.363 [info] > git config --get commit.template [12ms]
2023-11-20 09:16:29.364 [info] > git for-each-ref --format=%(refname)%00%(upstream:short)%00%(objectname)%00%(upstream:track)%00%(upstream:remotename)%00%(upstream:remoteref) refs/heads/main refs/remotes/main [3ms]
2023-11-20 09:16:29.423 [info] > git status -z -uall --find-renames=50% [45ms]
2023-11-20 09:16:34.479 [info] > git config --get commit.template [14ms]
2023-11-20 09:16:34.479 [info] > git for-each-ref --format=%(refname)%00%(upstream:short)%00%(objectname)%00%(upstream:track)%00%(upstream:remotename)%00%(upstream:remoteref) refs/heads/main refs/remotes/main [2ms]
2023-11-20 09:16:34.535 [info] > git status -z -uall --find-renames=50% [43ms]
2023-11-20 09:16:39.593 [info] > git config --get commit.template [14ms]
2023-11-20 09:16:39.594 [info] > git for-each-ref --format=%(refname)%00%(upstream:short)%00%(objectname)%00%(upstream:track)%00%(upstream:remotename)%00%(upstream:remoteref) refs/heads/main refs/remotes/main [2ms]
2023-11-20 09:16:39.646 [info] > git status -z -uall --find-renames=50% [41ms]
2023-11-20 09:16:44.724 [info] > git config --get commit.template [16ms]
2023-11-20 09:16:44.725 [info] > git for-each-ref --format=%(refname)%00%(upstream:short)%00%(objectname)%00%(upstream:track)%00%(upstream:remotename)%00%(upstream:remoteref) refs/heads/main refs/remotes/main [2ms]
2023-11-20 09:16:44.789 [info] > git status -z -uall --find-renames=50% [52ms]
2023-11-20 09:16:49.854 [info] > git config --get commit.template [13ms]
2023-11-20 09:16:49.855 [info] > git for-each-ref --format=%(refname)%00%(upstream:short)%00%(objectname)%00%(upstream:track)%00%(upstream:remotename)%00%(upstream:remoteref) refs/heads/main refs/remotes/main [1ms]
2023-11-20 09:16:49.918 [info] > git status -z -uall --find-renames=50% [51ms]
2023-11-20 09:16:54.972 [info] > git config --get commit.template [4ms]
2023-11-20 09:16:54.988 [info] > git for-each-ref --format=%(refname)%00%(upstream:short)%00%(objectname)%00%(upstream:track)%00%(upstream:remotename)%00%(upstream:remoteref) refs/heads/main refs/remotes/main [3ms]
2023-11-20 09:16:55.043 [info] > git status -z -uall --find-renames=50% [43ms]
2023-11-20 09:17:00.098 [info] > git config --get commit.template [13ms]
2023-11-20 09:17:00.099 [info] > git for-each-ref --format=%(refname)%00%(upstream:short)%00%(objectname)%00%(upstream:track)%00%(upstream:remotename)%00%(upstream:remoteref) refs/heads/main refs/remotes/main [2ms]
2023-11-20 09:17:00.150 [info] > git status -z -uall --find-renames=50% [40ms]
2023-11-20 09:17:05.214 [info] > git config --get commit.template [14ms]
2023-11-20 09:17:05.215 [info] > git for-each-ref --format=%(refname)%00%(upstream:short)%00%(objectname)%00%(upstream:track)%00%(upstream:remotename)%00%(upstream:remoteref) refs/heads/main refs/remotes/main [2ms]
2023-11-20 09:17:05.266 [info] > git status -z -uall --find-renames=50% [39ms]
2023-11-20 09:17:10.331 [info] > git config --get commit.template [14ms]
2023-11-20 09:17:10.332 [info] > git for-each-ref --format=%(refname)%00%(upstream:short)%00%(objectname)%00%(upstream:track)%00%(upstream:remotename)%00%(upstream:remoteref) refs/heads/main refs/remotes/main [2ms]
2023-11-20 09:17:10.383 [info] > git status -z -uall --find-renames=50% [41ms]
2023-11-20 09:17:15.446 [info] > git config --get commit.template [14ms]
2023-11-20 09:17:15.448 [info] > git for-each-ref --format=%(refname)%00%(upstream:short)%00%(objectname)%00%(upstream:track)%00%(upstream:remotename)%00%(upstream:remoteref) refs/heads/main refs/remotes/main [3ms]
2023-11-20 09:17:15.502 [info] > git status -z -uall --find-renames=50% [42ms]
2023-11-20 09:17:20.555 [info] > git config --get commit.template [2ms]
2023-11-20 09:17:20.572 [info] > git for-each-ref --format=%(refname)%00%(upstream:short)%00%(objectname)%00%(upstream:track)%00%(upstream:remotename)%00%(upstream:remoteref) refs/heads/main refs/remotes/main [3ms]
2023-11-20 09:17:20.632 [info] > git status -z -uall --find-renames=50% [48ms]
2023-11-20 09:17:25.689 [info] > git config --get commit.template [17ms]
2023-11-20 09:17:25.690 [info] > git for-each-ref --format=%(refname)%00%(upstream:short)%00%(objectname)%00%(upstream:track)%00%(upstream:remotename)%00%(upstream:remoteref) refs/heads/main refs/remotes/main [1ms]
2023-11-20 09:17:25.744 [info] > git status -z -uall --find-renames=50% [43ms]
2023-11-20 09:17:30.805 [info] > git config --get commit.template [14ms]
2023-11-20 09:17:30.806 [info] > git for-each-ref --format=%(refname)%00%(upstream:short)%00%(objectname)%00%(upstream:track)%00%(upstream:remotename)%00%(upstream:remoteref) refs/heads/main refs/remotes/main [3ms]
2023-11-20 09:17:30.859 [info] > git status -z -uall --find-renames=50% [41ms]
2023-11-20 09:17:35.939 [info] > git config --get commit.template [11ms]
2023-11-20 09:17:35.940 [info] > git for-each-ref --format=%(refname)%00%(upstream:short)%00%(objectname)%00%(upstream:track)%00%(upstream:remotename)%00%(upstream:remoteref) refs/heads/main refs/remotes/main [1ms]
2023-11-20 09:17:35.993 [info] > git status -z -uall --find-renames=50% [44ms]
2023-11-20 09:17:41.059 [info] > git config --get commit.template [12ms]
2023-11-20 09:17:41.059 [info] > git for-each-ref --format=%(refname)%00%(upstream:short)%00%(objectname)%00%(upstream:track)%00%(upstream:remotename)%00%(upstream:remoteref) refs/heads/main refs/remotes/main [1ms]
2023-11-20 09:17:41.112 [info] > git status -z -uall --find-renames=50% [41ms]
2023-11-20 09:17:46.174 [info] > git config --get commit.template [11ms]
2023-11-20 09:17:46.174 [info] > git for-each-ref --format=%(refname)%00%(upstream:short)%00%(objectname)%00%(upstream:track)%00%(upstream:remotename)%00%(upstream:remoteref) refs/heads/main refs/remotes/main [2ms]
2023-11-20 09:17:46.227 [info] > git status -z -uall --find-renames=50% [41ms]
2023-11-20 09:17:51.295 [info] > git config --get commit.template [17ms]
2023-11-20 09:17:51.296 [info] > git for-each-ref --format=%(refname)%00%(upstream:short)%00%(objectname)%00%(upstream:track)%00%(upstream:remotename)%00%(upstream:remoteref) refs/heads/main refs/remotes/main [3ms]
2023-11-20 09:17:51.350 [info] > git status -z -uall --find-renames=50% [40ms]
2023-11-20 09:17:56.397 [info] > git config --get commit.template [12ms]
2023-11-20 09:17:56.398 [info] > git for-each-ref --format=%(refname)%00%(upstream:short)%00%(objectname)%00%(upstream:track)%00%(upstream:remotename)%00%(upstream:remoteref) refs/heads/main refs/remotes/main [2ms]
2023-11-20 09:17:56.454 [info] > git status -z -uall --find-renames=50% [43ms]
2023-11-20 09:18:01.509 [info] > git config --get commit.template [12ms]
2023-11-20 09:18:01.510 [info] > git for-each-ref --format=%(refname)%00%(upstream:short)%00%(objectname)%00%(upstream:track)%00%(upstream:remotename)%00%(upstream:remoteref) refs/heads/main refs/remotes/main [2ms]
2023-11-20 09:18:01.561 [info] > git status -z -uall --find-renames=50% [41ms]
2023-11-20 09:18:06.630 [info] > git config --get commit.template [11ms]
2023-11-20 09:18:06.630 [info] > git for-each-ref --format=%(refname)%00%(upstream:short)%00%(objectname)%00%(upstream:track)%00%(upstream:remotename)%00%(upstream:remoteref) refs/heads/main refs/remotes/main [2ms]
2023-11-20 09:18:06.684 [info] > git status -z -uall --find-renames=50% [41ms]
2023-11-20 09:18:11.751 [info] > git config --get commit.template [14ms]
2023-11-20 09:18:11.752 [info] > git for-each-ref --format=%(refname)%00%(upstream:short)%00%(objectname)%00%(upstream:track)%00%(upstream:remotename)%00%(upstream:remoteref) refs/heads/main refs/remotes/main [2ms]
2023-11-20 09:18:11.811 [info] > git status -z -uall --find-renames=50% [48ms]
2023-11-20 09:18:16.873 [info] > git config --get commit.template [12ms]
2023-11-20 09:18:16.873 [info] > git for-each-ref --format=%(refname)%00%(upstream:short)%00%(objectname)%00%(upstream:track)%00%(upstream:remotename)%00%(upstream:remoteref) refs/heads/main refs/remotes/main [2ms]
2023-11-20 09:18:16.933 [info] > git status -z -uall --find-renames=50% [48ms]
2023-11-20 09:18:22.005 [info] > git config --get commit.template [16ms]
2023-11-20 09:18:22.006 [info] > git for-each-ref --format=%(refname)%00%(upstream:short)%00%(objectname)%00%(upstream:track)%00%(upstream:remotename)%00%(upstream:remoteref) refs/heads/main refs/remotes/main [3ms]
2023-11-20 09:18:22.063 [info] > git status -z -uall --find-renames=50% [45ms]
2023-11-20 09:18:27.117 [info] > git config --get commit.template [14ms]
2023-11-20 09:18:27.118 [info] > git for-each-ref --format=%(refname)%00%(upstream:short)%00%(objectname)%00%(upstream:track)%00%(upstream:remotename)%00%(upstream:remoteref) refs/heads/main refs/remotes/main [3ms]
2023-11-20 09:18:27.177 [info] > git status -z -uall --find-renames=50% [46ms]
2023-11-20 09:18:32.230 [info] > git config --get commit.template [11ms]
2023-11-20 09:18:32.230 [info] > git for-each-ref --format=%(refname)%00%(upstream:short)%00%(objectname)%00%(upstream:track)%00%(upstream:remotename)%00%(upstream:remoteref) refs/heads/main refs/remotes/main [1ms]
2023-11-20 09:18:32.290 [info] > git status -z -uall --find-renames=50% [48ms]
2023-11-20 09:18:37.344 [info] > git for-each-ref --format=%(refname)%00%(upstream:short)%00%(objectname)%00%(upstream:track)%00%(upstream:remotename)%00%(upstream:remoteref) refs/heads/main refs/remotes/main [3ms]
2023-11-20 09:18:37.345 [info] > git config --get commit.template [13ms]
2023-11-20 09:18:37.405 [info] > git status -z -uall --find-renames=50% [46ms]
2023-11-20 09:18:42.448 [info] > git config --get commit.template [3ms]
2023-11-20 09:18:42.466 [info] > git for-each-ref --format=%(refname)%00%(upstream:short)%00%(objectname)%00%(upstream:track)%00%(upstream:remotename)%00%(upstream:remoteref) refs/heads/main refs/remotes/main [2ms]
2023-11-20 09:18:42.520 [info] > git status -z -uall --find-renames=50% [42ms]
2023-11-20 09:18:47.576 [info] > git config --get commit.template [12ms]
2023-11-20 09:18:47.577 [info] > git for-each-ref --format=%(refname)%00%(upstream:short)%00%(objectname)%00%(upstream:track)%00%(upstream:remotename)%00%(upstream:remoteref) refs/heads/main refs/remotes/main [2ms]
2023-11-20 09:18:47.626 [info] > git status -z -uall --find-renames=50% [38ms]
2023-11-20 09:18:52.681 [info] > git config --get commit.template [12ms]
2023-11-20 09:18:52.682 [info] > git for-each-ref --format=%(refname)%00%(upstream:short)%00%(objectname)%00%(upstream:track)%00%(upstream:remotename)%00%(upstream:remoteref) refs/heads/main refs/remotes/main [2ms]
2023-11-20 09:18:52.733 [info] > git status -z -uall --find-renames=50% [41ms]
2023-11-20 09:18:57.786 [info] > git config --get commit.template [11ms]
2023-11-20 09:18:57.786 [info] > git for-each-ref --format=%(refname)%00%(upstream:short)%00%(objectname)%00%(upstream:track)%00%(upstream:remotename)%00%(upstream:remoteref) refs/heads/main refs/remotes/main [1ms]
2023-11-20 09:18:57.845 [info] > git status -z -uall --find-renames=50% [48ms]
2023-11-20 09:19:02.914 [info] > git config --get commit.template [11ms]
2023-11-20 09:19:02.915 [info] > git for-each-ref --format=%(refname)%00%(upstream:short)%00%(objectname)%00%(upstream:track)%00%(upstream:remotename)%00%(upstream:remoteref) refs/heads/main refs/remotes/main [1ms]
2023-11-20 09:19:02.969 [info] > git status -z -uall --find-renames=50% [44ms]
2023-11-20 09:19:08.034 [info] > git config --get commit.template [11ms]
2023-11-20 09:19:08.034 [info] > git for-each-ref --format=%(refname)%00%(upstream:short)%00%(objectname)%00%(upstream:track)%00%(upstream:remotename)%00%(upstream:remoteref) refs/heads/main refs/remotes/main [1ms]
2023-11-20 09:19:08.093 [info] > git status -z -uall --find-renames=50% [48ms]
2023-11-20 09:19:13.144 [info] > git config --get commit.template [2ms]
2023-11-20 09:19:13.159 [info] > git for-each-ref --format=%(refname)%00%(upstream:short)%00%(objectname)%00%(upstream:track)%00%(upstream:remotename)%00%(upstream:remoteref) refs/heads/main refs/remotes/main [2ms]
2023-11-20 09:19:13.216 [info] > git status -z -uall --find-renames=50% [46ms]
2023-11-20 09:19:18.270 [info] > git config --get commit.template [13ms]
2023-11-20 09:19:18.271 [info] > git for-each-ref --format=%(refname)%00%(upstream:short)%00%(objectname)%00%(upstream:track)%00%(upstream:remotename)%00%(upstream:remoteref) refs/heads/main refs/remotes/main [3ms]
2023-11-20 09:19:18.327 [info] > git status -z -uall --find-renames=50% [45ms]
2023-11-20 09:19:23.372 [info] > git config --get commit.template [3ms]
2023-11-20 09:19:23.387 [info] > git for-each-ref --format=%(refname)%00%(upstream:short)%00%(objectname)%00%(upstream:track)%00%(upstream:remotename)%00%(upstream:remoteref) refs/heads/main refs/remotes/main [4ms]
2023-11-20 09:19:23.446 [info] > git status -z -uall --find-renames=50% [48ms]
2023-11-20 09:19:28.496 [info] > git config --get commit.template [13ms]
2023-11-20 09:19:28.497 [info] > git for-each-ref --format=%(refname)%00%(upstream:short)%00%(objectname)%00%(upstream:track)%00%(upstream:remotename)%00%(upstream:remoteref) refs/heads/main refs/remotes/main [2ms]
2023-11-20 09:19:28.566 [info] > git status -z -uall --find-renames=50% [56ms]
2023-11-20 09:19:33.622 [info] > git config --get commit.template [12ms]
2023-11-20 09:19:33.623 [info] > git for-each-ref --format=%(refname)%00%(upstream:short)%00%(objectname)%00%(upstream:track)%00%(upstream:remotename)%00%(upstream:remoteref) refs/heads/main refs/remotes/main [2ms]
2023-11-20 09:19:33.679 [info] > git status -z -uall --find-renames=50% [46ms]
2023-11-20 09:19:38.750 [info] > git config --get commit.template [11ms]
2023-11-20 09:19:38.752 [info] > git for-each-ref --format=%(refname)%00%(upstream:short)%00%(objectname)%00%(upstream:track)%00%(upstream:remotename)%00%(upstream:remoteref) refs/heads/main refs/remotes/main [2ms]
2023-11-20 09:19:38.808 [info] > git status -z -uall --find-renames=50% [48ms]
2023-11-20 09:19:43.876 [info] > git config --get commit.template [13ms]
2023-11-20 09:19:43.877 [info] > git for-each-ref --format=%(refname)%00%(upstream:short)%00%(objectname)%00%(upstream:track)%00%(upstream:remotename)%00%(upstream:remoteref) refs/heads/main refs/remotes/main [3ms]
2023-11-20 09:19:43.939 [info] > git status -z -uall --find-renames=50% [49ms]
2023-11-20 09:19:48.995 [info] > git config --get commit.template [15ms]
2023-11-20 09:19:48.996 [info] > git for-each-ref --format=%(refname)%00%(upstream:short)%00%(objectname)%00%(upstream:track)%00%(upstream:remotename)%00%(upstream:remoteref) refs/heads/main refs/remotes/main [2ms]
2023-11-20 09:19:49.058 [info] > git status -z -uall --find-renames=50% [49ms]
2023-11-20 09:19:54.113 [info] > git config --get commit.template [12ms]
2023-11-20 09:19:54.114 [info] > git for-each-ref --format=%(refname)%00%(upstream:short)%00%(objectname)%00%(upstream:track)%00%(upstream:remotename)%00%(upstream:remoteref) refs/heads/main refs/remotes/main [2ms]
2023-11-20 09:19:54.175 [info] > git status -z -uall --find-renames=50% [50ms]
2023-11-20 09:19:59.243 [info] > git config --get commit.template [13ms]
2023-11-20 09:19:59.244 [info] > git for-each-ref --format=%(refname)%00%(upstream:short)%00%(objectname)%00%(upstream:track)%00%(upstream:remotename)%00%(upstream:remoteref) refs/heads/main refs/remotes/main [2ms]
2023-11-20 09:19:59.295 [info] > git status -z -uall --find-renames=50% [41ms]
2023-11-20 09:20:04.347 [info] > git config --get commit.template [3ms]
2023-11-20 09:20:04.361 [info] > git for-each-ref --format=%(refname)%00%(upstream:short)%00%(objectname)%00%(upstream:track)%00%(upstream:remotename)%00%(upstream:remoteref) refs/heads/main refs/remotes/main [2ms]
2023-11-20 09:20:04.426 [info] > git status -z -uall --find-renames=50% [54ms]
2023-11-20 09:20:09.482 [info] > git config --get commit.template [13ms]
2023-11-20 09:20:09.483 [info] > git for-each-ref --format=%(refname)%00%(upstream:short)%00%(objectname)%00%(upstream:track)%00%(upstream:remotename)%00%(upstream:remoteref) refs/heads/main refs/remotes/main [2ms]
2023-11-20 09:20:09.539 [info] > git status -z -uall --find-renames=50% [45ms]
2023-11-20 09:20:14.611 [info] > git config --get commit.template [12ms]
2023-11-20 09:20:14.611 [info] > git for-each-ref --format=%(refname)%00%(upstream:short)%00%(objectname)%00%(upstream:track)%00%(upstream:remotename)%00%(upstream:remoteref) refs/heads/main refs/remotes/main [2ms]
2023-11-20 09:20:14.663 [info] > git status -z -uall --find-renames=50% [40ms]
2023-11-20 09:20:19.717 [info] > git config --get commit.template [12ms]
2023-11-20 09:20:19.718 [info] > git for-each-ref --format=%(refname)%00%(upstream:short)%00%(objectname)%00%(upstream:track)%00%(upstream:remotename)%00%(upstream:remoteref) refs/heads/main refs/remotes/main [2ms]
2023-11-20 09:20:19.773 [info] > git status -z -uall --find-renames=50% [43ms]
2023-11-20 09:20:24.821 [info] > git config --get commit.template [11ms]
2023-11-20 09:20:24.821 [info] > git for-each-ref --format=%(refname)%00%(upstream:short)%00%(objectname)%00%(upstream:track)%00%(upstream:remotename)%00%(upstream:remoteref) refs/heads/main refs/remotes/main [2ms]
2023-11-20 09:20:24.874 [info] > git status -z -uall --find-renames=50% [42ms]
2023-11-20 09:20:29.944 [info] > git config --get commit.template [15ms]
2023-11-20 09:20:29.945 [info] > git for-each-ref --format=%(refname)%00%(upstream:short)%00%(objectname)%00%(upstream:track)%00%(upstream:remotename)%00%(upstream:remoteref) refs/heads/main refs/remotes/main [2ms]
2023-11-20 09:20:29.997 [info] > git status -z -uall --find-renames=50% [41ms]
2023-11-20 09:20:35.068 [info] > git config --get commit.template [12ms]
2023-11-20 09:20:35.070 [info] > git for-each-ref --format=%(refname)%00%(upstream:short)%00%(objectname)%00%(upstream:track)%00%(upstream:remotename)%00%(upstream:remoteref) refs/heads/main refs/remotes/main [2ms]
2023-11-20 09:20:35.120 [info] > git status -z -uall --find-renames=50% [41ms]
2023-11-20 09:20:40.185 [info] > git for-each-ref --format=%(refname)%00%(upstream:short)%00%(objectname)%00%(upstream:track)%00%(upstream:remotename)%00%(upstream:remoteref) refs/heads/main refs/remotes/main [2ms]
2023-11-20 09:20:40.185 [info] > git config --get commit.template [15ms]
2023-11-20 09:20:40.240 [info] > git status -z -uall --find-renames=50% [43ms]
2023-11-20 09:20:45.306 [info] > git config --get commit.template [12ms]
2023-11-20 09:20:45.307 [info] > git for-each-ref --format=%(refname)%00%(upstream:short)%00%(objectname)%00%(upstream:track)%00%(upstream:remotename)%00%(upstream:remoteref) refs/heads/main refs/remotes/main [2ms]
2023-11-20 09:20:45.366 [info] > git status -z -uall --find-renames=50% [42ms]
2023-11-20 09:20:50.426 [info] > git config --get commit.template [11ms]
2023-11-20 09:20:50.427 [info] > git for-each-ref --format=%(refname)%00%(upstream:short)%00%(objectname)%00%(upstream:track)%00%(upstream:remotename)%00%(upstream:remoteref) refs/heads/main refs/remotes/main [2ms]
2023-11-20 09:20:50.480 [info] > git status -z -uall --find-renames=50% [42ms]
2023-11-20 09:20:55.536 [info] > git config --get commit.template [12ms]
2023-11-20 09:20:55.537 [info] > git for-each-ref --format=%(refname)%00%(upstream:short)%00%(objectname)%00%(upstream:track)%00%(upstream:remotename)%00%(upstream:remoteref) refs/heads/main refs/remotes/main [2ms]
2023-11-20 09:20:55.598 [info] > git status -z -uall --find-renames=50% [49ms]
2023-11-20 09:21:00.666 [info] > git config --get commit.template [12ms]
2023-11-20 09:21:00.667 [info] > git for-each-ref --format=%(refname)%00%(upstream:short)%00%(objectname)%00%(upstream:track)%00%(upstream:remotename)%00%(upstream:remoteref) refs/heads/main refs/remotes/main [1ms]
2023-11-20 09:21:00.728 [info] > git status -z -uall --find-renames=50% [49ms]
2023-11-20 09:21:05.795 [info] > git config --get commit.template [11ms]
2023-11-20 09:21:05.795 [info] > git for-each-ref --format=%(refname)%00%(upstream:short)%00%(objectname)%00%(upstream:track)%00%(upstream:remotename)%00%(upstream:remoteref) refs/heads/main refs/remotes/main [2ms]
2023-11-20 09:21:05.848 [info] > git status -z -uall --find-renames=50% [39ms]
2023-11-20 09:21:10.905 [info] > git config --get commit.template [13ms]
2023-11-20 09:21:10.905 [info] > git for-each-ref --format=%(refname)%00%(upstream:short)%00%(objectname)%00%(upstream:track)%00%(upstream:remotename)%00%(upstream:remoteref) refs/heads/main refs/remotes/main [1ms]
2023-11-20 09:21:10.960 [info] > git status -z -uall --find-renames=50% [42ms]
2023-11-20 09:21:16.039 [info] > git for-each-ref --format=%(refname)%00%(upstream:short)%00%(objectname)%00%(upstream:track)%00%(upstream:remotename)%00%(upstream:remoteref) refs/heads/main refs/remotes/main [3ms]
2023-11-20 09:21:16.039 [info] > git config --get commit.template [16ms]
2023-11-20 09:21:16.096 [info] > git status -z -uall --find-renames=50% [43ms]
2023-11-20 09:21:21.140 [info] > git config --get commit.template [2ms]
2023-11-20 09:21:21.153 [info] > git for-each-ref --format=%(refname)%00%(upstream:short)%00%(objectname)%00%(upstream:track)%00%(upstream:remotename)%00%(upstream:remoteref) refs/heads/main refs/remotes/main [2ms]
2023-11-20 09:21:21.206 [info] > git status -z -uall --find-renames=50% [41ms]
2023-11-20 09:21:26.259 [info] > git config --get commit.template [11ms]
2023-11-20 09:21:26.260 [info] > git for-each-ref --format=%(refname)%00%(upstream:short)%00%(objectname)%00%(upstream:track)%00%(upstream:remotename)%00%(upstream:remoteref) refs/heads/main refs/remotes/main [2ms]
2023-11-20 09:21:26.313 [info] > git status -z -uall --find-renames=50% [42ms]
2023-11-20 09:21:31.378 [info] > git config --get commit.template [12ms]
2023-11-20 09:21:31.379 [info] > git for-each-ref --format=%(refname)%00%(upstream:short)%00%(objectname)%00%(upstream:track)%00%(upstream:remotename)%00%(upstream:remoteref) refs/heads/main refs/remotes/main [2ms]
2023-11-20 09:21:31.432 [info] > git status -z -uall --find-renames=50% [43ms]
2023-11-20 09:21:36.498 [info] > git config --get commit.template [12ms]
2023-11-20 09:21:36.500 [info] > git for-each-ref --format=%(refname)%00%(upstream:short)%00%(objectname)%00%(upstream:track)%00%(upstream:remotename)%00%(upstream:remoteref) refs/heads/main refs/remotes/main [2ms]
2023-11-20 09:21:36.551 [info] > git status -z -uall --find-renames=50% [42ms]
2023-11-20 09:21:41.597 [info] > git config --get commit.template [2ms]
2023-11-20 09:21:41.608 [info] > git for-each-ref --format=%(refname)%00%(upstream:short)%00%(objectname)%00%(upstream:track)%00%(upstream:remotename)%00%(upstream:remoteref) refs/heads/main refs/remotes/main [1ms]
2023-11-20 09:21:41.661 [info] > git status -z -uall --find-renames=50% [41ms]
2023-11-20 09:21:46.717 [info] > git config --get commit.template [11ms]
2023-11-20 09:21:46.717 [info] > git for-each-ref --format=%(refname)%00%(upstream:short)%00%(objectname)%00%(upstream:track)%00%(upstream:remotename)%00%(upstream:remoteref) refs/heads/main refs/remotes/main [1ms]
2023-11-20 09:21:46.770 [info] > git status -z -uall --find-renames=50% [41ms]
2023-11-20 09:21:51.857 [info] > git config --get commit.template [17ms]
2023-11-20 09:21:51.859 [info] > git for-each-ref --format=%(refname)%00%(upstream:short)%00%(objectname)%00%(upstream:track)%00%(upstream:remotename)%00%(upstream:remoteref) refs/heads/main refs/remotes/main [2ms]
2023-11-20 09:21:51.912 [info] > git status -z -uall --find-renames=50% [41ms]
2023-11-20 09:21:56.977 [info] > git config --get commit.template [12ms]
2023-11-20 09:21:56.978 [info] > git for-each-ref --format=%(refname)%00%(upstream:short)%00%(objectname)%00%(upstream:track)%00%(upstream:remotename)%00%(upstream:remoteref) refs/heads/main refs/remotes/main [2ms]
2023-11-20 09:21:57.035 [info] > git status -z -uall --find-renames=50% [46ms]
2023-11-20 09:22:02.098 [info] > git config --get commit.template [13ms]
2023-11-20 09:22:02.098 [info] > git for-each-ref --format=%(refname)%00%(upstream:short)%00%(objectname)%00%(upstream:track)%00%(upstream:remotename)%00%(upstream:remoteref) refs/heads/main refs/remotes/main [2ms]
2023-11-20 09:22:02.153 [info] > git status -z -uall --find-renames=50% [43ms]
2023-11-20 09:22:07.207 [info] > git config --get commit.template [2ms]
2023-11-20 09:22:07.222 [info] > git for-each-ref --format=%(refname)%00%(upstream:short)%00%(objectname)%00%(upstream:track)%00%(upstream:remotename)%00%(upstream:remoteref) refs/heads/main refs/remotes/main [4ms]
2023-11-20 09:22:07.281 [info] > git status -z -uall --find-renames=50% [47ms]
2023-11-20 09:22:12.330 [info] > git config --get commit.template [15ms]
2023-11-20 09:22:12.331 [info] > git for-each-ref --format=%(refname)%00%(upstream:short)%00%(objectname)%00%(upstream:track)%00%(upstream:remotename)%00%(upstream:remoteref) refs/heads/main refs/remotes/main [2ms]
2023-11-20 09:22:12.383 [info] > git status -z -uall --find-renames=50% [39ms]
2023-11-20 09:22:17.438 [info] > git config --get commit.template [11ms]
2023-11-20 09:22:17.439 [info] > git for-each-ref --format=%(refname)%00%(upstream:short)%00%(objectname)%00%(upstream:track)%00%(upstream:remotename)%00%(upstream:remoteref) refs/heads/main refs/remotes/main [1ms]
2023-11-20 09:22:17.499 [info] > git status -z -uall --find-renames=50% [49ms]
2023-11-20 09:22:22.567 [info] > git config --get commit.template [12ms]
2023-11-20 09:22:22.568 [info] > git for-each-ref --format=%(refname)%00%(upstream:short)%00%(objectname)%00%(upstream:track)%00%(upstream:remotename)%00%(upstream:remoteref) refs/heads/main refs/remotes/main [2ms]
2023-11-20 09:22:22.617 [info] > git status -z -uall --find-renames=50% [40ms]
2023-11-20 09:22:27.686 [info] > git config --get commit.template [13ms]
2023-11-20 09:22:27.686 [info] > git for-each-ref --format=%(refname)%00%(upstream:short)%00%(objectname)%00%(upstream:track)%00%(upstream:remotename)%00%(upstream:remoteref) refs/heads/main refs/remotes/main [4ms]
2023-11-20 09:22:27.740 [info] > git status -z -uall --find-renames=50% [42ms]
2023-11-20 09:22:32.784 [info] > git config --get commit.template [2ms]
2023-11-20 09:22:32.796 [info] > git for-each-ref --format=%(refname)%00%(upstream:short)%00%(objectname)%00%(upstream:track)%00%(upstream:remotename)%00%(upstream:remoteref) refs/heads/main refs/remotes/main [2ms]
2023-11-20 09:22:32.855 [info] > git status -z -uall --find-renames=50% [48ms]
2023-11-20 09:22:37.899 [info] > git config --get commit.template [3ms]
2023-11-20 09:22:37.913 [info] > git for-each-ref --format=%(refname)%00%(upstream:short)%00%(objectname)%00%(upstream:track)%00%(upstream:remotename)%00%(upstream:remoteref) refs/heads/main refs/remotes/main [3ms]
2023-11-20 09:22:37.980 [info] > git status -z -uall --find-renames=50% [56ms]
2023-11-20 09:22:43.032 [info] > git config --get commit.template [12ms]
2023-11-20 09:22:43.034 [info] > git for-each-ref --format=%(refname)%00%(upstream:short)%00%(objectname)%00%(upstream:track)%00%(upstream:remotename)%00%(upstream:remoteref) refs/heads/main refs/remotes/main [2ms]
2023-11-20 09:22:43.091 [info] > git status -z -uall --find-renames=50% [47ms]
2023-11-20 09:22:48.151 [info] > git config --get commit.template [11ms]
2023-11-20 09:22:48.152 [info] > git for-each-ref --format=%(refname)%00%(upstream:short)%00%(objectname)%00%(upstream:track)%00%(upstream:remotename)%00%(upstream:remoteref) refs/heads/main refs/remotes/main [2ms]
2023-11-20 09:22:48.207 [info] > git status -z -uall --find-renames=50% [43ms]
2023-11-20 09:22:53.270 [info] > git config --get commit.template [12ms]
2023-11-20 09:22:53.272 [info] > git for-each-ref --format=%(refname)%00%(upstream:short)%00%(objectname)%00%(upstream:track)%00%(upstream:remotename)%00%(upstream:remoteref) refs/heads/main refs/remotes/main [2ms]
2023-11-20 09:22:53.334 [info] > git status -z -uall --find-renames=50% [52ms]
2023-11-20 09:22:58.394 [info] > git config --get commit.template [2ms]
2023-11-20 09:22:58.408 [info] > git for-each-ref --format=%(refname)%00%(upstream:short)%00%(objectname)%00%(upstream:track)%00%(upstream:remotename)%00%(upstream:remoteref) refs/heads/main refs/remotes/main [4ms]
2023-11-20 09:22:58.470 [info] > git status -z -uall --find-renames=50% [48ms]
2023-11-20 09:23:03.515 [info] > git config --get commit.template [2ms]
2023-11-20 09:23:03.533 [info] > git for-each-ref --format=%(refname)%00%(upstream:short)%00%(objectname)%00%(upstream:track)%00%(upstream:remotename)%00%(upstream:remoteref) refs/heads/main refs/remotes/main [3ms]
2023-11-20 09:23:03.587 [info] > git status -z -uall --find-renames=50% [43ms]
2023-11-20 09:23:08.645 [info] > git config --get commit.template [16ms]
2023-11-20 09:23:08.647 [info] > git for-each-ref --format=%(refname)%00%(upstream:short)%00%(objectname)%00%(upstream:track)%00%(upstream:remotename)%00%(upstream:remoteref) refs/heads/main refs/remotes/main [2ms]
2023-11-20 09:23:08.708 [info] > git status -z -uall --find-renames=50% [48ms]
2023-11-20 09:23:13.778 [info] > git config --get commit.template [13ms]
2023-11-20 09:23:13.780 [info] > git for-each-ref --format=%(refname)%00%(upstream:short)%00%(objectname)%00%(upstream:track)%00%(upstream:remotename)%00%(upstream:remoteref) refs/heads/main refs/remotes/main [2ms]
2023-11-20 09:23:13.832 [info] > git status -z -uall --find-renames=50% [42ms]
2023-11-20 09:23:18.904 [info] > git config --get commit.template [13ms]
2023-11-20 09:23:18.905 [info] > git for-each-ref --format=%(refname)%00%(upstream:short)%00%(objectname)%00%(upstream:track)%00%(upstream:remotename)%00%(upstream:remoteref) refs/heads/main refs/remotes/main [2ms]
2023-11-20 09:23:18.958 [info] > git status -z -uall --find-renames=50% [42ms]
2023-11-20 09:23:24.021 [info] > git config --get commit.template [12ms]
2023-11-20 09:23:24.022 [info] > git for-each-ref --format=%(refname)%00%(upstream:short)%00%(objectname)%00%(upstream:track)%00%(upstream:remotename)%00%(upstream:remoteref) refs/heads/main refs/remotes/main [1ms]
2023-11-20 09:23:24.075 [info] > git status -z -uall --find-renames=50% [43ms]
2023-11-20 09:23:29.142 [info] > git config --get commit.template [15ms]
2023-11-20 09:23:29.143 [info] > git for-each-ref --format=%(refname)%00%(upstream:short)%00%(objectname)%00%(upstream:track)%00%(upstream:remotename)%00%(upstream:remoteref) refs/heads/main refs/remotes/main [3ms]
2023-11-20 09:23:29.199 [info] > git status -z -uall --find-renames=50% [42ms]
2023-11-20 09:23:34.252 [info] > git config --get commit.template [11ms]
2023-11-20 09:23:34.252 [info] > git for-each-ref --format=%(refname)%00%(upstream:short)%00%(objectname)%00%(upstream:track)%00%(upstream:remotename)%00%(upstream:remoteref) refs/heads/main refs/remotes/main [1ms]
2023-11-20 09:23:34.304 [info] > git status -z -uall --find-renames=50% [41ms]
2023-11-20 09:23:39.374 [info] > git for-each-ref --format=%(refname)%00%(upstream:short)%00%(objectname)%00%(upstream:track)%00%(upstream:remotename)%00%(upstream:remoteref) refs/heads/main refs/remotes/main [2ms]
2023-11-20 09:23:39.374 [info] > git config --get commit.template [13ms]
2023-11-20 09:23:39.429 [info] > git status -z -uall --find-renames=50% [43ms]
2023-11-20 09:23:44.468 [info] > git config --get commit.template [3ms]
2023-11-20 09:23:44.487 [info] > git for-each-ref --format=%(refname)%00%(upstream:short)%00%(objectname)%00%(upstream:track)%00%(upstream:remotename)%00%(upstream:remoteref) refs/heads/main refs/remotes/main [3ms]
2023-11-20 09:23:44.539 [info] > git status -z -uall --find-renames=50% [40ms]
2023-11-20 09:23:49.584 [info] > git config --get commit.template [2ms]
2023-11-20 09:23:49.602 [info] > git for-each-ref --format=%(refname)%00%(upstream:short)%00%(objectname)%00%(upstream:track)%00%(upstream:remotename)%00%(upstream:remoteref) refs/heads/main refs/remotes/main [2ms]
2023-11-20 09:23:49.659 [info] > git status -z -uall --find-renames=50% [45ms]
2023-11-20 09:23:54.713 [info] > git config --get commit.template [13ms]
2023-11-20 09:23:54.714 [info] > git for-each-ref --format=%(refname)%00%(upstream:short)%00%(objectname)%00%(upstream:track)%00%(upstream:remotename)%00%(upstream:remoteref) refs/heads/main refs/remotes/main [2ms]
2023-11-20 09:23:54.772 [info] > git status -z -uall --find-renames=50% [48ms]
2023-11-20 09:23:59.836 [info] > git config --get commit.template [13ms]
2023-11-20 09:23:59.837 [info] > git for-each-ref --format=%(refname)%00%(upstream:short)%00%(objectname)%00%(upstream:track)%00%(upstream:remotename)%00%(upstream:remoteref) refs/heads/main refs/remotes/main [2ms]
2023-11-20 09:23:59.896 [info] > git status -z -uall --find-renames=50% [47ms]
2023-11-20 09:24:04.958 [info] > git config --get commit.template [13ms]
2023-11-20 09:24:04.959 [info] > git for-each-ref --format=%(refname)%00%(upstream:short)%00%(objectname)%00%(upstream:track)%00%(upstream:remotename)%00%(upstream:remoteref) refs/heads/main refs/remotes/main [2ms]
2023-11-20 09:24:05.017 [info] > git status -z -uall --find-renames=50% [45ms]
2023-11-20 09:24:10.071 [info] > git config --get commit.template [2ms]
2023-11-20 09:24:10.088 [info] > git for-each-ref --format=%(refname)%00%(upstream:short)%00%(objectname)%00%(upstream:track)%00%(upstream:remotename)%00%(upstream:remoteref) refs/heads/main refs/remotes/main [3ms]
2023-11-20 09:24:10.145 [info] > git status -z -uall --find-renames=50% [44ms]
2023-11-20 09:24:15.199 [info] > git config --get commit.template [12ms]
2023-11-20 09:24:15.200 [info] > git for-each-ref --format=%(refname)%00%(upstream:short)%00%(objectname)%00%(upstream:track)%00%(upstream:remotename)%00%(upstream:remoteref) refs/heads/main refs/remotes/main [2ms]
2023-11-20 09:24:15.251 [info] > git status -z -uall --find-renames=50% [41ms]
2023-11-20 09:24:20.297 [info] > git config --get commit.template [2ms]
2023-11-20 09:24:20.315 [info] > git for-each-ref --format=%(refname)%00%(upstream:short)%00%(objectname)%00%(upstream:track)%00%(upstream:remotename)%00%(upstream:remoteref) refs/heads/main refs/remotes/main [3ms]
2023-11-20 09:24:20.367 [info] > git status -z -uall --find-renames=50% [41ms]
2023-11-20 09:24:25.423 [info] > git config --get commit.template [12ms]
2023-11-20 09:24:25.423 [info] > git for-each-ref --format=%(refname)%00%(upstream:short)%00%(objectname)%00%(upstream:track)%00%(upstream:remotename)%00%(upstream:remoteref) refs/heads/main refs/remotes/main [1ms]
2023-11-20 09:24:25.481 [info] > git status -z -uall --find-renames=50% [46ms]
2023-11-20 09:24:30.548 [info] > git config --get commit.template [12ms]
2023-11-20 09:24:30.549 [info] > git for-each-ref --format=%(refname)%00%(upstream:short)%00%(objectname)%00%(upstream:track)%00%(upstream:remotename)%00%(upstream:remoteref) refs/heads/main refs/remotes/main [2ms]
2023-11-20 09:24:30.617 [info] > git status -z -uall --find-renames=50% [55ms]
2023-11-20 09:24:35.695 [info] > git config --get commit.template [12ms]
2023-11-20 09:24:35.696 [info] > git for-each-ref --format=%(refname)%00%(upstream:short)%00%(objectname)%00%(upstream:track)%00%(upstream:remotename)%00%(upstream:remoteref) refs/heads/main refs/remotes/main [2ms]
2023-11-20 09:24:35.749 [info] > git status -z -uall --find-renames=50% [43ms]
2023-11-20 09:24:40.812 [info] > git config --get commit.template [12ms]
2023-11-20 09:24:40.813 [info] > git for-each-ref --format=%(refname)%00%(upstream:short)%00%(objectname)%00%(upstream:track)%00%(upstream:remotename)%00%(upstream:remoteref) refs/heads/main refs/remotes/main [2ms]
2023-11-20 09:24:40.867 [info] > git status -z -uall --find-renames=50% [45ms]
2023-11-20 09:24:45.931 [info] > git config --get commit.template [12ms]
2023-11-20 09:24:45.932 [info] > git for-each-ref --format=%(refname)%00%(upstream:short)%00%(objectname)%00%(upstream:track)%00%(upstream:remotename)%00%(upstream:remoteref) refs/heads/main refs/remotes/main [2ms]
2023-11-20 09:24:45.984 [info] > git status -z -uall --find-renames=50% [42ms]
2023-11-20 09:25:59.737 [info] > git config --get commit.template [13ms]
2023-11-20 09:25:59.737 [info] > git for-each-ref --format=%(refname)%00%(upstream:short)%00%(objectname)%00%(upstream:track)%00%(upstream:remotename)%00%(upstream:remoteref) refs/heads/main refs/remotes/main [2ms]
2023-11-20 09:25:59.802 [info] > git status -z -uall --find-renames=50% [55ms]
2023-11-20 09:34:09.645 [info] > git config --get commit.template [2ms]
2023-11-20 09:34:09.658 [info] > git for-each-ref --format=%(refname)%00%(upstream:short)%00%(objectname)%00%(upstream:track)%00%(upstream:remotename)%00%(upstream:remoteref) refs/heads/main refs/remotes/main [2ms]
2023-11-20 09:34:09.701 [info] > git ls-files --stage -- /home/s245/4BMW/database/migrations/2023_11_18_193346_create_photos.php [3ms]
2023-11-20 09:34:09.719 [info] > git status -z -uall --find-renames=50% [49ms]
2023-11-20 09:34:09.770 [info] > git show --textconv :4BMW/database/migrations/2023_11_18_193346_create_photos.php [5ms]
2023-11-20 09:34:14.781 [info] > git config --get commit.template [12ms]
2023-11-20 09:34:14.782 [info] > git for-each-ref --format=%(refname)%00%(upstream:short)%00%(objectname)%00%(upstream:track)%00%(upstream:remotename)%00%(upstream:remoteref) refs/heads/main refs/remotes/main [2ms]
2023-11-20 09:34:14.837 [info] > git status -z -uall --find-renames=50% [47ms]
2023-11-20 09:36:09.497 [info] > git ls-files --stage -- /home/s245/4BMW/database/migrations/2023_11_18_193346_create_photos.php [3ms]
2023-11-20 09:36:09.533 [info] > git show --textconv :4BMW/database/migrations/2023_11_18_193346_create_photos.php [4ms]
