2023-11-20 10:18:02.227 [warning] /home/s245/.ssh/config: ENOENT: no such file or directory, open '/home/s245/.ssh/config'
2023-11-20 10:18:02.280 [info] Looking for git repository
2023-11-20 10:18:02.280 [info] Found 0 repositories during activation
2023-11-20 10:18:02.280 [info] Git repository found, initializing review manager and pr tree view.
2023-11-20 10:18:02.286 [info] Registering git provider
2023-11-20 10:18:02.286 [info] Review> Validate state in progress
2023-11-20 10:18:02.286 [info] Review> Validating state...
2023-11-20 10:18:02.326 [info] Found GitHub remote for folder /home/s245
2023-11-20 10:18:02.909 [info] Repo state for file:///home/s245 changed.
2023-11-20 10:18:02.909 [info] Repo file:///home/s245 has already been setup.
2023-11-20 10:18:02.913 [info] Review> No matching pull request metadata found locally for current branch main
2023-11-20 10:18:02.913 [info] Review> no matching pull request metadata found for current branch main
2023-11-20 10:18:06.340 [info] Review> No matching pull request metadata found on GitHub for current branch main
2023-11-20 10:35:52.831 [info] Review> Validate state in progress
2023-11-20 10:35:52.831 [info] Review> Validating state...
2023-11-20 10:35:52.946 [info] Found GitHub remote for folder /home/s245
2023-11-20 10:35:53.080 [info] Review> No matching pull request metadata found locally for current branch main
2023-11-20 10:35:53.080 [info] Review> no matching pull request metadata found for current branch main
2023-11-20 10:35:53.377 [info] Review> No matching pull request metadata found on GitHub for current branch main
2023-11-20 10:36:38.606 [info] Review> Validate state in progress
2023-11-20 10:36:38.606 [info] Review> Validating state...
2023-11-20 10:36:38.633 [info] Found GitHub remote for folder /home/s245
2023-11-20 10:36:38.808 [info] Review> No matching pull request metadata found locally for current branch original
2023-11-20 10:36:38.808 [info] Review> no matching pull request metadata found for current branch original
2023-11-20 10:36:38.809 [info] Review> No matching pull request metadata found on GitHub for current branch original
2023-11-20 10:39:44.858 [info] Review> Validate state in progress
2023-11-20 10:39:44.858 [info] Review> Validating state...
2023-11-20 10:39:44.918 [info] Found GitHub remote for folder /home/s245
2023-11-20 10:39:45.096 [info] Review> No matching pull request metadata found locally for current branch master
2023-11-20 10:39:45.096 [info] Review> no matching pull request metadata found for current branch master
2023-11-20 10:39:45.097 [info] Review> No matching pull request metadata found on GitHub for current branch master
2023-11-20 10:39:52.285 [info] Review> Validate state in progress
2023-11-20 10:39:52.285 [info] Review> Validating state...
2023-11-20 10:39:52.350 [info] Found GitHub remote for folder /home/s245
2023-11-20 10:39:52.528 [info] Review> No matching pull request metadata found locally for current branch main
2023-11-20 10:39:52.528 [info] Review> no matching pull request metadata found for current branch main
2023-11-20 10:39:52.801 [info] Review> No matching pull request metadata found on GitHub for current branch main
