2023-11-20 08:56:00.723 [info] Extension host with pid 2529870 started
2023-11-20 08:56:00.737 [info] Lock '/home/s245/.vscode-server/data/User/workspaceStorage/bafc61b3c12b80fbd74fefa2df04ee8e/vscode.lock': Lock acquired.
2023-11-20 08:56:00.795 [info] ExtensionService#_doActivateExtension vscode.git-base, startup: true, activationEvent: '*'
2023-11-20 08:56:00.868 [info] ExtensionService#_doActivateExtension vscode.github, startup: true, activationEvent: '*'
2023-11-20 08:56:00.900 [info] Eager extensions activated
2023-11-20 08:56:00.900 [info] ExtensionService#_doActivateExtension vscode.debug-auto-launch, startup: false, activationEvent: 'onStartupFinished'
2023-11-20 08:56:00.900 [info] ExtensionService#_doActivateExtension vscode.merge-conflict, startup: false, activationEvent: 'onStartupFinished'
2023-11-20 08:56:02.584 [info] ExtensionService#_doActivateExtension vscode.git, startup: false, activationEvent: 'api', root cause: vscode.github
2023-11-20 08:56:02.689 [info] ExtensionService#_doActivateExtension argutec.argutec-azure-repos, startup: false, activationEvent: '*'
2023-11-20 08:56:03.250 [warning] [Decorations] CAPPING events from decorations provider vscode.git 1807
2023-11-20 08:56:03.676 [warning] [Decorations] CAPPING events from decorations provider vscode.git 1808
2023-11-20 08:56:09.265 [warning] [Decorations] CAPPING events from decorations provider vscode.git 1808
2023-11-20 08:56:14.383 [warning] [Decorations] CAPPING events from decorations provider vscode.git 1808
2023-11-20 08:56:19.504 [warning] [Decorations] CAPPING events from decorations provider vscode.git 1808
2023-11-20 08:56:24.627 [warning] [Decorations] CAPPING events from decorations provider vscode.git 1808
2023-11-20 08:56:29.740 [warning] [Decorations] CAPPING events from decorations provider vscode.git 1808
2023-11-20 08:56:34.851 [warning] [Decorations] CAPPING events from decorations provider vscode.git 1808
2023-11-20 08:56:39.968 [warning] [Decorations] CAPPING events from decorations provider vscode.git 1808
2023-11-20 08:56:45.086 [warning] [Decorations] CAPPING events from decorations provider vscode.git 1808
2023-11-20 08:56:48.509 [info] ExtensionService#_doActivateExtension vscode.php-language-features, startup: false, activationEvent: 'onLanguage:php'
2023-11-20 08:56:48.510 [info] ExtensionService#_doActivateExtension bmewburn.vscode-intelephense-client, startup: false, activationEvent: 'onLanguage:php'
2023-11-20 08:56:48.511 [info] ExtensionService#_doActivateExtension vscode.emmet, startup: false, activationEvent: 'onLanguage'
2023-11-20 08:56:50.201 [warning] [Decorations] CAPPING events from decorations provider vscode.git 1817
2023-11-20 08:56:55.312 [warning] [Decorations] CAPPING events from decorations provider vscode.git 1817
2023-11-20 08:57:00.423 [warning] [Decorations] CAPPING events from decorations provider vscode.git 1817
2023-11-20 08:57:05.962 [warning] [Decorations] CAPPING events from decorations provider vscode.git 1817
2023-11-20 08:57:11.082 [warning] [Decorations] CAPPING events from decorations provider vscode.git 1809
2023-11-20 08:57:16.200 [warning] [Decorations] CAPPING events from decorations provider vscode.git 1809
2023-11-20 08:57:21.321 [warning] [Decorations] CAPPING events from decorations provider vscode.git 1809
2023-11-20 08:57:26.436 [warning] [Decorations] CAPPING events from decorations provider vscode.git 1809
2023-11-20 08:57:31.555 [warning] [Decorations] CAPPING events from decorations provider vscode.git 1809
2023-11-20 08:57:36.672 [warning] [Decorations] CAPPING events from decorations provider vscode.git 1809
2023-11-20 08:57:41.795 [warning] [Decorations] CAPPING events from decorations provider vscode.git 1809
2023-11-20 08:57:46.909 [warning] [Decorations] CAPPING events from decorations provider vscode.git 1809
2023-11-20 08:57:52.037 [warning] [Decorations] CAPPING events from decorations provider vscode.git 1809
2023-11-20 08:57:57.157 [warning] [Decorations] CAPPING events from decorations provider vscode.git 1809
2023-11-20 08:58:02.283 [warning] [Decorations] CAPPING events from decorations provider vscode.git 1809
2023-11-20 08:58:07.406 [warning] [Decorations] CAPPING events from decorations provider vscode.git 1809
2023-11-20 08:58:12.525 [warning] [Decorations] CAPPING events from decorations provider vscode.git 1809
2023-11-20 08:58:17.636 [warning] [Decorations] CAPPING events from decorations provider vscode.git 1809
2023-11-20 08:58:22.748 [warning] [Decorations] CAPPING events from decorations provider vscode.git 1809
2023-11-20 08:58:27.868 [warning] [Decorations] CAPPING events from decorations provider vscode.git 1809
2023-11-20 08:58:32.988 [warning] [Decorations] CAPPING events from decorations provider vscode.git 1809
2023-11-20 08:58:38.111 [warning] [Decorations] CAPPING events from decorations provider vscode.git 1811
2023-11-20 08:58:43.247 [warning] [Decorations] CAPPING events from decorations provider vscode.git 1811
2023-11-20 08:58:48.372 [warning] [Decorations] CAPPING events from decorations provider vscode.git 1811
2023-11-20 08:58:53.499 [warning] [Decorations] CAPPING events from decorations provider vscode.git 1811
2023-11-20 08:58:58.616 [warning] [Decorations] CAPPING events from decorations provider vscode.git 1811
2023-11-20 08:59:03.742 [warning] [Decorations] CAPPING events from decorations provider vscode.git 1811
2023-11-20 08:59:56.222 [warning] [Decorations] CAPPING events from decorations provider vscode.git 1811
2023-11-20 09:00:01.341 [warning] [Decorations] CAPPING events from decorations provider vscode.git 1811
2023-11-20 09:00:06.465 [warning] [Decorations] CAPPING events from decorations provider vscode.git 1811
2023-11-20 09:00:11.570 [warning] [Decorations] CAPPING events from decorations provider vscode.git 1811
2023-11-20 09:00:16.681 [warning] [Decorations] CAPPING events from decorations provider vscode.git 1811
2023-11-20 09:00:21.809 [warning] [Decorations] CAPPING events from decorations provider vscode.git 1811
2023-11-20 09:00:26.924 [warning] [Decorations] CAPPING events from decorations provider vscode.git 1811
2023-11-20 09:00:32.039 [warning] [Decorations] CAPPING events from decorations provider vscode.git 1811
2023-11-20 09:00:37.166 [warning] [Decorations] CAPPING events from decorations provider vscode.git 1811
2023-11-20 09:00:42.284 [warning] [Decorations] CAPPING events from decorations provider vscode.git 1811
2023-11-20 09:00:47.392 [warning] [Decorations] CAPPING events from decorations provider vscode.git 1811
2023-11-20 09:00:52.516 [warning] [Decorations] CAPPING events from decorations provider vscode.git 1811
2023-11-20 09:00:57.626 [warning] [Decorations] CAPPING events from decorations provider vscode.git 1811
2023-11-20 09:01:02.758 [warning] [Decorations] CAPPING events from decorations provider vscode.git 1811
2023-11-20 09:01:07.870 [warning] [Decorations] CAPPING events from decorations provider vscode.git 1811
2023-11-20 09:01:12.987 [warning] [Decorations] CAPPING events from decorations provider vscode.git 1811
2023-11-20 09:01:18.118 [warning] [Decorations] CAPPING events from decorations provider vscode.git 1811
2023-11-20 09:01:23.240 [warning] [Decorations] CAPPING events from decorations provider vscode.git 1811
2023-11-20 09:01:28.344 [warning] [Decorations] CAPPING events from decorations provider vscode.git 1811
2023-11-20 09:01:33.458 [warning] [Decorations] CAPPING events from decorations provider vscode.git 1811
2023-11-20 09:01:38.577 [warning] [Decorations] CAPPING events from decorations provider vscode.git 1811
2023-11-20 09:01:43.689 [warning] [Decorations] CAPPING events from decorations provider vscode.git 1811
2023-11-20 09:01:48.801 [warning] [Decorations] CAPPING events from decorations provider vscode.git 1811
2023-11-20 09:01:53.921 [warning] [Decorations] CAPPING events from decorations provider vscode.git 1811
2023-11-20 09:01:59.042 [warning] [Decorations] CAPPING events from decorations provider vscode.git 1811
2023-11-20 09:02:04.162 [warning] [Decorations] CAPPING events from decorations provider vscode.git 1811
2023-11-20 09:02:09.284 [warning] [Decorations] CAPPING events from decorations provider vscode.git 1811
2023-11-20 09:02:14.401 [warning] [Decorations] CAPPING events from decorations provider vscode.git 1811
2023-11-20 09:02:19.512 [warning] [Decorations] CAPPING events from decorations provider vscode.git 1811
2023-11-20 09:03:26.288 [warning] [Decorations] CAPPING events from decorations provider vscode.git 1811
2023-11-20 09:03:31.395 [warning] [Decorations] CAPPING events from decorations provider vscode.git 1811
2023-11-20 09:03:36.504 [warning] [Decorations] CAPPING events from decorations provider vscode.git 1811
2023-11-20 09:11:10.739 [warning] [Decorations] CAPPING events from decorations provider vscode.git 1811
2023-11-20 09:11:15.851 [warning] [Decorations] CAPPING events from decorations provider vscode.git 1811
2023-11-20 09:11:20.972 [warning] [Decorations] CAPPING events from decorations provider vscode.git 1811
2023-11-20 09:11:26.100 [warning] [Decorations] CAPPING events from decorations provider vscode.git 1811
2023-11-20 09:11:31.203 [warning] [Decorations] CAPPING events from decorations provider vscode.git 1811
2023-11-20 09:11:36.313 [warning] [Decorations] CAPPING events from decorations provider vscode.git 1811
2023-11-20 09:11:41.426 [warning] [Decorations] CAPPING events from decorations provider vscode.git 1811
2023-11-20 09:11:46.546 [warning] [Decorations] CAPPING events from decorations provider vscode.git 1811
2023-11-20 09:11:51.665 [warning] [Decorations] CAPPING events from decorations provider vscode.git 1811
2023-11-20 09:11:56.785 [warning] [Decorations] CAPPING events from decorations provider vscode.git 1811
2023-11-20 09:12:01.897 [warning] [Decorations] CAPPING events from decorations provider vscode.git 1811
2023-11-20 09:12:07.017 [warning] [Decorations] CAPPING events from decorations provider vscode.git 1811
2023-11-20 09:12:12.126 [warning] [Decorations] CAPPING events from decorations provider vscode.git 1811
2023-11-20 09:12:17.237 [warning] [Decorations] CAPPING events from decorations provider vscode.git 1811
2023-11-20 09:12:22.353 [warning] [Decorations] CAPPING events from decorations provider vscode.git 1811
2023-11-20 09:12:27.477 [warning] [Decorations] CAPPING events from decorations provider vscode.git 1811
2023-11-20 09:12:32.589 [warning] [Decorations] CAPPING events from decorations provider vscode.git 1811
2023-11-20 09:12:37.702 [warning] [Decorations] CAPPING events from decorations provider vscode.git 1811
2023-11-20 09:13:35.594 [warning] [Decorations] CAPPING events from decorations provider vscode.git 1811
2023-11-20 09:13:40.716 [warning] [Decorations] CAPPING events from decorations provider vscode.git 1811
2023-11-20 09:13:45.823 [warning] [Decorations] CAPPING events from decorations provider vscode.git 1811
2023-11-20 09:13:50.938 [warning] [Decorations] CAPPING events from decorations provider vscode.git 1811
2023-11-20 09:13:56.052 [warning] [Decorations] CAPPING events from decorations provider vscode.git 1811
2023-11-20 09:14:01.214 [warning] [Decorations] CAPPING events from decorations provider vscode.git 1811
2023-11-20 09:14:06.328 [warning] [Decorations] CAPPING events from decorations provider vscode.git 1811
2023-11-20 09:14:11.443 [warning] [Decorations] CAPPING events from decorations provider vscode.git 1811
2023-11-20 09:14:16.572 [warning] [Decorations] CAPPING events from decorations provider vscode.git 1811
2023-11-20 09:14:21.687 [warning] [Decorations] CAPPING events from decorations provider vscode.git 1811
2023-11-20 09:14:26.792 [warning] [Decorations] CAPPING events from decorations provider vscode.git 1811
2023-11-20 09:14:31.902 [warning] [Decorations] CAPPING events from decorations provider vscode.git 1811
2023-11-20 09:14:37.006 [warning] [Decorations] CAPPING events from decorations provider vscode.git 1811
2023-11-20 09:14:42.113 [warning] [Decorations] CAPPING events from decorations provider vscode.git 1811
2023-11-20 09:14:47.226 [warning] [Decorations] CAPPING events from decorations provider vscode.git 1811
2023-11-20 09:14:52.336 [warning] [Decorations] CAPPING events from decorations provider vscode.git 1811
2023-11-20 09:14:57.441 [warning] [Decorations] CAPPING events from decorations provider vscode.git 1811
2023-11-20 09:15:02.560 [warning] [Decorations] CAPPING events from decorations provider vscode.git 1811
2023-11-20 09:15:07.669 [warning] [Decorations] CAPPING events from decorations provider vscode.git 1811
2023-11-20 09:15:12.791 [warning] [Decorations] CAPPING events from decorations provider vscode.git 1811
2023-11-20 09:15:17.898 [warning] [Decorations] CAPPING events from decorations provider vscode.git 1811
2023-11-20 09:15:23.017 [warning] [Decorations] CAPPING events from decorations provider vscode.git 1811
2023-11-20 09:15:28.122 [warning] [Decorations] CAPPING events from decorations provider vscode.git 1811
2023-11-20 09:15:33.228 [warning] [Decorations] CAPPING events from decorations provider vscode.git 1811
2023-11-20 09:15:38.338 [warning] [Decorations] CAPPING events from decorations provider vscode.git 1811
2023-11-20 09:15:43.443 [warning] [Decorations] CAPPING events from decorations provider vscode.git 1811
2023-11-20 09:15:48.551 [warning] [Decorations] CAPPING events from decorations provider vscode.git 1811
2023-11-20 09:15:53.667 [warning] [Decorations] CAPPING events from decorations provider vscode.git 1811
2023-11-20 09:15:58.773 [warning] [Decorations] CAPPING events from decorations provider vscode.git 1811
2023-11-20 09:16:03.879 [warning] [Decorations] CAPPING events from decorations provider vscode.git 1811
2023-11-20 09:16:08.989 [warning] [Decorations] CAPPING events from decorations provider vscode.git 1811
2023-11-20 09:16:14.103 [warning] [Decorations] CAPPING events from decorations provider vscode.git 1811
2023-11-20 09:16:19.217 [warning] [Decorations] CAPPING events from decorations provider vscode.git 1811
2023-11-20 09:16:24.330 [warning] [Decorations] CAPPING events from decorations provider vscode.git 1811
2023-11-20 09:16:29.444 [warning] [Decorations] CAPPING events from decorations provider vscode.git 1811
2023-11-20 09:16:34.560 [warning] [Decorations] CAPPING events from decorations provider vscode.git 1811
2023-11-20 09:16:39.682 [warning] [Decorations] CAPPING events from decorations provider vscode.git 1811
2023-11-20 09:16:44.820 [warning] [Decorations] CAPPING events from decorations provider vscode.git 1811
2023-11-20 09:16:49.947 [warning] [Decorations] CAPPING events from decorations provider vscode.git 1811
2023-11-20 09:16:55.064 [warning] [Decorations] CAPPING events from decorations provider vscode.git 1811
2023-11-20 09:17:00.180 [warning] [Decorations] CAPPING events from decorations provider vscode.git 1811
2023-11-20 09:17:05.296 [warning] [Decorations] CAPPING events from decorations provider vscode.git 1811
2023-11-20 09:17:10.412 [warning] [Decorations] CAPPING events from decorations provider vscode.git 1811
2023-11-20 09:17:15.532 [warning] [Decorations] CAPPING events from decorations provider vscode.git 1811
2023-11-20 09:17:20.651 [warning] [Decorations] CAPPING events from decorations provider vscode.git 1811
2023-11-20 09:17:25.768 [warning] [Decorations] CAPPING events from decorations provider vscode.git 1811
2023-11-20 09:17:30.900 [warning] [Decorations] CAPPING events from decorations provider vscode.git 1811
2023-11-20 09:17:36.026 [warning] [Decorations] CAPPING events from decorations provider vscode.git 1811
2023-11-20 09:17:41.142 [warning] [Decorations] CAPPING events from decorations provider vscode.git 1811
2023-11-20 09:17:46.257 [warning] [Decorations] CAPPING events from decorations provider vscode.git 1811
2023-11-20 09:17:51.365 [warning] [Decorations] CAPPING events from decorations provider vscode.git 1811
2023-11-20 09:17:56.476 [warning] [Decorations] CAPPING events from decorations provider vscode.git 1811
2023-11-20 09:18:01.592 [warning] [Decorations] CAPPING events from decorations provider vscode.git 1811
2023-11-20 09:18:06.715 [warning] [Decorations] CAPPING events from decorations provider vscode.git 1811
2023-11-20 09:18:11.840 [warning] [Decorations] CAPPING events from decorations provider vscode.git 1811
2023-11-20 09:18:16.967 [warning] [Decorations] CAPPING events from decorations provider vscode.git 1811
2023-11-20 09:18:22.083 [warning] [Decorations] CAPPING events from decorations provider vscode.git 1811
2023-11-20 09:18:27.199 [warning] [Decorations] CAPPING events from decorations provider vscode.git 1811
2023-11-20 09:18:32.311 [warning] [Decorations] CAPPING events from decorations provider vscode.git 1811
2023-11-20 09:18:37.425 [warning] [Decorations] CAPPING events from decorations provider vscode.git 1811
2023-11-20 09:18:42.544 [warning] [Decorations] CAPPING events from decorations provider vscode.git 1811
2023-11-20 09:18:47.650 [warning] [Decorations] CAPPING events from decorations provider vscode.git 1811
2023-11-20 09:18:52.755 [warning] [Decorations] CAPPING events from decorations provider vscode.git 1811
2023-11-20 09:18:57.876 [warning] [Decorations] CAPPING events from decorations provider vscode.git 1811
2023-11-20 09:19:03.002 [warning] [Decorations] CAPPING events from decorations provider vscode.git 1811
2023-11-20 09:19:08.119 [warning] [Decorations] CAPPING events from decorations provider vscode.git 1811
2023-11-20 09:19:13.237 [warning] [Decorations] CAPPING events from decorations provider vscode.git 1811
2023-11-20 09:19:18.350 [warning] [Decorations] CAPPING events from decorations provider vscode.git 1811
2023-11-20 09:19:23.463 [warning] [Decorations] CAPPING events from decorations provider vscode.git 1811
2023-11-20 09:19:28.590 [warning] [Decorations] CAPPING events from decorations provider vscode.git 1811
2023-11-20 09:19:33.718 [warning] [Decorations] CAPPING events from decorations provider vscode.git 1811
2023-11-20 09:19:38.842 [warning] [Decorations] CAPPING events from decorations provider vscode.git 1811
2023-11-20 09:19:43.961 [warning] [Decorations] CAPPING events from decorations provider vscode.git 1811
2023-11-20 09:19:49.080 [warning] [Decorations] CAPPING events from decorations provider vscode.git 1811
2023-11-20 09:19:54.210 [warning] [Decorations] CAPPING events from decorations provider vscode.git 1811
2023-11-20 09:19:59.324 [warning] [Decorations] CAPPING events from decorations provider vscode.git 1811
2023-11-20 09:20:04.448 [warning] [Decorations] CAPPING events from decorations provider vscode.git 1811
2023-11-20 09:20:09.578 [warning] [Decorations] CAPPING events from decorations provider vscode.git 1811
2023-11-20 09:20:14.685 [warning] [Decorations] CAPPING events from decorations provider vscode.git 1811
2023-11-20 09:20:19.789 [warning] [Decorations] CAPPING events from decorations provider vscode.git 1811
2023-11-20 09:20:24.905 [warning] [Decorations] CAPPING events from decorations provider vscode.git 1811
2023-11-20 09:20:30.035 [warning] [Decorations] CAPPING events from decorations provider vscode.git 1811
2023-11-20 09:20:35.151 [warning] [Decorations] CAPPING events from decorations provider vscode.git 1811
2023-11-20 09:20:40.274 [warning] [Decorations] CAPPING events from decorations provider vscode.git 1811
2023-11-20 09:20:45.394 [warning] [Decorations] CAPPING events from decorations provider vscode.git 1811
2023-11-20 09:20:50.504 [warning] [Decorations] CAPPING events from decorations provider vscode.git 1811
2023-11-20 09:20:55.630 [warning] [Decorations] CAPPING events from decorations provider vscode.git 1811
2023-11-20 09:21:00.762 [warning] [Decorations] CAPPING events from decorations provider vscode.git 1811
2023-11-20 09:21:05.872 [warning] [Decorations] CAPPING events from decorations provider vscode.git 1811
2023-11-20 09:21:10.994 [warning] [Decorations] CAPPING events from decorations provider vscode.git 1811
2023-11-20 09:21:16.116 [warning] [Decorations] CAPPING events from decorations provider vscode.git 1811
2023-11-20 09:21:21.229 [warning] [Decorations] CAPPING events from decorations provider vscode.git 1811
2023-11-20 09:21:26.346 [warning] [Decorations] CAPPING events from decorations provider vscode.git 1811
2023-11-20 09:21:31.465 [warning] [Decorations] CAPPING events from decorations provider vscode.git 1811
2023-11-20 09:21:36.573 [warning] [Decorations] CAPPING events from decorations provider vscode.git 1811
2023-11-20 09:21:41.686 [warning] [Decorations] CAPPING events from decorations provider vscode.git 1811
2023-11-20 09:21:46.814 [warning] [Decorations] CAPPING events from decorations provider vscode.git 1811
2023-11-20 09:21:51.941 [warning] [Decorations] CAPPING events from decorations provider vscode.git 1811
2023-11-20 09:21:57.065 [warning] [Decorations] CAPPING events from decorations provider vscode.git 1811
2023-11-20 09:22:02.184 [warning] [Decorations] CAPPING events from decorations provider vscode.git 1811
2023-11-20 09:22:07.296 [warning] [Decorations] CAPPING events from decorations provider vscode.git 1811
2023-11-20 09:22:12.408 [warning] [Decorations] CAPPING events from decorations provider vscode.git 1811
2023-11-20 09:22:17.529 [warning] [Decorations] CAPPING events from decorations provider vscode.git 1811
2023-11-20 09:22:22.652 [warning] [Decorations] CAPPING events from decorations provider vscode.git 1811
2023-11-20 09:22:27.761 [warning] [Decorations] CAPPING events from decorations provider vscode.git 1811
2023-11-20 09:22:32.877 [warning] [Decorations] CAPPING events from decorations provider vscode.git 1811
2023-11-20 09:22:38.000 [warning] [Decorations] CAPPING events from decorations provider vscode.git 1811
2023-11-20 09:22:43.122 [warning] [Decorations] CAPPING events from decorations provider vscode.git 1811
2023-11-20 09:22:48.238 [warning] [Decorations] CAPPING events from decorations provider vscode.git 1811
2023-11-20 09:22:53.370 [warning] [Decorations] CAPPING events from decorations provider vscode.git 1811
2023-11-20 09:22:58.492 [warning] [Decorations] CAPPING events from decorations provider vscode.git 1811
2023-11-20 09:23:03.610 [warning] [Decorations] CAPPING events from decorations provider vscode.git 1811
2023-11-20 09:23:08.740 [warning] [Decorations] CAPPING events from decorations provider vscode.git 1811
2023-11-20 09:23:13.871 [warning] [Decorations] CAPPING events from decorations provider vscode.git 1811
2023-11-20 09:23:18.989 [warning] [Decorations] CAPPING events from decorations provider vscode.git 1811
2023-11-20 09:23:24.107 [warning] [Decorations] CAPPING events from decorations provider vscode.git 1811
2023-11-20 09:23:29.219 [warning] [Decorations] CAPPING events from decorations provider vscode.git 1811
2023-11-20 09:23:34.336 [warning] [Decorations] CAPPING events from decorations provider vscode.git 1811
2023-11-20 09:23:39.445 [warning] [Decorations] CAPPING events from decorations provider vscode.git 1811
2023-11-20 09:23:44.560 [warning] [Decorations] CAPPING events from decorations provider vscode.git 1811
2023-11-20 09:23:49.681 [warning] [Decorations] CAPPING events from decorations provider vscode.git 1811
2023-11-20 09:23:54.803 [warning] [Decorations] CAPPING events from decorations provider vscode.git 1811
2023-11-20 09:23:59.925 [warning] [Decorations] CAPPING events from decorations provider vscode.git 1811
2023-11-20 09:24:05.048 [warning] [Decorations] CAPPING events from decorations provider vscode.git 1811
2023-11-20 09:24:10.168 [warning] [Decorations] CAPPING events from decorations provider vscode.git 1811
2023-11-20 09:24:15.275 [warning] [Decorations] CAPPING events from decorations provider vscode.git 1811
2023-11-20 09:24:20.392 [warning] [Decorations] CAPPING events from decorations provider vscode.git 1811
2023-11-20 09:24:25.513 [warning] [Decorations] CAPPING events from decorations provider vscode.git 1811
2023-11-20 09:24:30.662 [warning] [Decorations] CAPPING events from decorations provider vscode.git 1811
2023-11-20 09:24:35.779 [warning] [Decorations] CAPPING events from decorations provider vscode.git 1811
2023-11-20 09:24:40.898 [warning] [Decorations] CAPPING events from decorations provider vscode.git 1811
2023-11-20 09:24:46.025 [warning] [Decorations] CAPPING events from decorations provider vscode.git 1811
2023-11-20 09:25:59.830 [warning] [Decorations] CAPPING events from decorations provider vscode.git 1811
2023-11-20 09:34:09.750 [warning] [Decorations] CAPPING events from decorations provider vscode.git 1820
2023-11-20 09:34:14.860 [warning] [Decorations] CAPPING events from decorations provider vscode.git 1817
