2023-11-20 10:18:23.014 [info] Log level: Info
2023-11-20 10:18:23.014 [info] Validating found git in: "git"
2023-11-20 10:18:23.014 [info] Using git "2.20.1" from "git"
2023-11-20 10:18:23.014 [info] > git rev-parse --show-toplevel [10ms]
2023-11-20 10:18:23.014 [info] > git rev-parse --git-dir --git-common-dir [2ms]
2023-11-20 10:18:23.014 [info] Open repository: /home/s245
2023-11-20 10:18:23.014 [info] > git rev-parse --show-toplevel [4ms]
2023-11-20 10:18:23.014 [info] > git for-each-ref --format=%(refname)%00%(upstream:short)%00%(objectname)%00%(upstream:track)%00%(upstream:remotename)%00%(upstream:remoteref) refs/heads/main refs/remotes/main [3ms]
2023-11-20 10:18:23.014 [info] > git rev-parse --show-toplevel [33ms]
2023-11-20 10:18:23.014 [info] > git rev-parse --show-toplevel [15ms]
2023-11-20 10:18:23.014 [info] > git rev-parse --show-toplevel [7ms]
2023-11-20 10:18:23.014 [info] > git rev-parse --show-toplevel [2ms]
2023-11-20 10:18:23.014 [info] > git rev-parse --show-toplevel [3ms]
2023-11-20 10:18:23.014 [info] > git rev-parse --show-toplevel [8ms]
2023-11-20 10:18:23.014 [info] > git rev-parse --show-toplevel [11ms]
2023-11-20 10:18:26.036 [info] > git status -z -uall --find-renames=50% [3130ms] (cancelled)
2023-11-20 10:18:26.038 [info] > git config --local branch.main.github-pr-owner-number [2849ms]
2023-11-20 10:18:26.039 [info] > git rev-parse --show-toplevel [3026ms]
2023-11-20 10:18:26.082 [info] > git check-ignore -v -z --stdin [27ms]
2023-11-20 10:18:26.084 [info] > git for-each-ref --format=%(refname)%00%(upstream:short)%00%(objectname)%00%(upstream:track)%00%(upstream:remotename)%00%(upstream:remoteref) refs/heads/main refs/remotes/main [14ms]
2023-11-20 10:18:26.088 [info] > git for-each-ref --format=%(refname)%00%(upstream:short)%00%(objectname)%00%(upstream:track)%00%(upstream:remotename)%00%(upstream:remoteref) refs/heads/main refs/remotes/main [7ms]
2023-11-20 10:18:26.273 [info] > git status -z -uall --find-renames=50% [175ms] (cancelled)
2023-11-20 10:18:29.401 [info] > git check-ignore -v -z --stdin [11ms]
2023-11-20 10:18:29.797 [info] > git config --local branch.main.github-pr-owner-number [1ms]
2023-11-20 10:18:29.816 [info] > git for-each-ref --format=%(refname)%00%(upstream:short)%00%(objectname)%00%(upstream:track)%00%(upstream:remotename)%00%(upstream:remoteref) refs/heads/main refs/remotes/main [1ms]
2023-11-20 10:18:30.005 [info] > git status -z -uall --find-renames=50% [175ms] (cancelled)
2023-11-20 10:18:39.705 [info] > git check-ignore -v -z --stdin [4ms]
2023-11-20 10:18:51.270 [info] > git check-ignore -v -z --stdin [9ms]
2023-11-20 10:23:22.868 [info] > git config --local branch.main.github-pr-owner-number [2ms]
2023-11-20 10:23:22.882 [info] > git for-each-ref --format=%(refname)%00%(upstream:short)%00%(objectname)%00%(upstream:track)%00%(upstream:remotename)%00%(upstream:remoteref) refs/heads/main refs/remotes/main [2ms]
2023-11-20 10:23:23.103 [info] > git status -z -uall --find-renames=50% [209ms] (cancelled)
2023-11-20 10:28:23.122 [info] > git config --local branch.main.github-pr-owner-number [2ms]
2023-11-20 10:28:23.139 [info] > git for-each-ref --format=%(refname)%00%(upstream:short)%00%(objectname)%00%(upstream:track)%00%(upstream:remotename)%00%(upstream:remoteref) refs/heads/main refs/remotes/main [2ms]
2023-11-20 10:28:23.347 [info] > git status -z -uall --find-renames=50% [197ms] (cancelled)
2023-11-20 10:29:31.101 [info] > git check-ignore -v -z --stdin [10ms]
2023-11-20 10:29:33.321 [info] > git show --textconv :.gitconfig [16ms]
2023-11-20 10:29:33.328 [info] > git ls-files --stage -- /home/s245/.gitconfig [7ms]
2023-11-20 10:29:37.618 [info] > git show --textconv :.profile [13ms]
2023-11-20 10:29:37.629 [info] > git ls-files --stage -- /home/s245/.profile [11ms]
2023-11-20 10:29:40.904 [info] > git show --textconv :.bashrc [16ms]
2023-11-20 10:29:40.912 [info] > git ls-files --stage -- /home/s245/.bashrc [9ms]
2023-11-20 10:29:42.462 [info] > git show --textconv :.bash_logout [13ms]
2023-11-20 10:29:42.468 [info] > git ls-files --stage -- /home/s245/.bash_logout [7ms]
2023-11-20 10:29:59.436 [info] > git ls-files --stage -- /home/s245/.bash_logout [1ms]
2023-11-20 10:29:59.475 [info] > git show --textconv :.bash_logout [1ms]
2023-11-20 10:30:34.862 [info] > git ls-files --stage -- /home/s245/.bash_logout [1ms]
2023-11-20 10:30:34.902 [info] > git show --textconv :.bash_logout [2ms]
2023-11-20 10:30:38.171 [info] > git ls-files --stage -- /home/s245/.bash_logout [2ms]
2023-11-20 10:30:38.207 [info] > git show --textconv :.bash_logout [2ms]
2023-11-20 10:30:42.960 [info] > git ls-files --stage -- /home/s245/.bash_logout [1ms]
2023-11-20 10:30:42.992 [info] > git show --textconv :.bash_logout [1ms]
2023-11-20 10:30:44.270 [info] > git ls-files --stage -- /home/s245/.bash_logout [2ms]
2023-11-20 10:30:44.306 [info] > git show --textconv :.bash_logout [1ms]
2023-11-20 10:31:44.960 [info] > git ls-files --stage -- /home/s245/.bash_logout [2ms]
2023-11-20 10:31:44.997 [info] > git show --textconv :.bash_logout [1ms]
2023-11-20 10:32:22.848 [info] > git ls-files --stage -- /home/s245/.bash_logout [2ms]
2023-11-20 10:32:22.884 [info] > git show --textconv :.bash_logout [2ms]
2023-11-20 10:32:28.573 [info] > git ls-files --stage -- /home/s245/.bash_logout [1ms]
2023-11-20 10:32:28.614 [info] > git show --textconv :.bash_logout [1ms]
2023-11-20 10:33:23.363 [info] > git config --local branch.main.github-pr-owner-number [2ms]
2023-11-20 10:33:23.391 [info] > git config --get commit.template [15ms]
2023-11-20 10:33:23.392 [info] > git for-each-ref --format=%(refname)%00%(upstream:short)%00%(objectname)%00%(upstream:track)%00%(upstream:remotename)%00%(upstream:remoteref) refs/heads/main refs/remotes/main [2ms]
2023-11-20 10:33:23.630 [info] > git status -z -uall --find-renames=50% [223ms] (cancelled)
2023-11-20 10:33:58.411 [info] > git ls-files --stage -- /home/s245/.bash_logout [4ms]
2023-11-20 10:33:58.426 [info] > git cat-file -s de4f5f75d7ccd3a5b62bd2ce683ed678a5cb72c2 [2ms]
2023-11-20 10:33:58.471 [info] > git show --textconv :.bash_logout [5ms]
2023-11-20 10:34:12.601 [info] > git ls-files --stage -- /home/s245/.bash_logout [4ms]
2023-11-20 10:34:12.613 [info] > git cat-file -s de4f5f75d7ccd3a5b62bd2ce683ed678a5cb72c2 [2ms]
2023-11-20 10:34:12.653 [info] > git show --textconv :.bash_logout [3ms]
2023-11-20 10:34:20.557 [info] > git ls-files --stage -- /home/s245/.bash_logout [3ms]
2023-11-20 10:34:20.570 [info] > git cat-file -s de4f5f75d7ccd3a5b62bd2ce683ed678a5cb72c2 [1ms]
2023-11-20 10:34:20.613 [info] > git show --textconv :.bash_logout [5ms]
2023-11-20 10:34:42.850 [info] > git check-ignore -v -z --stdin [5ms]
2023-11-20 10:34:47.930 [info] > git show --textconv :.bash_history [14ms]
2023-11-20 10:34:47.933 [info] > git ls-files --stage -- /home/s245/.bash_history [4ms]
2023-11-20 10:34:47.946 [info] > git cat-file -s 9a8dfa0b6a0c84c5b1d7e753d49f10a251b01e2e [2ms]
2023-11-20 10:34:55.635 [info] > git ls-files --stage -- /home/s245/.bash_history [3ms]
2023-11-20 10:34:55.648 [info] > git cat-file -s 9a8dfa0b6a0c84c5b1d7e753d49f10a251b01e2e [2ms]
2023-11-20 10:34:55.690 [info] > git show --textconv :.bash_history [5ms]
2023-11-20 10:34:58.398 [info] > git show --textconv :4BMW/database/migrations/2019_12_14_000001_create_personal_access_tokens_table.php [14ms]
2023-11-20 10:34:58.401 [info] > git ls-files --stage -- /home/s245/4BMW/database/migrations/2019_12_14_000001_create_personal_access_tokens_table.php [4ms]
2023-11-20 10:34:58.412 [info] > git cat-file -s e828ad8189ee7c270c24be93f2eb73d833c0da87 [1ms]
2023-11-20 10:34:58.757 [info] > git ls-files --stage -- /home/s245/4BMW/database/migrations/2019_12_14_000001_create_personal_access_tokens_table.php [4ms]
2023-11-20 10:34:58.768 [info] > git cat-file -s e828ad8189ee7c270c24be93f2eb73d833c0da87 [1ms]
2023-11-20 10:34:58.810 [info] > git show --textconv :4BMW/database/migrations/2019_12_14_000001_create_personal_access_tokens_table.php [4ms]
2023-11-20 10:34:59.203 [info] > git show --textconv :4BMW/database/migrations/2019_08_19_000000_create_failed_jobs_table.php [13ms]
2023-11-20 10:34:59.206 [info] > git ls-files --stage -- /home/s245/4BMW/database/migrations/2019_08_19_000000_create_failed_jobs_table.php [4ms]
2023-11-20 10:34:59.220 [info] > git cat-file -s 249da8171acd0816601ccb095c3320393e66dea6 [2ms]
2023-11-20 10:34:59.746 [info] > git show --textconv :4BMW/database/migrations/2014_10_12_100000_create_password_reset_tokens_table.php [12ms]
2023-11-20 10:34:59.750 [info] > git ls-files --stage -- /home/s245/4BMW/database/migrations/2014_10_12_100000_create_password_reset_tokens_table.php [5ms]
2023-11-20 10:34:59.765 [info] > git cat-file -s 81a7229b085acceacba99220d098fd156abc4eb4 [2ms]
2023-11-20 10:35:00.511 [info] > git show --textconv :4BMW/database/migrations/2019_08_19_000000_create_failed_jobs_table.php [15ms]
2023-11-20 10:35:00.513 [info] > git ls-files --stage -- /home/s245/4BMW/database/migrations/2019_08_19_000000_create_failed_jobs_table.php [3ms]
2023-11-20 10:35:00.524 [info] > git cat-file -s 249da8171acd0816601ccb095c3320393e66dea6 [1ms]
2023-11-20 10:35:01.424 [info] > git show --textconv :4BMW/database/migrations/2019_12_14_000001_create_personal_access_tokens_table.php [12ms]
2023-11-20 10:35:01.428 [info] > git ls-files --stage -- /home/s245/4BMW/database/migrations/2019_12_14_000001_create_personal_access_tokens_table.php [5ms]
2023-11-20 10:35:01.439 [info] > git cat-file -s e828ad8189ee7c270c24be93f2eb73d833c0da87 [1ms]
2023-11-20 10:35:02.443 [info] > git show --textconv :4BMW/database/migrations/2014_10_12_000000_create_users_table.php [13ms]
2023-11-20 10:35:02.448 [info] > git ls-files --stage -- /home/s245/4BMW/database/migrations/2014_10_12_000000_create_users_table.php [6ms]
2023-11-20 10:35:02.460 [info] > git cat-file -s 444fafb7f5328e7adee2e409be0ee197ccaf1940 [1ms]
2023-11-20 10:35:05.834 [info] > git show --textconv :.bash_history [11ms]
2023-11-20 10:35:05.837 [info] > git ls-files --stage -- /home/s245/.bash_history [3ms]
2023-11-20 10:35:05.852 [info] > git cat-file -s 9a8dfa0b6a0c84c5b1d7e753d49f10a251b01e2e [2ms]
2023-11-20 10:35:32.344 [info] > git show --textconv :.bash_logout [16ms]
2023-11-20 10:35:32.348 [info] > git ls-files --stage -- /home/s245/.bash_logout [6ms]
2023-11-20 10:35:32.362 [info] > git cat-file -s de4f5f75d7ccd3a5b62bd2ce683ed678a5cb72c2 [2ms]
2023-11-20 10:35:45.812 [info] > git ls-files --stage -- /home/s245/.bash_logout [5ms]
2023-11-20 10:35:45.825 [info] > git cat-file -s de4f5f75d7ccd3a5b62bd2ce683ed678a5cb72c2 [2ms]
2023-11-20 10:35:45.866 [info] > git show --textconv :.bash_logout [5ms]
2023-11-20 10:35:54.118 [info] > git ls-files --stage -- /home/s245/.bash_logout [3ms]
2023-11-20 10:35:54.130 [info] > git cat-file -s de4f5f75d7ccd3a5b62bd2ce683ed678a5cb72c2 [2ms]
2023-11-20 10:35:54.168 [info] > git show --textconv :.bash_logout [5ms]
2023-11-20 10:36:19.203 [info] > git ls-files --stage -- /home/s245/.bash_logout [5ms]
2023-11-20 10:36:19.217 [info] > git cat-file -s de4f5f75d7ccd3a5b62bd2ce683ed678a5cb72c2 [2ms]
2023-11-20 10:36:19.252 [info] > git show --textconv :.bash_logout [3ms]
2023-11-20 10:36:39.839 [info] > git ls-files --stage -- /home/s245/.bash_logout [5ms]
2023-11-20 10:36:39.850 [info] > git cat-file -s de4f5f75d7ccd3a5b62bd2ce683ed678a5cb72c2 [1ms]
2023-11-20 10:36:39.890 [info] > git show --textconv :.bash_logout [3ms]
2023-11-20 10:38:23.648 [info] > git config --local branch.main.github-pr-owner-number [2ms]
2023-11-20 10:38:23.679 [info] > git config --get commit.template [15ms]
2023-11-20 10:38:23.681 [info] > git for-each-ref --format=%(refname)%00%(upstream:short)%00%(objectname)%00%(upstream:track)%00%(upstream:remotename)%00%(upstream:remoteref) refs/heads/original refs/remotes/original [4ms]
2023-11-20 10:38:23.724 [info] > git status -z -uall --find-renames=50% [29ms]
2023-11-20 10:38:23.860 [info] > git config --local branch.original.github-pr-owner-number [27ms]
2023-11-20 10:38:23.888 [info] > git config --get commit.template [15ms]
2023-11-20 10:38:23.889 [info] > git for-each-ref --format=%(refname)%00%(upstream:short)%00%(objectname)%00%(upstream:track)%00%(upstream:remotename)%00%(upstream:remoteref) refs/heads/original refs/remotes/original [2ms]
2023-11-20 10:38:23.933 [info] > git status -z -uall --find-renames=50% [33ms]
2023-11-20 10:39:38.389 [info] > git ls-files --stage -- /home/s245/.bash_logout [4ms]
2023-11-20 10:39:38.404 [info] > git cat-file -s de4f5f75d7ccd3a5b62bd2ce683ed678a5cb72c2 [2ms]
2023-11-20 10:39:38.448 [info] > git show --textconv :.bash_logout [4ms]
2023-11-20 10:39:46.172 [info] > git ls-files --stage -- /home/s245/.bash_logout [6ms]
2023-11-20 10:39:46.186 [info] > git cat-file -s de4f5f75d7ccd3a5b62bd2ce683ed678a5cb72c2 [2ms]
2023-11-20 10:39:46.225 [info] > git show --textconv :.bash_logout [4ms]
2023-11-20 10:39:53.578 [info] > git ls-files --stage -- /home/s245/.bash_logout [3ms]
2023-11-20 10:39:53.589 [info] > git cat-file -s de4f5f75d7ccd3a5b62bd2ce683ed678a5cb72c2 [1ms]
2023-11-20 10:39:53.632 [info] > git show --textconv :.bash_logout [4ms]
2023-11-20 10:43:05.226 [info] > git ls-files --stage -- /home/s245/.bash_logout [6ms]
2023-11-20 10:43:05.238 [info] > git cat-file -s de4f5f75d7ccd3a5b62bd2ce683ed678a5cb72c2 [1ms]
2023-11-20 10:43:05.274 [info] > git show --textconv :.bash_logout [4ms]
2023-11-20 10:43:23.781 [info] > git config --local branch.original.github-pr-owner-number [1ms]
2023-11-20 10:43:23.808 [info] > git config --get commit.template [15ms]
2023-11-20 10:43:23.809 [info] > git for-each-ref --format=%(refname)%00%(upstream:short)%00%(objectname)%00%(upstream:track)%00%(upstream:remotename)%00%(upstream:remoteref) refs/heads/main refs/remotes/main [2ms]
2023-11-20 10:43:23.861 [info] > git status -z -uall --find-renames=50% [38ms]
2023-11-20 10:43:23.917 [info] > git config --local branch.main.github-pr-owner-number [3ms]
2023-11-20 10:43:23.945 [info] > git config --get commit.template [14ms]
2023-11-20 10:43:23.946 [info] > git for-each-ref --format=%(refname)%00%(upstream:short)%00%(objectname)%00%(upstream:track)%00%(upstream:remotename)%00%(upstream:remoteref) refs/heads/main refs/remotes/main [2ms]
2023-11-20 10:43:23.990 [info] > git status -z -uall --find-renames=50% [31ms]
2023-11-20 10:43:34.531 [info] > git check-ignore -v -z --stdin [5ms]
2023-11-20 10:43:59.565 [info] > git ls-files --stage -- /home/s245/.bash_logout [5ms]
2023-11-20 10:43:59.578 [info] > git cat-file -s de4f5f75d7ccd3a5b62bd2ce683ed678a5cb72c2 [2ms]
2023-11-20 10:43:59.617 [info] > git show --textconv :.bash_logout [5ms]
2023-11-20 10:44:17.623 [info] > git ls-files --stage -- /home/s245/.bash_logout [6ms]
2023-11-20 10:44:17.638 [info] > git cat-file -s de4f5f75d7ccd3a5b62bd2ce683ed678a5cb72c2 [2ms]
2023-11-20 10:44:17.678 [info] > git show --textconv :.bash_logout [5ms]
2023-11-20 10:44:18.254 [info] > git check-ignore -v -z --stdin [9ms]
2023-11-20 10:44:19.299 [info] > git ls-files --stage -- /home/s245/.bash_logout [2ms]
2023-11-20 10:44:19.312 [info] > git cat-file -s de4f5f75d7ccd3a5b62bd2ce683ed678a5cb72c2 [2ms]
2023-11-20 10:44:19.348 [info] > git show --textconv :.bash_logout [3ms]
2023-11-20 10:44:22.248 [info] > git show --textconv :4BMW/database/migrations/2023_11_18_170243_create_packs.php [13ms]
2023-11-20 10:44:22.249 [info] > git ls-files --stage -- /home/s245/4BMW/database/migrations/2023_11_18_170243_create_packs.php [2ms]
2023-11-20 10:45:46.129 [info] > git check-ignore -v -z --stdin [4ms]
2023-11-20 10:45:50.055 [info] > git check-ignore -v -z --stdin [6ms]
2023-11-20 10:45:51.219 [info] > git show --textconv :4BMW/routes/web.php [13ms]
2023-11-20 10:45:51.223 [info] > git ls-files --stage -- /home/s245/4BMW/routes/web.php [4ms]
2023-11-20 10:45:51.236 [info] > git cat-file -s 0141c3f8857fbaf9d733e913ec020dbfff869886 [2ms]
2023-11-20 10:45:58.862 [info] > git check-ignore -v -z --stdin [6ms]
2023-11-20 10:46:00.203 [info] > git check-ignore -v -z --stdin [5ms]
2023-11-20 10:46:01.817 [info] > git check-ignore -v -z --stdin [3ms]
2023-11-20 10:46:04.313 [info] > git check-ignore -v -z --stdin [3ms]
2023-11-20 10:46:06.208 [info] > git check-ignore -v -z --stdin [8ms]
2023-11-20 10:46:13.022 [info] > git check-ignore -v -z --stdin [5ms]
2023-11-20 10:46:14.535 [info] > git check-ignore -v -z --stdin [5ms]
2023-11-20 10:46:15.689 [info] > git check-ignore -v -z --stdin [4ms]
2023-11-20 10:46:16.464 [info] > git show --textconv :4BMW/resources/views/layouts/app.blade.php [11ms]
2023-11-20 10:46:16.468 [info] > git ls-files --stage -- /home/s245/4BMW/resources/views/layouts/app.blade.php [4ms]
2023-11-20 10:46:18.382 [info] > git for-each-ref --format=%(refname)%00%(upstream:short)%00%(objectname)%00%(upstream:track)%00%(upstream:remotename)%00%(upstream:remoteref) refs/heads/main refs/remotes/main [3ms]
2023-11-20 10:46:18.383 [info] > git config --get commit.template [16ms]
2023-11-20 10:46:18.450 [info] > git status -z -uall --find-renames=50% [56ms]
2023-11-20 10:46:18.518 [info] > git show --textconv :4BMW/resources/views/welcome.blade.php [13ms]
2023-11-20 10:46:18.522 [info] > git ls-files --stage -- /home/s245/4BMW/resources/views/welcome.blade.php [5ms]
2023-11-20 10:46:18.537 [info] > git cat-file -s 638ec96066aa83821c4b7dfd5be4a0bec922a6a2 [2ms]
2023-11-20 10:46:19.114 [info] > git show --textconv :4BMW/resources/views/list-motos.blade.php [13ms]
2023-11-20 10:46:19.117 [info] > git ls-files --stage -- /home/s245/4BMW/resources/views/list-motos.blade.php [3ms]
2023-11-20 10:46:19.929 [info] > git show --textconv :4BMW/resources/views/list-motos-gamme.blade.php [12ms]
2023-11-20 10:46:19.932 [info] > git ls-files --stage -- /home/s245/4BMW/resources/views/list-motos-gamme.blade.php [4ms]
2023-11-20 10:46:50.046 [info] > git check-ignore -v -z --stdin [6ms]
2023-11-20 10:46:53.099 [info] > git show --textconv :.bash_history [13ms]
2023-11-20 10:46:53.104 [info] > git ls-files --stage -- /home/s245/.bash_history [6ms]
2023-11-20 10:46:53.118 [info] > git cat-file -s 9a8dfa0b6a0c84c5b1d7e753d49f10a251b01e2e [3ms]
2023-11-20 10:48:23.887 [info] > git config --local branch.main.github-pr-owner-number [2ms]
2023-11-20 10:48:23.911 [info] > git config --get commit.template [13ms]
2023-11-20 10:48:23.912 [info] > git for-each-ref --format=%(refname)%00%(upstream:short)%00%(objectname)%00%(upstream:track)%00%(upstream:remotename)%00%(upstream:remoteref) refs/heads/main refs/remotes/main [2ms]
2023-11-20 10:48:23.969 [info] > git status -z -uall --find-renames=50% [45ms]
2023-11-20 10:48:35.974 [info] > git ls-files --stage -- /home/s245/.bash_history [6ms]
2023-11-20 10:48:35.985 [info] > git cat-file -s 9a8dfa0b6a0c84c5b1d7e753d49f10a251b01e2e [1ms]
2023-11-20 10:48:36.027 [info] > git show --textconv :.bash_history [2ms]
