2023-11-18 14:12:11.085 [info] Niveau de journal : Info
2023-11-18 14:12:11.085 [info] Validation du git trouvé dans : «git»
2023-11-18 14:12:11.085 [info] Utilisation de git «2.20.1» à partir de «git»
2023-11-18 14:12:11.085 [info] > git rev-parse --show-toplevel [3ms]
2023-11-18 14:12:11.085 [info] > git rev-parse --git-dir --git-common-dir [3ms]
2023-11-18 14:12:11.085 [info] Open repository: /home/s245
2023-11-18 14:12:11.085 [info] > git config --get commit.template [15ms]
2023-11-18 14:12:11.085 [info] > git rev-parse --show-toplevel [8ms]
2023-11-18 14:12:11.085 [info] > git rev-parse --show-toplevel [2ms]
2023-11-18 14:12:11.085 [info] > git for-each-ref --format=%(refname)%00%(upstream:short)%00%(objectname)%00%(upstream:track)%00%(upstream:remotename)%00%(upstream:remoteref) refs/heads/main refs/remotes/main [13ms]
2023-11-18 14:12:11.085 [info] > git rev-parse --show-toplevel [4ms]
2023-11-18 14:12:11.085 [info] > git rev-parse --show-toplevel [1ms]
2023-11-18 14:12:11.085 [info] > git rev-parse --show-toplevel [3ms]
2023-11-18 14:12:11.086 [info] > git status -z -uall [50ms]
2023-11-18 14:12:11.087 [info] > git rev-parse --show-toplevel [6ms]
2023-11-18 14:12:11.179 [info] > git config --get commit.template [2ms]
2023-11-18 14:12:11.180 [info] > git rev-parse --show-toplevel [14ms]
2023-11-18 14:12:11.453 [info] > git for-each-ref --format=%(refname)%00%(upstream:short)%00%(objectname)%00%(upstream:track)%00%(upstream:remotename)%00%(upstream:remoteref) refs/heads/main refs/remotes/main [254ms]
2023-11-18 14:12:11.461 [info] > git rev-parse --show-toplevel [271ms]
2023-11-18 14:12:11.562 [info] > git status -z -uall [101ms]
2023-11-18 14:12:11.990 [info] > git check-ignore -v -z --stdin [7ms]
2023-11-18 14:12:13.142 [info] > git config --local branch.main.github-pr-owner-number [3ms]
2023-11-18 14:12:13.155 [info] > git config --get commit.template [2ms]
2023-11-18 14:12:13.167 [info] > git for-each-ref --format=%(refname)%00%(upstream:short)%00%(objectname)%00%(upstream:track)%00%(upstream:remotename)%00%(upstream:remoteref) refs/heads/main refs/remotes/main [2ms]
2023-11-18 14:12:13.223 [info] > git status -z -uall [44ms]
2023-11-18 14:12:14.930 [info] > git config --get commit.template [10ms]
2023-11-18 14:12:14.931 [info] > git for-each-ref --format=%(refname)%00%(upstream:short)%00%(objectname)%00%(upstream:track)%00%(upstream:remotename)%00%(upstream:remoteref) refs/heads/main refs/remotes/main [1ms]
2023-11-18 14:12:14.979 [info] > git status -z -uall [39ms]
2023-11-18 14:12:20.029 [info] > git config --get commit.template [1ms]
2023-11-18 14:12:20.043 [info] > git for-each-ref --format=%(refname)%00%(upstream:short)%00%(objectname)%00%(upstream:track)%00%(upstream:remotename)%00%(upstream:remoteref) refs/heads/main refs/remotes/main [3ms]
2023-11-18 14:12:20.098 [info] > git status -z -uall [44ms]
2023-11-18 14:12:26.204 [info] > git check-ignore -v -z --stdin [8ms]
2023-11-18 14:12:26.876 [info] > git config --get commit.template [14ms]
2023-11-18 14:12:26.878 [info] > git for-each-ref --format=%(refname)%00%(upstream:short)%00%(objectname)%00%(upstream:track)%00%(upstream:remotename)%00%(upstream:remoteref) refs/heads/main refs/remotes/main [2ms]
2023-11-18 14:12:26.934 [info] > git status -z -uall [44ms]
2023-11-18 14:12:31.991 [info] > git config --get commit.template [15ms]
2023-11-18 14:12:31.992 [info] > git for-each-ref --format=%(refname)%00%(upstream:short)%00%(objectname)%00%(upstream:track)%00%(upstream:remotename)%00%(upstream:remoteref) refs/heads/main refs/remotes/main [3ms]
2023-11-18 14:12:32.049 [info] > git status -z -uall [43ms]
2023-11-18 14:12:37.106 [info] > git config --get commit.template [15ms]
2023-11-18 14:12:37.107 [info] > git for-each-ref --format=%(refname)%00%(upstream:short)%00%(objectname)%00%(upstream:track)%00%(upstream:remotename)%00%(upstream:remoteref) refs/heads/main refs/remotes/main [3ms]
2023-11-18 14:12:37.160 [info] > git status -z -uall [39ms]
2023-11-18 14:13:03.365 [info] > git config --get commit.template [13ms]
2023-11-18 14:13:03.366 [info] > git for-each-ref --format=%(refname)%00%(upstream:short)%00%(objectname)%00%(upstream:track)%00%(upstream:remotename)%00%(upstream:remoteref) refs/heads/main refs/remotes/main [4ms]
2023-11-18 14:13:03.423 [info] > git status -z -uall [46ms]
2023-11-18 14:13:08.491 [info] > git config --get commit.template [13ms]
2023-11-18 14:13:08.492 [info] > git for-each-ref --format=%(refname)%00%(upstream:short)%00%(objectname)%00%(upstream:track)%00%(upstream:remotename)%00%(upstream:remoteref) refs/heads/main refs/remotes/main [2ms]
2023-11-18 14:13:08.544 [info] > git status -z -uall [44ms]
2023-11-18 14:17:13.026 [info] > git config --local branch.main.github-pr-owner-number [2ms]
2023-11-18 14:17:13.050 [info] > git config --get commit.template [12ms]
2023-11-18 14:17:13.051 [info] > git for-each-ref --format=%(refname)%00%(upstream:short)%00%(objectname)%00%(upstream:track)%00%(upstream:remotename)%00%(upstream:remoteref) refs/heads/main refs/remotes/main [3ms]
2023-11-18 14:17:13.099 [info] > git status -z -uall [40ms]
2023-11-18 14:22:13.156 [info] > git config --local branch.main.github-pr-owner-number [2ms]
2023-11-18 14:22:13.182 [info] > git config --get commit.template [13ms]
2023-11-18 14:22:13.183 [info] > git for-each-ref --format=%(refname)%00%(upstream:short)%00%(objectname)%00%(upstream:track)%00%(upstream:remotename)%00%(upstream:remoteref) refs/heads/main refs/remotes/main [2ms]
2023-11-18 14:22:13.237 [info] > git status -z -uall [44ms]
2023-11-18 14:27:13.294 [info] > git config --local branch.main.github-pr-owner-number [2ms]
2023-11-18 14:27:13.320 [info] > git config --get commit.template [14ms]
2023-11-18 14:27:13.321 [info] > git for-each-ref --format=%(refname)%00%(upstream:short)%00%(objectname)%00%(upstream:track)%00%(upstream:remotename)%00%(upstream:remoteref) refs/heads/main refs/remotes/main [3ms]
2023-11-18 14:27:13.373 [info] > git status -z -uall [41ms]
2023-11-18 14:32:13.426 [info] > git config --local branch.main.github-pr-owner-number [2ms]
2023-11-18 14:32:13.448 [info] > git config --get commit.template [11ms]
2023-11-18 14:32:13.450 [info] > git for-each-ref --format=%(refname)%00%(upstream:short)%00%(objectname)%00%(upstream:track)%00%(upstream:remotename)%00%(upstream:remoteref) refs/heads/main refs/remotes/main [2ms]
2023-11-18 14:32:13.507 [info] > git status -z -uall [47ms]
2023-11-18 14:37:13.552 [info] > git config --local branch.main.github-pr-owner-number [2ms]
2023-11-18 14:37:13.576 [info] > git config --get commit.template [12ms]
2023-11-18 14:37:13.577 [info] > git for-each-ref --format=%(refname)%00%(upstream:short)%00%(objectname)%00%(upstream:track)%00%(upstream:remotename)%00%(upstream:remoteref) refs/heads/main refs/remotes/main [2ms]
2023-11-18 14:37:13.634 [info] > git status -z -uall [48ms]
2023-11-18 14:42:13.684 [info] > git config --local branch.main.github-pr-owner-number [2ms]
2023-11-18 14:42:13.710 [info] > git config --get commit.template [13ms]
2023-11-18 14:42:13.711 [info] > git for-each-ref --format=%(refname)%00%(upstream:short)%00%(objectname)%00%(upstream:track)%00%(upstream:remotename)%00%(upstream:remoteref) refs/heads/main refs/remotes/main [2ms]
2023-11-18 14:42:13.770 [info] > git status -z -uall [46ms]
2023-11-18 14:47:13.825 [info] > git config --local branch.main.github-pr-owner-number [2ms]
2023-11-18 14:47:13.850 [info] > git config --get commit.template [13ms]
2023-11-18 14:47:13.851 [info] > git for-each-ref --format=%(refname)%00%(upstream:short)%00%(objectname)%00%(upstream:track)%00%(upstream:remotename)%00%(upstream:remoteref) refs/heads/main refs/remotes/main [2ms]
2023-11-18 14:47:13.907 [info] > git status -z -uall [45ms]
2023-11-18 14:52:13.956 [info] > git config --local branch.main.github-pr-owner-number [2ms]
2023-11-18 14:52:13.980 [info] > git config --get commit.template [12ms]
2023-11-18 14:52:13.982 [info] > git for-each-ref --format=%(refname)%00%(upstream:short)%00%(objectname)%00%(upstream:track)%00%(upstream:remotename)%00%(upstream:remoteref) refs/heads/main refs/remotes/main [3ms]
2023-11-18 14:52:14.034 [info] > git status -z -uall [41ms]
2023-11-18 14:57:14.079 [info] > git config --local branch.main.github-pr-owner-number [2ms]
2023-11-18 14:57:14.105 [info] > git config --get commit.template [13ms]
2023-11-18 14:57:14.106 [info] > git for-each-ref --format=%(refname)%00%(upstream:short)%00%(objectname)%00%(upstream:track)%00%(upstream:remotename)%00%(upstream:remoteref) refs/heads/main refs/remotes/main [2ms]
2023-11-18 14:57:14.154 [info] > git status -z -uall [39ms]
2023-11-18 15:02:14.204 [info] > git config --local branch.main.github-pr-owner-number [2ms]
2023-11-18 15:02:14.228 [info] > git config --get commit.template [14ms]
2023-11-18 15:02:14.229 [info] > git for-each-ref --format=%(refname)%00%(upstream:short)%00%(objectname)%00%(upstream:track)%00%(upstream:remotename)%00%(upstream:remoteref) refs/heads/main refs/remotes/main [2ms]
2023-11-18 15:02:14.278 [info] > git status -z -uall [39ms]
2023-11-18 15:07:14.329 [info] > git config --local branch.main.github-pr-owner-number [2ms]
2023-11-18 15:07:14.349 [info] > git config --get commit.template [11ms]
2023-11-18 15:07:14.349 [info] > git for-each-ref --format=%(refname)%00%(upstream:short)%00%(objectname)%00%(upstream:track)%00%(upstream:remotename)%00%(upstream:remoteref) refs/heads/main refs/remotes/main [2ms]
2023-11-18 15:07:14.409 [info] > git status -z -uall [51ms]
2023-11-18 15:12:14.458 [info] > git config --local branch.main.github-pr-owner-number [2ms]
2023-11-18 15:12:14.482 [info] > git config --get commit.template [12ms]
2023-11-18 15:12:14.483 [info] > git for-each-ref --format=%(refname)%00%(upstream:short)%00%(objectname)%00%(upstream:track)%00%(upstream:remotename)%00%(upstream:remoteref) refs/heads/main refs/remotes/main [1ms]
2023-11-18 15:12:14.531 [info] > git status -z -uall [39ms]
2023-11-18 15:17:14.592 [info] > git config --local branch.main.github-pr-owner-number [2ms]
2023-11-18 15:17:14.616 [info] > git config --get commit.template [12ms]
2023-11-18 15:17:14.617 [info] > git for-each-ref --format=%(refname)%00%(upstream:short)%00%(objectname)%00%(upstream:track)%00%(upstream:remotename)%00%(upstream:remoteref) refs/heads/main refs/remotes/main [2ms]
2023-11-18 15:17:14.667 [info] > git status -z -uall [39ms]
2023-11-18 15:22:14.718 [info] > git config --local branch.main.github-pr-owner-number [2ms]
2023-11-18 15:22:14.740 [info] > git config --get commit.template [10ms]
2023-11-18 15:22:14.741 [info] > git for-each-ref --format=%(refname)%00%(upstream:short)%00%(objectname)%00%(upstream:track)%00%(upstream:remotename)%00%(upstream:remoteref) refs/heads/main refs/remotes/main [2ms]
2023-11-18 15:22:14.789 [info] > git status -z -uall [39ms]
2023-11-18 15:27:14.841 [info] > git config --local branch.main.github-pr-owner-number [2ms]
2023-11-18 15:27:14.865 [info] > git config --get commit.template [13ms]
2023-11-18 15:27:14.866 [info] > git for-each-ref --format=%(refname)%00%(upstream:short)%00%(objectname)%00%(upstream:track)%00%(upstream:remotename)%00%(upstream:remoteref) refs/heads/main refs/remotes/main [2ms]
2023-11-18 15:27:14.926 [info] > git status -z -uall [47ms]
2023-11-18 15:32:14.982 [info] > git config --local branch.main.github-pr-owner-number [2ms]
2023-11-18 15:32:15.006 [info] > git config --get commit.template [12ms]
2023-11-18 15:32:15.007 [info] > git for-each-ref --format=%(refname)%00%(upstream:short)%00%(objectname)%00%(upstream:track)%00%(upstream:remotename)%00%(upstream:remoteref) refs/heads/main refs/remotes/main [2ms]
2023-11-18 15:32:15.059 [info] > git status -z -uall [39ms]
2023-11-18 15:37:15.110 [info] > git config --local branch.main.github-pr-owner-number [2ms]
2023-11-18 15:37:15.135 [info] > git config --get commit.template [12ms]
2023-11-18 15:37:15.136 [info] > git for-each-ref --format=%(refname)%00%(upstream:short)%00%(objectname)%00%(upstream:track)%00%(upstream:remotename)%00%(upstream:remoteref) refs/heads/main refs/remotes/main [2ms]
2023-11-18 15:37:15.186 [info] > git status -z -uall [39ms]
2023-11-18 15:42:15.239 [info] > git config --local branch.main.github-pr-owner-number [2ms]
2023-11-18 15:42:15.263 [info] > git config --get commit.template [14ms]
2023-11-18 15:42:15.264 [info] > git for-each-ref --format=%(refname)%00%(upstream:short)%00%(objectname)%00%(upstream:track)%00%(upstream:remotename)%00%(upstream:remoteref) refs/heads/main refs/remotes/main [2ms]
2023-11-18 15:42:15.315 [info] > git status -z -uall [40ms]
2023-11-18 15:47:15.367 [info] > git config --local branch.main.github-pr-owner-number [1ms]
2023-11-18 15:47:15.377 [info] > git config --get commit.template [1ms]
2023-11-18 15:47:15.388 [info] > git for-each-ref --format=%(refname)%00%(upstream:short)%00%(objectname)%00%(upstream:track)%00%(upstream:remotename)%00%(upstream:remoteref) refs/heads/main refs/remotes/main [1ms]
2023-11-18 15:47:15.450 [info] > git status -z -uall [49ms]
2023-11-18 15:52:15.499 [info] > git config --local branch.main.github-pr-owner-number [2ms]
2023-11-18 15:52:15.521 [info] > git config --get commit.template [10ms]
2023-11-18 15:52:15.521 [info] > git for-each-ref --format=%(refname)%00%(upstream:short)%00%(objectname)%00%(upstream:track)%00%(upstream:remotename)%00%(upstream:remoteref) refs/heads/main refs/remotes/main [2ms]
2023-11-18 15:52:15.576 [info] > git status -z -uall [43ms]
2023-11-18 15:57:15.626 [info] > git config --local branch.main.github-pr-owner-number [2ms]
2023-11-18 15:57:15.651 [info] > git config --get commit.template [12ms]
2023-11-18 15:57:15.652 [info] > git for-each-ref --format=%(refname)%00%(upstream:short)%00%(objectname)%00%(upstream:track)%00%(upstream:remotename)%00%(upstream:remoteref) refs/heads/main refs/remotes/main [3ms]
2023-11-18 15:57:15.705 [info] > git status -z -uall [41ms]
2023-11-18 16:00:41.926 [info] > git config --get commit.template [11ms]
2023-11-18 16:00:41.928 [info] > git for-each-ref --format=%(refname)%00%(upstream:short)%00%(objectname)%00%(upstream:track)%00%(upstream:remotename)%00%(upstream:remoteref) refs/heads/main refs/remotes/main [3ms]
2023-11-18 16:00:41.981 [info] > git status -z -uall [44ms]
2023-11-18 16:00:47.048 [info] > git config --get commit.template [13ms]
2023-11-18 16:00:47.049 [info] > git for-each-ref --format=%(refname)%00%(upstream:short)%00%(objectname)%00%(upstream:track)%00%(upstream:remotename)%00%(upstream:remoteref) refs/heads/main refs/remotes/main [3ms]
2023-11-18 16:00:47.102 [info] > git status -z -uall [42ms]
2023-11-18 16:00:47.415 [info] > git check-ignore -v -z --stdin [8ms]
2023-11-18 16:00:49.325 [info] > git check-ignore -v -z --stdin [4ms]
2023-11-18 16:00:51.566 [info] > git show --textconv :4BMW/database/migrations/2014_10_12_000000_create_users_table.php [29ms]
2023-11-18 16:00:51.573 [info] > git ls-files --stage -- /home/s245/4BMW/database/migrations/2014_10_12_000000_create_users_table.php [10ms]
2023-11-18 16:00:51.596 [info] > git cat-file -s 444fafb7f5328e7adee2e409be0ee197ccaf1940 [9ms]
2023-11-18 16:00:51.863 [info] > git show --textconv :4BMW/database/migrations/2014_10_12_100000_create_password_reset_tokens_table.php [16ms]
2023-11-18 16:00:51.867 [info] > git ls-files --stage -- /home/s245/4BMW/database/migrations/2014_10_12_100000_create_password_reset_tokens_table.php [4ms]
2023-11-18 16:00:51.882 [info] > git cat-file -s 81a7229b085acceacba99220d098fd156abc4eb4 [2ms]
2023-11-18 16:00:52.162 [info] > git config --get commit.template [15ms]
2023-11-18 16:00:52.163 [info] > git for-each-ref --format=%(refname)%00%(upstream:short)%00%(objectname)%00%(upstream:track)%00%(upstream:remotename)%00%(upstream:remoteref) refs/heads/main refs/remotes/main [3ms]
2023-11-18 16:00:52.227 [info] > git status -z -uall [52ms]
2023-11-18 16:00:53.630 [info] > git show --textconv :4BMW/database/migrations/2019_08_19_000000_create_failed_jobs_table.php [11ms]
2023-11-18 16:00:53.631 [info] > git ls-files --stage -- /home/s245/4BMW/database/migrations/2019_08_19_000000_create_failed_jobs_table.php [2ms]
2023-11-18 16:00:53.644 [info] > git cat-file -s 249da8171acd0816601ccb095c3320393e66dea6 [2ms]
2023-11-18 16:00:54.965 [info] > git show --textconv :4BMW/database/migrations/2019_12_14_000001_create_personal_access_tokens_table.php [14ms]
2023-11-18 16:00:54.968 [info] > git ls-files --stage -- /home/s245/4BMW/database/migrations/2019_12_14_000001_create_personal_access_tokens_table.php [5ms]
2023-11-18 16:00:54.983 [info] > git cat-file -s e828ad8189ee7c270c24be93f2eb73d833c0da87 [2ms]
2023-11-18 16:00:57.294 [info] > git config --get commit.template [15ms]
2023-11-18 16:00:57.296 [info] > git for-each-ref --format=%(refname)%00%(upstream:short)%00%(objectname)%00%(upstream:track)%00%(upstream:remotename)%00%(upstream:remoteref) refs/heads/main refs/remotes/main [3ms]
2023-11-18 16:00:57.353 [info] > git status -z -uall [45ms]
2023-11-18 16:01:02.399 [info] > git config --get commit.template [12ms]
2023-11-18 16:01:02.400 [info] > git for-each-ref --format=%(refname)%00%(upstream:short)%00%(objectname)%00%(upstream:track)%00%(upstream:remotename)%00%(upstream:remoteref) refs/heads/main refs/remotes/main [1ms]
2023-11-18 16:01:02.450 [info] > git status -z -uall [39ms]
2023-11-18 16:01:07.510 [info] > git config --get commit.template [12ms]
2023-11-18 16:01:07.512 [info] > git for-each-ref --format=%(refname)%00%(upstream:short)%00%(objectname)%00%(upstream:track)%00%(upstream:remotename)%00%(upstream:remoteref) refs/heads/main refs/remotes/main [2ms]
2023-11-18 16:01:07.559 [info] > git status -z -uall [38ms]
2023-11-18 16:01:12.620 [info] > git config --get commit.template [15ms]
2023-11-18 16:01:12.621 [info] > git for-each-ref --format=%(refname)%00%(upstream:short)%00%(objectname)%00%(upstream:track)%00%(upstream:remotename)%00%(upstream:remoteref) refs/heads/main refs/remotes/main [2ms]
2023-11-18 16:01:12.675 [info] > git status -z -uall [42ms]
2023-11-18 16:01:17.732 [info] > git config --get commit.template [13ms]
2023-11-18 16:01:17.733 [info] > git for-each-ref --format=%(refname)%00%(upstream:short)%00%(objectname)%00%(upstream:track)%00%(upstream:remotename)%00%(upstream:remoteref) refs/heads/main refs/remotes/main [2ms]
2023-11-18 16:01:17.782 [info] > git status -z -uall [39ms]
2023-11-18 16:01:24.251 [info] > git config --get commit.template [15ms]
2023-11-18 16:01:24.252 [info] > git for-each-ref --format=%(refname)%00%(upstream:short)%00%(objectname)%00%(upstream:track)%00%(upstream:remotename)%00%(upstream:remoteref) refs/heads/main refs/remotes/main [3ms]
2023-11-18 16:01:24.304 [info] > git status -z -uall [38ms]
2023-11-18 16:01:30.246 [info] > git config --get commit.template [9ms]
2023-11-18 16:01:30.246 [info] > git for-each-ref --format=%(refname)%00%(upstream:short)%00%(objectname)%00%(upstream:track)%00%(upstream:remotename)%00%(upstream:remoteref) refs/heads/main refs/remotes/main [1ms]
2023-11-18 16:01:30.298 [info] > git status -z -uall [39ms]
2023-11-18 16:01:35.352 [info] > git config --get commit.template [12ms]
2023-11-18 16:01:35.352 [info] > git for-each-ref --format=%(refname)%00%(upstream:short)%00%(objectname)%00%(upstream:track)%00%(upstream:remotename)%00%(upstream:remoteref) refs/heads/main refs/remotes/main [2ms]
2023-11-18 16:01:35.402 [info] > git status -z -uall [39ms]
2023-11-18 16:01:40.462 [info] > git config --get commit.template [13ms]
2023-11-18 16:01:40.463 [info] > git for-each-ref --format=%(refname)%00%(upstream:short)%00%(objectname)%00%(upstream:track)%00%(upstream:remotename)%00%(upstream:remoteref) refs/heads/main refs/remotes/main [2ms]
2023-11-18 16:01:40.520 [info] > git status -z -uall [45ms]
2023-11-18 16:01:45.569 [info] > git config --get commit.template [12ms]
2023-11-18 16:01:45.570 [info] > git for-each-ref --format=%(refname)%00%(upstream:short)%00%(objectname)%00%(upstream:track)%00%(upstream:remotename)%00%(upstream:remoteref) refs/heads/main refs/remotes/main [2ms]
2023-11-18 16:01:45.624 [info] > git status -z -uall [43ms]
2023-11-18 16:01:47.217 [info] > git check-ignore -v -z --stdin [5ms]
2023-11-18 16:01:50.684 [info] > git config --get commit.template [15ms]
2023-11-18 16:01:50.684 [info] > git for-each-ref --format=%(refname)%00%(upstream:short)%00%(objectname)%00%(upstream:track)%00%(upstream:remotename)%00%(upstream:remoteref) refs/heads/main refs/remotes/main [2ms]
2023-11-18 16:01:50.749 [info] > git status -z -uall [51ms]
2023-11-18 16:01:51.328 [info] > git show --textconv :4BMW/database/migrations/2023_11_18_160145_create_moto_configurables.php [14ms]
2023-11-18 16:01:51.331 [info] > git ls-files --stage -- /home/s245/4BMW/database/migrations/2023_11_18_160145_create_moto_configurables.php [4ms]
2023-11-18 16:01:55.806 [info] > git config --get commit.template [15ms]
2023-11-18 16:01:55.807 [info] > git for-each-ref --format=%(refname)%00%(upstream:short)%00%(objectname)%00%(upstream:track)%00%(upstream:remotename)%00%(upstream:remoteref) refs/heads/main refs/remotes/main [2ms]
2023-11-18 16:01:55.858 [info] > git status -z -uall [38ms]
2023-11-18 16:02:00.924 [info] > git config --get commit.template [15ms]
2023-11-18 16:02:00.925 [info] > git for-each-ref --format=%(refname)%00%(upstream:short)%00%(objectname)%00%(upstream:track)%00%(upstream:remotename)%00%(upstream:remoteref) refs/heads/main refs/remotes/main [2ms]
2023-11-18 16:02:00.975 [info] > git status -z -uall [38ms]
2023-11-18 16:02:06.034 [info] > git config --get commit.template [16ms]
2023-11-18 16:02:06.035 [info] > git for-each-ref --format=%(refname)%00%(upstream:short)%00%(objectname)%00%(upstream:track)%00%(upstream:remotename)%00%(upstream:remoteref) refs/heads/main refs/remotes/main [2ms]
2023-11-18 16:02:06.087 [info] > git status -z -uall [39ms]
2023-11-18 16:02:11.146 [info] > git config --get commit.template [14ms]
2023-11-18 16:02:11.148 [info] > git for-each-ref --format=%(refname)%00%(upstream:short)%00%(objectname)%00%(upstream:track)%00%(upstream:remotename)%00%(upstream:remoteref) refs/heads/main refs/remotes/main [2ms]
2023-11-18 16:02:11.198 [info] > git status -z -uall [37ms]
2023-11-18 16:02:15.762 [info] > git config --local branch.main.github-pr-owner-number [2ms]
2023-11-18 16:02:15.775 [info] > git config --get commit.template [1ms]
2023-11-18 16:02:15.791 [info] > git for-each-ref --format=%(refname)%00%(upstream:short)%00%(objectname)%00%(upstream:track)%00%(upstream:remotename)%00%(upstream:remoteref) refs/heads/main refs/remotes/main [3ms]
2023-11-18 16:02:15.845 [info] > git status -z -uall [41ms]
2023-11-18 16:02:16.250 [info] > git config --get commit.template [13ms]
2023-11-18 16:02:16.251 [info] > git for-each-ref --format=%(refname)%00%(upstream:short)%00%(objectname)%00%(upstream:track)%00%(upstream:remotename)%00%(upstream:remoteref) refs/heads/main refs/remotes/main [2ms]
2023-11-18 16:02:16.304 [info] > git status -z -uall [41ms]
2023-11-18 16:02:22.534 [info] > git config --get commit.template [19ms]
2023-11-18 16:02:22.535 [info] > git for-each-ref --format=%(refname)%00%(upstream:short)%00%(objectname)%00%(upstream:track)%00%(upstream:remotename)%00%(upstream:remoteref) refs/heads/main refs/remotes/main [3ms]
2023-11-18 16:02:22.590 [info] > git status -z -uall [42ms]
2023-11-18 16:02:27.547 [info] > git show --textconv :4BMW/database/migrations/2023_11_18_160145_create_moto_configurables.php [15ms]
2023-11-18 16:02:27.550 [info] > git ls-files --stage -- /home/s245/4BMW/database/migrations/2023_11_18_160145_create_moto_configurables.php [4ms]
2023-11-18 16:02:27.641 [info] > git config --get commit.template [12ms]
2023-11-18 16:02:27.641 [info] > git for-each-ref --format=%(refname)%00%(upstream:short)%00%(objectname)%00%(upstream:track)%00%(upstream:remotename)%00%(upstream:remoteref) refs/heads/main refs/remotes/main [2ms]
2023-11-18 16:02:27.695 [info] > git status -z -uall [40ms]
2023-11-18 16:02:32.754 [info] > git config --get commit.template [14ms]
2023-11-18 16:02:32.755 [info] > git for-each-ref --format=%(refname)%00%(upstream:short)%00%(objectname)%00%(upstream:track)%00%(upstream:remotename)%00%(upstream:remoteref) refs/heads/main refs/remotes/main [3ms]
2023-11-18 16:02:32.807 [info] > git status -z -uall [39ms]
2023-11-18 16:02:37.863 [info] > git config --get commit.template [14ms]
2023-11-18 16:02:37.864 [info] > git for-each-ref --format=%(refname)%00%(upstream:short)%00%(objectname)%00%(upstream:track)%00%(upstream:remotename)%00%(upstream:remoteref) refs/heads/main refs/remotes/main [2ms]
2023-11-18 16:02:37.912 [info] > git status -z -uall [37ms]
2023-11-18 16:02:49.487 [info] > git config --get commit.template [16ms]
2023-11-18 16:02:49.488 [info] > git for-each-ref --format=%(refname)%00%(upstream:short)%00%(objectname)%00%(upstream:track)%00%(upstream:remotename)%00%(upstream:remoteref) refs/heads/main refs/remotes/main [2ms]
2023-11-18 16:02:49.541 [info] > git status -z -uall [42ms]
2023-11-18 16:02:52.401 [info] > git show --textconv :4BMW/database/migrations/2023_11_18_160145_create_moto_configurables.php [13ms]
2023-11-18 16:02:52.403 [info] > git ls-files --stage -- /home/s245/4BMW/database/migrations/2023_11_18_160145_create_moto_configurables.php [4ms]
2023-11-18 16:02:54.602 [info] > git config --get commit.template [16ms]
2023-11-18 16:02:54.603 [info] > git for-each-ref --format=%(refname)%00%(upstream:short)%00%(objectname)%00%(upstream:track)%00%(upstream:remotename)%00%(upstream:remoteref) refs/heads/main refs/remotes/main [2ms]
2023-11-18 16:02:54.658 [info] > git status -z -uall [41ms]
2023-11-18 16:02:59.714 [info] > git config --get commit.template [12ms]
2023-11-18 16:02:59.714 [info] > git for-each-ref --format=%(refname)%00%(upstream:short)%00%(objectname)%00%(upstream:track)%00%(upstream:remotename)%00%(upstream:remoteref) refs/heads/main refs/remotes/main [2ms]
2023-11-18 16:02:59.767 [info] > git status -z -uall [39ms]
2023-11-18 16:03:04.819 [info] > git config --get commit.template [14ms]
2023-11-18 16:03:04.820 [info] > git for-each-ref --format=%(refname)%00%(upstream:short)%00%(objectname)%00%(upstream:track)%00%(upstream:remotename)%00%(upstream:remoteref) refs/heads/main refs/remotes/main [2ms]
2023-11-18 16:03:04.871 [info] > git status -z -uall [39ms]
2023-11-18 16:03:09.933 [info] > git config --get commit.template [13ms]
2023-11-18 16:03:09.934 [info] > git for-each-ref --format=%(refname)%00%(upstream:short)%00%(objectname)%00%(upstream:track)%00%(upstream:remotename)%00%(upstream:remoteref) refs/heads/main refs/remotes/main [2ms]
2023-11-18 16:03:09.987 [info] > git status -z -uall [39ms]
2023-11-18 16:03:15.046 [info] > git config --get commit.template [14ms]
2023-11-18 16:03:15.047 [info] > git for-each-ref --format=%(refname)%00%(upstream:short)%00%(objectname)%00%(upstream:track)%00%(upstream:remotename)%00%(upstream:remoteref) refs/heads/main refs/remotes/main [2ms]
2023-11-18 16:03:15.097 [info] > git status -z -uall [40ms]
2023-11-18 16:03:20.149 [info] > git config --get commit.template [14ms]
2023-11-18 16:03:20.150 [info] > git for-each-ref --format=%(refname)%00%(upstream:short)%00%(objectname)%00%(upstream:track)%00%(upstream:remotename)%00%(upstream:remoteref) refs/heads/main refs/remotes/main [3ms]
2023-11-18 16:03:20.203 [info] > git status -z -uall [38ms]
2023-11-18 16:03:25.262 [info] > git config --get commit.template [14ms]
2023-11-18 16:03:25.270 [info] > git for-each-ref --format=%(refname)%00%(upstream:short)%00%(objectname)%00%(upstream:track)%00%(upstream:remotename)%00%(upstream:remoteref) refs/heads/main refs/remotes/main [10ms]
2023-11-18 16:03:25.326 [info] > git status -z -uall [37ms]
2023-11-18 16:03:30.393 [info] > git config --get commit.template [18ms]
2023-11-18 16:03:30.394 [info] > git for-each-ref --format=%(refname)%00%(upstream:short)%00%(objectname)%00%(upstream:track)%00%(upstream:remotename)%00%(upstream:remoteref) refs/heads/main refs/remotes/main [2ms]
2023-11-18 16:03:30.458 [info] > git status -z -uall [49ms]
2023-11-18 16:03:37.942 [info] > git config --get commit.template [11ms]
2023-11-18 16:03:37.943 [info] > git for-each-ref --format=%(refname)%00%(upstream:short)%00%(objectname)%00%(upstream:track)%00%(upstream:remotename)%00%(upstream:remoteref) refs/heads/main refs/remotes/main [2ms]
2023-11-18 16:03:37.991 [info] > git status -z -uall [37ms]
2023-11-18 16:03:43.049 [info] > git config --get commit.template [13ms]
2023-11-18 16:03:43.050 [info] > git for-each-ref --format=%(refname)%00%(upstream:short)%00%(objectname)%00%(upstream:track)%00%(upstream:remotename)%00%(upstream:remoteref) refs/heads/main refs/remotes/main [3ms]
2023-11-18 16:03:43.102 [info] > git status -z -uall [38ms]
2023-11-18 16:03:48.157 [info] > git config --get commit.template [14ms]
2023-11-18 16:03:48.157 [info] > git for-each-ref --format=%(refname)%00%(upstream:short)%00%(objectname)%00%(upstream:track)%00%(upstream:remotename)%00%(upstream:remoteref) refs/heads/main refs/remotes/main [2ms]
2023-11-18 16:03:48.207 [info] > git status -z -uall [37ms]
2023-11-18 16:03:53.268 [info] > git config --get commit.template [16ms]
2023-11-18 16:03:53.269 [info] > git for-each-ref --format=%(refname)%00%(upstream:short)%00%(objectname)%00%(upstream:track)%00%(upstream:remotename)%00%(upstream:remoteref) refs/heads/main refs/remotes/main [3ms]
2023-11-18 16:03:53.322 [info] > git status -z -uall [40ms]
2023-11-18 16:03:58.379 [info] > git config --get commit.template [15ms]
2023-11-18 16:03:58.380 [info] > git for-each-ref --format=%(refname)%00%(upstream:short)%00%(objectname)%00%(upstream:track)%00%(upstream:remotename)%00%(upstream:remoteref) refs/heads/main refs/remotes/main [2ms]
2023-11-18 16:03:58.437 [info] > git status -z -uall [44ms]
2023-11-18 16:04:03.493 [info] > git config --get commit.template [12ms]
2023-11-18 16:04:03.494 [info] > git for-each-ref --format=%(refname)%00%(upstream:short)%00%(objectname)%00%(upstream:track)%00%(upstream:remotename)%00%(upstream:remoteref) refs/heads/main refs/remotes/main [3ms]
2023-11-18 16:04:03.548 [info] > git status -z -uall [39ms]
2023-11-18 16:04:08.606 [info] > git config --get commit.template [17ms]
2023-11-18 16:04:08.607 [info] > git for-each-ref --format=%(refname)%00%(upstream:short)%00%(objectname)%00%(upstream:track)%00%(upstream:remotename)%00%(upstream:remoteref) refs/heads/main refs/remotes/main [3ms]
2023-11-18 16:04:08.663 [info] > git status -z -uall [44ms]
2023-11-18 16:04:13.724 [info] > git config --get commit.template [16ms]
2023-11-18 16:04:13.725 [info] > git for-each-ref --format=%(refname)%00%(upstream:short)%00%(objectname)%00%(upstream:track)%00%(upstream:remotename)%00%(upstream:remoteref) refs/heads/main refs/remotes/main [2ms]
2023-11-18 16:04:13.780 [info] > git status -z -uall [41ms]
2023-11-18 16:04:18.834 [info] > git config --get commit.template [12ms]
2023-11-18 16:04:18.836 [info] > git for-each-ref --format=%(refname)%00%(upstream:short)%00%(objectname)%00%(upstream:track)%00%(upstream:remotename)%00%(upstream:remoteref) refs/heads/main refs/remotes/main [3ms]
2023-11-18 16:04:18.886 [info] > git status -z -uall [41ms]
2023-11-18 16:04:23.942 [info] > git config --get commit.template [13ms]
2023-11-18 16:04:23.943 [info] > git for-each-ref --format=%(refname)%00%(upstream:short)%00%(objectname)%00%(upstream:track)%00%(upstream:remotename)%00%(upstream:remoteref) refs/heads/main refs/remotes/main [2ms]
2023-11-18 16:04:23.993 [info] > git status -z -uall [39ms]
2023-11-18 16:04:29.049 [info] > git for-each-ref --format=%(refname)%00%(upstream:short)%00%(objectname)%00%(upstream:track)%00%(upstream:remotename)%00%(upstream:remoteref) refs/heads/main refs/remotes/main [1ms]
2023-11-18 16:04:29.049 [info] > git config --get commit.template [13ms]
2023-11-18 16:04:29.103 [info] > git status -z -uall [41ms]
2023-11-18 16:04:34.163 [info] > git config --get commit.template [14ms]
2023-11-18 16:04:34.164 [info] > git for-each-ref --format=%(refname)%00%(upstream:short)%00%(objectname)%00%(upstream:track)%00%(upstream:remotename)%00%(upstream:remoteref) refs/heads/main refs/remotes/main [2ms]
2023-11-18 16:04:34.214 [info] > git status -z -uall [38ms]
2023-11-18 16:04:39.270 [info] > git config --get commit.template [12ms]
2023-11-18 16:04:39.271 [info] > git for-each-ref --format=%(refname)%00%(upstream:short)%00%(objectname)%00%(upstream:track)%00%(upstream:remotename)%00%(upstream:remoteref) refs/heads/main refs/remotes/main [2ms]
2023-11-18 16:04:39.324 [info] > git status -z -uall [42ms]
2023-11-18 16:04:44.376 [info] > git config --get commit.template [14ms]
2023-11-18 16:04:44.377 [info] > git for-each-ref --format=%(refname)%00%(upstream:short)%00%(objectname)%00%(upstream:track)%00%(upstream:remotename)%00%(upstream:remoteref) refs/heads/main refs/remotes/main [3ms]
2023-11-18 16:04:44.427 [info] > git status -z -uall [37ms]
2023-11-18 16:04:49.486 [info] > git config --get commit.template [13ms]
2023-11-18 16:04:49.487 [info] > git for-each-ref --format=%(refname)%00%(upstream:short)%00%(objectname)%00%(upstream:track)%00%(upstream:remotename)%00%(upstream:remoteref) refs/heads/main refs/remotes/main [2ms]
2023-11-18 16:04:49.537 [info] > git status -z -uall [38ms]
2023-11-18 16:04:54.594 [info] > git config --get commit.template [13ms]
2023-11-18 16:04:54.595 [info] > git for-each-ref --format=%(refname)%00%(upstream:short)%00%(objectname)%00%(upstream:track)%00%(upstream:remotename)%00%(upstream:remoteref) refs/heads/main refs/remotes/main [3ms]
2023-11-18 16:04:54.647 [info] > git status -z -uall [39ms]
2023-11-18 16:04:59.709 [info] > git config --get commit.template [18ms]
2023-11-18 16:04:59.710 [info] > git for-each-ref --format=%(refname)%00%(upstream:short)%00%(objectname)%00%(upstream:track)%00%(upstream:remotename)%00%(upstream:remoteref) refs/heads/main refs/remotes/main [3ms]
2023-11-18 16:04:59.762 [info] > git status -z -uall [39ms]
2023-11-18 16:05:04.821 [info] > git config --get commit.template [17ms]
2023-11-18 16:05:04.822 [info] > git for-each-ref --format=%(refname)%00%(upstream:short)%00%(objectname)%00%(upstream:track)%00%(upstream:remotename)%00%(upstream:remoteref) refs/heads/main refs/remotes/main [3ms]
2023-11-18 16:05:04.875 [info] > git status -z -uall [39ms]
2023-11-18 16:05:09.937 [info] > git config --get commit.template [14ms]
2023-11-18 16:05:09.938 [info] > git for-each-ref --format=%(refname)%00%(upstream:short)%00%(objectname)%00%(upstream:track)%00%(upstream:remotename)%00%(upstream:remoteref) refs/heads/main refs/remotes/main [2ms]
2023-11-18 16:05:09.992 [info] > git status -z -uall [42ms]
2023-11-18 16:05:15.050 [info] > git config --get commit.template [13ms]
2023-11-18 16:05:15.050 [info] > git for-each-ref --format=%(refname)%00%(upstream:short)%00%(objectname)%00%(upstream:track)%00%(upstream:remotename)%00%(upstream:remoteref) refs/heads/main refs/remotes/main [2ms]
2023-11-18 16:05:15.099 [info] > git status -z -uall [37ms]
2023-11-18 16:05:20.162 [info] > git config --get commit.template [18ms]
2023-11-18 16:05:20.163 [info] > git for-each-ref --format=%(refname)%00%(upstream:short)%00%(objectname)%00%(upstream:track)%00%(upstream:remotename)%00%(upstream:remoteref) refs/heads/main refs/remotes/main [3ms]
2023-11-18 16:05:20.220 [info] > git status -z -uall [40ms]
2023-11-18 16:05:25.283 [info] > git config --get commit.template [16ms]
2023-11-18 16:05:25.284 [info] > git for-each-ref --format=%(refname)%00%(upstream:short)%00%(objectname)%00%(upstream:track)%00%(upstream:remotename)%00%(upstream:remoteref) refs/heads/main refs/remotes/main [3ms]
2023-11-18 16:05:25.333 [info] > git status -z -uall [37ms]
2023-11-18 16:05:30.390 [info] > git config --get commit.template [14ms]
2023-11-18 16:05:30.391 [info] > git for-each-ref --format=%(refname)%00%(upstream:short)%00%(objectname)%00%(upstream:track)%00%(upstream:remotename)%00%(upstream:remoteref) refs/heads/main refs/remotes/main [3ms]
2023-11-18 16:05:30.443 [info] > git status -z -uall [39ms]
2023-11-18 16:05:35.490 [info] > git config --get commit.template [2ms]
2023-11-18 16:05:35.505 [info] > git for-each-ref --format=%(refname)%00%(upstream:short)%00%(objectname)%00%(upstream:track)%00%(upstream:remotename)%00%(upstream:remoteref) refs/heads/main refs/remotes/main [2ms]
2023-11-18 16:05:35.559 [info] > git status -z -uall [41ms]
2023-11-18 16:05:40.618 [info] > git config --get commit.template [13ms]
2023-11-18 16:05:40.619 [info] > git for-each-ref --format=%(refname)%00%(upstream:short)%00%(objectname)%00%(upstream:track)%00%(upstream:remotename)%00%(upstream:remoteref) refs/heads/main refs/remotes/main [2ms]
2023-11-18 16:05:40.680 [info] > git status -z -uall [47ms]
2023-11-18 16:05:45.739 [info] > git config --get commit.template [16ms]
2023-11-18 16:05:45.740 [info] > git for-each-ref --format=%(refname)%00%(upstream:short)%00%(objectname)%00%(upstream:track)%00%(upstream:remotename)%00%(upstream:remoteref) refs/heads/main refs/remotes/main [3ms]
2023-11-18 16:05:45.797 [info] > git status -z -uall [44ms]
2023-11-18 16:05:50.852 [info] > git config --get commit.template [12ms]
2023-11-18 16:05:50.852 [info] > git for-each-ref --format=%(refname)%00%(upstream:short)%00%(objectname)%00%(upstream:track)%00%(upstream:remotename)%00%(upstream:remoteref) refs/heads/main refs/remotes/main [2ms]
2023-11-18 16:05:50.908 [info] > git status -z -uall [44ms]
2023-11-18 16:05:55.969 [info] > git config --get commit.template [13ms]
2023-11-18 16:05:55.970 [info] > git for-each-ref --format=%(refname)%00%(upstream:short)%00%(objectname)%00%(upstream:track)%00%(upstream:remotename)%00%(upstream:remoteref) refs/heads/main refs/remotes/main [3ms]
2023-11-18 16:05:56.023 [info] > git status -z -uall [40ms]
2023-11-18 16:06:01.079 [info] > git config --get commit.template [12ms]
2023-11-18 16:06:01.079 [info] > git for-each-ref --format=%(refname)%00%(upstream:short)%00%(objectname)%00%(upstream:track)%00%(upstream:remotename)%00%(upstream:remoteref) refs/heads/main refs/remotes/main [2ms]
2023-11-18 16:06:01.130 [info] > git status -z -uall [37ms]
2023-11-18 16:06:06.189 [info] > git config --get commit.template [14ms]
2023-11-18 16:06:06.190 [info] > git for-each-ref --format=%(refname)%00%(upstream:short)%00%(objectname)%00%(upstream:track)%00%(upstream:remotename)%00%(upstream:remoteref) refs/heads/main refs/remotes/main [2ms]
2023-11-18 16:06:06.239 [info] > git status -z -uall [37ms]
2023-11-18 16:06:11.300 [info] > git config --get commit.template [14ms]
2023-11-18 16:06:11.301 [info] > git for-each-ref --format=%(refname)%00%(upstream:short)%00%(objectname)%00%(upstream:track)%00%(upstream:remotename)%00%(upstream:remoteref) refs/heads/main refs/remotes/main [2ms]
2023-11-18 16:06:11.351 [info] > git status -z -uall [38ms]
2023-11-18 16:06:16.410 [info] > git config --get commit.template [14ms]
2023-11-18 16:06:16.411 [info] > git for-each-ref --format=%(refname)%00%(upstream:short)%00%(objectname)%00%(upstream:track)%00%(upstream:remotename)%00%(upstream:remoteref) refs/heads/main refs/remotes/main [2ms]
2023-11-18 16:06:16.462 [info] > git status -z -uall [40ms]
2023-11-18 16:06:21.518 [info] > git config --get commit.template [14ms]
2023-11-18 16:06:21.519 [info] > git for-each-ref --format=%(refname)%00%(upstream:short)%00%(objectname)%00%(upstream:track)%00%(upstream:remotename)%00%(upstream:remoteref) refs/heads/main refs/remotes/main [2ms]
2023-11-18 16:06:21.576 [info] > git status -z -uall [46ms]
2023-11-18 16:06:26.637 [info] > git config --get commit.template [15ms]
2023-11-18 16:06:26.638 [info] > git for-each-ref --format=%(refname)%00%(upstream:short)%00%(objectname)%00%(upstream:track)%00%(upstream:remotename)%00%(upstream:remoteref) refs/heads/main refs/remotes/main [3ms]
2023-11-18 16:06:26.692 [info] > git status -z -uall [41ms]
2023-11-18 16:06:31.751 [info] > git config --get commit.template [15ms]
2023-11-18 16:06:31.752 [info] > git for-each-ref --format=%(refname)%00%(upstream:short)%00%(objectname)%00%(upstream:track)%00%(upstream:remotename)%00%(upstream:remoteref) refs/heads/main refs/remotes/main [2ms]
2023-11-18 16:06:31.803 [info] > git status -z -uall [38ms]
2023-11-18 16:06:36.874 [info] > git config --get commit.template [16ms]
2023-11-18 16:06:36.875 [info] > git for-each-ref --format=%(refname)%00%(upstream:short)%00%(objectname)%00%(upstream:track)%00%(upstream:remotename)%00%(upstream:remoteref) refs/heads/main refs/remotes/main [2ms]
2023-11-18 16:06:36.932 [info] > git status -z -uall [43ms]
2023-11-18 16:06:41.992 [info] > git config --get commit.template [14ms]
2023-11-18 16:06:41.993 [info] > git for-each-ref --format=%(refname)%00%(upstream:short)%00%(objectname)%00%(upstream:track)%00%(upstream:remotename)%00%(upstream:remoteref) refs/heads/main refs/remotes/main [3ms]
2023-11-18 16:06:42.043 [info] > git status -z -uall [38ms]
2023-11-18 16:06:47.096 [info] > git config --get commit.template [13ms]
2023-11-18 16:06:47.096 [info] > git for-each-ref --format=%(refname)%00%(upstream:short)%00%(objectname)%00%(upstream:track)%00%(upstream:remotename)%00%(upstream:remoteref) refs/heads/main refs/remotes/main [1ms]
2023-11-18 16:06:47.144 [info] > git status -z -uall [37ms]
2023-11-18 16:06:47.468 [info] > git show --textconv :4BMW/database/migrations/2023_11_18_160145_create_moto_configurables.php [17ms]
2023-11-18 16:06:47.471 [info] > git ls-files --stage -- /home/s245/4BMW/database/migrations/2023_11_18_160145_create_moto_configurables.php [4ms]
2023-11-18 16:06:52.204 [info] > git config --get commit.template [14ms]
2023-11-18 16:06:52.204 [info] > git for-each-ref --format=%(refname)%00%(upstream:short)%00%(objectname)%00%(upstream:track)%00%(upstream:remotename)%00%(upstream:remoteref) refs/heads/main refs/remotes/main [2ms]
2023-11-18 16:06:52.264 [info] > git status -z -uall [45ms]
2023-11-18 16:06:57.323 [info] > git config --get commit.template [15ms]
2023-11-18 16:06:57.324 [info] > git for-each-ref --format=%(refname)%00%(upstream:short)%00%(objectname)%00%(upstream:track)%00%(upstream:remotename)%00%(upstream:remoteref) refs/heads/main refs/remotes/main [2ms]
2023-11-18 16:06:57.378 [info] > git status -z -uall [40ms]
2023-11-18 16:07:04.860 [info] > git config --get commit.template [16ms]
2023-11-18 16:07:04.862 [info] > git for-each-ref --format=%(refname)%00%(upstream:short)%00%(objectname)%00%(upstream:track)%00%(upstream:remotename)%00%(upstream:remoteref) refs/heads/main refs/remotes/main [2ms]
2023-11-18 16:07:04.913 [info] > git status -z -uall [37ms]
2023-11-18 16:07:13.826 [info] > git config --get commit.template [16ms]
2023-11-18 16:07:13.827 [info] > git for-each-ref --format=%(refname)%00%(upstream:short)%00%(objectname)%00%(upstream:track)%00%(upstream:remotename)%00%(upstream:remoteref) refs/heads/main refs/remotes/main [3ms]
2023-11-18 16:07:13.876 [info] > git status -z -uall [37ms]
2023-11-18 16:07:15.892 [info] > git config --local branch.main.github-pr-owner-number [2ms]
2023-11-18 16:07:15.922 [info] > git config --get commit.template [16ms]
2023-11-18 16:07:15.923 [info] > git for-each-ref --format=%(refname)%00%(upstream:short)%00%(objectname)%00%(upstream:track)%00%(upstream:remotename)%00%(upstream:remoteref) refs/heads/main refs/remotes/main [2ms]
2023-11-18 16:07:15.976 [info] > git status -z -uall [41ms]
2023-11-18 16:07:18.934 [info] > git config --get commit.template [13ms]
2023-11-18 16:07:18.935 [info] > git for-each-ref --format=%(refname)%00%(upstream:short)%00%(objectname)%00%(upstream:track)%00%(upstream:remotename)%00%(upstream:remoteref) refs/heads/main refs/remotes/main [2ms]
2023-11-18 16:07:18.987 [info] > git status -z -uall [42ms]
2023-11-18 16:07:24.042 [info] > git config --get commit.template [14ms]
2023-11-18 16:07:24.043 [info] > git for-each-ref --format=%(refname)%00%(upstream:short)%00%(objectname)%00%(upstream:track)%00%(upstream:remotename)%00%(upstream:remoteref) refs/heads/main refs/remotes/main [2ms]
2023-11-18 16:07:24.092 [info] > git status -z -uall [38ms]
2023-11-18 16:07:29.151 [info] > git config --get commit.template [15ms]
2023-11-18 16:07:29.151 [info] > git for-each-ref --format=%(refname)%00%(upstream:short)%00%(objectname)%00%(upstream:track)%00%(upstream:remotename)%00%(upstream:remoteref) refs/heads/main refs/remotes/main [2ms]
2023-11-18 16:07:29.205 [info] > git status -z -uall [41ms]
2023-11-18 16:08:33.427 [info] > git config --get commit.template [15ms]
2023-11-18 16:08:33.428 [info] > git for-each-ref --format=%(refname)%00%(upstream:short)%00%(objectname)%00%(upstream:track)%00%(upstream:remotename)%00%(upstream:remoteref) refs/heads/main refs/remotes/main [4ms]
2023-11-18 16:08:33.485 [info] > git status -z -uall [46ms]
2023-11-18 16:08:38.552 [info] > git config --get commit.template [15ms]
2023-11-18 16:08:38.553 [info] > git for-each-ref --format=%(refname)%00%(upstream:short)%00%(objectname)%00%(upstream:track)%00%(upstream:remotename)%00%(upstream:remoteref) refs/heads/main refs/remotes/main [3ms]
2023-11-18 16:08:38.609 [info] > git status -z -uall [46ms]
2023-11-18 16:08:43.671 [info] > git config --get commit.template [12ms]
2023-11-18 16:08:43.671 [info] > git for-each-ref --format=%(refname)%00%(upstream:short)%00%(objectname)%00%(upstream:track)%00%(upstream:remotename)%00%(upstream:remoteref) refs/heads/main refs/remotes/main [1ms]
2023-11-18 16:08:43.727 [info] > git status -z -uall [44ms]
2023-11-18 16:08:48.784 [info] > git config --get commit.template [13ms]
2023-11-18 16:08:48.785 [info] > git for-each-ref --format=%(refname)%00%(upstream:short)%00%(objectname)%00%(upstream:track)%00%(upstream:remotename)%00%(upstream:remoteref) refs/heads/main refs/remotes/main [1ms]
2023-11-18 16:08:48.837 [info] > git status -z -uall [40ms]
2023-11-18 16:08:53.897 [info] > git config --get commit.template [15ms]
2023-11-18 16:08:53.897 [info] > git for-each-ref --format=%(refname)%00%(upstream:short)%00%(objectname)%00%(upstream:track)%00%(upstream:remotename)%00%(upstream:remoteref) refs/heads/main refs/remotes/main [2ms]
2023-11-18 16:08:53.958 [info] > git status -z -uall [47ms]
2023-11-18 16:08:59.023 [info] > git config --get commit.template [20ms]
2023-11-18 16:08:59.024 [info] > git for-each-ref --format=%(refname)%00%(upstream:short)%00%(objectname)%00%(upstream:track)%00%(upstream:remotename)%00%(upstream:remoteref) refs/heads/main refs/remotes/main [3ms]
2023-11-18 16:08:59.079 [info] > git status -z -uall [39ms]
2023-11-18 16:09:04.144 [info] > git config --get commit.template [17ms]
2023-11-18 16:09:04.145 [info] > git for-each-ref --format=%(refname)%00%(upstream:short)%00%(objectname)%00%(upstream:track)%00%(upstream:remotename)%00%(upstream:remoteref) refs/heads/main refs/remotes/main [3ms]
2023-11-18 16:09:04.199 [info] > git status -z -uall [39ms]
2023-11-18 16:09:09.260 [info] > git config --get commit.template [14ms]
2023-11-18 16:09:09.260 [info] > git for-each-ref --format=%(refname)%00%(upstream:short)%00%(objectname)%00%(upstream:track)%00%(upstream:remotename)%00%(upstream:remoteref) refs/heads/main refs/remotes/main [2ms]
2023-11-18 16:09:09.320 [info] > git status -z -uall [45ms]
2023-11-18 16:09:14.387 [info] > git config --get commit.template [18ms]
2023-11-18 16:09:14.388 [info] > git for-each-ref --format=%(refname)%00%(upstream:short)%00%(objectname)%00%(upstream:track)%00%(upstream:remotename)%00%(upstream:remoteref) refs/heads/main refs/remotes/main [3ms]
2023-11-18 16:09:14.440 [info] > git status -z -uall [39ms]
2023-11-18 16:09:19.505 [info] > git config --get commit.template [17ms]
2023-11-18 16:09:19.505 [info] > git for-each-ref --format=%(refname)%00%(upstream:short)%00%(objectname)%00%(upstream:track)%00%(upstream:remotename)%00%(upstream:remoteref) refs/heads/main refs/remotes/main [2ms]
2023-11-18 16:09:19.560 [info] > git status -z -uall [41ms]
2023-11-18 16:12:16.023 [info] > git config --local branch.main.github-pr-owner-number [2ms]
2023-11-18 16:12:16.050 [info] > git config --get commit.template [12ms]
2023-11-18 16:12:16.051 [info] > git for-each-ref --format=%(refname)%00%(upstream:short)%00%(objectname)%00%(upstream:track)%00%(upstream:remotename)%00%(upstream:remoteref) refs/heads/main refs/remotes/main [2ms]
2023-11-18 16:12:16.103 [info] > git status -z -uall [39ms]
2023-11-18 16:17:16.145 [info] > git config --local branch.main.github-pr-owner-number [2ms]
2023-11-18 16:17:16.171 [info] > git config --get commit.template [14ms]
2023-11-18 16:17:16.172 [info] > git for-each-ref --format=%(refname)%00%(upstream:short)%00%(objectname)%00%(upstream:track)%00%(upstream:remotename)%00%(upstream:remoteref) refs/heads/main refs/remotes/main [2ms]
2023-11-18 16:17:16.226 [info] > git status -z -uall [43ms]
