2023-11-20 10:18:21.993 [warning] /home/s245/.ssh/config: ENOENT: no such file or directory, open '/home/s245/.ssh/config'
2023-11-20 10:18:21.993 [info] Looking for git repository
2023-11-20 10:18:21.993 [info] Found 0 repositories during activation
2023-11-20 10:18:21.993 [info] Git repository found, initializing review manager and pr tree view.
2023-11-20 10:18:22.795 [info] Registering git provider
2023-11-20 10:18:22.850 [info] Repository file:///home/s245 has been opened
2023-11-20 10:18:23.177 [info] Review> Validate state in progress
2023-11-20 10:18:23.177 [info] Review> Validating state...
2023-11-20 10:18:23.177 [info] Cannot updates repositories as git is uninitialized
2023-11-20 10:18:23.177 [info] Repo state for file:///home/s245 changed.
2023-11-20 10:18:23.177 [info] Repo file:///home/s245 has already been setup.
2023-11-20 10:18:26.040 [info] Git initialization state changed: state=initialized
2023-11-20 10:18:26.040 [info] Review> Queuing additional validate state
2023-11-20 10:18:26.272 [info] Review> No matching pull request metadata found locally for current branch main
2023-11-20 10:18:26.272 [info] Review> no matching pull request metadata found for current branch main
2023-11-20 10:18:26.272 [info] Review> No matching pull request metadata found on GitHub for current branch main
2023-11-20 10:18:29.757 [info] Review> Validating state...
2023-11-20 10:18:29.779 [info] Found GitHub remote for folder /home/s245
2023-11-20 10:18:30.004 [info] Review> No matching pull request metadata found locally for current branch main
2023-11-20 10:18:30.004 [info] Review> no matching pull request metadata found for current branch main
2023-11-20 10:18:30.004 [info] Review> No matching pull request metadata found on GitHub for current branch main
