2023-11-20 10:18:06.143 [info] Extension host with pid 2566123 started
2023-11-20 10:18:06.147 [error] Error: EEXIST: file already exists, open '/home/s245/.vscode-server/data/User/workspaceStorage/bafc61b3c12b80fbd74fefa2df04ee8e/vscode.lock'
2023-11-20 10:18:06.152 [info] Lock '/home/s245/.vscode-server/data/User/workspaceStorage/bafc61b3c12b80fbd74fefa2df04ee8e/vscode.lock': Could not acquire lock, checking if the file is stale.
2023-11-20 10:18:06.158 [info] Lock '/home/s245/.vscode-server/data/User/workspaceStorage/bafc61b3c12b80fbd74fefa2df04ee8e/vscode.lock': The lock does not look stale, elapsed: 49 ms, giving up.
2023-11-20 10:18:06.162 [info] Lock '/home/s245/.vscode-server/data/User/workspaceStorage/bafc61b3c12b80fbd74fefa2df04ee8e-1/vscode.lock': Lock acquired.
2023-11-20 10:18:06.205 [info] ExtensionService#_doActivateExtension vscode.emmet, startup: false, activationEvent: 'onLanguage'
2023-11-20 10:18:06.343 [info] ExtensionService#_doActivateExtension vscode.git-base, startup: true, activationEvent: '*', root cause: vscode.git
2023-11-20 10:18:06.343 [info] ExtensionService#_doActivateExtension argutec.argutec-azure-repos, startup: true, activationEvent: '*'
2023-11-20 10:18:06.633 [info] ExtensionService#_doActivateExtension vscode.git, startup: true, activationEvent: '*'
2023-11-20 10:18:06.633 [info] ExtensionService#_doActivateExtension vscode.github, startup: true, activationEvent: '*'
2023-11-20 10:18:07.200 [warning] [Decorations] CAPPING events from decorations provider vscode.git 6204
2023-11-20 10:18:10.229 [warning] [Decorations] CAPPING events from decorations provider vscode.git 6207
2023-11-20 10:18:10.258 [info] Eager extensions activated
2023-11-20 10:18:10.258 [info] ExtensionService#_doActivateExtension vscode.debug-auto-launch, startup: false, activationEvent: 'onStartupFinished'
2023-11-20 10:18:10.259 [info] ExtensionService#_doActivateExtension vscode.merge-conflict, startup: false, activationEvent: 'onStartupFinished'
2023-11-20 10:18:13.677 [info] ExtensionService#_doActivateExtension GitHub.vscode-pull-request-github, startup: false, activationEvent: 'onStartupFinished'
2023-11-20 10:18:14.234 [warning] [Decorations] CAPPING events from decorations provider vscode.git 6208
2023-11-20 10:23:04.753 [info] ExtensionService#_doActivateExtension vscode.extension-editing, startup: false, activationEvent: 'onLanguage:markdown'
2023-11-20 10:23:04.754 [info] ExtensionService#_doActivateExtension vscode.markdown-language-features, startup: false, activationEvent: 'onLanguage:markdown'
2023-11-20 10:23:05.258 [info] ExtensionService#_doActivateExtension vscode.markdown-math, startup: false, activationEvent: 'api', root cause: vscode.markdown-language-features
2023-11-20 10:23:14.200 [warning] [Decorations] CAPPING events from decorations provider vscode.git 6222
2023-11-20 10:28:14.442 [warning] [Decorations] CAPPING events from decorations provider vscode.git 6224
2023-11-20 10:33:14.712 [warning] [Decorations] CAPPING events from decorations provider vscode.git 6224
2023-11-20 10:38:14.859 [warning] [Decorations] CAPPING events from decorations provider vscode.git 6233
2023-11-20 10:48:15.123 [warning] [Decorations] CAPPING events from decorations provider vscode.git 1705
