2023-11-16 16:30:09.591 [info] Extension host with pid 349687 started
2023-11-16 16:30:09.608 [info] Lock '/home/s245/.vscode-server/data/User/workspaceStorage/1fcf5e1b49986084da69fe376c0a5e64/vscode.lock': Lock acquired.
2023-11-16 16:30:09.678 [info] ExtensionService#_doActivateExtension vscode.git-base, startup: true, activationEvent: '*'
2023-11-16 16:30:09.742 [info] ExtensionService#_doActivateExtension vscode.github, startup: true, activationEvent: '*'
2023-11-16 16:30:09.774 [info] Eager extensions activated
2023-11-16 16:30:09.774 [info] ExtensionService#_doActivateExtension vscode.debug-auto-launch, startup: false, activationEvent: 'onStartupFinished'
2023-11-16 16:30:09.775 [info] ExtensionService#_doActivateExtension vscode.merge-conflict, startup: false, activationEvent: 'onStartupFinished'
2023-11-16 16:30:09.853 [info] ExtensionService#_doActivateExtension GitHub.vscode-pull-request-github, startup: false, activationEvent: 'onStartupFinished'
2023-11-16 16:30:10.963 [info] ExtensionService#_doActivateExtension vscode.git, startup: false, activationEvent: 'api', root cause: vscode.github
2023-11-16 16:30:11.065 [info] ExtensionService#_doActivateExtension argutec.argutec-azure-repos, startup: false, activationEvent: '*'
2023-11-16 16:30:32.655 [info] ExtensionService#_doActivateExtension vscode.html-language-features, startup: false, activationEvent: 'onLanguage:html'
2023-11-16 16:30:32.656 [info] ExtensionService#_doActivateExtension vscode.emmet, startup: false, activationEvent: 'onLanguage'
2023-11-16 16:47:44.005 [info] Extension host terminating: received terminate message from renderer
2023-11-16 16:47:44.007 [info] Lock '/home/s245/.vscode-server/data/User/workspaceStorage/1fcf5e1b49986084da69fe376c0a5e64/vscode.lock': Marking the lockfile as scheduled to be released in 6000 ms.
2023-11-16 16:47:44.032 [error] Canceled: Canceled
	at new l (/home/s245/.vscode-server/bin/b380da4ef1ee00e224a15c1d4d9793e27c2b6302/out/vs/workbench/api/node/extensionHostProcess.js:100:105905)
	at s.O (/home/s245/.vscode-server/bin/b380da4ef1ee00e224a15c1d4d9793e27c2b6302/out/vs/workbench/api/node/extensionHostProcess.js:112:11754)
	at Proxy.z.<computed>.H.charCodeAt.z.<computed> (/home/s245/.vscode-server/bin/b380da4ef1ee00e224a15c1d4d9793e27c2b6302/out/vs/workbench/api/node/extensionHostProcess.js:112:9029)
	at e.ExtHostCommands.g (/home/s245/.vscode-server/bin/b380da4ef1ee00e224a15c1d4d9793e27c2b6302/out/vs/workbench/api/node/extensionHostProcess.js:100:130078)
	at e.ExtHostCommands.executeCommand (/home/s245/.vscode-server/bin/b380da4ef1ee00e224a15c1d4d9793e27c2b6302/out/vs/workbench/api/node/extensionHostProcess.js:100:129454)
	at k.registerCommand.description (/home/s245/.vscode-server/bin/b380da4ef1ee00e224a15c1d4d9793e27c2b6302/out/vs/workbench/api/node/extensionHostProcess.js:100:128747)
	at e.ExtHostCommands.h (/home/s245/.vscode-server/bin/b380da4ef1ee00e224a15c1d4d9793e27c2b6302/out/vs/workbench/api/node/extensionHostProcess.js:100:130664)
	at e.ExtHostCommands.g (/home/s245/.vscode-server/bin/b380da4ef1ee00e224a15c1d4d9793e27c2b6302/out/vs/workbench/api/node/extensionHostProcess.js:100:129554)
	at e.ExtHostCommands.executeCommand (/home/s245/.vscode-server/bin/b380da4ef1ee00e224a15c1d4d9793e27c2b6302/out/vs/workbench/api/node/extensionHostProcess.js:100:129454)
	at Object.executeCommand (/home/s245/.vscode-server/bin/b380da4ef1ee00e224a15c1d4d9793e27c2b6302/out/vs/workbench/api/node/extensionHostProcess.js:118:24230)
	at D (/home/s245/.vscode-server/bin/b380da4ef1ee00e224a15c1d4d9793e27c2b6302/extensions/git/dist/main.js:2:1261260)
	at b.invoke (/home/s245/.vscode-server/bin/b380da4ef1ee00e224a15c1d4d9793e27c2b6302/out/vs/workbench/api/node/extensionHostProcess.js:63:145)
	at deliver (/home/s245/.vscode-server/bin/b380da4ef1ee00e224a15c1d4d9793e27c2b6302/out/vs/workbench/api/node/extensionHostProcess.js:63:2121)
	at n.fire (/home/s245/.vscode-server/bin/b380da4ef1ee00e224a15c1d4d9793e27c2b6302/out/vs/workbench/api/node/extensionHostProcess.js:63:1729)
	at Object.m [as dispose] (/home/s245/.vscode-server/bin/b380da4ef1ee00e224a15c1d4d9793e27c2b6302/extensions/git/dist/main.js:2:1276093)
	at /home/s245/.vscode-server/bin/b380da4ef1ee00e224a15c1d4d9793e27c2b6302/extensions/git/dist/main.js:2:1280594
	at Array.forEach (<anonymous>)
	at g.dispose (/home/s245/.vscode-server/bin/b380da4ef1ee00e224a15c1d4d9793e27c2b6302/extensions/git/dist/main.js:2:1280580)
	at r.<anonymous> (/home/s245/.vscode-server/bin/b380da4ef1ee00e224a15c1d4d9793e27c2b6302/out/vs/workbench/api/node/extensionHostProcess.js:98:12552)
	at r.dispose (/home/s245/.vscode-server/bin/b380da4ef1ee00e224a15c1d4d9793e27c2b6302/out/vs/workbench/api/node/extensionHostProcess.js:98:12687)
	at r.<anonymous> (/home/s245/.vscode-server/bin/b380da4ef1ee00e224a15c1d4d9793e27c2b6302/extensions/git/dist/main.js:2:1263390)
	at r.dispose (/home/s245/.vscode-server/bin/b380da4ef1ee00e224a15c1d4d9793e27c2b6302/out/vs/workbench/api/node/extensionHostProcess.js:98:12687)
	at I (/home/s245/.vscode-server/bin/b380da4ef1ee00e224a15c1d4d9793e27c2b6302/out/vs/workbench/api/node/extensionHostProcess.js:10:12083)
	at n.Z (/home/s245/.vscode-server/bin/b380da4ef1ee00e224a15c1d4d9793e27c2b6302/out/vs/workbench/api/node/extensionHostProcess.js:114:11285)
	at /home/s245/.vscode-server/bin/b380da4ef1ee00e224a15c1d4d9793e27c2b6302/out/vs/workbench/api/node/extensionHostProcess.js:114:9187
	at Array.map (<anonymous>)
	at n.S (/home/s245/.vscode-server/bin/b380da4ef1ee00e224a15c1d4d9793e27c2b6302/out/vs/workbench/api/node/extensionHostProcess.js:114:9175)
	at n.terminate (/home/s245/.vscode-server/bin/b380da4ef1ee00e224a15c1d4d9793e27c2b6302/out/vs/workbench/api/node/extensionHostProcess.js:114:9445)
	at h.terminate (/home/s245/.vscode-server/bin/b380da4ef1ee00e224a15c1d4d9793e27c2b6302/out/vs/workbench/api/node/extensionHostProcess.js:118:1544)
	at p (/home/s245/.vscode-server/bin/b380da4ef1ee00e224a15c1d4d9793e27c2b6302/out/vs/workbench/api/node/extensionHostProcess.js:128:34497)
	at /home/s245/.vscode-server/bin/b380da4ef1ee00e224a15c1d4d9793e27c2b6302/out/vs/workbench/api/node/extensionHostProcess.js:128:32407
	at b.invoke (/home/s245/.vscode-server/bin/b380da4ef1ee00e224a15c1d4d9793e27c2b6302/out/vs/workbench/api/node/extensionHostProcess.js:63:145)
	at deliver (/home/s245/.vscode-server/bin/b380da4ef1ee00e224a15c1d4d9793e27c2b6302/out/vs/workbench/api/node/extensionHostProcess.js:63:2121)
	at n.fire (/home/s245/.vscode-server/bin/b380da4ef1ee00e224a15c1d4d9793e27c2b6302/out/vs/workbench/api/node/extensionHostProcess.js:63:1729)
	at p.fire (/home/s245/.vscode-server/bin/b380da4ef1ee00e224a15c1d4d9793e27c2b6302/out/vs/workbench/api/node/extensionHostProcess.js:73:14783)
	at D.E (/home/s245/.vscode-server/bin/b380da4ef1ee00e224a15c1d4d9793e27c2b6302/out/vs/workbench/api/node/extensionHostProcess.js:73:18830)
	at /home/s245/.vscode-server/bin/b380da4ef1ee00e224a15c1d4d9793e27c2b6302/out/vs/workbench/api/node/extensionHostProcess.js:73:16818
	at b.invoke (/home/s245/.vscode-server/bin/b380da4ef1ee00e224a15c1d4d9793e27c2b6302/out/vs/workbench/api/node/extensionHostProcess.js:63:145)
	at deliver (/home/s245/.vscode-server/bin/b380da4ef1ee00e224a15c1d4d9793e27c2b6302/out/vs/workbench/api/node/extensionHostProcess.js:63:2121)
	at n.fire (/home/s245/.vscode-server/bin/b380da4ef1ee00e224a15c1d4d9793e27c2b6302/out/vs/workbench/api/node/extensionHostProcess.js:63:1729)
	at h.acceptChunk (/home/s245/.vscode-server/bin/b380da4ef1ee00e224a15c1d4d9793e27c2b6302/out/vs/workbench/api/node/extensionHostProcess.js:73:12514)
	at /home/s245/.vscode-server/bin/b380da4ef1ee00e224a15c1d4d9793e27c2b6302/out/vs/workbench/api/node/extensionHostProcess.js:73:11801
	at b.invoke (/home/s245/.vscode-server/bin/b380da4ef1ee00e224a15c1d4d9793e27c2b6302/out/vs/workbench/api/node/extensionHostProcess.js:63:145)
	at deliver (/home/s245/.vscode-server/bin/b380da4ef1ee00e224a15c1d4d9793e27c2b6302/out/vs/workbench/api/node/extensionHostProcess.js:63:2121)
	at n.fire (/home/s245/.vscode-server/bin/b380da4ef1ee00e224a15c1d4d9793e27c2b6302/out/vs/workbench/api/node/extensionHostProcess.js:63:1729)
	at E.u (/home/s245/.vscode-server/bin/b380da4ef1ee00e224a15c1d4d9793e27c2b6302/out/vs/workbench/api/node/extensionHostProcess.js:128:20017) setContext undefined
2023-11-16 16:47:44.032 [error] Canceled: Canceled
	at new l (/home/s245/.vscode-server/bin/b380da4ef1ee00e224a15c1d4d9793e27c2b6302/out/vs/workbench/api/node/extensionHostProcess.js:100:105905)
	at s.O (/home/s245/.vscode-server/bin/b380da4ef1ee00e224a15c1d4d9793e27c2b6302/out/vs/workbench/api/node/extensionHostProcess.js:112:11754)
	at Proxy.z.<computed>.H.charCodeAt.z.<computed> (/home/s245/.vscode-server/bin/b380da4ef1ee00e224a15c1d4d9793e27c2b6302/out/vs/workbench/api/node/extensionHostProcess.js:112:9029)
	at e.ExtHostCommands.g (/home/s245/.vscode-server/bin/b380da4ef1ee00e224a15c1d4d9793e27c2b6302/out/vs/workbench/api/node/extensionHostProcess.js:100:130078)
	at e.ExtHostCommands.executeCommand (/home/s245/.vscode-server/bin/b380da4ef1ee00e224a15c1d4d9793e27c2b6302/out/vs/workbench/api/node/extensionHostProcess.js:100:129454)
	at k.registerCommand.description (/home/s245/.vscode-server/bin/b380da4ef1ee00e224a15c1d4d9793e27c2b6302/out/vs/workbench/api/node/extensionHostProcess.js:100:128747)
	at e.ExtHostCommands.h (/home/s245/.vscode-server/bin/b380da4ef1ee00e224a15c1d4d9793e27c2b6302/out/vs/workbench/api/node/extensionHostProcess.js:100:130664)
	at e.ExtHostCommands.g (/home/s245/.vscode-server/bin/b380da4ef1ee00e224a15c1d4d9793e27c2b6302/out/vs/workbench/api/node/extensionHostProcess.js:100:129554)
	at e.ExtHostCommands.executeCommand (/home/s245/.vscode-server/bin/b380da4ef1ee00e224a15c1d4d9793e27c2b6302/out/vs/workbench/api/node/extensionHostProcess.js:100:129454)
	at Object.executeCommand (/home/s245/.vscode-server/bin/b380da4ef1ee00e224a15c1d4d9793e27c2b6302/out/vs/workbench/api/node/extensionHostProcess.js:118:24230)
	at p.VscodeDevShareProvider.set b [as b] (/home/s245/.vscode-server/bin/b380da4ef1ee00e224a15c1d4d9793e27c2b6302/extensions/github/dist/extension.js:2:152873)
	at /home/s245/.vscode-server/bin/b380da4ef1ee00e224a15c1d4d9793e27c2b6302/extensions/github/dist/extension.js:2:153583
	at /home/s245/.vscode-server/bin/b380da4ef1ee00e224a15c1d4d9793e27c2b6302/extensions/git/dist/main.js:2:1348853
	at b.invoke (/home/s245/.vscode-server/bin/b380da4ef1ee00e224a15c1d4d9793e27c2b6302/out/vs/workbench/api/node/extensionHostProcess.js:63:145)
	at deliver (/home/s245/.vscode-server/bin/b380da4ef1ee00e224a15c1d4d9793e27c2b6302/out/vs/workbench/api/node/extensionHostProcess.js:63:2121)
	at n.fire (/home/s245/.vscode-server/bin/b380da4ef1ee00e224a15c1d4d9793e27c2b6302/out/vs/workbench/api/node/extensionHostProcess.js:63:1729)
	at Object.m [as dispose] (/home/s245/.vscode-server/bin/b380da4ef1ee00e224a15c1d4d9793e27c2b6302/extensions/git/dist/main.js:2:1276093)
	at /home/s245/.vscode-server/bin/b380da4ef1ee00e224a15c1d4d9793e27c2b6302/extensions/git/dist/main.js:2:1280594
	at Array.forEach (<anonymous>)
	at g.dispose (/home/s245/.vscode-server/bin/b380da4ef1ee00e224a15c1d4d9793e27c2b6302/extensions/git/dist/main.js:2:1280580)
	at r.<anonymous> (/home/s245/.vscode-server/bin/b380da4ef1ee00e224a15c1d4d9793e27c2b6302/out/vs/workbench/api/node/extensionHostProcess.js:98:12552)
	at r.dispose (/home/s245/.vscode-server/bin/b380da4ef1ee00e224a15c1d4d9793e27c2b6302/out/vs/workbench/api/node/extensionHostProcess.js:98:12687)
	at r.<anonymous> (/home/s245/.vscode-server/bin/b380da4ef1ee00e224a15c1d4d9793e27c2b6302/extensions/git/dist/main.js:2:1263390)
	at r.dispose (/home/s245/.vscode-server/bin/b380da4ef1ee00e224a15c1d4d9793e27c2b6302/out/vs/workbench/api/node/extensionHostProcess.js:98:12687)
	at I (/home/s245/.vscode-server/bin/b380da4ef1ee00e224a15c1d4d9793e27c2b6302/out/vs/workbench/api/node/extensionHostProcess.js:10:12083)
	at n.Z (/home/s245/.vscode-server/bin/b380da4ef1ee00e224a15c1d4d9793e27c2b6302/out/vs/workbench/api/node/extensionHostProcess.js:114:11285)
	at /home/s245/.vscode-server/bin/b380da4ef1ee00e224a15c1d4d9793e27c2b6302/out/vs/workbench/api/node/extensionHostProcess.js:114:9187
	at Array.map (<anonymous>)
	at n.S (/home/s245/.vscode-server/bin/b380da4ef1ee00e224a15c1d4d9793e27c2b6302/out/vs/workbench/api/node/extensionHostProcess.js:114:9175)
	at n.terminate (/home/s245/.vscode-server/bin/b380da4ef1ee00e224a15c1d4d9793e27c2b6302/out/vs/workbench/api/node/extensionHostProcess.js:114:9445)
	at h.terminate (/home/s245/.vscode-server/bin/b380da4ef1ee00e224a15c1d4d9793e27c2b6302/out/vs/workbench/api/node/extensionHostProcess.js:118:1544)
	at p (/home/s245/.vscode-server/bin/b380da4ef1ee00e224a15c1d4d9793e27c2b6302/out/vs/workbench/api/node/extensionHostProcess.js:128:34497)
	at /home/s245/.vscode-server/bin/b380da4ef1ee00e224a15c1d4d9793e27c2b6302/out/vs/workbench/api/node/extensionHostProcess.js:128:32407
	at b.invoke (/home/s245/.vscode-server/bin/b380da4ef1ee00e224a15c1d4d9793e27c2b6302/out/vs/workbench/api/node/extensionHostProcess.js:63:145)
	at deliver (/home/s245/.vscode-server/bin/b380da4ef1ee00e224a15c1d4d9793e27c2b6302/out/vs/workbench/api/node/extensionHostProcess.js:63:2121)
	at n.fire (/home/s245/.vscode-server/bin/b380da4ef1ee00e224a15c1d4d9793e27c2b6302/out/vs/workbench/api/node/extensionHostProcess.js:63:1729)
	at p.fire (/home/s245/.vscode-server/bin/b380da4ef1ee00e224a15c1d4d9793e27c2b6302/out/vs/workbench/api/node/extensionHostProcess.js:73:14783)
	at D.E (/home/s245/.vscode-server/bin/b380da4ef1ee00e224a15c1d4d9793e27c2b6302/out/vs/workbench/api/node/extensionHostProcess.js:73:18830)
	at /home/s245/.vscode-server/bin/b380da4ef1ee00e224a15c1d4d9793e27c2b6302/out/vs/workbench/api/node/extensionHostProcess.js:73:16818
	at b.invoke (/home/s245/.vscode-server/bin/b380da4ef1ee00e224a15c1d4d9793e27c2b6302/out/vs/workbench/api/node/extensionHostProcess.js:63:145)
	at deliver (/home/s245/.vscode-server/bin/b380da4ef1ee00e224a15c1d4d9793e27c2b6302/out/vs/workbench/api/node/extensionHostProcess.js:63:2121)
	at n.fire (/home/s245/.vscode-server/bin/b380da4ef1ee00e224a15c1d4d9793e27c2b6302/out/vs/workbench/api/node/extensionHostProcess.js:63:1729)
	at h.acceptChunk (/home/s245/.vscode-server/bin/b380da4ef1ee00e224a15c1d4d9793e27c2b6302/out/vs/workbench/api/node/extensionHostProcess.js:73:12514)
	at /home/s245/.vscode-server/bin/b380da4ef1ee00e224a15c1d4d9793e27c2b6302/out/vs/workbench/api/node/extensionHostProcess.js:73:11801
	at b.invoke (/home/s245/.vscode-server/bin/b380da4ef1ee00e224a15c1d4d9793e27c2b6302/out/vs/workbench/api/node/extensionHostProcess.js:63:145)
	at deliver (/home/s245/.vscode-server/bin/b380da4ef1ee00e224a15c1d4d9793e27c2b6302/out/vs/workbench/api/node/extensionHostProcess.js:63:2121)
	at n.fire (/home/s245/.vscode-server/bin/b380da4ef1ee00e224a15c1d4d9793e27c2b6302/out/vs/workbench/api/node/extensionHostProcess.js:63:1729)
	at E.u (/home/s245/.vscode-server/bin/b380da4ef1ee00e224a15c1d4d9793e27c2b6302/out/vs/workbench/api/node/extensionHostProcess.js:128:20017) setContext undefined
2023-11-16 16:47:44.033 [error] Canceled: Canceled
	at new l (/home/s245/.vscode-server/bin/b380da4ef1ee00e224a15c1d4d9793e27c2b6302/out/vs/workbench/api/node/extensionHostProcess.js:100:105905)
	at s.O (/home/s245/.vscode-server/bin/b380da4ef1ee00e224a15c1d4d9793e27c2b6302/out/vs/workbench/api/node/extensionHostProcess.js:112:11754)
	at Proxy.z.<computed>.H.charCodeAt.z.<computed> (/home/s245/.vscode-server/bin/b380da4ef1ee00e224a15c1d4d9793e27c2b6302/out/vs/workbench/api/node/extensionHostProcess.js:112:9029)
	at e.ExtHostCommands.g (/home/s245/.vscode-server/bin/b380da4ef1ee00e224a15c1d4d9793e27c2b6302/out/vs/workbench/api/node/extensionHostProcess.js:100:130078)
	at e.ExtHostCommands.executeCommand (/home/s245/.vscode-server/bin/b380da4ef1ee00e224a15c1d4d9793e27c2b6302/out/vs/workbench/api/node/extensionHostProcess.js:100:129454)
	at k.registerCommand.description (/home/s245/.vscode-server/bin/b380da4ef1ee00e224a15c1d4d9793e27c2b6302/out/vs/workbench/api/node/extensionHostProcess.js:100:128747)
	at e.ExtHostCommands.h (/home/s245/.vscode-server/bin/b380da4ef1ee00e224a15c1d4d9793e27c2b6302/out/vs/workbench/api/node/extensionHostProcess.js:100:130664)
	at e.ExtHostCommands.g (/home/s245/.vscode-server/bin/b380da4ef1ee00e224a15c1d4d9793e27c2b6302/out/vs/workbench/api/node/extensionHostProcess.js:100:129554)
	at e.ExtHostCommands.executeCommand (/home/s245/.vscode-server/bin/b380da4ef1ee00e224a15c1d4d9793e27c2b6302/out/vs/workbench/api/node/extensionHostProcess.js:100:129454)
	at Object.executeCommand (/home/s245/.vscode-server/bin/b380da4ef1ee00e224a15c1d4d9793e27c2b6302/out/vs/workbench/api/node/extensionHostProcess.js:118:24230)
	at e (/home/s245/.vscode-server/extensions/github.vscode-pull-request-github-0.66.2/dist/extension.js:1690:1445)
	at Object.n [as setContext] (/home/s245/.vscode-server/extensions/github.vscode-pull-request-github-0.66.2/dist/extension.js:1690:1560)
	at ep.updateActiveReviewCount (/home/s245/.vscode-server/extensions/github.vscode-pull-request-github-0.66.2/dist/extension.js:1803:22243)
	at ep.removeRepo (/home/s245/.vscode-server/extensions/github.vscode-pull-request-github-0.66.2/dist/extension.js:1803:23320)
	at /home/s245/.vscode-server/extensions/github.vscode-pull-request-github-0.66.2/dist/extension.js:1849:4083
	at b.invoke (/home/s245/.vscode-server/bin/b380da4ef1ee00e224a15c1d4d9793e27c2b6302/out/vs/workbench/api/node/extensionHostProcess.js:63:145)
	at deliver (/home/s245/.vscode-server/bin/b380da4ef1ee00e224a15c1d4d9793e27c2b6302/out/vs/workbench/api/node/extensionHostProcess.js:63:2121)
	at n.fire (/home/s245/.vscode-server/bin/b380da4ef1ee00e224a15c1d4d9793e27c2b6302/out/vs/workbench/api/node/extensionHostProcess.js:63:1729)
	at /home/s245/.vscode-server/extensions/github.vscode-pull-request-github-0.66.2/dist/extension.js:1659:461548
	at b.invoke (/home/s245/.vscode-server/bin/b380da4ef1ee00e224a15c1d4d9793e27c2b6302/out/vs/workbench/api/node/extensionHostProcess.js:63:145)
	at deliver (/home/s245/.vscode-server/bin/b380da4ef1ee00e224a15c1d4d9793e27c2b6302/out/vs/workbench/api/node/extensionHostProcess.js:63:2121)
	at n.fire (/home/s245/.vscode-server/bin/b380da4ef1ee00e224a15c1d4d9793e27c2b6302/out/vs/workbench/api/node/extensionHostProcess.js:63:1729)
	at /home/s245/.vscode-server/extensions/github.vscode-pull-request-github-0.66.2/dist/extension.js:1803:27126
	at /home/s245/.vscode-server/bin/b380da4ef1ee00e224a15c1d4d9793e27c2b6302/extensions/git/dist/main.js:2:1348853
	at b.invoke (/home/s245/.vscode-server/bin/b380da4ef1ee00e224a15c1d4d9793e27c2b6302/out/vs/workbench/api/node/extensionHostProcess.js:63:145)
	at deliver (/home/s245/.vscode-server/bin/b380da4ef1ee00e224a15c1d4d9793e27c2b6302/out/vs/workbench/api/node/extensionHostProcess.js:63:2121)
	at n.fire (/home/s245/.vscode-server/bin/b380da4ef1ee00e224a15c1d4d9793e27c2b6302/out/vs/workbench/api/node/extensionHostProcess.js:63:1729)
	at Object.m [as dispose] (/home/s245/.vscode-server/bin/b380da4ef1ee00e224a15c1d4d9793e27c2b6302/extensions/git/dist/main.js:2:1276093)
	at /home/s245/.vscode-server/bin/b380da4ef1ee00e224a15c1d4d9793e27c2b6302/extensions/git/dist/main.js:2:1280594
	at Array.forEach (<anonymous>)
	at g.dispose (/home/s245/.vscode-server/bin/b380da4ef1ee00e224a15c1d4d9793e27c2b6302/extensions/git/dist/main.js:2:1280580)
	at r.<anonymous> (/home/s245/.vscode-server/bin/b380da4ef1ee00e224a15c1d4d9793e27c2b6302/out/vs/workbench/api/node/extensionHostProcess.js:98:12552)
	at r.dispose (/home/s245/.vscode-server/bin/b380da4ef1ee00e224a15c1d4d9793e27c2b6302/out/vs/workbench/api/node/extensionHostProcess.js:98:12687)
	at r.<anonymous> (/home/s245/.vscode-server/bin/b380da4ef1ee00e224a15c1d4d9793e27c2b6302/extensions/git/dist/main.js:2:1263390)
	at r.dispose (/home/s245/.vscode-server/bin/b380da4ef1ee00e224a15c1d4d9793e27c2b6302/out/vs/workbench/api/node/extensionHostProcess.js:98:12687)
	at I (/home/s245/.vscode-server/bin/b380da4ef1ee00e224a15c1d4d9793e27c2b6302/out/vs/workbench/api/node/extensionHostProcess.js:10:12083)
	at n.Z (/home/s245/.vscode-server/bin/b380da4ef1ee00e224a15c1d4d9793e27c2b6302/out/vs/workbench/api/node/extensionHostProcess.js:114:11285)
	at /home/s245/.vscode-server/bin/b380da4ef1ee00e224a15c1d4d9793e27c2b6302/out/vs/workbench/api/node/extensionHostProcess.js:114:9187
	at Array.map (<anonymous>)
	at n.S (/home/s245/.vscode-server/bin/b380da4ef1ee00e224a15c1d4d9793e27c2b6302/out/vs/workbench/api/node/extensionHostProcess.js:114:9175)
	at n.terminate (/home/s245/.vscode-server/bin/b380da4ef1ee00e224a15c1d4d9793e27c2b6302/out/vs/workbench/api/node/extensionHostProcess.js:114:9445)
	at h.terminate (/home/s245/.vscode-server/bin/b380da4ef1ee00e224a15c1d4d9793e27c2b6302/out/vs/workbench/api/node/extensionHostProcess.js:118:1544)
	at p (/home/s245/.vscode-server/bin/b380da4ef1ee00e224a15c1d4d9793e27c2b6302/out/vs/workbench/api/node/extensionHostProcess.js:128:34497)
	at /home/s245/.vscode-server/bin/b380da4ef1ee00e224a15c1d4d9793e27c2b6302/out/vs/workbench/api/node/extensionHostProcess.js:128:32407
	at b.invoke (/home/s245/.vscode-server/bin/b380da4ef1ee00e224a15c1d4d9793e27c2b6302/out/vs/workbench/api/node/extensionHostProcess.js:63:145)
	at deliver (/home/s245/.vscode-server/bin/b380da4ef1ee00e224a15c1d4d9793e27c2b6302/out/vs/workbench/api/node/extensionHostProcess.js:63:2121)
	at n.fire (/home/s245/.vscode-server/bin/b380da4ef1ee00e224a15c1d4d9793e27c2b6302/out/vs/workbench/api/node/extensionHostProcess.js:63:1729)
	at p.fire (/home/s245/.vscode-server/bin/b380da4ef1ee00e224a15c1d4d9793e27c2b6302/out/vs/workbench/api/node/extensionHostProcess.js:73:14783)
	at D.E (/home/s245/.vscode-server/bin/b380da4ef1ee00e224a15c1d4d9793e27c2b6302/out/vs/workbench/api/node/extensionHostProcess.js:73:18830)
	at /home/s245/.vscode-server/bin/b380da4ef1ee00e224a15c1d4d9793e27c2b6302/out/vs/workbench/api/node/extensionHostProcess.js:73:16818
	at b.invoke (/home/s245/.vscode-server/bin/b380da4ef1ee00e224a15c1d4d9793e27c2b6302/out/vs/workbench/api/node/extensionHostProcess.js:63:145)
	at deliver (/home/s245/.vscode-server/bin/b380da4ef1ee00e224a15c1d4d9793e27c2b6302/out/vs/workbench/api/node/extensionHostProcess.js:63:2121)
	at n.fire (/home/s245/.vscode-server/bin/b380da4ef1ee00e224a15c1d4d9793e27c2b6302/out/vs/workbench/api/node/extensionHostProcess.js:63:1729)
	at h.acceptChunk (/home/s245/.vscode-server/bin/b380da4ef1ee00e224a15c1d4d9793e27c2b6302/out/vs/workbench/api/node/extensionHostProcess.js:73:12514)
	at /home/s245/.vscode-server/bin/b380da4ef1ee00e224a15c1d4d9793e27c2b6302/out/vs/workbench/api/node/extensionHostProcess.js:73:11801
	at b.invoke (/home/s245/.vscode-server/bin/b380da4ef1ee00e224a15c1d4d9793e27c2b6302/out/vs/workbench/api/node/extensionHostProcess.js:63:145)
	at deliver (/home/s245/.vscode-server/bin/b380da4ef1ee00e224a15c1d4d9793e27c2b6302/out/vs/workbench/api/node/extensionHostProcess.js:63:2121)
	at n.fire (/home/s245/.vscode-server/bin/b380da4ef1ee00e224a15c1d4d9793e27c2b6302/out/vs/workbench/api/node/extensionHostProcess.js:63:1729)
	at E.u (/home/s245/.vscode-server/bin/b380da4ef1ee00e224a15c1d4d9793e27c2b6302/out/vs/workbench/api/node/extensionHostProcess.js:128:20017) setContext undefined
2023-11-16 16:47:44.033 [error] Canceled: Canceled
	at new l (/home/s245/.vscode-server/bin/b380da4ef1ee00e224a15c1d4d9793e27c2b6302/out/vs/workbench/api/node/extensionHostProcess.js:100:105905)
	at s.O (/home/s245/.vscode-server/bin/b380da4ef1ee00e224a15c1d4d9793e27c2b6302/out/vs/workbench/api/node/extensionHostProcess.js:112:11754)
	at Proxy.z.<computed>.H.charCodeAt.z.<computed> (/home/s245/.vscode-server/bin/b380da4ef1ee00e224a15c1d4d9793e27c2b6302/out/vs/workbench/api/node/extensionHostProcess.js:112:9029)
	at e.ExtHostCommands.g (/home/s245/.vscode-server/bin/b380da4ef1ee00e224a15c1d4d9793e27c2b6302/out/vs/workbench/api/node/extensionHostProcess.js:100:130078)
	at e.ExtHostCommands.executeCommand (/home/s245/.vscode-server/bin/b380da4ef1ee00e224a15c1d4d9793e27c2b6302/out/vs/workbench/api/node/extensionHostProcess.js:100:129454)
	at k.registerCommand.description (/home/s245/.vscode-server/bin/b380da4ef1ee00e224a15c1d4d9793e27c2b6302/out/vs/workbench/api/node/extensionHostProcess.js:100:128747)
	at e.ExtHostCommands.h (/home/s245/.vscode-server/bin/b380da4ef1ee00e224a15c1d4d9793e27c2b6302/out/vs/workbench/api/node/extensionHostProcess.js:100:130664)
	at e.ExtHostCommands.g (/home/s245/.vscode-server/bin/b380da4ef1ee00e224a15c1d4d9793e27c2b6302/out/vs/workbench/api/node/extensionHostProcess.js:100:129554)
	at e.ExtHostCommands.executeCommand (/home/s245/.vscode-server/bin/b380da4ef1ee00e224a15c1d4d9793e27c2b6302/out/vs/workbench/api/node/extensionHostProcess.js:100:129454)
	at Object.executeCommand (/home/s245/.vscode-server/bin/b380da4ef1ee00e224a15c1d4d9793e27c2b6302/out/vs/workbench/api/node/extensionHostProcess.js:118:24230)
	at Fg.reset (/home/s245/.vscode-server/extensions/github.vscode-pull-request-github-0.66.2/dist/extension.js:1836:2501)
	at Fg.dispose (/home/s245/.vscode-server/extensions/github.vscode-pull-request-github-0.66.2/dist/extension.js:1836:2740)
	at I (/home/s245/.vscode-server/bin/b380da4ef1ee00e224a15c1d4d9793e27c2b6302/out/vs/workbench/api/node/extensionHostProcess.js:10:12083)
	at n.Z (/home/s245/.vscode-server/bin/b380da4ef1ee00e224a15c1d4d9793e27c2b6302/out/vs/workbench/api/node/extensionHostProcess.js:114:11285)
	at /home/s245/.vscode-server/bin/b380da4ef1ee00e224a15c1d4d9793e27c2b6302/out/vs/workbench/api/node/extensionHostProcess.js:114:9187
	at Array.map (<anonymous>)
	at n.S (/home/s245/.vscode-server/bin/b380da4ef1ee00e224a15c1d4d9793e27c2b6302/out/vs/workbench/api/node/extensionHostProcess.js:114:9175)
	at n.terminate (/home/s245/.vscode-server/bin/b380da4ef1ee00e224a15c1d4d9793e27c2b6302/out/vs/workbench/api/node/extensionHostProcess.js:114:9445)
	at h.terminate (/home/s245/.vscode-server/bin/b380da4ef1ee00e224a15c1d4d9793e27c2b6302/out/vs/workbench/api/node/extensionHostProcess.js:118:1544)
	at p (/home/s245/.vscode-server/bin/b380da4ef1ee00e224a15c1d4d9793e27c2b6302/out/vs/workbench/api/node/extensionHostProcess.js:128:34497)
	at /home/s245/.vscode-server/bin/b380da4ef1ee00e224a15c1d4d9793e27c2b6302/out/vs/workbench/api/node/extensionHostProcess.js:128:32407
	at b.invoke (/home/s245/.vscode-server/bin/b380da4ef1ee00e224a15c1d4d9793e27c2b6302/out/vs/workbench/api/node/extensionHostProcess.js:63:145)
	at deliver (/home/s245/.vscode-server/bin/b380da4ef1ee00e224a15c1d4d9793e27c2b6302/out/vs/workbench/api/node/extensionHostProcess.js:63:2121)
	at n.fire (/home/s245/.vscode-server/bin/b380da4ef1ee00e224a15c1d4d9793e27c2b6302/out/vs/workbench/api/node/extensionHostProcess.js:63:1729)
	at p.fire (/home/s245/.vscode-server/bin/b380da4ef1ee00e224a15c1d4d9793e27c2b6302/out/vs/workbench/api/node/extensionHostProcess.js:73:14783)
	at D.E (/home/s245/.vscode-server/bin/b380da4ef1ee00e224a15c1d4d9793e27c2b6302/out/vs/workbench/api/node/extensionHostProcess.js:73:18830)
	at /home/s245/.vscode-server/bin/b380da4ef1ee00e224a15c1d4d9793e27c2b6302/out/vs/workbench/api/node/extensionHostProcess.js:73:16818
	at b.invoke (/home/s245/.vscode-server/bin/b380da4ef1ee00e224a15c1d4d9793e27c2b6302/out/vs/workbench/api/node/extensionHostProcess.js:63:145)
	at deliver (/home/s245/.vscode-server/bin/b380da4ef1ee00e224a15c1d4d9793e27c2b6302/out/vs/workbench/api/node/extensionHostProcess.js:63:2121)
	at n.fire (/home/s245/.vscode-server/bin/b380da4ef1ee00e224a15c1d4d9793e27c2b6302/out/vs/workbench/api/node/extensionHostProcess.js:63:1729)
	at h.acceptChunk (/home/s245/.vscode-server/bin/b380da4ef1ee00e224a15c1d4d9793e27c2b6302/out/vs/workbench/api/node/extensionHostProcess.js:73:12514)
	at /home/s245/.vscode-server/bin/b380da4ef1ee00e224a15c1d4d9793e27c2b6302/out/vs/workbench/api/node/extensionHostProcess.js:73:11801
	at b.invoke (/home/s245/.vscode-server/bin/b380da4ef1ee00e224a15c1d4d9793e27c2b6302/out/vs/workbench/api/node/extensionHostProcess.js:63:145)
	at deliver (/home/s245/.vscode-server/bin/b380da4ef1ee00e224a15c1d4d9793e27c2b6302/out/vs/workbench/api/node/extensionHostProcess.js:63:2121)
	at n.fire (/home/s245/.vscode-server/bin/b380da4ef1ee00e224a15c1d4d9793e27c2b6302/out/vs/workbench/api/node/extensionHostProcess.js:63:1729)
	at E.u (/home/s245/.vscode-server/bin/b380da4ef1ee00e224a15c1d4d9793e27c2b6302/out/vs/workbench/api/node/extensionHostProcess.js:128:20017) setContext undefined
2023-11-16 16:47:44.035 [info] Extension host with pid 349687 exiting with code 0
