2023-11-16 16:30:11.706 [info] Log level: Info
2023-11-16 16:30:11.706 [info] Validating found git in: "git"
2023-11-16 16:30:11.706 [info] Using git "2.20.1" from "git"
2023-11-16 16:30:11.706 [info] > git rev-parse --show-toplevel [22ms]
2023-11-16 16:30:11.707 [info] > git rev-parse --git-dir --git-common-dir [2ms]
2023-11-16 16:30:11.707 [info] Open repository: /home/s245
2023-11-16 16:30:11.707 [info] > git rev-parse --show-toplevel [20ms]
2023-11-16 16:30:11.707 [info] > git config --get commit.template [14ms]
2023-11-16 16:30:11.707 [info] > git rev-parse --show-toplevel [19ms]
2023-11-16 16:30:11.707 [info] > git for-each-ref --format=%(refname)%00%(upstream:short)%00%(objectname)%00%(upstream:track)%00%(upstream:remotename)%00%(upstream:remoteref) refs/heads/main refs/remotes/main [25ms]
2023-11-16 16:30:11.707 [info] > git rev-parse --show-toplevel [25ms]
2023-11-16 16:30:11.707 [info] > git rev-parse --show-toplevel [8ms]
2023-11-16 16:30:11.707 [info] > git rev-parse --show-toplevel [4ms]
2023-11-16 16:30:11.707 [info] > git status -z -uall --find-renames=50% [42ms]
2023-11-16 16:30:11.707 [info] > git rev-parse --show-toplevel [3ms]
2023-11-16 16:30:11.707 [info] > git config --local branch.main.github-pr-owner-number [15ms]
2023-11-16 16:30:11.707 [info] > git rev-parse --show-toplevel [41ms]
2023-11-16 16:30:11.707 [info] > git config --get commit.template [26ms]
2023-11-16 16:30:11.707 [info] > git config --get commit.template [8ms]
2023-11-16 16:30:11.707 [info] > git rev-parse --show-toplevel [20ms]
2023-11-16 16:30:11.707 [info] > git rev-parse --show-toplevel [21ms]
2023-11-16 16:30:11.707 [info] > git for-each-ref --format=%(refname)%00%(upstream:short)%00%(objectname)%00%(upstream:track)%00%(upstream:remotename)%00%(upstream:remoteref) refs/heads/main refs/remotes/main [30ms]
2023-11-16 16:30:11.707 [info] > git for-each-ref --format=%(refname)%00%(upstream:short)%00%(objectname)%00%(upstream:track)%00%(upstream:remotename)%00%(upstream:remoteref) refs/heads/main refs/remotes/main [48ms]
2023-11-16 16:30:11.734 [info] > git status -z -uall --find-renames=50% [35ms]
2023-11-16 16:30:11.883 [info] > git config --local branch.main.github-pr-owner-number [2ms]
2023-11-16 16:30:11.904 [info] > git config --get commit.template [11ms]
2023-11-16 16:30:11.905 [info] > git for-each-ref --format=%(refname)%00%(upstream:short)%00%(objectname)%00%(upstream:track)%00%(upstream:remotename)%00%(upstream:remoteref) refs/heads/main refs/remotes/main [3ms]
2023-11-16 16:30:11.946 [info] > git status -z -uall --find-renames=50% [33ms]
2023-11-16 16:30:12.065 [info] > git check-ignore -v -z --stdin [22ms]
2023-11-16 16:30:15.729 [info] > git config --get commit.template [2ms]
2023-11-16 16:30:15.738 [info] > git for-each-ref --format=%(refname)%00%(upstream:short)%00%(objectname)%00%(upstream:track)%00%(upstream:remotename)%00%(upstream:remoteref) refs/heads/main refs/remotes/main [1ms]
2023-11-16 16:30:15.778 [info] > git status -z -uall --find-renames=50% [32ms]
2023-11-16 16:30:20.797 [info] > git config --get commit.template [2ms]
2023-11-16 16:30:20.810 [info] > git for-each-ref --format=%(refname)%00%(upstream:short)%00%(objectname)%00%(upstream:track)%00%(upstream:remotename)%00%(upstream:remoteref) refs/heads/main refs/remotes/main [2ms]
2023-11-16 16:30:20.849 [info] > git status -z -uall --find-renames=50% [30ms]
2023-11-16 16:30:25.874 [info] > git config --get commit.template [3ms]
2023-11-16 16:30:25.885 [info] > git for-each-ref --format=%(refname)%00%(upstream:short)%00%(objectname)%00%(upstream:track)%00%(upstream:remotename)%00%(upstream:remoteref) refs/heads/main refs/remotes/main [2ms]
2023-11-16 16:30:25.925 [info] > git status -z -uall --find-renames=50% [32ms]
2023-11-16 16:30:28.388 [info] > git check-ignore -v -z --stdin [11ms]
2023-11-16 16:30:30.956 [info] > git config --get commit.template [10ms]
2023-11-16 16:30:30.957 [info] > git for-each-ref --format=%(refname)%00%(upstream:short)%00%(objectname)%00%(upstream:track)%00%(upstream:remotename)%00%(upstream:remoteref) refs/heads/main refs/remotes/main [3ms]
2023-11-16 16:30:31.002 [info] > git status -z -uall --find-renames=50% [35ms]
2023-11-16 16:30:31.121 [info] > git check-ignore -v -z --stdin [21ms]
2023-11-16 16:30:32.902 [info] > git show --textconv :test/in.html [11ms]
2023-11-16 16:30:32.906 [info] > git ls-files --stage -- /home/s245/test/in.html [5ms]
2023-11-16 16:30:32.915 [info] > git cat-file -s e69de29bb2d1d6434b8b29ae775ad8c2e48c5391 [2ms]
2023-11-16 16:30:36.033 [info] > git config --get commit.template [13ms]
2023-11-16 16:30:36.034 [info] > git for-each-ref --format=%(refname)%00%(upstream:short)%00%(objectname)%00%(upstream:track)%00%(upstream:remotename)%00%(upstream:remoteref) refs/heads/main refs/remotes/main [2ms]
2023-11-16 16:30:36.080 [info] > git status -z -uall --find-renames=50% [38ms]
2023-11-16 16:30:36.461 [info] > git show --textconv :test2 [11ms]
2023-11-16 16:30:36.466 [info] > git ls-files --stage -- /home/s245/test2 [6ms]
2023-11-16 16:30:37.892 [info] > git show --textconv :test2.pub [12ms]
2023-11-16 16:30:37.896 [info] > git ls-files --stage -- /home/s245/test2.pub [6ms]
2023-11-16 16:30:39.705 [info] > git show --textconv :key [11ms]
2023-11-16 16:30:39.708 [info] > git ls-files --stage -- /home/s245/key [4ms]
2023-11-16 16:30:40.466 [info] > git show --textconv :key.pub [11ms]
2023-11-16 16:30:40.471 [info] > git ls-files --stage -- /home/s245/key.pub [5ms]
2023-11-16 16:30:41.105 [info] > git config --get commit.template [2ms]
2023-11-16 16:30:41.118 [info] > git for-each-ref --format=%(refname)%00%(upstream:short)%00%(objectname)%00%(upstream:track)%00%(upstream:remotename)%00%(upstream:remoteref) refs/heads/main refs/remotes/main [1ms]
2023-11-16 16:30:41.159 [info] > git status -z -uall --find-renames=50% [34ms]
2023-11-16 16:30:45.099 [info] > git show --textconv :key [12ms]
2023-11-16 16:30:45.103 [info] > git ls-files --stage -- /home/s245/key [6ms]
2023-11-16 16:30:46.186 [info] > git config --get commit.template [9ms]
2023-11-16 16:30:46.186 [info] > git for-each-ref --format=%(refname)%00%(upstream:short)%00%(objectname)%00%(upstream:track)%00%(upstream:remotename)%00%(upstream:remoteref) refs/heads/main refs/remotes/main [3ms]
2023-11-16 16:30:46.231 [info] > git status -z -uall --find-renames=50% [36ms]
2023-11-16 16:30:50.113 [info] > git show --textconv :test2 [11ms]
2023-11-16 16:30:50.117 [info] > git ls-files --stage -- /home/s245/test2 [5ms]
2023-11-16 16:30:50.811 [info] > git show --textconv :test2.pub [11ms]
2023-11-16 16:30:50.813 [info] > git ls-files --stage -- /home/s245/test2.pub [4ms]
2023-11-16 16:30:51.258 [info] > git config --get commit.template [11ms]
2023-11-16 16:30:51.259 [info] > git for-each-ref --format=%(refname)%00%(upstream:short)%00%(objectname)%00%(upstream:track)%00%(upstream:remotename)%00%(upstream:remoteref) refs/heads/main refs/remotes/main [2ms]
2023-11-16 16:30:51.303 [info] > git status -z -uall --find-renames=50% [36ms]
2023-11-16 16:30:55.129 [info] > git show --textconv :test2 [10ms]
2023-11-16 16:30:55.134 [info] > git ls-files --stage -- /home/s245/test2 [6ms]
2023-11-16 16:30:56.332 [info] > git config --get commit.template [10ms]
2023-11-16 16:30:56.332 [info] > git for-each-ref --format=%(refname)%00%(upstream:short)%00%(objectname)%00%(upstream:track)%00%(upstream:remotename)%00%(upstream:remoteref) refs/heads/main refs/remotes/main [2ms]
2023-11-16 16:30:56.373 [info] > git status -z -uall --find-renames=50% [33ms]
2023-11-16 16:30:58.061 [info] > git show --textconv :key [12ms]
2023-11-16 16:30:58.064 [info] > git ls-files --stage -- /home/s245/key [4ms]
2023-11-16 16:30:58.756 [info] > git show --textconv :key.pub [11ms]
2023-11-16 16:30:58.762 [info] > git ls-files --stage -- /home/s245/key.pub [8ms]
2023-11-16 16:31:00.032 [info] > git show --textconv :key [10ms]
2023-11-16 16:31:00.035 [info] > git ls-files --stage -- /home/s245/key [4ms]
2023-11-16 16:31:01.402 [info] > git config --get commit.template [12ms]
2023-11-16 16:31:01.403 [info] > git for-each-ref --format=%(refname)%00%(upstream:short)%00%(objectname)%00%(upstream:track)%00%(upstream:remotename)%00%(upstream:remoteref) refs/heads/main refs/remotes/main [2ms]
2023-11-16 16:31:01.444 [info] > git status -z -uall --find-renames=50% [33ms]
2023-11-16 16:31:06.476 [info] > git for-each-ref --format=%(refname)%00%(upstream:short)%00%(objectname)%00%(upstream:track)%00%(upstream:remotename)%00%(upstream:remoteref) refs/heads/main refs/remotes/main [1ms]
2023-11-16 16:31:06.476 [info] > git config --get commit.template [10ms]
2023-11-16 16:31:06.524 [info] > git status -z -uall --find-renames=50% [38ms]
2023-11-16 16:31:08.786 [info] > git show --textconv :key.pub [6ms]
2023-11-16 16:31:08.789 [info] > git ls-files --stage -- /home/s245/key.pub [3ms]
2023-11-16 16:31:09.510 [info] > git show --textconv :test2 [10ms]
2023-11-16 16:31:09.515 [info] > git ls-files --stage -- /home/s245/test2 [6ms]
2023-11-16 16:31:10.299 [info] > git show --textconv :test2.pub [11ms]
2023-11-16 16:31:10.304 [info] > git ls-files --stage -- /home/s245/test2.pub [6ms]
2023-11-16 16:31:11.553 [info] > git config --get commit.template [12ms]
2023-11-16 16:31:11.554 [info] > git for-each-ref --format=%(refname)%00%(upstream:short)%00%(objectname)%00%(upstream:track)%00%(upstream:remotename)%00%(upstream:remoteref) refs/heads/main refs/remotes/main [3ms]
2023-11-16 16:31:11.593 [info] > git status -z -uall --find-renames=50% [32ms]
2023-11-16 16:31:16.628 [info] > git config --get commit.template [16ms]
2023-11-16 16:31:16.628 [info] > git for-each-ref --format=%(refname)%00%(upstream:short)%00%(objectname)%00%(upstream:track)%00%(upstream:remotename)%00%(upstream:remoteref) refs/heads/main refs/remotes/main [7ms]
2023-11-16 16:31:16.666 [info] > git status -z -uall --find-renames=50% [31ms]
2023-11-16 16:31:18.543 [info] > git show --textconv :test/in.html [10ms]
2023-11-16 16:31:18.548 [info] > git ls-files --stage -- /home/s245/test/in.html [6ms]
2023-11-16 16:31:18.558 [info] > git cat-file -s e69de29bb2d1d6434b8b29ae775ad8c2e48c5391 [2ms]
2023-11-16 16:31:21.693 [info] > git config --get commit.template [10ms]
2023-11-16 16:31:21.694 [info] > git for-each-ref --format=%(refname)%00%(upstream:short)%00%(objectname)%00%(upstream:track)%00%(upstream:remotename)%00%(upstream:remoteref) refs/heads/main refs/remotes/main [2ms]
2023-11-16 16:31:21.738 [info] > git status -z -uall --find-renames=50% [36ms]
2023-11-16 16:31:26.766 [info] > git config --get commit.template [11ms]
2023-11-16 16:31:26.767 [info] > git for-each-ref --format=%(refname)%00%(upstream:short)%00%(objectname)%00%(upstream:track)%00%(upstream:remotename)%00%(upstream:remoteref) refs/heads/main refs/remotes/main [2ms]
2023-11-16 16:31:26.811 [info] > git status -z -uall --find-renames=50% [35ms]
2023-11-16 16:31:31.836 [info] > git config --get commit.template [10ms]
2023-11-16 16:31:31.837 [info] > git for-each-ref --format=%(refname)%00%(upstream:short)%00%(objectname)%00%(upstream:track)%00%(upstream:remotename)%00%(upstream:remoteref) refs/heads/main refs/remotes/main [2ms]
2023-11-16 16:31:31.881 [info] > git status -z -uall --find-renames=50% [36ms]
2023-11-16 16:31:31.932 [info] > git show --textconv :key [9ms]
2023-11-16 16:31:31.935 [info] > git ls-files --stage -- /home/s245/key [4ms]
2023-11-16 16:31:32.664 [info] > git show --textconv :key.pub [11ms]
2023-11-16 16:31:32.668 [info] > git ls-files --stage -- /home/s245/key.pub [5ms]
2023-11-16 16:31:36.254 [info] > git check-ignore -v -z --stdin [6ms]
2023-11-16 16:31:36.909 [info] > git config --get commit.template [11ms]
2023-11-16 16:31:36.909 [info] > git for-each-ref --format=%(refname)%00%(upstream:short)%00%(objectname)%00%(upstream:track)%00%(upstream:remotename)%00%(upstream:remoteref) refs/heads/main refs/remotes/main [2ms]
2023-11-16 16:31:36.950 [info] > git status -z -uall --find-renames=50% [33ms]
2023-11-16 16:31:39.038 [info] > git show --textconv :.ssh/id_ed25519.pub [8ms]
2023-11-16 16:31:39.040 [info] > git ls-files --stage -- /home/s245/.ssh/id_ed25519.pub [3ms]
2023-11-16 16:31:41.684 [info] > git show --textconv :key [11ms]
2023-11-16 16:31:41.688 [info] > git ls-files --stage -- /home/s245/key [5ms]
2023-11-16 16:31:41.977 [info] > git config --get commit.template [11ms]
2023-11-16 16:31:41.978 [info] > git for-each-ref --format=%(refname)%00%(upstream:short)%00%(objectname)%00%(upstream:track)%00%(upstream:remotename)%00%(upstream:remoteref) refs/heads/main refs/remotes/main [2ms]
2023-11-16 16:31:42.022 [info] > git status -z -uall --find-renames=50% [36ms]
2023-11-16 16:31:43.295 [info] > git show --textconv :.ssh/id_ed25519.pub [10ms]
2023-11-16 16:31:43.298 [info] > git ls-files --stage -- /home/s245/.ssh/id_ed25519.pub [4ms]
2023-11-16 16:31:44.047 [info] > git show --textconv :.ssh/id_ed25519 [11ms]
2023-11-16 16:31:44.048 [info] > git ls-files --stage -- /home/s245/.ssh/id_ed25519 [4ms]
2023-11-16 16:31:47.051 [info] > git config --get commit.template [10ms]
2023-11-16 16:31:47.052 [info] > git for-each-ref --format=%(refname)%00%(upstream:short)%00%(objectname)%00%(upstream:track)%00%(upstream:remotename)%00%(upstream:remoteref) refs/heads/main refs/remotes/main [2ms]
2023-11-16 16:31:47.094 [info] > git status -z -uall --find-renames=50% [34ms]
2023-11-16 16:31:48.020 [info] > git check-ignore -v -z --stdin [6ms]
2023-11-16 16:31:52.118 [info] > git config --get commit.template [10ms]
2023-11-16 16:31:52.119 [info] > git for-each-ref --format=%(refname)%00%(upstream:short)%00%(objectname)%00%(upstream:track)%00%(upstream:remotename)%00%(upstream:remoteref) refs/heads/main refs/remotes/main [2ms]
2023-11-16 16:31:52.162 [info] > git status -z -uall --find-renames=50% [34ms]
2023-11-16 16:31:57.189 [info] > git config --get commit.template [9ms]
2023-11-16 16:31:57.190 [info] > git for-each-ref --format=%(refname)%00%(upstream:short)%00%(objectname)%00%(upstream:track)%00%(upstream:remotename)%00%(upstream:remoteref) refs/heads/main refs/remotes/main [2ms]
2023-11-16 16:31:57.236 [info] > git status -z -uall --find-renames=50% [37ms]
2023-11-16 16:32:02.265 [info] > git config --get commit.template [10ms]
2023-11-16 16:32:02.266 [info] > git for-each-ref --format=%(refname)%00%(upstream:short)%00%(objectname)%00%(upstream:track)%00%(upstream:remotename)%00%(upstream:remoteref) refs/heads/main refs/remotes/main [2ms]
2023-11-16 16:32:02.313 [info] > git status -z -uall --find-renames=50% [34ms]
2023-11-16 16:32:07.338 [info] > git config --get commit.template [10ms]
2023-11-16 16:32:07.339 [info] > git for-each-ref --format=%(refname)%00%(upstream:short)%00%(objectname)%00%(upstream:track)%00%(upstream:remotename)%00%(upstream:remoteref) refs/heads/main refs/remotes/main [1ms]
2023-11-16 16:32:07.379 [info] > git status -z -uall --find-renames=50% [31ms]
2023-11-16 16:35:11.433 [info] > git config --local branch.main.github-pr-owner-number [1ms]
2023-11-16 16:35:11.450 [info] > git config --get commit.template [8ms]
2023-11-16 16:35:11.451 [info] > git for-each-ref --format=%(refname)%00%(upstream:short)%00%(objectname)%00%(upstream:track)%00%(upstream:remotename)%00%(upstream:remoteref) refs/heads/main refs/remotes/main [2ms]
2023-11-16 16:35:11.493 [info] > git status -z -uall --find-renames=50% [34ms]
2023-11-16 16:40:11.512 [info] > git config --local branch.main.github-pr-owner-number [2ms]
2023-11-16 16:40:11.530 [info] > git config --get commit.template [8ms]
2023-11-16 16:40:11.531 [info] > git for-each-ref --format=%(refname)%00%(upstream:short)%00%(objectname)%00%(upstream:track)%00%(upstream:remotename)%00%(upstream:remoteref) refs/heads/main refs/remotes/main [2ms]
2023-11-16 16:40:11.577 [info] > git status -z -uall --find-renames=50% [38ms]
2023-11-16 16:45:11.593 [info] > git config --local branch.main.github-pr-owner-number [1ms]
2023-11-16 16:45:11.610 [info] > git config --get commit.template [8ms]
2023-11-16 16:45:11.611 [info] > git for-each-ref --format=%(refname)%00%(upstream:short)%00%(objectname)%00%(upstream:track)%00%(upstream:remotename)%00%(upstream:remoteref) refs/heads/main refs/remotes/main [2ms]
2023-11-16 16:45:11.651 [info] > git status -z -uall --find-renames=50% [33ms]
2023-11-16 16:47:42.615 [info] > git config --get commit.template [11ms]
2023-11-16 16:47:42.616 [info] > git for-each-ref --format=%(refname)%00%(upstream:short)%00%(objectname)%00%(upstream:track)%00%(upstream:remotename)%00%(upstream:remoteref) refs/heads/main refs/remotes/main [2ms]
2023-11-16 16:47:42.662 [info] > git status -z -uall --find-renames=50% [39ms]
