2023-11-20 10:18:13.909 [warning] /home/s245/.ssh/config: ENOENT: no such file or directory, open '/home/s245/.ssh/config'
2023-11-20 10:18:13.947 [info] Looking for git repository
2023-11-20 10:18:13.948 [info] Found 0 repositories during activation
2023-11-20 10:18:13.948 [info] Git repository found, initializing review manager and pr tree view.
2023-11-20 10:18:13.955 [info] Registering git provider
2023-11-20 10:18:13.955 [info] Review> Validate state in progress
2023-11-20 10:18:13.955 [info] Review> Validating state...
2023-11-20 10:18:14.004 [info] Found GitHub remote for folder /home/s245
2023-11-20 10:18:14.246 [info] Repo state for file:///home/s245 changed.
2023-11-20 10:18:14.246 [info] Repo file:///home/s245 has already been setup.
2023-11-20 10:18:14.246 [info] Review> No matching pull request metadata found locally for current branch main
2023-11-20 10:18:14.246 [info] Review> no matching pull request metadata found for current branch main
2023-11-20 10:18:14.247 [info] Review> No matching pull request metadata found on GitHub for current branch main
2023-11-20 10:38:14.879 [info] Review> Validate state in progress
2023-11-20 10:38:14.879 [info] Review> Validating state...
2023-11-20 10:38:14.912 [info] Found GitHub remote for folder /home/s245
2023-11-20 10:38:15.035 [info] Review> No matching pull request metadata found locally for current branch original
2023-11-20 10:38:15.035 [info] Review> no matching pull request metadata found for current branch original
2023-11-20 10:38:15.037 [info] Review> No matching pull request metadata found on GitHub for current branch original
2023-11-20 10:43:14.981 [info] Review> Validate state in progress
2023-11-20 10:43:14.981 [info] Review> Validating state...
2023-11-20 10:43:15.028 [info] Found GitHub remote for folder /home/s245
2023-11-20 10:43:15.117 [info] Review> No matching pull request metadata found locally for current branch main
2023-11-20 10:43:15.117 [info] Review> no matching pull request metadata found for current branch main
2023-11-20 10:43:15.118 [info] Review> No matching pull request metadata found on GitHub for current branch main
