2023-11-19 15:15:02.283 [warning] /home/s245/.ssh/config: ENOENT: no such file or directory, open '/home/s245/.ssh/config'
2023-11-19 15:15:02.283 [info] Activation> Extension version: 0.76.1
2023-11-19 15:15:03.428 [info] Looking for git repository
2023-11-19 15:15:03.428 [info] Found 0 repositories during activation
2023-11-19 15:15:03.428 [info] Git repository found, initializing review manager and pr tree view.
2023-11-19 15:15:04.048 [info] Registering git provider
2023-11-19 15:15:04.114 [info] Repository file:///home/s245 has been opened
2023-11-19 15:15:04.286 [info] Review> Validate state in progress
2023-11-19 15:15:04.286 [info] Review> Validating state...
2023-11-19 15:15:04.286 [info] Cannot updates repositories as git is uninitialized
2023-11-19 15:15:04.286 [info] Repo state for file:///home/s245 changed.
2023-11-19 15:15:04.286 [info] Repo file:///home/s245 has already been setup.
2023-11-19 15:15:04.769 [info] Git initialization state changed: state=initialized
2023-11-19 15:15:04.769 [info] Review> Queuing additional validate state
2023-11-19 15:15:04.805 [info] Review> No matching pull request metadata found locally for current branch main
2023-11-19 15:15:04.805 [info] Review> No matching pull request metadata found on GitHub for current branch main
2023-11-19 15:15:05.334 [info] Review> Validating state...
2023-11-19 15:15:05.390 [info] Found GitHub remote for folder /home/s245
2023-11-19 15:15:05.393 [info] Trying to use globalState for assignableUsers.
2023-11-19 15:15:05.458 [info] GlobalState does not exist for assignableUsers.
2023-11-19 15:15:05.530 [info] Review> No matching pull request metadata found locally for current branch main
2023-11-19 15:15:05.531 [info] Review> No matching pull request metadata found on GitHub for current branch main
