2023-11-15 15:27:07.213 [info] Extension host with pid 3988187 started
2023-11-15 15:27:07.216 [error] Error: EEXIST: file already exists, open '/home/s245/.vscode-server/data/User/workspaceStorage/bafc61b3c12b80fbd74fefa2df04ee8e/vscode.lock'
2023-11-15 15:27:07.223 [info] Lock '/home/s245/.vscode-server/data/User/workspaceStorage/bafc61b3c12b80fbd74fefa2df04ee8e/vscode.lock': Could not acquire lock, checking if the file is stale.
2023-11-15 15:27:07.227 [info] Lock '/home/s245/.vscode-server/data/User/workspaceStorage/bafc61b3c12b80fbd74fefa2df04ee8e/vscode.lock': The lock does not look stale, elapsed: 344 ms, giving up.
2023-11-15 15:27:07.232 [info] Lock '/home/s245/.vscode-server/data/User/workspaceStorage/bafc61b3c12b80fbd74fefa2df04ee8e-1/vscode.lock': Lock acquired.
2023-11-15 15:27:07.321 [info] ExtensionService#_doActivateExtension vscode.git-base, startup: true, activationEvent: '*', root cause: vscode.git
2023-11-15 15:27:07.352 [info] ExtensionService#_doActivateExtension vscode.git, startup: true, activationEvent: '*'
2023-11-15 15:27:07.352 [info] ExtensionService#_doActivateExtension vscode.github, startup: true, activationEvent: '*'
2023-11-15 15:27:07.508 [info] Eager extensions activated
2023-11-15 15:27:07.509 [info] ExtensionService#_doActivateExtension vscode.debug-auto-launch, startup: false, activationEvent: 'onStartupFinished'
2023-11-15 15:27:07.510 [info] ExtensionService#_doActivateExtension vscode.merge-conflict, startup: false, activationEvent: 'onStartupFinished'
2023-11-15 15:27:19.505 [info] ExtensionService#_doActivateExtension vscode.emmet, startup: false, activationEvent: 'onLanguage'
2023-11-15 15:47:19.506 [info] ExtensionService#_doActivateExtension argutec.argutec-azure-repos, startup: false, activationEvent: '*'
2023-11-15 15:49:30.201 [warning] [Decorations] CAPPING events from decorations provider vscode.git 6125
2023-11-15 15:49:31.265 [warning] [Decorations] CAPPING events from decorations provider vscode.git 6125
2023-11-15 15:54:51.099 [info] ExtensionService#_doActivateExtension GitHub.vscode-pull-request-github, startup: false, activationEvent: 'onStartupFinished'
2023-11-15 15:54:51.591 [warning] [Decorations] CAPPING events from decorations provider vscode.git 6179
2023-11-15 15:56:07.245 [warning] [Decorations] CAPPING events from decorations provider vscode.git 6179
2023-11-15 15:56:08.294 [warning] [Decorations] CAPPING events from decorations provider vscode.git 6179
2023-11-15 15:57:04.761 [info] ExtensionService#_doActivateExtension vscode.npm, startup: false, activationEvent: 'onTerminalQuickFixRequest:ms-vscode.npm-command'
2023-11-15 15:58:52.006 [info] ExtensionService#_doActivateExtension vscode.extension-editing, startup: false, activationEvent: 'onLanguage:markdown'
2023-11-15 15:58:52.007 [info] ExtensionService#_doActivateExtension vscode.markdown-language-features, startup: false, activationEvent: 'onLanguage:markdown'
2023-11-15 15:58:52.524 [info] ExtensionService#_doActivateExtension vscode.markdown-math, startup: false, activationEvent: 'api', root cause: vscode.markdown-language-features
2023-11-15 15:59:51.609 [warning] [Decorations] CAPPING events from decorations provider vscode.git 6181
2023-11-15 15:59:52.643 [warning] [Decorations] CAPPING events from decorations provider vscode.git 6181
2023-11-15 16:04:34.425 [warning] [Decorations] CAPPING events from decorations provider vscode.git 6181
2023-11-15 16:04:35.486 [warning] [Decorations] CAPPING events from decorations provider vscode.git 6181
2023-11-15 16:04:36.619 [warning] [Decorations] CAPPING events from decorations provider vscode.git 6181
2023-11-15 16:04:40.649 [warning] [Decorations] CAPPING events from decorations provider vscode.git 6181
2023-11-15 16:04:51.802 [warning] [Decorations] CAPPING events from decorations provider vscode.git 6181
2023-11-15 16:04:52.776 [warning] [Decorations] CAPPING events from decorations provider vscode.git 6181
2023-11-15 16:04:53.951 [warning] [Decorations] CAPPING events from decorations provider vscode.git 6181
2023-11-15 16:07:02.876 [warning] [Decorations] CAPPING events from decorations provider vscode.git 6181
2023-11-15 16:07:08.044 [warning] [Decorations] CAPPING events from decorations provider vscode.git 6181
2023-11-15 16:07:13.194 [warning] [Decorations] CAPPING events from decorations provider vscode.git 6181
2023-11-15 16:07:18.365 [warning] [Decorations] CAPPING events from decorations provider vscode.git 6181
2023-11-15 16:07:20.783 [info] ExtensionService#_doActivateExtension vscode.html-language-features, startup: false, activationEvent: 'onLanguage:html'
2023-11-15 16:07:27.121 [warning] [Decorations] CAPPING events from decorations provider vscode.git 6183
2023-11-15 16:07:32.294 [warning] [Decorations] CAPPING events from decorations provider vscode.git 6183
2023-11-15 16:07:37.465 [warning] [Decorations] CAPPING events from decorations provider vscode.git 6183
2023-11-15 16:07:42.644 [warning] [Decorations] CAPPING events from decorations provider vscode.git 6183
2023-11-15 16:07:47.820 [warning] [Decorations] CAPPING events from decorations provider vscode.git 6183
2023-11-15 16:07:52.991 [warning] [Decorations] CAPPING events from decorations provider vscode.git 6183
2023-11-15 16:08:13.758 [warning] [Decorations] CAPPING events from decorations provider vscode.git 6183
2023-11-15 16:08:14.736 [warning] [Decorations] CAPPING events from decorations provider vscode.git 6183
2023-11-15 16:09:51.997 [warning] [Decorations] CAPPING events from decorations provider vscode.git 6183
2023-11-15 16:09:55.250 [warning] [Decorations] CAPPING events from decorations provider vscode.git 6183
2023-11-15 16:10:00.414 [warning] [Decorations] CAPPING events from decorations provider vscode.git 6183
2023-11-15 16:11:14.346 [warning] [Decorations] CAPPING events from decorations provider vscode.git 6183
2023-11-15 16:11:21.077 [warning] [Decorations] CAPPING events from decorations provider vscode.git 6183
2023-11-15 16:13:43.353 [warning] [Decorations] CAPPING events from decorations provider vscode.git 6183
