2023-11-20 10:18:21.444 [info] Extension host with pid 2566393 started
2023-11-20 10:18:21.447 [error] Error: EEXIST: file already exists, open '/home/s245/.vscode-server/data/User/workspaceStorage/bafc61b3c12b80fbd74fefa2df04ee8e/vscode.lock'
2023-11-20 10:18:21.453 [info] Lock '/home/s245/.vscode-server/data/User/workspaceStorage/bafc61b3c12b80fbd74fefa2df04ee8e/vscode.lock': Could not acquire lock, checking if the file is stale.
2023-11-20 10:18:21.457 [info] Lock '/home/s245/.vscode-server/data/User/workspaceStorage/bafc61b3c12b80fbd74fefa2df04ee8e/vscode.lock': The lock does not look stale, elapsed: 373 ms, giving up.
2023-11-20 10:18:21.457 [error] Error: EEXIST: file already exists, open '/home/s245/.vscode-server/data/User/workspaceStorage/bafc61b3c12b80fbd74fefa2df04ee8e-1/vscode.lock'
2023-11-20 10:18:21.458 [info] Lock '/home/s245/.vscode-server/data/User/workspaceStorage/bafc61b3c12b80fbd74fefa2df04ee8e-1/vscode.lock': Could not acquire lock, checking if the file is stale.
2023-11-20 10:18:21.458 [info] Lock '/home/s245/.vscode-server/data/User/workspaceStorage/bafc61b3c12b80fbd74fefa2df04ee8e-1/vscode.lock': The lock does not look stale, elapsed: 246 ms, giving up.
2023-11-20 10:18:21.462 [info] Lock '/home/s245/.vscode-server/data/User/workspaceStorage/bafc61b3c12b80fbd74fefa2df04ee8e-2/vscode.lock': Lock acquired.
2023-11-20 10:18:21.525 [info] ExtensionService#_doActivateExtension vscode.git-base, startup: true, activationEvent: '*'
2023-11-20 10:18:21.583 [info] ExtensionService#_doActivateExtension vscode.github, startup: true, activationEvent: '*'
2023-11-20 10:18:21.618 [info] Eager extensions activated
2023-11-20 10:18:21.618 [info] ExtensionService#_doActivateExtension vscode.debug-auto-launch, startup: false, activationEvent: 'onStartupFinished'
2023-11-20 10:18:21.619 [info] ExtensionService#_doActivateExtension vscode.merge-conflict, startup: false, activationEvent: 'onStartupFinished'
2023-11-20 10:18:21.691 [info] ExtensionService#_doActivateExtension GitHub.vscode-pull-request-github, startup: false, activationEvent: 'onStartupFinished'
2023-11-20 10:18:22.342 [info] ExtensionService#_doActivateExtension vscode.git, startup: false, activationEvent: 'api', root cause: vscode.github
2023-11-20 10:18:22.441 [info] ExtensionService#_doActivateExtension argutec.argutec-azure-repos, startup: false, activationEvent: '*'
2023-11-20 10:18:23.152 [warning] [Decorations] CAPPING events from decorations provider vscode.git 6212
2023-11-20 10:18:26.256 [warning] [Decorations] CAPPING events from decorations provider vscode.git 6213
2023-11-20 10:18:29.990 [warning] [Decorations] CAPPING events from decorations provider vscode.git 6213
2023-11-20 10:23:23.085 [warning] [Decorations] CAPPING events from decorations provider vscode.git 6222
2023-11-20 10:28:23.334 [warning] [Decorations] CAPPING events from decorations provider vscode.git 6224
2023-11-20 10:29:33.103 [info] ExtensionService#_doActivateExtension vscode.emmet, startup: false, activationEvent: 'onLanguage'
2023-11-20 10:29:53.107 [info] ExtensionService#_doActivateExtension vscode.npm, startup: false, activationEvent: 'onTerminalQuickFixRequest:ms-vscode.npm-command'
2023-11-20 10:33:23.617 [warning] [Decorations] CAPPING events from decorations provider vscode.git 6224
2023-11-20 10:34:58.107 [info] ExtensionService#_doActivateExtension vscode.php-language-features, startup: false, activationEvent: 'onLanguage:php'
2023-11-20 10:34:58.108 [info] ExtensionService#_doActivateExtension bmewburn.vscode-intelephense-client, startup: false, activationEvent: 'onLanguage:php'
2023-11-20 10:38:23.750 [warning] [Decorations] CAPPING events from decorations provider vscode.git 6233
2023-11-20 10:46:18.483 [warning] [Decorations] CAPPING events from decorations provider vscode.git 1705
2023-11-20 10:48:23.996 [warning] [Decorations] CAPPING events from decorations provider vscode.git 1705
