2023-11-15 10:05:04.763 [info] Extension host with pid 3827115 started
2023-11-15 10:05:04.776 [info] Lock '/home/s245/.vscode-server/data/User/workspaceStorage/bafc61b3c12b80fbd74fefa2df04ee8e/vscode.lock': Lock acquired.
2023-11-15 10:05:04.830 [info] ExtensionService#_doActivateExtension vscode.git-base, startup: true, activationEvent: '*'
2023-11-15 10:05:04.873 [info] ExtensionService#_doActivateExtension vscode.github, startup: true, activationEvent: '*'
2023-11-15 10:05:04.909 [info] Eager extensions activated
2023-11-15 10:05:04.909 [info] ExtensionService#_doActivateExtension vscode.debug-auto-launch, startup: false, activationEvent: 'onStartupFinished'
2023-11-15 10:05:04.910 [info] ExtensionService#_doActivateExtension vscode.merge-conflict, startup: false, activationEvent: 'onStartupFinished'
2023-11-15 10:05:07.145 [info] ExtensionService#_doActivateExtension vscode.git, startup: false, activationEvent: 'api', root cause: vscode.github
2023-11-15 10:05:13.176 [info] ExtensionService#_doActivateExtension vscode.emmet, startup: false, activationEvent: 'onLanguage'
2023-11-15 10:06:29.338 [info] ExtensionService#_doActivateExtension vscode.php-language-features, startup: false, activationEvent: 'onLanguage:php'
2023-11-15 10:08:22.956 [info] ExtensionService#_doActivateExtension vscode.npm, startup: false, activationEvent: 'onTerminalQuickFixRequest:ms-vscode.npm-command'
2023-11-15 11:18:06.402 [info] ExtensionService#_doActivateExtension bmewburn.vscode-intelephense-client, startup: false, activationEvent: 'onLanguage:php'
2023-11-15 15:47:19.467 [info] ExtensionService#_doActivateExtension argutec.argutec-azure-repos, startup: false, activationEvent: '*'
2023-11-15 15:49:30.174 [warning] [Decorations] CAPPING events from decorations provider vscode.git 6125
2023-11-15 15:49:31.134 [warning] [Decorations] CAPPING events from decorations provider vscode.git 6125
2023-11-15 15:54:51.061 [info] ExtensionService#_doActivateExtension GitHub.vscode-pull-request-github, startup: false, activationEvent: 'onStartupFinished'
2023-11-15 15:54:51.588 [warning] [Decorations] CAPPING events from decorations provider vscode.git 6179
2023-11-15 15:59:51.550 [warning] [Decorations] CAPPING events from decorations provider vscode.git 6181
2023-11-15 16:04:51.733 [warning] [Decorations] CAPPING events from decorations provider vscode.git 6181
2023-11-15 16:04:52.792 [warning] [Decorations] CAPPING events from decorations provider vscode.git 6181
2023-11-15 16:09:51.916 [warning] [Decorations] CAPPING events from decorations provider vscode.git 6183
