2023-11-20 10:17:40.197 [info] Extension host with pid 2565596 started
2023-11-20 10:17:40.273 [info] ExtensionService#_doActivateExtension vscode.emmet, startup: false, activationEvent: 'onLanguage'
2023-11-20 10:17:40.359 [info] ExtensionService#_doActivateExtension vscode.git-base, startup: true, activationEvent: '*', root cause: vscode.git
2023-11-20 10:17:40.360 [info] ExtensionService#_doActivateExtension argutec.argutec-azure-repos, startup: true, activationEvent: '*'
2023-11-20 10:17:40.663 [info] ExtensionService#_doActivateExtension vscode.git, startup: true, activationEvent: '*'
2023-11-20 10:17:40.664 [info] ExtensionService#_doActivateExtension vscode.github, startup: true, activationEvent: '*'
2023-11-20 10:17:43.008 [info] ExtensionService#_doActivateExtension vscode.json-language-features, startup: false, activationEvent: 'onLanguage:jsonc'
2023-11-20 10:17:43.008 [info] ExtensionService#_doActivateExtension vscode.typescript-language-features, startup: false, activationEvent: 'onLanguage:jsonc'
2023-11-20 10:17:44.497 [info] Extension host terminating: received terminate message from renderer
2023-11-20 10:17:44.514 [info] Eager extensions activated
2023-11-20 10:17:44.515 [info] ExtensionService#_doActivateExtension vscode.debug-auto-launch, startup: false, activationEvent: 'onStartupFinished'
2023-11-20 10:17:44.515 [info] ExtensionService#_doActivateExtension vscode.merge-conflict, startup: false, activationEvent: 'onStartupFinished'
2023-11-20 10:17:44.541 [error] Activating extension vscode.github-authentication failed due to an error:
2023-11-20 10:17:44.541 [error] Canceled: Canceled
	at new l (/home/s245/.vscode-server/bin/b380da4ef1ee00e224a15c1d4d9793e27c2b6302/out/vs/workbench/api/node/extensionHostProcess.js:100:105905)
	at s.O (/home/s245/.vscode-server/bin/b380da4ef1ee00e224a15c1d4d9793e27c2b6302/out/vs/workbench/api/node/extensionHostProcess.js:112:11754)
	at Proxy.z.<computed>.H.charCodeAt.z.<computed> (/home/s245/.vscode-server/bin/b380da4ef1ee00e224a15c1d4d9793e27c2b6302/out/vs/workbench/api/node/extensionHostProcess.js:112:9029)
	at Object.actualActivateExtension (/home/s245/.vscode-server/bin/b380da4ef1ee00e224a15c1d4d9793e27c2b6302/out/vs/workbench/api/node/extensionHostProcess.js:114:8592)
	at b.n (/home/s245/.vscode-server/bin/b380da4ef1ee00e224a15c1d4d9793e27c2b6302/out/vs/workbench/api/node/extensionHostProcess.js:98:6657)
	at b.m (/home/s245/.vscode-server/bin/b380da4ef1ee00e224a15c1d4d9793e27c2b6302/out/vs/workbench/api/node/extensionHostProcess.js:98:6618)
	at b.l (/home/s245/.vscode-server/bin/b380da4ef1ee00e224a15c1d4d9793e27c2b6302/out/vs/workbench/api/node/extensionHostProcess.js:98:6075)
	at new b (/home/s245/.vscode-server/bin/b380da4ef1ee00e224a15c1d4d9793e27c2b6302/out/vs/workbench/api/node/extensionHostProcess.js:98:6002)
	at e.ExtensionsActivator.k (/home/s245/.vscode-server/bin/b380da4ef1ee00e224a15c1d4d9793e27c2b6302/out/vs/workbench/api/node/extensionHostProcess.js:98:5513)
	at e.ExtensionsActivator.j (/home/s245/.vscode-server/bin/b380da4ef1ee00e224a15c1d4d9793e27c2b6302/out/vs/workbench/api/node/extensionHostProcess.js:98:4510)
	at e.ExtensionsActivator.j (/home/s245/.vscode-server/bin/b380da4ef1ee00e224a15c1d4d9793e27c2b6302/out/vs/workbench/api/node/extensionHostProcess.js:98:4964)
	at /home/s245/.vscode-server/bin/b380da4ef1ee00e224a15c1d4d9793e27c2b6302/out/vs/workbench/api/node/extensionHostProcess.js:98:4389
	at Array.map (<anonymous>)
	at e.ExtensionsActivator.h (/home/s245/.vscode-server/bin/b380da4ef1ee00e224a15c1d4d9793e27c2b6302/out/vs/workbench/api/node/extensionHostProcess.js:98:4377)
	at e.ExtensionsActivator.activateById (/home/s245/.vscode-server/bin/b380da4ef1ee00e224a15c1d4d9793e27c2b6302/out/vs/workbench/api/node/extensionHostProcess.js:98:4289)
	at n.W (/home/s245/.vscode-server/bin/b380da4ef1ee00e224a15c1d4d9793e27c2b6302/out/vs/workbench/api/node/extensionHostProcess.js:114:10001)
	at n.gb (/home/s245/.vscode-server/bin/b380da4ef1ee00e224a15c1d4d9793e27c2b6302/out/vs/workbench/api/node/extensionHostProcess.js:114:15032)
	at /home/s245/.vscode-server/bin/b380da4ef1ee00e224a15c1d4d9793e27c2b6302/out/vs/workbench/api/node/extensionHostProcess.js:114:15714
2023-11-20 10:17:44.542 [error] Activating extension vscode.debug-auto-launch failed due to an error:
2023-11-20 10:17:44.542 [error] Canceled: Canceled
	at new l (/home/s245/.vscode-server/bin/b380da4ef1ee00e224a15c1d4d9793e27c2b6302/out/vs/workbench/api/node/extensionHostProcess.js:100:105905)
	at s.O (/home/s245/.vscode-server/bin/b380da4ef1ee00e224a15c1d4d9793e27c2b6302/out/vs/workbench/api/node/extensionHostProcess.js:112:11754)
	at Proxy.z.<computed>.H.charCodeAt.z.<computed> (/home/s245/.vscode-server/bin/b380da4ef1ee00e224a15c1d4d9793e27c2b6302/out/vs/workbench/api/node/extensionHostProcess.js:112:9029)
	at F.initializeExtensionStorage (/home/s245/.vscode-server/bin/b380da4ef1ee00e224a15c1d4d9793e27c2b6302/out/vs/workbench/api/node/extensionHostProcess.js:102:137595)
	at new R (/home/s245/.vscode-server/bin/b380da4ef1ee00e224a15c1d4d9793e27c2b6302/out/vs/workbench/api/node/extensionHostProcess.js:92:14290)
	at new l (/home/s245/.vscode-server/bin/b380da4ef1ee00e224a15c1d4d9793e27c2b6302/out/vs/workbench/api/node/extensionHostProcess.js:92:15202)
	at n.db (/home/s245/.vscode-server/bin/b380da4ef1ee00e224a15c1d4d9793e27c2b6302/out/vs/workbench/api/node/extensionHostProcess.js:114:12686)
	at n.cb (/home/s245/.vscode-server/bin/b380da4ef1ee00e224a15c1d4d9793e27c2b6302/out/vs/workbench/api/node/extensionHostProcess.js:114:12463)
	at n.ab (/home/s245/.vscode-server/bin/b380da4ef1ee00e224a15c1d4d9793e27c2b6302/out/vs/workbench/api/node/extensionHostProcess.js:114:11585)
	at Object.actualActivateExtension (/home/s245/.vscode-server/bin/b380da4ef1ee00e224a15c1d4d9793e27c2b6302/out/vs/workbench/api/node/extensionHostProcess.js:114:8692)
	at b.n (/home/s245/.vscode-server/bin/b380da4ef1ee00e224a15c1d4d9793e27c2b6302/out/vs/workbench/api/node/extensionHostProcess.js:98:6657)
	at b.m (/home/s245/.vscode-server/bin/b380da4ef1ee00e224a15c1d4d9793e27c2b6302/out/vs/workbench/api/node/extensionHostProcess.js:98:6618)
	at b.l (/home/s245/.vscode-server/bin/b380da4ef1ee00e224a15c1d4d9793e27c2b6302/out/vs/workbench/api/node/extensionHostProcess.js:98:6075)
	at new b (/home/s245/.vscode-server/bin/b380da4ef1ee00e224a15c1d4d9793e27c2b6302/out/vs/workbench/api/node/extensionHostProcess.js:98:6002)
	at e.ExtensionsActivator.k (/home/s245/.vscode-server/bin/b380da4ef1ee00e224a15c1d4d9793e27c2b6302/out/vs/workbench/api/node/extensionHostProcess.js:98:5513)
	at e.ExtensionsActivator.j (/home/s245/.vscode-server/bin/b380da4ef1ee00e224a15c1d4d9793e27c2b6302/out/vs/workbench/api/node/extensionHostProcess.js:98:5468)
	at /home/s245/.vscode-server/bin/b380da4ef1ee00e224a15c1d4d9793e27c2b6302/out/vs/workbench/api/node/extensionHostProcess.js:98:4389
	at Array.map (<anonymous>)
	at e.ExtensionsActivator.h (/home/s245/.vscode-server/bin/b380da4ef1ee00e224a15c1d4d9793e27c2b6302/out/vs/workbench/api/node/extensionHostProcess.js:98:4377)
	at e.ExtensionsActivator.activateById (/home/s245/.vscode-server/bin/b380da4ef1ee00e224a15c1d4d9793e27c2b6302/out/vs/workbench/api/node/extensionHostProcess.js:98:4289)
	at n.W (/home/s245/.vscode-server/bin/b380da4ef1ee00e224a15c1d4d9793e27c2b6302/out/vs/workbench/api/node/extensionHostProcess.js:114:10001)
	at n.gb (/home/s245/.vscode-server/bin/b380da4ef1ee00e224a15c1d4d9793e27c2b6302/out/vs/workbench/api/node/extensionHostProcess.js:114:15032)
	at /home/s245/.vscode-server/bin/b380da4ef1ee00e224a15c1d4d9793e27c2b6302/out/vs/workbench/api/node/extensionHostProcess.js:114:15714
2023-11-20 10:17:44.542 [error] Activating extension vscode.merge-conflict failed due to an error:
2023-11-20 10:17:44.542 [error] Canceled: Canceled
	at new l (/home/s245/.vscode-server/bin/b380da4ef1ee00e224a15c1d4d9793e27c2b6302/out/vs/workbench/api/node/extensionHostProcess.js:100:105905)
	at s.O (/home/s245/.vscode-server/bin/b380da4ef1ee00e224a15c1d4d9793e27c2b6302/out/vs/workbench/api/node/extensionHostProcess.js:112:11754)
	at Proxy.z.<computed>.H.charCodeAt.z.<computed> (/home/s245/.vscode-server/bin/b380da4ef1ee00e224a15c1d4d9793e27c2b6302/out/vs/workbench/api/node/extensionHostProcess.js:112:9029)
	at F.initializeExtensionStorage (/home/s245/.vscode-server/bin/b380da4ef1ee00e224a15c1d4d9793e27c2b6302/out/vs/workbench/api/node/extensionHostProcess.js:102:137595)
	at new R (/home/s245/.vscode-server/bin/b380da4ef1ee00e224a15c1d4d9793e27c2b6302/out/vs/workbench/api/node/extensionHostProcess.js:92:14290)
	at new l (/home/s245/.vscode-server/bin/b380da4ef1ee00e224a15c1d4d9793e27c2b6302/out/vs/workbench/api/node/extensionHostProcess.js:92:15202)
	at n.db (/home/s245/.vscode-server/bin/b380da4ef1ee00e224a15c1d4d9793e27c2b6302/out/vs/workbench/api/node/extensionHostProcess.js:114:12686)
	at n.cb (/home/s245/.vscode-server/bin/b380da4ef1ee00e224a15c1d4d9793e27c2b6302/out/vs/workbench/api/node/extensionHostProcess.js:114:12463)
	at n.ab (/home/s245/.vscode-server/bin/b380da4ef1ee00e224a15c1d4d9793e27c2b6302/out/vs/workbench/api/node/extensionHostProcess.js:114:11585)
	at Object.actualActivateExtension (/home/s245/.vscode-server/bin/b380da4ef1ee00e224a15c1d4d9793e27c2b6302/out/vs/workbench/api/node/extensionHostProcess.js:114:8692)
	at b.n (/home/s245/.vscode-server/bin/b380da4ef1ee00e224a15c1d4d9793e27c2b6302/out/vs/workbench/api/node/extensionHostProcess.js:98:6657)
	at b.m (/home/s245/.vscode-server/bin/b380da4ef1ee00e224a15c1d4d9793e27c2b6302/out/vs/workbench/api/node/extensionHostProcess.js:98:6618)
	at b.l (/home/s245/.vscode-server/bin/b380da4ef1ee00e224a15c1d4d9793e27c2b6302/out/vs/workbench/api/node/extensionHostProcess.js:98:6075)
	at new b (/home/s245/.vscode-server/bin/b380da4ef1ee00e224a15c1d4d9793e27c2b6302/out/vs/workbench/api/node/extensionHostProcess.js:98:6002)
	at e.ExtensionsActivator.k (/home/s245/.vscode-server/bin/b380da4ef1ee00e224a15c1d4d9793e27c2b6302/out/vs/workbench/api/node/extensionHostProcess.js:98:5513)
	at e.ExtensionsActivator.j (/home/s245/.vscode-server/bin/b380da4ef1ee00e224a15c1d4d9793e27c2b6302/out/vs/workbench/api/node/extensionHostProcess.js:98:5468)
	at /home/s245/.vscode-server/bin/b380da4ef1ee00e224a15c1d4d9793e27c2b6302/out/vs/workbench/api/node/extensionHostProcess.js:98:4389
	at Array.map (<anonymous>)
	at e.ExtensionsActivator.h (/home/s245/.vscode-server/bin/b380da4ef1ee00e224a15c1d4d9793e27c2b6302/out/vs/workbench/api/node/extensionHostProcess.js:98:4377)
	at e.ExtensionsActivator.activateById (/home/s245/.vscode-server/bin/b380da4ef1ee00e224a15c1d4d9793e27c2b6302/out/vs/workbench/api/node/extensionHostProcess.js:98:4289)
	at n.W (/home/s245/.vscode-server/bin/b380da4ef1ee00e224a15c1d4d9793e27c2b6302/out/vs/workbench/api/node/extensionHostProcess.js:114:10001)
	at n.gb (/home/s245/.vscode-server/bin/b380da4ef1ee00e224a15c1d4d9793e27c2b6302/out/vs/workbench/api/node/extensionHostProcess.js:114:15032)
	at /home/s245/.vscode-server/bin/b380da4ef1ee00e224a15c1d4d9793e27c2b6302/out/vs/workbench/api/node/extensionHostProcess.js:114:15714
2023-11-20 10:17:44.544 [info] Extension host with pid 2565596 exiting with code 0
