2023-11-20 09:38:27.068 [info] Log level: Info
2023-11-20 09:38:27.068 [info] Validating found git in: "git"
2023-11-20 09:38:27.068 [info] Using git "2.20.1" from "git"
2023-11-20 09:38:27.068 [info] > git rev-parse --show-toplevel [12ms]
2023-11-20 09:38:27.068 [info] > git rev-parse --git-dir --git-common-dir [3ms]
2023-11-20 09:38:27.068 [info] Open repository: /home/s245
2023-11-20 09:38:27.068 [info] > git rev-parse --show-toplevel [10ms]
2023-11-20 09:38:27.068 [info] > git config --get commit.template [13ms]
2023-11-20 09:38:27.068 [info] > git rev-parse --show-toplevel [16ms]
2023-11-20 09:38:27.068 [info] > git for-each-ref --format=%(refname)%00%(upstream:short)%00%(objectname)%00%(upstream:track)%00%(upstream:remotename)%00%(upstream:remoteref) refs/heads/main refs/remotes/main [14ms]
2023-11-20 09:38:27.068 [info] > git rev-parse --show-toplevel [26ms]
2023-11-20 09:38:27.068 [info] > git rev-parse --show-toplevel [8ms]
2023-11-20 09:38:27.068 [info] > git rev-parse --show-toplevel [3ms]
2023-11-20 09:38:27.068 [info] > git status -z -uall --find-renames=50% [51ms]
2023-11-20 09:38:27.068 [info] > git rev-parse --show-toplevel [81ms]
2023-11-20 09:38:27.068 [info] > git config --get commit.template [12ms]
2023-11-20 09:38:27.068 [info] > git rev-parse --show-toplevel [20ms]
2023-11-20 09:38:27.068 [info] > git rev-parse --show-toplevel [13ms]
2023-11-20 09:38:27.068 [info] > git rev-parse --show-toplevel [341ms]
2023-11-20 09:38:27.068 [info] > git for-each-ref --format=%(refname)%00%(upstream:short)%00%(objectname)%00%(upstream:track)%00%(upstream:remotename)%00%(upstream:remoteref) refs/heads/main refs/remotes/main [350ms]
2023-11-20 09:38:27.075 [info] > git check-ignore -v -z --stdin [15ms]
2023-11-20 09:38:27.092 [info] > git status -z -uall --find-renames=50% [47ms]
2023-11-20 09:38:27.203 [info] > git show --textconv :.ssh/id_ed25519.pub [14ms]
2023-11-20 09:38:27.528 [info] > git ls-files --stage -- /home/s245/.ssh/id_ed25519.pub [327ms]
2023-11-20 09:38:34.412 [info] > git check-ignore -v -z --stdin [7ms]
2023-11-20 09:38:35.041 [info] > git check-ignore -v -z --stdin [6ms]
2023-11-20 09:38:36.081 [info] > git check-ignore -v -z --stdin [8ms]
2023-11-20 09:38:49.481 [info] > git ls-files --stage -- /home/s245/.ssh/id_ed25519.pub [4ms]
2023-11-20 09:38:49.517 [info] > git show --textconv :.ssh/id_ed25519.pub [3ms]
2023-11-20 09:39:38.115 [info] > git ls-files --stage -- /home/s245/.ssh/id_ed25519.pub [4ms]
2023-11-20 09:39:38.150 [info] > git show --textconv :.ssh/id_ed25519.pub [4ms]
