2023-11-20 10:17:55.837 [info] Log level: Info
2023-11-20 10:17:55.837 [info] Validating found git in: "git"
2023-11-20 10:17:55.837 [info] Using git "2.20.1" from "git"
2023-11-20 10:17:55.837 [info] > git rev-parse --show-toplevel [11ms]
2023-11-20 10:17:55.837 [info] > git rev-parse --git-dir --git-common-dir [2ms]
2023-11-20 10:17:55.837 [info] Open repository: /home/s245
2023-11-20 10:17:55.837 [info] > git rev-parse --show-toplevel [4ms]
2023-11-20 10:17:55.837 [info] > git rev-parse --show-toplevel [13ms]
2023-11-20 10:17:55.837 [info] > git for-each-ref --format=%(refname)%00%(upstream:short)%00%(objectname)%00%(upstream:track)%00%(upstream:remotename)%00%(upstream:remoteref) refs/heads/main refs/remotes/main [16ms]
2023-11-20 10:17:55.837 [info] > git rev-parse --show-toplevel [14ms]
2023-11-20 10:17:55.837 [info] > git rev-parse --show-toplevel [12ms]
2023-11-20 10:17:55.837 [info] > git rev-parse --show-toplevel [6ms]
2023-11-20 10:17:55.837 [info] > git rev-parse --show-toplevel [3ms]
2023-11-20 10:17:55.837 [info] > git rev-parse --show-toplevel [3ms]
2023-11-20 10:17:55.837 [info] > git rev-parse --show-toplevel [8ms]
2023-11-20 10:17:55.837 [info] > git rev-parse --show-toplevel [6ms]
2023-11-20 10:17:55.837 [info] > git status -z -uall --find-renames=50% [305ms] (cancelled)
2023-11-20 10:17:55.837 [info] > git rev-parse --show-toplevel [199ms]
2023-11-20 10:17:55.837 [info] > git check-ignore -v -z --stdin [21ms]
2023-11-20 10:17:55.837 [info] > git for-each-ref --format=%(refname)%00%(upstream:short)%00%(objectname)%00%(upstream:track)%00%(upstream:remotename)%00%(upstream:remoteref) refs/heads/main refs/remotes/main [23ms]
2023-11-20 10:17:56.051 [info] > git status -z -uall --find-renames=50% [221ms] (cancelled)
2023-11-20 10:17:59.187 [info] > git check-ignore -v -z --stdin [12ms]
2023-11-20 10:17:59.440 [info] > git show --textconv :4BMW/app/Models/CompteClient.php [15ms]
2023-11-20 10:17:59.444 [info] > git ls-files --stage -- /home/s245/4BMW/app/Models/CompteClient.php [5ms]
2023-11-20 10:18:02.677 [info] > git config --local branch.main.github-pr-owner-number [68ms]
2023-11-20 10:18:02.693 [info] > git for-each-ref --format=%(refname)%00%(upstream:short)%00%(objectname)%00%(upstream:track)%00%(upstream:remotename)%00%(upstream:remoteref) refs/heads/main refs/remotes/main [5ms]
2023-11-20 10:18:02.932 [info] > git status -z -uall --find-renames=50% [223ms] (cancelled)
2023-11-20 10:18:06.523 [info] > git show --textconv :4BMW/app/Models/CompteClient.php [19ms]
2023-11-20 10:18:06.531 [info] > git ls-files --stage -- /home/s245/4BMW/app/Models/CompteClient.php [10ms]
2023-11-20 10:18:09.242 [info] > git show --textconv :4BMW/.gitattributes [16ms]
2023-11-20 10:18:09.248 [info] > git ls-files --stage -- /home/s245/4BMW/.gitattributes [7ms]
2023-11-20 10:18:09.659 [info] > git show --textconv :4BMW/composer.json [20ms]
2023-11-20 10:18:09.660 [info] > git ls-files --stage -- /home/s245/4BMW/composer.json [5ms]
2023-11-20 10:18:10.033 [info] > git show --textconv :4BMW/phpunit.xml [17ms]
2023-11-20 10:18:10.041 [info] > git ls-files --stage -- /home/s245/4BMW/phpunit.xml [9ms]
2023-11-20 10:18:11.488 [info] > git show --textconv :4BMW/app/Models/User.php [19ms]
2023-11-20 10:18:11.495 [info] > git ls-files --stage -- /home/s245/4BMW/app/Models/User.php [8ms]
2023-11-20 10:18:21.003 [info] > git show --textconv :.profile [18ms]
2023-11-20 10:18:21.010 [info] > git ls-files --stage -- /home/s245/.profile [9ms]
2023-11-20 10:18:21.529 [info] > git show --textconv :README.md [22ms]
2023-11-20 10:18:21.559 [info] > git ls-files --stage -- /home/s245/README.md [33ms]
2023-11-20 10:18:39.181 [info] > git check-ignore -v -z --stdin [10ms]
2023-11-20 10:18:51.657 [info] > git check-ignore -v -z --stdin [9ms]
2023-11-20 10:19:01.611 [info] > git check-ignore -v -z --stdin [7ms]
2023-11-20 10:19:16.784 [info] > git check-ignore -v -z --stdin [6ms]
2023-11-20 10:19:40.871 [info] > git check-ignore -v -z --stdin [8ms]
2023-11-20 10:22:59.946 [info] > git check-ignore -v -z --stdin [9ms]
2023-11-20 10:23:00.356 [info] > git show --textconv :.ssh/known_hosts [17ms]
2023-11-20 10:23:00.362 [info] > git ls-files --stage -- /home/s245/.ssh/known_hosts [8ms]
2023-11-20 10:23:02.308 [info] > git config --local branch.main.github-pr-owner-number [1ms]
2023-11-20 10:23:02.325 [info] > git for-each-ref --format=%(refname)%00%(upstream:short)%00%(objectname)%00%(upstream:track)%00%(upstream:remotename)%00%(upstream:remoteref) refs/heads/main refs/remotes/main [2ms]
2023-11-20 10:23:02.567 [info] > git status -z -uall --find-renames=50% [229ms] (cancelled)
2023-11-20 10:23:07.782 [info] > git check-ignore -v -z --stdin [10ms]
2023-11-20 10:23:24.154 [info] > git check-ignore -v -z --stdin [8ms]
2023-11-20 10:25:26.934 [info] > git check-ignore -v -z --stdin [8ms]
2023-11-20 10:25:27.429 [info] > git show --textconv :.ssh/id_rsa [19ms]
2023-11-20 10:25:27.433 [info] > git ls-files --stage -- /home/s245/.ssh/id_rsa [5ms]
2023-11-20 10:25:28.191 [info] > git show --textconv :.ssh/id_rsa.pub [16ms]
2023-11-20 10:25:28.196 [info] > git ls-files --stage -- /home/s245/.ssh/id_rsa.pub [6ms]
2023-11-20 10:25:28.478 [info] > git show --textconv :.ssh/id_rsa [17ms]
2023-11-20 10:25:28.484 [info] > git ls-files --stage -- /home/s245/.ssh/id_rsa [8ms]
2023-11-20 10:27:38.908 [info] > git show --textconv :.ssh/id_rsa.pub [17ms]
2023-11-20 10:27:38.915 [info] > git ls-files --stage -- /home/s245/.ssh/id_rsa.pub [9ms]
2023-11-20 10:28:02.583 [info] > git config --local branch.main.github-pr-owner-number [2ms]
2023-11-20 10:28:02.601 [info] > git for-each-ref --format=%(refname)%00%(upstream:short)%00%(objectname)%00%(upstream:track)%00%(upstream:remotename)%00%(upstream:remoteref) refs/heads/main refs/remotes/main [2ms]
2023-11-20 10:28:02.830 [info] > git status -z -uall --find-renames=50% [214ms] (cancelled)
2023-11-20 10:28:14.415 [info] > git show --textconv :test2 [18ms]
2023-11-20 10:28:14.420 [info] > git ls-files --stage -- /home/s245/test2 [6ms]
2023-11-20 10:28:14.628 [info] > git check-ignore -v -z --stdin [4ms]
2023-11-20 10:29:10.463 [info] > git for-each-ref --sort -committerdate --format %(refname) %(objectname) %(*objectname) [2ms]
2023-11-20 10:29:56.341 [info] > git for-each-ref --sort -committerdate --format %(refname) %(objectname) %(*objectname) [1ms]
2023-11-20 10:29:58.103 [info] > git checkout -q main [28ms]
2023-11-20 10:29:58.140 [info] > git config --get commit.template [20ms]
2023-11-20 10:29:58.142 [info] > git for-each-ref --format=%(refname)%00%(upstream:short)%00%(objectname)%00%(upstream:track)%00%(upstream:remotename)%00%(upstream:remoteref) refs/heads/main refs/remotes/main [3ms]
2023-11-20 10:29:58.374 [info] > git status -z -uall --find-renames=50% [218ms] (cancelled)
2023-11-20 10:30:01.686 [info] > git ls-files --stage -- /home/s245/.ssh/id_rsa.pub [20ms]
2023-11-20 10:30:01.688 [info] > git ls-files --stage -- /home/s245/test2 [3ms]
2023-11-20 10:30:01.757 [info] > git show --textconv :.ssh/id_rsa.pub [21ms]
2023-11-20 10:30:01.758 [info] > git show --textconv :test2 [2ms]
2023-11-20 10:30:40.992 [info] > git ls-files --stage -- /home/s245/.ssh/id_rsa.pub [17ms]
2023-11-20 10:30:40.993 [info] > git ls-files --stage -- /home/s245/test2 [3ms]
2023-11-20 10:30:41.050 [info] > git show --textconv :.ssh/id_rsa.pub [17ms]
2023-11-20 10:30:41.052 [info] > git show --textconv :test2 [3ms]
2023-11-20 10:30:42.971 [info] > git ls-files --stage -- /home/s245/.ssh/id_rsa.pub [16ms]
2023-11-20 10:30:42.972 [info] > git ls-files --stage -- /home/s245/test2 [2ms]
2023-11-20 10:30:43.027 [info] > git show --textconv :.ssh/id_rsa.pub [18ms]
2023-11-20 10:30:43.028 [info] > git show --textconv :test2 [3ms]
2023-11-20 10:30:44.284 [info] > git ls-files --stage -- /home/s245/.ssh/id_rsa.pub [16ms]
2023-11-20 10:30:44.285 [info] > git ls-files --stage -- /home/s245/test2 [3ms]
2023-11-20 10:30:44.338 [info] > git show --textconv :.ssh/id_rsa.pub [19ms]
2023-11-20 10:30:44.338 [info] > git show --textconv :test2 [2ms]
2023-11-20 10:31:44.985 [info] > git ls-files --stage -- /home/s245/.ssh/id_rsa.pub [17ms]
2023-11-20 10:31:44.987 [info] > git ls-files --stage -- /home/s245/test2 [2ms]
2023-11-20 10:31:45.033 [info] > git show --textconv :.ssh/id_rsa.pub [2ms]
2023-11-20 10:31:45.049 [info] > git show --textconv :test2 [2ms]
2023-11-20 10:32:22.875 [info] > git ls-files --stage -- /home/s245/.ssh/id_rsa.pub [16ms]
2023-11-20 10:32:22.878 [info] > git ls-files --stage -- /home/s245/test2 [5ms]
2023-11-20 10:32:22.929 [info] > git show --textconv :.ssh/id_rsa.pub [15ms]
2023-11-20 10:32:22.930 [info] > git show --textconv :test2 [2ms]
2023-11-20 10:32:28.663 [info] > git ls-files --stage -- /home/s245/.ssh/id_rsa.pub [18ms]
2023-11-20 10:32:28.664 [info] > git ls-files --stage -- /home/s245/test2 [3ms]
2023-11-20 10:32:28.723 [info] > git show --textconv :.ssh/id_rsa.pub [17ms]
2023-11-20 10:32:28.725 [info] > git show --textconv :test2 [4ms]
2023-11-20 10:33:02.853 [info] > git config --local branch.main.github-pr-owner-number [3ms]
2023-11-20 10:33:02.870 [info] > git config --get commit.template [1ms]
2023-11-20 10:33:02.889 [info] > git for-each-ref --format=%(refname)%00%(upstream:short)%00%(objectname)%00%(upstream:track)%00%(upstream:remotename)%00%(upstream:remoteref) refs/heads/main refs/remotes/main [2ms]
2023-11-20 10:33:03.111 [info] > git status -z -uall --find-renames=50% [207ms] (cancelled)
