2023-11-16 16:30:10.145 [warning] /home/s245/.ssh/config: ENOENT: no such file or directory, open '/home/s245/.ssh/config'
2023-11-16 16:30:10.145 [info] Looking for git repository
2023-11-16 16:30:10.145 [info] Found 0 repositories during activation
2023-11-16 16:30:10.145 [info] Git repository found, initializing review manager and pr tree view.
2023-11-16 16:30:11.376 [info] Registering git provider
2023-11-16 16:30:11.420 [info] Repository file:///home/s245 has been opened
2023-11-16 16:30:11.576 [info] Review> Validate state in progress
2023-11-16 16:30:11.576 [info] Review> Validating state...
2023-11-16 16:30:11.576 [info] Cannot updates repositories as git is uninitialized
2023-11-16 16:30:11.576 [info] Repo state for file:///home/s245 changed.
2023-11-16 16:30:11.576 [info] Repo file:///home/s245 has already been setup.
2023-11-16 16:30:11.665 [info] Git initialization state changed: state=initialized
2023-11-16 16:30:11.665 [info] Review> Queuing additional validate state
2023-11-16 16:30:11.738 [info] Review> No matching pull request metadata found locally for current branch main
2023-11-16 16:30:11.738 [info] Review> no matching pull request metadata found for current branch main
2023-11-16 16:30:11.739 [info] Review> No matching pull request metadata found on GitHub for current branch main
2023-11-16 16:30:11.848 [info] Review> Validating state...
2023-11-16 16:30:11.870 [info] Found GitHub remote for folder /home/s245
2023-11-16 16:30:11.952 [info] Review> No matching pull request metadata found locally for current branch main
2023-11-16 16:30:11.952 [info] Review> no matching pull request metadata found for current branch main
2023-11-16 16:30:11.953 [info] Review> No matching pull request metadata found on GitHub for current branch main
