[Info  - 4:14:06 PM] Initialising intelephense 1.10.1
[Info  - 4:14:06 PM] Reading state from /home/s245/.vscode-server/data/User/workspaceStorage/bafc61b3c12b80fbd74fefa2df04ee8e-1/bmewburn.vscode-intelephense-client/35251de0.
[Info  - 4:14:06 PM] Initialised in 13 ms
[Info  - 4:14:06 PM] Environment changed. Refreshing 1 in memory documents.
[Info  - 4:14:06 PM] Searching file:///home/s245/.vscode-server/extensions/bmewburn.vscode-intelephense-client-1.10.1/node_modules/intelephense/lib/stub for files to index.
[Info  - 4:14:06 PM] Searching file:///home/s245 for files to index.
[Warn  - 4:14:06 PM] file:///home/s245/4BMW/vendor/fakerphp/faker/src/Faker/Provider/nl_BE/Text.php is over the maximum file size of 1000000 bytes.
[Info  - 4:14:06 PM] Indexing started.
[Info  - 4:14:06 PM] Searching file:///home/s245/.vscode-server/data/User/workspaceStorage/bafc61b3c12b80fbd74fefa2df04ee8e-1/bmewburn.vscode-intelephense-client for files to index.
[Info  - 4:14:07 PM] Searching file:///home/s245/.vscode-server/data/logs/20231118T141105/exthost4/output_logging_20231118T161404 for files to index.
[Info  - 4:14:08 PM] Searching file:///home/s245/.vscode-server/data/logs/20231118T141105/exthost4/vscode.git for files to index.
[Info  - 4:14:08 PM] Searching file:///home/s245/.vscode-server/data/logs/20231118T141105/exthost4/vscode.github for files to index.
[Info  - 4:14:17 PM] Searching file:///home/s245/.vscode-server/data/logs/20231118T141105/exthost4/GitHub.vscode-pull-request-github for files to index.
[Info  - 4:14:17 PM] Searching file:///home/s245/.vscode-server/data/User/globalStorage/github.vscode-pull-request-github/temp for files to index.
[Info  - 4:14:18 PM] Indexing ended. 7353 files indexed in 11s.
[Info  - 4:14:18 PM] Writing state to /home/s245/.vscode-server/data/User/workspaceStorage/bafc61b3c12b80fbd74fefa2df04ee8e-1/bmewburn.vscode-intelephense-client/35251de0.
[Info  - 4:14:19 PM] Wrote state in 1.0s.
[Info  - 4:37:04 PM] Searching file:///home/s245/.vscode-server/data/User/History/2c04a0b7 for files to index.
[Info  - 5:02:43 PM] Indexing started.
[Info  - 5:02:43 PM] Indexing ended. 1 files indexed in 0s.
[Info  - 5:02:57 PM] Searching file:///home/s245/.vscode-server/data/User/History/126a9ff6 for files to index.
[Info  - 5:11:02 PM] Indexing started.
[Info  - 5:11:02 PM] Indexing ended. 1 files indexed in 0s.
[Info  - 5:11:36 PM] Indexing started.
[Info  - 5:11:36 PM] Indexing ended. 1 files indexed in 0s.
[Info  - 5:11:40 PM] Searching file:///home/s245/.vscode-server/data/User/History/-6594e04b for files to index.
[Info  - 5:18:58 PM] Indexing started.
[Info  - 5:18:58 PM] Indexing ended. 1 files indexed in 0s.
[Info  - 5:19:49 PM] Searching file:///home/s245/.vscode-server/data/User/History/2817a455 for files to index.
[Info  - 5:27:56 PM] Indexing started.
[Info  - 5:27:56 PM] Indexing ended. 1 files indexed in 0s.
[Info  - 5:28:07 PM] Searching file:///home/s245/.vscode-server/data/User/History/700f3859 for files to index.
[Info  - 5:37:34 PM] Indexing started.
[Info  - 5:37:34 PM] Indexing ended. 1 files indexed in 0s.
[Info  - 5:59:11 PM] Searching file:///home/s245/.vscode-server/data/User/History/54914f0 for files to index.
[Info  - 6:16:41 PM] Indexing started.
[Info  - 6:16:42 PM] Indexing ended. 1 files indexed in 0s.
[Info  - 6:16:55 PM] Searching file:///home/s245/.vscode-server/data/User/History/7a26ee60 for files to index.
[Info  - 6:18:25 PM] Indexing started.
[Info  - 6:18:26 PM] Indexing ended. 1 files indexed in 0s.
[Info  - 6:30:57 PM] Searching file:///home/s245/.vscode-server/data/User/History/-2868a405 for files to index.
[Info  - 6:32:43 PM] Searching file:///home/s245/.vscode-server/data/User/History/2aa150f3 for files to index.
[Info  - 6:33:00 PM] Indexing started.
[Info  - 6:33:00 PM] Indexing ended. 1 files indexed in 0s.
[Info  - 6:50:29 PM] Indexing started.
[Info  - 6:50:30 PM] Indexing ended. 1 files indexed in 0s.
[Info  - 6:50:30 PM] Searching file:///home/s245/.vscode-server/data/User/History/3595c30d for files to index.
[Info  - 6:50:30 PM] Indexing started.
[Info  - 6:50:31 PM] Indexing ended. 6 files indexed in 0s.
[Info  - 6:50:42 PM] Indexing started.
[Info  - 6:50:42 PM] Indexing ended. 1 files indexed in 0s.
[Info  - 6:50:43 PM] Searching file:///home/s245/.vscode-server/data/User/History/14097f61 for files to index.
[Info  - 6:51:25 PM] Indexing started.
[Info  - 6:51:25 PM] Indexing ended. 1 files indexed in 0s.
[Info  - 7:06:16 PM] Searching file:///home/s245/.vscode-server/data/User/History/-52d2dbb3 for files to index.
[Info  - 7:08:43 PM] Indexing started.
[Info  - 7:08:43 PM] Indexing ended. 1 files indexed in 0s.
[Info  - 7:08:49 PM] Searching file:///home/s245/.vscode-server/data/User/History/5d747d32 for files to index.
[Info  - 7:33:32 PM] Indexing started.
[Info  - 7:33:32 PM] Indexing ended. 1 files indexed in 0s.
[Info  - 7:33:41 PM] Indexing started.
[Info  - 7:33:41 PM] Indexing ended. 1 files indexed in 0s.
[Info  - 7:33:46 PM] Indexing started.
[Info  - 7:33:46 PM] Indexing ended. 1 files indexed in 0s.
[Info  - 7:33:57 PM] Searching file:///home/s245/.vscode-server/data/User/History/-6229db04 for files to index.
[Info  - 7:37:59 PM] Indexing started.
[Info  - 7:37:59 PM] Indexing ended. 1 files indexed in 0s.
[Info  - 7:38:21 PM] Searching file:///home/s245/.vscode-server/data/User/History/-14581742 for files to index.
[Info  - 7:47:20 PM] Indexing started.
[Info  - 7:47:20 PM] Indexing ended. 1 files indexed in 0s.
[Info  - 7:47:20 PM] Searching file:///home/s245/.vscode-server/data/User/History/115a9c97 for files to index.
[Info  - 7:49:00 PM] Indexing started.
[Info  - 7:49:00 PM] Indexing ended. 1 files indexed in 0s.
[Info  - 7:49:15 PM] Searching file:///home/s245/.vscode-server/data/User/History/2e73eb4d for files to index.
[Info  - 7:51:01 PM] Indexing started.
[Info  - 7:51:02 PM] Indexing ended. 1 files indexed in 0s.
[Info  - 7:51:09 PM] Searching file:///home/s245/.vscode-server/data/User/History/1c210a27 for files to index.
[Info  - 7:52:19 PM] Indexing started.
[Info  - 7:52:19 PM] Indexing ended. 1 files indexed in 0s.
[Info  - 7:52:28 PM] Searching file:///home/s245/.vscode-server/data/User/History/12f773ad for files to index.
[Info  - 7:52:53 PM] Searching file:///home/s245/.vscode-server/data/User/History/-6a44330e for files to index.
[Info  - 7:52:53 PM] Indexing started.
[Info  - 7:52:53 PM] Indexing ended. 1 files indexed in 0s.
[Info  - 7:57:22 PM] Indexing started.
[Info  - 7:57:22 PM] Indexing ended. 1 files indexed in 0s.
[Info  - 7:57:22 PM] Searching file:///home/s245/.vscode-server/data/User/History/4986a1df for files to index.
[Info  - 7:57:33 PM] Searching file:///home/s245/.vscode-server/data/User/History/14097f61 for files to index.
[Info  - 7:57:33 PM] Indexing started.
[Info  - 7:57:33 PM] Indexing ended. 1 files indexed in 0s.
[Info  - 7:57:53 PM] Searching file:///home/s245/.vscode-server/data/User/History/2007a62f for files to index.
[Info  - 7:57:53 PM] Indexing started.
[Info  - 7:57:53 PM] Indexing ended. 1 files indexed in 0s.
[Info  - 7:58:10 PM] Indexing started.
[Info  - 7:58:10 PM] Indexing ended. 1 files indexed in 0s.
[Info  - 7:58:10 PM] Searching file:///home/s245/.vscode-server/data/User/History/-505bef22 for files to index.
[Info  - 8:05:39 PM] Indexing started.
[Info  - 8:05:39 PM] Indexing ended. 1 files indexed in 0s.
[Info  - 8:06:48 PM] Indexing started.
[Info  - 8:06:48 PM] Indexing ended. 1 files indexed in 0s.
[Info  - 8:06:53 PM] Searching file:///home/s245/.vscode-server/data/User/History/6e44f38c for files to index.
[Info  - 8:07:05 PM] Searching file:///home/s245/.vscode-server/data/User/History/5e07f0bb for files to index.
[Info  - 8:07:05 PM] Indexing started.
[Info  - 8:07:05 PM] Indexing ended. 1 files indexed in 0s.
[Info  - 8:23:18 PM] Searching file:///home/s245/.vscode-server/data/User/History/224ea7de for files to index.
[Info  - 9:42:53 PM] Searching file:///home/s245/.vscode-server/data/User/History/448023eb for files to index.
[Info  - 9:44:31 PM] Indexing started.
[Info  - 9:44:31 PM] Indexing ended. 1 files indexed in 0s.
[Info  - 9:44:55 PM] Indexing started.
[Info  - 9:44:56 PM] Indexing ended. 1 files indexed in 0s.
[Info  - 9:45:13 PM] Indexing started.
[Info  - 9:45:13 PM] Indexing ended. 1 files indexed in 0s.
[Info  - 9:45:25 PM] Indexing started.
[Info  - 9:45:26 PM] Indexing ended. 1 files indexed in 0s.
[Info  - 9:46:02 PM] Searching file:///home/s245/.vscode-server/data/User/History/16b9eb7 for files to index.
