[Info  - 10:34:59 AM] Initialising intelephense 1.10.1
[Info  - 10:34:59 AM] Initialised in 11 ms
[Info  - 10:34:59 AM] Environment changed. Refreshing 1 in memory documents.
[Info  - 10:34:59 AM] Searching file:///home/s245/.vscode-server/extensions/bmewburn.vscode-intelephense-client-1.10.1/node_modules/intelephense/lib/stub for files to index.
[Info  - 10:34:59 AM] Searching file:///home/s245 for files to index.
[Warn  - 10:34:59 AM] file:///home/s245/4BMW2/vendor/fakerphp/faker/src/Faker/Provider/nl_BE/Text.php is over the maximum file size of 1000000 bytes.
[Info  - 10:34:59 AM] Indexing started.
[Info  - 10:34:59 AM] Searching file:///home/s245/.vscode-server/data/logs/20231120T101739/exthost4/output_logging_20231120T101821 for files to index.
[Info  - 10:35:11 AM] Indexing ended. 7396 files indexed in 11s.
[Info  - 10:35:11 AM] Writing state to /home/s245/.vscode-server/data/User/workspaceStorage/bafc61b3c12b80fbd74fefa2df04ee8e-2/bmewburn.vscode-intelephense-client/35251de0.
[Info  - 10:35:12 AM] Wrote state in 1.0s.
[Info  - 10:44:16 AM] Searching file:///home/s245/.vscode-server/bin/1a5daa3a0231a0fbba4f14db7ec463cf99d7768e for files to index.
[Info  - 10:44:18 AM] Searching file:///home/s245/.vscode-server/bin/1a5daa3a0231a0fbba4f14db7ec463cf99d7768e/node_modules for files to index.
[Info  - 10:44:18 AM] Searching file:///home/s245/.vscode-server/bin/1a5daa3a0231a0fbba4f14db7ec463cf99d7768e/node_modules/%40parcel for files to index.
[Info  - 10:44:18 AM] Searching file:///home/s245/.vscode-server/bin/1a5daa3a0231a0fbba4f14db7ec463cf99d7768e/node_modules/%40tootallnate for files to index.
[Info  - 10:44:18 AM] Searching file:///home/s245/.vscode-server/bin/1a5daa3a0231a0fbba4f14db7ec463cf99d7768e/node_modules/%40vscode for files to index.
[Info  - 10:44:18 AM] Searching file:///home/s245/.vscode-server/bin/1a5daa3a0231a0fbba4f14db7ec463cf99d7768e/node_modules/agent-base for files to index.
[Info  - 10:44:18 AM] Searching file:///home/s245/.vscode-server/bin/1a5daa3a0231a0fbba4f14db7ec463cf99d7768e/node_modules/base64-js for files to index.
[Info  - 10:44:18 AM] Searching file:///home/s245/.vscode-server/bin/1a5daa3a0231a0fbba4f14db7ec463cf99d7768e/node_modules/bl for files to index.
[Info  - 10:44:18 AM] Searching file:///home/s245/.vscode-server/bin/1a5daa3a0231a0fbba4f14db7ec463cf99d7768e/node_modules/bindings for files to index.
[Info  - 10:44:18 AM] Searching file:///home/s245/.vscode-server/bin/1a5daa3a0231a0fbba4f14db7ec463cf99d7768e/node_modules/braces for files to index.
[Info  - 10:44:18 AM] Searching file:///home/s245/.vscode-server/bin/1a5daa3a0231a0fbba4f14db7ec463cf99d7768e/node_modules/buffer for files to index.
[Info  - 10:44:18 AM] Searching file:///home/s245/.vscode-server/bin/1a5daa3a0231a0fbba4f14db7ec463cf99d7768e/node_modules/buffer-crc32 for files to index.
[Info  - 10:44:18 AM] Searching file:///home/s245/.vscode-server/bin/1a5daa3a0231a0fbba4f14db7ec463cf99d7768e/node_modules/chownr for files to index.
[Info  - 10:44:18 AM] Searching file:///home/s245/.vscode-server/bin/1a5daa3a0231a0fbba4f14db7ec463cf99d7768e/node_modules/cookie for files to index.
[Info  - 10:44:18 AM] Searching file:///home/s245/.vscode-server/bin/1a5daa3a0231a0fbba4f14db7ec463cf99d7768e/node_modules/debug for files to index.
[Info  - 10:44:18 AM] Searching file:///home/s245/.vscode-server/bin/1a5daa3a0231a0fbba4f14db7ec463cf99d7768e/node_modules/decompress-response for files to index.
[Info  - 10:44:18 AM] Searching file:///home/s245/.vscode-server/bin/1a5daa3a0231a0fbba4f14db7ec463cf99d7768e/node_modules/deep-extend for files to index.
[Info  - 10:44:18 AM] Searching file:///home/s245/.vscode-server/bin/1a5daa3a0231a0fbba4f14db7ec463cf99d7768e/node_modules/detect-libc for files to index.
[Info  - 10:44:18 AM] Searching file:///home/s245/.vscode-server/bin/1a5daa3a0231a0fbba4f14db7ec463cf99d7768e/node_modules/end-of-stream for files to index.
[Info  - 10:44:18 AM] Searching file:///home/s245/.vscode-server/bin/1a5daa3a0231a0fbba4f14db7ec463cf99d7768e/node_modules/expand-template for files to index.
[Info  - 10:44:18 AM] Searching file:///home/s245/.vscode-server/bin/1a5daa3a0231a0fbba4f14db7ec463cf99d7768e/node_modules/fd-slicer for files to index.
[Info  - 10:44:18 AM] Searching file:///home/s245/.vscode-server/bin/1a5daa3a0231a0fbba4f14db7ec463cf99d7768e/node_modules/file-uri-to-path for files to index.
[Info  - 10:44:18 AM] Searching file:///home/s245/.vscode-server/bin/1a5daa3a0231a0fbba4f14db7ec463cf99d7768e/node_modules/fill-range for files to index.
[Info  - 10:44:18 AM] Searching file:///home/s245/.vscode-server/bin/1a5daa3a0231a0fbba4f14db7ec463cf99d7768e/node_modules/fs-constants for files to index.
[Info  - 10:44:18 AM] Searching file:///home/s245/.vscode-server/bin/1a5daa3a0231a0fbba4f14db7ec463cf99d7768e/node_modules/github-from-package for files to index.
[Info  - 10:44:18 AM] Searching file:///home/s245/.vscode-server/bin/1a5daa3a0231a0fbba4f14db7ec463cf99d7768e/node_modules/graceful-fs for files to index.
[Info  - 10:44:18 AM] Searching file:///home/s245/.vscode-server/bin/1a5daa3a0231a0fbba4f14db7ec463cf99d7768e/node_modules/http-proxy-agent for files to index.
[Info  - 10:44:18 AM] Searching file:///home/s245/.vscode-server/bin/1a5daa3a0231a0fbba4f14db7ec463cf99d7768e/node_modules/https-proxy-agent for files to index.
[Info  - 10:44:18 AM] Searching file:///home/s245/.vscode-server/bin/1a5daa3a0231a0fbba4f14db7ec463cf99d7768e/node_modules/ieee754 for files to index.
[Info  - 10:44:18 AM] Searching file:///home/s245/.vscode-server/bin/1a5daa3a0231a0fbba4f14db7ec463cf99d7768e/node_modules/inherits for files to index.
[Info  - 10:44:18 AM] Searching file:///home/s245/.vscode-server/bin/1a5daa3a0231a0fbba4f14db7ec463cf99d7768e/node_modules/ini for files to index.
[Info  - 10:44:18 AM] Searching file:///home/s245/.vscode-server/bin/1a5daa3a0231a0fbba4f14db7ec463cf99d7768e/node_modules/ip for files to index.
[Info  - 10:44:18 AM] Searching file:///home/s245/.vscode-server/bin/1a5daa3a0231a0fbba4f14db7ec463cf99d7768e/node_modules/is-extglob for files to index.
[Info  - 10:44:18 AM] Searching file:///home/s245/.vscode-server/bin/1a5daa3a0231a0fbba4f14db7ec463cf99d7768e/node_modules/is-glob for files to index.
[Info  - 10:44:18 AM] Searching file:///home/s245/.vscode-server/bin/1a5daa3a0231a0fbba4f14db7ec463cf99d7768e/node_modules/is-number for files to index.
[Info  - 10:44:18 AM] Searching file:///home/s245/.vscode-server/bin/1a5daa3a0231a0fbba4f14db7ec463cf99d7768e/node_modules/jschardet for files to index.
[Info  - 10:44:18 AM] Searching file:///home/s245/.vscode-server/bin/1a5daa3a0231a0fbba4f14db7ec463cf99d7768e/node_modules/kerberos for files to index.
[Info  - 10:44:18 AM] Searching file:///home/s245/.vscode-server/bin/1a5daa3a0231a0fbba4f14db7ec463cf99d7768e/node_modules/lru-cache for files to index.
[Info  - 10:44:18 AM] Searching file:///home/s245/.vscode-server/bin/1a5daa3a0231a0fbba4f14db7ec463cf99d7768e/node_modules/micromatch for files to index.
[Info  - 10:44:18 AM] Searching file:///home/s245/.vscode-server/bin/1a5daa3a0231a0fbba4f14db7ec463cf99d7768e/node_modules/mimic-response for files to index.
[Info  - 10:44:18 AM] Searching file:///home/s245/.vscode-server/bin/1a5daa3a0231a0fbba4f14db7ec463cf99d7768e/node_modules/minimist for files to index.
[Info  - 10:44:18 AM] Searching file:///home/s245/.vscode-server/bin/1a5daa3a0231a0fbba4f14db7ec463cf99d7768e/node_modules/mkdirp for files to index.
[Info  - 10:44:18 AM] Searching file:///home/s245/.vscode-server/bin/1a5daa3a0231a0fbba4f14db7ec463cf99d7768e/node_modules/mkdirp-classic for files to index.
[Info  - 10:44:18 AM] Searching file:///home/s245/.vscode-server/bin/1a5daa3a0231a0fbba4f14db7ec463cf99d7768e/node_modules/ms for files to index.
[Info  - 10:44:18 AM] Searching file:///home/s245/.vscode-server/bin/1a5daa3a0231a0fbba4f14db7ec463cf99d7768e/node_modules/napi-build-utils for files to index.
[Info  - 10:44:18 AM] Searching file:///home/s245/.vscode-server/bin/1a5daa3a0231a0fbba4f14db7ec463cf99d7768e/node_modules/native-watchdog for files to index.
[Info  - 10:44:18 AM] Searching file:///home/s245/.vscode-server/bin/1a5daa3a0231a0fbba4f14db7ec463cf99d7768e/node_modules/node-abi for files to index.
[Info  - 10:44:18 AM] Searching file:///home/s245/.vscode-server/bin/1a5daa3a0231a0fbba4f14db7ec463cf99d7768e/node_modules/node-gyp-build for files to index.
[Info  - 10:44:18 AM] Searching file:///home/s245/.vscode-server/bin/1a5daa3a0231a0fbba4f14db7ec463cf99d7768e/node_modules/node-pty for files to index.
[Info  - 10:44:18 AM] Searching file:///home/s245/.vscode-server/bin/1a5daa3a0231a0fbba4f14db7ec463cf99d7768e/node_modules/node-vsce-sign for files to index.
[Info  - 10:44:18 AM] Searching file:///home/s245/.vscode-server/bin/1a5daa3a0231a0fbba4f14db7ec463cf99d7768e/node_modules/once for files to index.
[Info  - 10:44:18 AM] Searching file:///home/s245/.vscode-server/bin/1a5daa3a0231a0fbba4f14db7ec463cf99d7768e/node_modules/pend for files to index.
[Info  - 10:44:18 AM] Searching file:///home/s245/.vscode-server/bin/1a5daa3a0231a0fbba4f14db7ec463cf99d7768e/node_modules/picomatch for files to index.
[Info  - 10:44:18 AM] Searching file:///home/s245/.vscode-server/bin/1a5daa3a0231a0fbba4f14db7ec463cf99d7768e/node_modules/proxy-from-env for files to index.
[Info  - 10:44:18 AM] Searching file:///home/s245/.vscode-server/bin/1a5daa3a0231a0fbba4f14db7ec463cf99d7768e/node_modules/pump for files to index.
[Info  - 10:44:18 AM] Searching file:///home/s245/.vscode-server/bin/1a5daa3a0231a0fbba4f14db7ec463cf99d7768e/node_modules/rc for files to index.
[Info  - 10:44:18 AM] Searching file:///home/s245/.vscode-server/bin/1a5daa3a0231a0fbba4f14db7ec463cf99d7768e/node_modules/readable-stream for files to index.
[Info  - 10:44:18 AM] Searching file:///home/s245/.vscode-server/bin/1a5daa3a0231a0fbba4f14db7ec463cf99d7768e/node_modules/safe-buffer for files to index.
[Info  - 10:44:18 AM] Searching file:///home/s245/.vscode-server/bin/1a5daa3a0231a0fbba4f14db7ec463cf99d7768e/node_modules/semver for files to index.
[Info  - 10:44:18 AM] Searching file:///home/s245/.vscode-server/bin/1a5daa3a0231a0fbba4f14db7ec463cf99d7768e/node_modules/simple-concat for files to index.
[Info  - 10:44:18 AM] Searching file:///home/s245/.vscode-server/bin/1a5daa3a0231a0fbba4f14db7ec463cf99d7768e/node_modules/simple-get for files to index.
[Info  - 10:44:18 AM] Searching file:///home/s245/.vscode-server/bin/1a5daa3a0231a0fbba4f14db7ec463cf99d7768e/node_modules/smart-buffer for files to index.
[Info  - 10:44:18 AM] Searching file:///home/s245/.vscode-server/bin/1a5daa3a0231a0fbba4f14db7ec463cf99d7768e/node_modules/socks for files to index.
[Info  - 10:44:18 AM] Searching file:///home/s245/.vscode-server/bin/1a5daa3a0231a0fbba4f14db7ec463cf99d7768e/node_modules/socks-proxy-agent for files to index.
[Info  - 10:44:18 AM] Searching file:///home/s245/.vscode-server/bin/1a5daa3a0231a0fbba4f14db7ec463cf99d7768e/node_modules/string_decoder for files to index.
[Info  - 10:44:18 AM] Searching file:///home/s245/.vscode-server/bin/1a5daa3a0231a0fbba4f14db7ec463cf99d7768e/node_modules/strip-json-comments for files to index.
[Info  - 10:44:18 AM] Searching file:///home/s245/.vscode-server/bin/1a5daa3a0231a0fbba4f14db7ec463cf99d7768e/node_modules/tar-fs for files to index.
[Info  - 10:44:18 AM] Searching file:///home/s245/.vscode-server/bin/1a5daa3a0231a0fbba4f14db7ec463cf99d7768e/node_modules/tar-stream for files to index.
[Info  - 10:44:18 AM] Searching file:///home/s245/.vscode-server/bin/1a5daa3a0231a0fbba4f14db7ec463cf99d7768e/node_modules/tas-client-umd for files to index.
[Info  - 10:44:18 AM] Searching file:///home/s245/.vscode-server/bin/1a5daa3a0231a0fbba4f14db7ec463cf99d7768e/node_modules/to-regex-range for files to index.
[Info  - 10:44:18 AM] Searching file:///home/s245/.vscode-server/bin/1a5daa3a0231a0fbba4f14db7ec463cf99d7768e/node_modules/tunnel-agent for files to index.
[Info  - 10:44:18 AM] Searching file:///home/s245/.vscode-server/bin/1a5daa3a0231a0fbba4f14db7ec463cf99d7768e/node_modules/util-deprecate for files to index.
[Info  - 10:44:18 AM] Searching file:///home/s245/.vscode-server/bin/1a5daa3a0231a0fbba4f14db7ec463cf99d7768e/node_modules/vscode-oniguruma for files to index.
[Info  - 10:44:18 AM] Searching file:///home/s245/.vscode-server/bin/1a5daa3a0231a0fbba4f14db7ec463cf99d7768e/node_modules/vscode-regexp-languagedetection for files to index.
[Info  - 10:44:18 AM] Searching file:///home/s245/.vscode-server/bin/1a5daa3a0231a0fbba4f14db7ec463cf99d7768e/node_modules/vscode-regexpp for files to index.
[Info  - 10:44:18 AM] Searching file:///home/s245/.vscode-server/bin/1a5daa3a0231a0fbba4f14db7ec463cf99d7768e/node_modules/vscode-textmate for files to index.
[Info  - 10:44:18 AM] Searching file:///home/s245/.vscode-server/bin/1a5daa3a0231a0fbba4f14db7ec463cf99d7768e/node_modules/vsda for files to index.
[Info  - 10:44:18 AM] Searching file:///home/s245/.vscode-server/bin/1a5daa3a0231a0fbba4f14db7ec463cf99d7768e/node_modules/wrappy for files to index.
[Info  - 10:44:18 AM] Searching file:///home/s245/.vscode-server/bin/1a5daa3a0231a0fbba4f14db7ec463cf99d7768e/node_modules/xterm for files to index.
[Info  - 10:44:18 AM] Searching file:///home/s245/.vscode-server/bin/1a5daa3a0231a0fbba4f14db7ec463cf99d7768e/node_modules/xterm-addon-canvas for files to index.
[Info  - 10:44:18 AM] Searching file:///home/s245/.vscode-server/bin/1a5daa3a0231a0fbba4f14db7ec463cf99d7768e/node_modules/xterm-addon-image for files to index.
[Info  - 10:44:18 AM] Searching file:///home/s245/.vscode-server/bin/1a5daa3a0231a0fbba4f14db7ec463cf99d7768e/node_modules/xterm-addon-search for files to index.
[Info  - 10:44:18 AM] Searching file:///home/s245/.vscode-server/bin/1a5daa3a0231a0fbba4f14db7ec463cf99d7768e/node_modules/xterm-addon-serialize for files to index.
[Info  - 10:44:18 AM] Searching file:///home/s245/.vscode-server/bin/1a5daa3a0231a0fbba4f14db7ec463cf99d7768e/node_modules/xterm-addon-unicode11 for files to index.
[Info  - 10:44:18 AM] Searching file:///home/s245/.vscode-server/bin/1a5daa3a0231a0fbba4f14db7ec463cf99d7768e/node_modules/xterm-addon-webgl for files to index.
[Info  - 10:44:18 AM] Searching file:///home/s245/.vscode-server/bin/1a5daa3a0231a0fbba4f14db7ec463cf99d7768e/node_modules/xterm-headless for files to index.
[Info  - 10:44:18 AM] Searching file:///home/s245/.vscode-server/bin/1a5daa3a0231a0fbba4f14db7ec463cf99d7768e/node_modules/yallist for files to index.
[Info  - 10:44:18 AM] Searching file:///home/s245/.vscode-server/bin/1a5daa3a0231a0fbba4f14db7ec463cf99d7768e/node_modules/yauzl for files to index.
[Info  - 10:44:18 AM] Searching file:///home/s245/.vscode-server/bin/1a5daa3a0231a0fbba4f14db7ec463cf99d7768e/node_modules/yazl for files to index.
[Info  - 10:44:18 AM] Searching file:///home/s245/.vscode-server/bin/1a5daa3a0231a0fbba4f14db7ec463cf99d7768e/out for files to index.
[Info  - 10:44:18 AM] Searching file:///home/s245/.vscode-server/bin/1a5daa3a0231a0fbba4f14db7ec463cf99d7768e/out/vs for files to index.
[Info  - 10:44:18 AM] Searching file:///home/s245/.vscode-server/bin/1a5daa3a0231a0fbba4f14db7ec463cf99d7768e/out/vs/server for files to index.
[Info  - 10:44:18 AM] Searching file:///home/s245/.vscode-server/bin/1a5daa3a0231a0fbba4f14db7ec463cf99d7768e/out/vs/workbench for files to index.
[Info  - 10:44:18 AM] Searching file:///home/s245/.vscode-server/bin/1a5daa3a0231a0fbba4f14db7ec463cf99d7768e/out/vs/workbench/contrib for files to index.
[Info  - 10:44:18 AM] Searching file:///home/s245/.vscode-server/data/User/History/-14581742 for files to index.
[Info  - 10:44:18 AM] Searching file:///home/s245/.vscode-server/data/User/History/-188602ec for files to index.
[Info  - 10:44:18 AM] Searching file:///home/s245/.vscode-server/data/User/History/-245c20b0 for files to index.
[Info  - 10:44:18 AM] Searching file:///home/s245/.vscode-server/data/User/History/-25a3900b for files to index.
[Info  - 10:44:18 AM] Searching file:///home/s245/.vscode-server/data/User/History/-328a8b84 for files to index.
[Info  - 10:44:18 AM] Searching file:///home/s245/.vscode-server/data/User/History/-36a1e45d for files to index.
[Info  - 10:44:18 AM] Searching file:///home/s245/.vscode-server/data/User/History/-384a6520 for files to index.
[Info  - 10:44:18 AM] Searching file:///home/s245/.vscode-server/data/User/History/-505bef22 for files to index.
[Info  - 10:44:18 AM] Searching file:///home/s245/.vscode-server/data/User/History/-512e16b6 for files to index.
[Info  - 10:44:18 AM] Searching file:///home/s245/.vscode-server/data/User/History/-5195778b for files to index.
[Info  - 10:44:18 AM] Searching file:///home/s245/.vscode-server/data/User/History/-52d2dbb3 for files to index.
[Info  - 10:44:18 AM] Searching file:///home/s245/.vscode-server/data/User/History/-5c259f57 for files to index.
[Info  - 10:44:18 AM] Searching file:///home/s245/.vscode-server/data/User/History/-5f6d9db6 for files to index.
[Info  - 10:44:18 AM] Searching file:///home/s245/.vscode-server/data/User/History/-6229db04 for files to index.
[Info  - 10:44:18 AM] Searching file:///home/s245/.vscode-server/data/User/History/-6594e04b for files to index.
[Info  - 10:44:18 AM] Searching file:///home/s245/.vscode-server/data/User/History/-65c2ddb for files to index.
[Info  - 10:44:18 AM] Searching file:///home/s245/.vscode-server/data/User/History/-6a44330e for files to index.
[Info  - 10:44:18 AM] Searching file:///home/s245/.vscode-server/data/User/History/-7623ab0d for files to index.
[Info  - 10:44:18 AM] Searching file:///home/s245/.vscode-server/data/User/History/115a9c97 for files to index.
[Info  - 10:44:18 AM] Searching file:///home/s245/.vscode-server/data/User/History/126a9ff6 for files to index.
[Info  - 10:44:18 AM] Searching file:///home/s245/.vscode-server/data/User/History/12f773ad for files to index.
[Info  - 10:44:18 AM] Searching file:///home/s245/.vscode-server/data/User/History/14097f61 for files to index.
[Info  - 10:44:18 AM] Searching file:///home/s245/.vscode-server/data/User/History/16b9eb7 for files to index.
[Info  - 10:44:18 AM] Searching file:///home/s245/.vscode-server/data/User/History/2007a62f for files to index.
[Info  - 10:44:18 AM] Searching file:///home/s245/.vscode-server/data/User/History/224ea7de for files to index.
[Info  - 10:44:18 AM] Searching file:///home/s245/.vscode-server/data/User/History/2327c7ac for files to index.
[Info  - 10:44:18 AM] Searching file:///home/s245/.vscode-server/data/User/History/2817a455 for files to index.
[Info  - 10:44:18 AM] Searching file:///home/s245/.vscode-server/data/User/History/2aa150f3 for files to index.
[Info  - 10:44:18 AM] Searching file:///home/s245/.vscode-server/data/User/History/2c04a0b7 for files to index.
[Info  - 10:44:18 AM] Searching file:///home/s245/.vscode-server/data/User/History/2e73eb4d for files to index.
[Info  - 10:44:18 AM] Searching file:///home/s245/.vscode-server/data/User/History/3595c30d for files to index.
[Info  - 10:44:18 AM] Searching file:///home/s245/.vscode-server/data/User/History/3c3667f6 for files to index.
[Info  - 10:44:18 AM] Searching file:///home/s245/.vscode-server/data/User/History/3d533e6f for files to index.
[Info  - 10:44:18 AM] Searching file:///home/s245/.vscode-server/data/User/History/448023eb for files to index.
[Info  - 10:44:18 AM] Searching file:///home/s245/.vscode-server/data/User/History/524ab0f8 for files to index.
[Info  - 10:44:18 AM] Searching file:///home/s245/.vscode-server/data/User/History/5d747d32 for files to index.
[Info  - 10:44:18 AM] Searching file:///home/s245/.vscode-server/data/User/History/5e07f0bb for files to index.
[Info  - 10:44:18 AM] Searching file:///home/s245/.vscode-server/data/User/History/7f4a6d2b for files to index.
[Info  - 10:44:18 AM] Searching file:///home/s245/.vscode-server/data/User/workspaceStorage/1209ee23fdc27ff37a2f1f3090bc69ef for files to index.
[Info  - 10:44:18 AM] Searching file:///home/s245/.vscode-server/data/User/workspaceStorage/bafc61b3c12b80fbd74fefa2df04ee8e-1/bmewburn.vscode-intelephense-client for files to index.
[Info  - 10:44:18 AM] Searching file:///home/s245/.vscode-server/data/clp for files to index.
[Info  - 10:44:18 AM] Searching file:///home/s245/.vscode-server/data/logs/20231116T162952 for files to index.
[Info  - 10:44:18 AM] Searching file:///home/s245/.vscode-server/data/logs/20231116T162952/exthost2 for files to index.
[Info  - 10:44:18 AM] Searching file:///home/s245/.vscode-server/data/logs/20231116T162952/exthost2/vscode.github for files to index.
[Info  - 10:44:18 AM] Searching file:///home/s245/.vscode-server/data/logs/20231118T141105 for files to index.
[Info  - 10:44:18 AM] Searching file:///home/s245/.vscode-server/data/logs/20231119T151434 for files to index.
[Info  - 10:44:18 AM] Searching file:///home/s245/.vscode-server/data/logs/20231120T085537/exthost1 for files to index.
[Info  - 10:44:18 AM] Searching file:///home/s245/.vscode-server/data/logs/20231120T085537/exthost2 for files to index.
[Info  - 10:44:18 AM] Searching file:///home/s245/.vscode-server/data/logs/20231120T085537/exthost3 for files to index.
[Info  - 10:44:18 AM] Searching file:///home/s245/.vscode-server/data/logs/20231120T085537/exthost4 for files to index.
[Info  - 10:44:18 AM] Searching file:///home/s245/.vscode-server/data/logs/20231120T085537/exthost5/vscode.git for files to index.
[Info  - 10:44:18 AM] Searching file:///home/s245/.vscode-server/data/logs/20231120T085537/exthost5/vscode.github for files to index.
[Info  - 10:44:18 AM] Searching file:///home/s245/.vscode-server/extensions/github.vscode-pull-request-github-0.76.1 for files to index.
[Info  - 10:44:18 AM] Searching file:///home/s245/.vscode-server/extensions/github.vscode-pull-request-github-0.76.1/resources for files to index.
[Info  - 10:44:18 AM] Searching file:///home/s245/.vscode-server/extensions/ms-ceintl.vscode-language-pack-fr-1.84.2023111509 for files to index.
[Info  - 10:44:18 AM] Searching file:///home/s245/4BMW/resources/views/layouts for files to index.
[Info  - 10:44:18 AM] Searching file:///home/s245/4BMW/vendor for files to index.
[Info  - 10:44:18 AM] Searching file:///home/s245/4BMW/vendor/dflydev for files to index.
[Info  - 10:44:18 AM] Searching file:///home/s245/4BMW/vendor/doctrine for files to index.
[Info  - 10:44:18 AM] Searching file:///home/s245/4BMW/vendor/doctrine/lexer for files to index.
[Info  - 10:44:18 AM] Searching file:///home/s245/4BMW/vendor/doctrine/lexer/src for files to index.
[Info  - 10:44:18 AM] Searching file:///home/s245/4BMW/vendor/dragonmantank for files to index.
[Info  - 10:44:18 AM] Searching file:///home/s245/4BMW/vendor/egulias for files to index.
[Info  - 10:44:18 AM] Searching file:///home/s245/4BMW/vendor/fakerphp for files to index.
[Info  - 10:44:18 AM] Indexing started.
[Info  - 10:44:18 AM] Searching file:///home/s245/4BMW/vendor/filp for files to index.
[Info  - 10:44:18 AM] Searching file:///home/s245/4BMW/vendor/fruitcake for files to index.
[Info  - 10:44:18 AM] Searching file:///home/s245/4BMW/vendor/graham-campbell for files to index.
[Info  - 10:44:18 AM] Searching file:///home/s245/4BMW/vendor/guzzlehttp for files to index.
[Info  - 10:44:18 AM] Searching file:///home/s245/4BMW/vendor/guzzlehttp/promises for files to index.
[Info  - 10:44:18 AM] Searching file:///home/s245/4BMW/vendor/guzzlehttp/promises/src for files to index.
[Info  - 10:44:18 AM] Searching file:///home/s245/4BMW/vendor/guzzlehttp/psr7 for files to index.
[Info  - 10:44:18 AM] Searching file:///home/s245/4BMW/vendor/guzzlehttp/psr7/src for files to index.
[Info  - 10:44:18 AM] Searching file:///home/s245/4BMW/vendor/guzzlehttp/uri-template for files to index.
[Info  - 10:44:18 AM] Searching file:///home/s245/4BMW/vendor/hamcrest for files to index.
[Info  - 10:44:18 AM] Searching file:///home/s245/4BMW/vendor/laravel for files to index.
[Info  - 10:44:18 AM] Searching file:///home/s245/4BMW/vendor/laravel/pint for files to index.
[Info  - 10:44:18 AM] Searching file:///home/s245/4BMW/vendor/laravel/prompts for files to index.
[Info  - 10:44:18 AM] Searching file:///home/s245/4BMW/vendor/laravel/sail for files to index.
[Info  - 10:44:18 AM] Searching file:///home/s245/4BMW/vendor/laravel/sail/database for files to index.
[Info  - 10:44:18 AM] Searching file:///home/s245/4BMW/vendor/laravel/sail/runtimes for files to index.
[Info  - 10:44:18 AM] Searching file:///home/s245/4BMW/vendor/laravel/sail/runtimes/8.3 for files to index.
[Info  - 10:44:18 AM] Searching file:///home/s245/4BMW/vendor/laravel/sail/src for files to index.
[Info  - 10:44:18 AM] Searching file:///home/s245/4BMW/vendor/laravel/sail/stubs for files to index.
[Info  - 10:44:18 AM] Searching file:///home/s245/4BMW/vendor/laravel/sanctum for files to index.
[Info  - 10:44:18 AM] Searching file:///home/s245/4BMW/vendor/laravel/serializable-closure for files to index.
[Info  - 10:44:18 AM] Searching file:///home/s245/4BMW/vendor/laravel/tinker for files to index.
[Info  - 10:44:18 AM] Searching file:///home/s245/4BMW/vendor/laravel/tinker/config for files to index.
[Info  - 10:44:18 AM] Searching file:///home/s245/4BMW/vendor/laravel/tinker/src for files to index.
[Info  - 10:44:18 AM] Searching file:///home/s245/4BMW/vendor/league for files to index.
[Info  - 10:44:18 AM] Searching file:///home/s245/4BMW/vendor/league/config for files to index.
[Info  - 10:44:18 AM] Searching file:///home/s245/4BMW/vendor/league/config/src for files to index.
[Info  - 10:44:18 AM] Searching file:///home/s245/4BMW/vendor/league/flysystem for files to index.
[Info  - 10:44:18 AM] Searching file:///home/s245/4BMW/vendor/league/flysystem-local for files to index.
[Info  - 10:44:18 AM] Searching file:///home/s245/4BMW/vendor/league/mime-type-detection for files to index.
[Info  - 10:44:18 AM] Searching file:///home/s245/4BMW/vendor/mockery for files to index.
[Info  - 10:44:18 AM] Searching file:///home/s245/4BMW/vendor/monolog for files to index.
[Info  - 10:44:18 AM] Searching file:///home/s245/4BMW/vendor/myclabs for files to index.
[Info  - 10:44:18 AM] Searching file:///home/s245/4BMW/vendor/nesbot for files to index.
[Info  - 10:44:18 AM] Searching file:///home/s245/4BMW/vendor/nette for files to index.
[Info  - 10:44:18 AM] Searching file:///home/s245/4BMW/vendor/nette/utils for files to index.
[Info  - 10:44:18 AM] Searching file:///home/s245/4BMW/vendor/nette/utils/src for files to index.
[Info  - 10:44:18 AM] Searching file:///home/s245/4BMW/vendor/nikic for files to index.
[Info  - 10:44:18 AM] Searching file:///home/s245/4BMW/vendor/nunomaduro for files to index.
[Info  - 10:44:18 AM] Searching file:///home/s245/4BMW/vendor/nunomaduro/termwind for files to index.
[Info  - 10:44:18 AM] Searching file:///home/s245/4BMW/vendor/nunomaduro/termwind/src for files to index.
[Info  - 10:44:18 AM] Searching file:///home/s245/4BMW/vendor/nunomaduro/termwind/src/Enums for files to index.
[Info  - 10:44:18 AM] Searching file:///home/s245/4BMW/vendor/nunomaduro/termwind/src/Exceptions for files to index.
[Info  - 10:44:18 AM] Searching file:///home/s245/4BMW/vendor/nunomaduro/termwind/src/Helpers for files to index.
[Info  - 10:44:18 AM] Searching file:///home/s245/4BMW/vendor/nunomaduro/termwind/src/Html for files to index.
[Info  - 10:44:18 AM] Searching file:///home/s245/4BMW/vendor/nunomaduro/termwind/src/Laravel for files to index.
[Info  - 10:44:18 AM] Searching file:///home/s245/4BMW/vendor/nunomaduro/termwind/src/Repositories for files to index.
[Info  - 10:44:18 AM] Searching file:///home/s245/4BMW/vendor/nunomaduro/termwind/src/ValueObjects for files to index.
[Info  - 10:44:18 AM] Searching file:///home/s245/4BMW/vendor/phar-io for files to index.
[Info  - 10:44:18 AM] Searching file:///home/s245/4BMW/vendor/phpoption for files to index.
[Info  - 10:44:18 AM] Searching file:///home/s245/4BMW/vendor/phpunit for files to index.
[Info  - 10:44:18 AM] Searching file:///home/s245/4BMW/vendor/phpunit/php-file-iterator for files to index.
[Info  - 10:44:18 AM] Searching file:///home/s245/4BMW/vendor/phpunit/php-invoker for files to index.
[Info  - 10:44:18 AM] Searching file:///home/s245/4BMW/vendor/phpunit/php-invoker/src for files to index.
[Info  - 10:44:18 AM] Searching file:///home/s245/4BMW/vendor/phpunit/php-text-template for files to index.
[Info  - 10:44:18 AM] Searching file:///home/s245/4BMW/vendor/phpunit/php-timer for files to index.
[Info  - 10:44:18 AM] Searching file:///home/s245/4BMW/vendor/phpunit/phpunit for files to index.
[Info  - 10:44:18 AM] Searching file:///home/s245/4BMW/vendor/phpunit/phpunit/src for files to index.
[Info  - 10:44:18 AM] Searching file:///home/s245/4BMW/vendor/phpunit/phpunit/src/Framework for files to index.
[Info  - 10:44:18 AM] Searching file:///home/s245/4BMW/vendor/phpunit/phpunit/src/Framework/Attributes for files to index.
[Info  - 10:44:18 AM] Searching file:///home/s245/4BMW/vendor/phpunit/phpunit/src/Framework/Constraint for files to index.
[Info  - 10:44:18 AM] Searching file:///home/s245/4BMW/vendor/phpunit/phpunit/src/Framework/Exception for files to index.
[Info  - 10:44:18 AM] Searching file:///home/s245/4BMW/vendor/phpunit/phpunit/src/Framework/MockObject for files to index.
[Info  - 10:44:18 AM] Searching file:///home/s245/4BMW/vendor/phpunit/phpunit/src/Framework/TestSize for files to index.
[Info  - 10:44:18 AM] Searching file:///home/s245/4BMW/vendor/phpunit/phpunit/src/Framework/TestStatus for files to index.
[Info  - 10:44:18 AM] Searching file:///home/s245/4BMW/vendor/phpunit/phpunit/src/Logging for files to index.
[Info  - 10:44:18 AM] Searching file:///home/s245/4BMW/vendor/phpunit/phpunit/src/Metadata for files to index.
[Info  - 10:44:18 AM] Searching file:///home/s245/4BMW/vendor/phpunit/phpunit/src/Runner for files to index.
[Info  - 10:44:18 AM] Searching file:///home/s245/4BMW/vendor/phpunit/phpunit/src/TextUI for files to index.
[Info  - 10:44:18 AM] Searching file:///home/s245/4BMW/vendor/phpunit/phpunit/src/Util for files to index.
[Info  - 10:44:18 AM] Searching file:///home/s245/4BMW/vendor/phpunit/phpunit/src/Util/Xml for files to index.
[Info  - 10:44:18 AM] Searching file:///home/s245/4BMW/vendor/psr for files to index.
[Info  - 10:44:18 AM] Searching file:///home/s245/4BMW/vendor/psr/http-client for files to index.
[Info  - 10:44:18 AM] Searching file:///home/s245/4BMW/vendor/psr/http-client/src for files to index.
[Info  - 10:44:18 AM] Searching file:///home/s245/4BMW/vendor/psr/http-factory for files to index.
[Info  - 10:44:18 AM] Searching file:///home/s245/4BMW/vendor/psr/http-message for files to index.
[Info  - 10:44:18 AM] Searching file:///home/s245/4BMW/vendor/psr/http-message/docs for files to index.
[Info  - 10:44:18 AM] Searching file:///home/s245/4BMW/vendor/psr/http-message/src for files to index.
[Info  - 10:44:18 AM] Searching file:///home/s245/4BMW/vendor/psr/log for files to index.
[Info  - 10:44:18 AM] Searching file:///home/s245/4BMW/vendor/psr/simple-cache for files to index.
[Info  - 10:44:18 AM] Searching file:///home/s245/4BMW/vendor/psy for files to index.
[Info  - 10:44:18 AM] Searching file:///home/s245/4BMW/vendor/ralouphie for files to index.
[Info  - 10:44:18 AM] Searching file:///home/s245/4BMW/vendor/ramsey for files to index.
[Info  - 10:44:18 AM] Searching file:///home/s245/4BMW/vendor/ramsey/uuid for files to index.
[Info  - 10:44:18 AM] Searching file:///home/s245/4BMW/vendor/ramsey/uuid/src for files to index.
[Info  - 10:44:18 AM] Searching file:///home/s245/4BMW/vendor/ramsey/uuid/src/Converter for files to index.
[Info  - 10:44:18 AM] Searching file:///home/s245/4BMW/vendor/ramsey/uuid/src/Converter/Time for files to index.
[Info  - 10:44:18 AM] Searching file:///home/s245/4BMW/vendor/ramsey/uuid/src/Exception for files to index.
[Info  - 10:44:18 AM] Searching file:///home/s245/4BMW/vendor/ramsey/uuid/src/Fields for files to index.
[Info  - 10:44:18 AM] Searching file:///home/s245/4BMW/vendor/ramsey/uuid/src/Generator for files to index.
[Info  - 10:44:18 AM] Searching file:///home/s245/4BMW/vendor/ramsey/uuid/src/Guid for files to index.
[Info  - 10:44:18 AM] Searching file:///home/s245/4BMW/vendor/ramsey/uuid/src/Lazy for files to index.
[Info  - 10:44:18 AM] Searching file:///home/s245/4BMW/vendor/ramsey/uuid/src/Math for files to index.
[Info  - 10:44:18 AM] Searching file:///home/s245/4BMW/vendor/ramsey/uuid/src/Nonstandard for files to index.
[Info  - 10:44:18 AM] Searching file:///home/s245/4BMW/vendor/ramsey/uuid/src/Provider for files to index.
[Info  - 10:44:18 AM] Searching file:///home/s245/4BMW/vendor/ramsey/uuid/src/Provider/Time for files to index.
[Info  - 10:44:18 AM] Searching file:///home/s245/4BMW/vendor/ramsey/uuid/src/Rfc4122 for files to index.
[Info  - 10:44:18 AM] Searching file:///home/s245/4BMW/vendor/ramsey/uuid/src/Type for files to index.
[Info  - 10:44:18 AM] Searching file:///home/s245/4BMW/vendor/ramsey/uuid/src/Validator for files to index.
[Info  - 10:44:18 AM] Searching file:///home/s245/4BMW/vendor/sebastian for files to index.
[Info  - 10:44:18 AM] Searching file:///home/s245/4BMW/vendor/sebastian/complexity for files to index.
[Info  - 10:44:18 AM] Searching file:///home/s245/4BMW/vendor/sebastian/diff for files to index.
[Info  - 10:44:18 AM] Searching file:///home/s245/4BMW/vendor/sebastian/environment for files to index.
[Info  - 10:44:18 AM] Searching file:///home/s245/4BMW/vendor/sebastian/exporter for files to index.
[Info  - 10:44:18 AM] Searching file:///home/s245/4BMW/vendor/sebastian/global-state for files to index.
[Info  - 10:44:18 AM] Searching file:///home/s245/4BMW/vendor/sebastian/lines-of-code for files to index.
[Info  - 10:44:18 AM] Searching file:///home/s245/4BMW/vendor/sebastian/object-enumerator for files to index.
[Info  - 10:44:18 AM] Searching file:///home/s245/4BMW/vendor/sebastian/object-reflector for files to index.
[Info  - 10:44:18 AM] Searching file:///home/s245/4BMW/vendor/sebastian/recursion-context for files to index.
[Info  - 10:44:18 AM] Searching file:///home/s245/4BMW/vendor/sebastian/type for files to index.
[Info  - 10:44:18 AM] Searching file:///home/s245/4BMW/vendor/sebastian/version for files to index.
[Info  - 10:44:18 AM] Searching file:///home/s245/4BMW/vendor/spatie for files to index.
[Info  - 10:44:18 AM] Searching file:///home/s245/4BMW/vendor/spatie/flare-client-php for files to index.
[Info  - 10:44:18 AM] Searching file:///home/s245/4BMW/vendor/spatie/ignition for files to index.
[Info  - 10:44:18 AM] Searching file:///home/s245/4BMW/vendor/spatie/ignition/src for files to index.
[Info  - 10:44:18 AM] Searching file:///home/s245/4BMW/vendor/spatie/ignition/src/Contracts for files to index.
[Info  - 10:44:19 AM] Searching file:///home/s245/4BMW/vendor/spatie/ignition/src/ErrorPage for files to index.
[Info  - 10:44:19 AM] Searching file:///home/s245/4BMW/vendor/spatie/ignition/src/Solutions for files to index.
[Info  - 10:44:19 AM] Searching file:///home/s245/4BMW/vendor/spatie/laravel-ignition for files to index.
[Info  - 10:44:19 AM] Searching file:///home/s245/4BMW/vendor/symfony for files to index.
[Info  - 10:44:19 AM] Searching file:///home/s245/4BMW/vendor/symfony/css-selector for files to index.
[Info  - 10:44:19 AM] Searching file:///home/s245/4BMW/vendor/symfony/css-selector/Node for files to index.
[Info  - 10:44:19 AM] Searching file:///home/s245/4BMW/vendor/symfony/css-selector/Parser for files to index.
[Info  - 10:44:19 AM] Searching file:///home/s245/4BMW/vendor/symfony/css-selector/XPath for files to index.
[Info  - 10:44:19 AM] Searching file:///home/s245/4BMW/vendor/symfony/deprecation-contracts for files to index.
[Info  - 10:44:19 AM] Searching file:///home/s245/4BMW/vendor/symfony/error-handler for files to index.
[Info  - 10:44:19 AM] Searching file:///home/s245/4BMW/vendor/symfony/error-handler/ErrorEnhancer for files to index.
[Info  - 10:44:19 AM] Searching file:///home/s245/4BMW/vendor/symfony/error-handler/ErrorRenderer for files to index.
[Info  - 10:44:19 AM] Searching file:///home/s245/4BMW/vendor/symfony/error-handler/Exception for files to index.
[Info  - 10:44:19 AM] Searching file:///home/s245/4BMW/vendor/symfony/error-handler/Internal for files to index.
[Info  - 10:44:19 AM] Searching file:///home/s245/4BMW/vendor/symfony/error-handler/Resources for files to index.
[Info  - 10:44:19 AM] Searching file:///home/s245/4BMW/vendor/symfony/event-dispatcher for files to index.
[Info  - 10:44:19 AM] Searching file:///home/s245/4BMW/vendor/symfony/event-dispatcher-contracts for files to index.
[Info  - 10:44:19 AM] Searching file:///home/s245/4BMW/vendor/symfony/finder for files to index.
[Info  - 10:44:19 AM] Searching file:///home/s245/4BMW/vendor/symfony/http-foundation for files to index.
[Info  - 10:44:19 AM] Searching file:///home/s245/4BMW/vendor/symfony/http-foundation/RateLimiter for files to index.
[Info  - 10:44:19 AM] Searching file:///home/s245/4BMW/vendor/symfony/http-foundation/RequestMatcher for files to index.
[Info  - 10:44:19 AM] Searching file:///home/s245/4BMW/vendor/symfony/http-foundation/Session for files to index.
[Info  - 10:44:19 AM] Searching file:///home/s245/4BMW/vendor/symfony/http-foundation/Test for files to index.
[Info  - 10:44:19 AM] Searching file:///home/s245/4BMW/vendor/symfony/http-kernel for files to index.
[Info  - 10:44:19 AM] Searching file:///home/s245/4BMW/vendor/symfony/http-kernel/Event for files to index.
[Info  - 10:44:19 AM] Searching file:///home/s245/4BMW/vendor/symfony/http-kernel/EventListener for files to index.
[Info  - 10:44:19 AM] Searching file:///home/s245/4BMW/vendor/symfony/http-kernel/Exception for files to index.
[Info  - 10:44:19 AM] Searching file:///home/s245/4BMW/vendor/symfony/http-kernel/Fragment for files to index.
[Info  - 10:44:19 AM] Searching file:///home/s245/4BMW/vendor/symfony/http-kernel/HttpCache for files to index.
[Info  - 10:44:19 AM] Searching file:///home/s245/4BMW/vendor/symfony/http-kernel/Log for files to index.
[Info  - 10:44:19 AM] Searching file:///home/s245/4BMW/vendor/symfony/http-kernel/Profiler for files to index.
[Info  - 10:44:19 AM] Searching file:///home/s245/4BMW/vendor/symfony/http-kernel/Resources for files to index.
[Info  - 10:44:19 AM] Searching file:///home/s245/4BMW/vendor/symfony/mailer for files to index.
[Info  - 10:44:19 AM] Searching file:///home/s245/4BMW/vendor/symfony/mailer/Transport for files to index.
[Info  - 10:44:19 AM] Searching file:///home/s245/4BMW/vendor/symfony/mailer/Transport/Smtp for files to index.
[Info  - 10:44:19 AM] Searching file:///home/s245/4BMW/vendor/symfony/mime for files to index.
[Info  - 10:44:19 AM] Searching file:///home/s245/4BMW/vendor/symfony/mime/HtmlToTextConverter for files to index.
[Info  - 10:44:19 AM] Searching file:///home/s245/4BMW/vendor/symfony/mime/Part for files to index.
[Info  - 10:44:19 AM] Searching file:///home/s245/4BMW/vendor/symfony/mime/Part/Multipart for files to index.
[Info  - 10:44:19 AM] Searching file:///home/s245/4BMW/vendor/symfony/mime/Resources for files to index.
[Info  - 10:44:19 AM] Searching file:///home/s245/4BMW/vendor/symfony/mime/Test for files to index.
[Info  - 10:44:19 AM] Searching file:///home/s245/4BMW/vendor/symfony/polyfill-ctype for files to index.
[Info  - 10:44:19 AM] Searching file:///home/s245/4BMW/vendor/symfony/polyfill-intl-grapheme for files to index.
[Info  - 10:44:19 AM] Searching file:///home/s245/4BMW/vendor/symfony/polyfill-intl-idn for files to index.
[Info  - 10:44:19 AM] Searching file:///home/s245/4BMW/vendor/symfony/polyfill-intl-idn/Resources for files to index.
[Info  - 10:44:19 AM] Searching file:///home/s245/4BMW/vendor/symfony/polyfill-intl-normalizer for files to index.
[Info  - 10:44:19 AM] Searching file:///home/s245/4BMW/vendor/symfony/polyfill-mbstring for files to index.
[Info  - 10:44:19 AM] Searching file:///home/s245/4BMW/vendor/symfony/polyfill-php72 for files to index.
[Info  - 10:44:19 AM] Searching file:///home/s245/4BMW/vendor/symfony/polyfill-php80 for files to index.
[Info  - 10:44:19 AM] Searching file:///home/s245/4BMW/vendor/symfony/polyfill-php83 for files to index.
[Info  - 10:44:19 AM] Searching file:///home/s245/4BMW/vendor/symfony/polyfill-uuid for files to index.
[Info  - 10:44:19 AM] Searching file:///home/s245/4BMW/vendor/symfony/process for files to index.
[Info  - 10:44:19 AM] Searching file:///home/s245/4BMW/vendor/symfony/process/Pipes for files to index.
[Info  - 10:44:19 AM] Searching file:///home/s245/4BMW/vendor/symfony/routing for files to index.
[Info  - 10:44:19 AM] Searching file:///home/s245/4BMW/vendor/symfony/routing/Loader for files to index.
[Info  - 10:44:19 AM] Searching file:///home/s245/4BMW/vendor/symfony/routing/Loader/Configurator for files to index.
[Info  - 10:44:19 AM] Searching file:///home/s245/4BMW/vendor/symfony/routing/Loader/schema for files to index.
[Info  - 10:44:19 AM] Searching file:///home/s245/4BMW/vendor/symfony/routing/Matcher for files to index.
[Info  - 10:44:19 AM] Searching file:///home/s245/4BMW/vendor/symfony/routing/Requirement for files to index.
[Info  - 10:44:19 AM] Searching file:///home/s245/4BMW/vendor/symfony/service-contracts for files to index.
[Info  - 10:44:19 AM] Searching file:///home/s245/4BMW/vendor/symfony/string for files to index.
[Info  - 10:44:19 AM] Searching file:///home/s245/4BMW/vendor/symfony/string/Slugger for files to index.
[Info  - 10:44:19 AM] Searching file:///home/s245/4BMW/vendor/symfony/translation for files to index.
[Info  - 10:44:19 AM] Searching file:///home/s245/4BMW/vendor/symfony/translation-contracts for files to index.
[Info  - 10:44:19 AM] Searching file:///home/s245/4BMW/vendor/symfony/translation/Command for files to index.
[Info  - 10:44:19 AM] Searching file:///home/s245/4BMW/vendor/symfony/translation/DataCollector for files to index.
[Info  - 10:44:19 AM] Searching file:///home/s245/4BMW/vendor/symfony/translation/DependencyInjection for files to index.
[Info  - 10:44:19 AM] Searching file:///home/s245/4BMW/vendor/symfony/translation/Dumper for files to index.
[Info  - 10:44:19 AM] Searching file:///home/s245/4BMW/vendor/symfony/translation/Exception for files to index.
[Info  - 10:44:19 AM] Searching file:///home/s245/4BMW/vendor/symfony/translation/Extractor for files to index.
[Info  - 10:44:19 AM] Searching file:///home/s245/4BMW/vendor/symfony/translation/Formatter for files to index.
[Info  - 10:44:19 AM] Searching file:///home/s245/4BMW/vendor/symfony/translation/Loader for files to index.
[Info  - 10:44:19 AM] Searching file:///home/s245/4BMW/vendor/symfony/translation/Provider for files to index.
[Info  - 10:44:19 AM] Searching file:///home/s245/4BMW/vendor/symfony/translation/Reader for files to index.
[Info  - 10:44:19 AM] Searching file:///home/s245/4BMW/vendor/symfony/translation/Resources for files to index.
[Info  - 10:44:19 AM] Searching file:///home/s245/4BMW/vendor/symfony/translation/Test for files to index.
[Info  - 10:44:19 AM] Searching file:///home/s245/4BMW/vendor/symfony/translation/Util for files to index.
[Info  - 10:44:19 AM] Searching file:///home/s245/4BMW/vendor/symfony/translation/Writer for files to index.
[Info  - 10:44:19 AM] Searching file:///home/s245/4BMW/vendor/symfony/uid for files to index.
[Info  - 10:44:19 AM] Searching file:///home/s245/4BMW/vendor/symfony/var-dumper for files to index.
[Info  - 10:44:19 AM] Searching file:///home/s245/4BMW/vendor/symfony/var-dumper/Exception for files to index.
[Info  - 10:44:19 AM] Searching file:///home/s245/4BMW/vendor/symfony/var-dumper/Resources for files to index.
[Info  - 10:44:19 AM] Searching file:///home/s245/4BMW/vendor/symfony/var-dumper/Server for files to index.
[Info  - 10:44:19 AM] Searching file:///home/s245/4BMW/vendor/symfony/var-dumper/Test for files to index.
[Info  - 10:44:19 AM] Searching file:///home/s245/4BMW/vendor/symfony/yaml for files to index.
[Info  - 10:44:19 AM] Searching file:///home/s245/4BMW/vendor/symfony/yaml/Resources for files to index.
[Info  - 10:44:19 AM] Searching file:///home/s245/4BMW/vendor/symfony/yaml/Tag for files to index.
[Info  - 10:44:19 AM] Searching file:///home/s245/4BMW/vendor/theseer for files to index.
[Info  - 10:44:19 AM] Searching file:///home/s245/4BMW/vendor/tijsverkoyen for files to index.
[Info  - 10:44:19 AM] Searching file:///home/s245/4BMW/vendor/vlucas for files to index.
[Info  - 10:44:19 AM] Searching file:///home/s245/4BMW/vendor/voku for files to index.
[Info  - 10:44:19 AM] Searching file:///home/s245/4BMW/vendor/webmozart for files to index.
[Warn  - 10:44:20 AM] file:///home/s245/4BMW/vendor/fakerphp/faker/src/Faker/Provider/nl_BE/Text.php is over the maximum file size of 1000000 bytes.
[Warn  - 10:44:28 AM] file:///home/s245/4BMW/vendor/fakerphp/faker/src/Faker/Provider/nl_BE/Text.php is over the maximum file size of 1000000 bytes.
[Info  - 10:44:51 AM] Indexing ended. 19511 files indexed in 33s.
