2023-11-20 10:18:10.007 [info] Log level: Info
2023-11-20 10:18:10.007 [info] Validating found git in: "git"
2023-11-20 10:18:10.007 [info] Using git "2.20.1" from "git"
2023-11-20 10:18:10.007 [info] > git rev-parse --show-toplevel [11ms]
2023-11-20 10:18:10.007 [info] > git rev-parse --git-dir --git-common-dir [2ms]
2023-11-20 10:18:10.007 [info] Open repository: /home/s245
2023-11-20 10:18:10.007 [info] > git rev-parse --show-toplevel [5ms]
2023-11-20 10:18:10.007 [info] > git rev-parse --show-toplevel [4ms]
2023-11-20 10:18:10.007 [info] > git for-each-ref --format=%(refname)%00%(upstream:short)%00%(objectname)%00%(upstream:track)%00%(upstream:remotename)%00%(upstream:remoteref) refs/heads/main refs/remotes/main [7ms]
2023-11-20 10:18:10.007 [info] > git rev-parse --show-toplevel [33ms]
2023-11-20 10:18:10.007 [info] > git rev-parse --show-toplevel [3ms]
2023-11-20 10:18:10.007 [info] > git rev-parse --show-toplevel [4ms]
2023-11-20 10:18:10.007 [info] > git rev-parse --show-toplevel [9ms]
2023-11-20 10:18:10.007 [info] > git rev-parse --show-toplevel [9ms]
2023-11-20 10:18:10.007 [info] > git rev-parse --show-toplevel [4ms]
2023-11-20 10:18:10.007 [info] > git rev-parse --show-toplevel [17ms]
2023-11-20 10:18:10.007 [info] > git rev-parse --show-toplevel [14ms]
2023-11-20 10:18:10.007 [info] > git status -z -uall --find-renames=50% [3056ms] (cancelled)
2023-11-20 10:18:10.019 [info] > git check-ignore -v -z --stdin [24ms]
2023-11-20 10:18:10.022 [info] > git for-each-ref --format=%(refname)%00%(upstream:short)%00%(objectname)%00%(upstream:track)%00%(upstream:remotename)%00%(upstream:remoteref) refs/heads/main refs/remotes/main [5ms]
2023-11-20 10:18:10.248 [info] > git status -z -uall --find-renames=50% [216ms] (cancelled)
2023-11-20 10:18:13.490 [info] > git show --textconv :.vscode-server/.b380da4ef1ee00e224a15c1d4d9793e27c2b6302.log [13ms]
2023-11-20 10:18:13.496 [info] > git ls-files --stage -- /home/s245/.vscode-server/.b380da4ef1ee00e224a15c1d4d9793e27c2b6302.log [8ms]
2023-11-20 10:18:13.812 [info] > git check-ignore -v -z --stdin [7ms]
2023-11-20 10:18:14.024 [info] > git config --local branch.main.github-pr-owner-number [2ms]
2023-11-20 10:18:14.039 [info] > git for-each-ref --format=%(refname)%00%(upstream:short)%00%(objectname)%00%(upstream:track)%00%(upstream:remotename)%00%(upstream:remoteref) refs/heads/main refs/remotes/main [3ms]
2023-11-20 10:18:14.251 [info] > git status -z -uall --find-renames=50% [198ms] (cancelled)
2023-11-20 10:18:17.579 [info] > git show --textconv :4BMW/.editorconfig [13ms]
2023-11-20 10:18:17.584 [info] > git ls-files --stage -- /home/s245/4BMW/.editorconfig [6ms]
2023-11-20 10:18:27.674 [info] > git check-ignore -v -z --stdin [10ms]
2023-11-20 10:18:29.842 [info] > git check-ignore -v -z --stdin [10ms]
2023-11-20 10:18:31.092 [info] > git check-ignore -v -z --stdin [5ms]
2023-11-20 10:18:32.941 [info] > git check-ignore -v -z --stdin [8ms]
2023-11-20 10:18:34.586 [info] > git check-ignore -v -z --stdin [9ms]
2023-11-20 10:18:36.709 [info] > git check-ignore -v -z --stdin [10ms]
2023-11-20 10:18:38.762 [info] > git check-ignore -v -z --stdin [8ms]
2023-11-20 10:18:40.367 [info] > git check-ignore -v -z --stdin [8ms]
2023-11-20 10:18:42.629 [info] > git check-ignore -v -z --stdin [5ms]
2023-11-20 10:18:44.819 [info] > git check-ignore -v -z --stdin [10ms]
2023-11-20 10:18:52.459 [info] > git check-ignore -v -z --stdin [11ms]
2023-11-20 10:18:54.269 [info] > git check-ignore -v -z --stdin [10ms]
2023-11-20 10:19:03.346 [info] > git check-ignore -v -z --stdin [7ms]
2023-11-20 10:19:08.018 [info] > git check-ignore -v -z --stdin [7ms]
2023-11-20 10:19:15.522 [info] > git check-ignore -v -z --stdin [9ms]
2023-11-20 10:19:16.368 [info] > git check-ignore -v -z --stdin [12ms]
2023-11-20 10:19:22.547 [info] > git show --textconv :4BMW2/.env [11ms]
2023-11-20 10:19:22.554 [info] > git ls-files --stage -- /home/s245/4BMW2/.env [8ms]
2023-11-20 10:19:37.713 [info] > git check-ignore -v -z --stdin [10ms]
2023-11-20 10:19:39.933 [info] > git check-ignore -v -z --stdin [10ms]
2023-11-20 10:19:40.897 [info] > git check-ignore -v -z --stdin [9ms]
2023-11-20 10:19:44.673 [info] > git check-ignore -v -z --stdin [9ms]
2023-11-20 10:19:46.025 [info] > git check-ignore -v -z --stdin [8ms]
2023-11-20 10:23:05.123 [info] > git show --textconv :README.md [34ms]
2023-11-20 10:23:05.123 [info] > git ls-files --stage -- /home/s245/README.md [24ms]
2023-11-20 10:23:13.220 [info] > git check-ignore -v -z --stdin [7ms]
2023-11-20 10:23:13.968 [info] > git config --local branch.main.github-pr-owner-number [2ms]
2023-11-20 10:23:13.985 [info] > git for-each-ref --format=%(refname)%00%(upstream:short)%00%(objectname)%00%(upstream:track)%00%(upstream:remotename)%00%(upstream:remoteref) refs/heads/main refs/remotes/main [2ms]
2023-11-20 10:23:14.215 [info] > git status -z -uall --find-renames=50% [220ms] (cancelled)
2023-11-20 10:23:35.283 [info] > git show --textconv :4BMW2/.env [11ms]
2023-11-20 10:23:35.293 [info] > git ls-files --stage -- /home/s245/4BMW2/.env [10ms]
2023-11-20 10:28:14.232 [info] > git config --local branch.main.github-pr-owner-number [2ms]
2023-11-20 10:28:14.248 [info] > git for-each-ref --format=%(refname)%00%(upstream:short)%00%(objectname)%00%(upstream:track)%00%(upstream:remotename)%00%(upstream:remoteref) refs/heads/main refs/remotes/main [1ms]
2023-11-20 10:28:14.455 [info] > git status -z -uall --find-renames=50% [194ms] (cancelled)
2023-11-20 10:29:28.462 [info] > git check-ignore -v -z --stdin [9ms]
2023-11-20 10:33:14.474 [info] > git config --local branch.main.github-pr-owner-number [2ms]
2023-11-20 10:33:14.491 [info] > git config --get commit.template [2ms]
2023-11-20 10:33:14.513 [info] > git for-each-ref --format=%(refname)%00%(upstream:short)%00%(objectname)%00%(upstream:track)%00%(upstream:remotename)%00%(upstream:remoteref) refs/heads/main refs/remotes/main [8ms]
2023-11-20 10:33:14.727 [info] > git status -z -uall --find-renames=50% [201ms] (cancelled)
